STA       930852725  8  2 Bk  b     kc    kf        2346   40    0 
STA       930852833  7  1 Bc  b     b     -         2306   40   90 
STA       930852880  7  7 c   f     -     -         2356   20    0 
STA       930852959  8  7 f   -     -     -         2336    0    0 
STA       930853042  8  6 f   -     -     -         2336    0    0 
STA       930853087  8  5 c   k     b     b         2336   50  120 
STA       930853144  9  4 c   kc    k     k         2406   20   50 Ad Ac Jc 6s
STA       930853205  9  3 f   -     -     -         2436    0    0 
STA       930853263  9  2 Bf  -     -     -         2436   10    0 
STA       930853324  9  1 Bc  bc    kc    k         2426   50    0 Ad 6h 4c 2c
STA       930853399  9  9 f   -     -     -         2376    0    0 
STA       930853465  7  6 c   f     -     -         2376   30    0 
STA       930853531  7  5 cc  cc    krc   b         2346  120  240 As 5d 7d 7c
STA       930853684  7  4 c   rc    c     c         2466   90  165 4d Ah 4h As
STA       930853763  8  4 cc  f     -     -         2541   20    0 
STA       930853910  9  4 f   -     -     -         2521    0    0 
STA       930854046  8  3 cc  cc    f     -         2521   40    0 
STA       930854115  8  2 Bcc cc    cc    kcc       2481  150  195 5s 3s As 7s
STA       930854199  8  1 Bc  bc    bc    kc        2526  100  220 As 8s 9h Kd
STA       930854284  7  7 f   -     -     -         2646    0    0 
STA       930854360  8  6 cc  f     -     -         2646   40    0 
STA       930854502  7  4 f   -     -     -         2606    0    0 
STA       930854575  7  4 ccc cf    -     -         2606   55    0 
STA       930854665  6  3 cc  kc    kc    bc        2551  100  170 Ts Qd Td 2s
STA       930854735  6  2 Bk  kf    -     -         2621   10    0 
STA       930854777  7  1 Bc  k     kc    kf        2611   30    0 
STA       930854847  7  7 f   -     -     -         2581    0    0 
STA       930854907  7  6 f   -     -     -         2581    0    0 
STA       930854975  8  5 c   f     -     -         2581   10    0 
STA       930855060  8  5 f   -     -     -         2571    0    0 
STA       930855128  8  4 f   -     -     -         2571    0    0 
STA       930855212  9  3 c   r     c     krc       2571  110  300 Jc 6s Kd Ad
STA       930855280 10  2 BQ  -     -     -         2761   10    0 
STA       930861143 10  5 cc  kf    -     -         2751   20    0 
STA       930861241 10  4 f   -     -     -         2731    0    0 
STA       930861334 10  3 f   -     -     -         2731    0    0 
STA       930861471  9  2 Bc  Q     -     -         2731   20    0 
STA       930866349  8  5 f   -     -     -         2711    0    0 
STA       930866409  9  5 f   -     -     -         2711    0    0 
STA       930866513 10  5 f   -     -     -         2711    0    0 
STA       930866587 10  4 f   -     -     -         2711    0    0 
STA       930866705 10  2 Bk  kf    -     -         2711   10    0 
STA       930866807 10  1 Bc  kc    kc    kf        2701   70    0 
STA       930866881 10 10 cc  c     f     -         2631   30    0 
STA       930866952 10  9 f   -     -     -         2601    0    0 
STA       930867024 10  3 Q   -     -     -         2601    0    0 
STA       930941869  4  4 f   -     -     -         2601    0    0 
STA       930941890  4  3 c   f     -     -         2601   10    0 
STA       930941923  4  2 Bk  b     b     b         2591   60    0 5s Qs Th 4h
STA       930941963  4  1 Bc  b     k     k         2531   20    0 Qh Tc 6c Qc
STA       930942000  4  4 f   -     -     -         2511    0    0 
STA       930942057  4  3 c   k     k     kf        2511   10    0 
STA       930942091  3  1 Bk  k     kf    -         2501   10    0 
STA       930942112  3  1 Bc  k     kc    kc        2491   50   38 5d 7d As 8d
STA       930942150  3  3 c   k     c     f         2479   30    0 
STA       930942187  3  2 BQ  -     -     -         2449   10    0 
STA       931302020 10  7 f   -     -     -         2439    0    0 
STA       931302071  9  6 cc  f     -     -         2439   40    0 
STA       931302143  9  5 f   -     -     -         2399    0    0 
STA       931302244  8  4 c   cc    c     c         2399   90    0 9c 9d Ks 5d
STA       931302324  7  3 f   -     -     -         2309    0    0 
STA       931302410  5  2 Bc  cc    c     f         2309  100    0 
STA       931302466  4  1 Bc  k     b     kc        2209   60    0 Td 6d 7s 7c
STA       931302505  5  4 f   -     -     -         2149    0    0 
STA       931302564  4  3 f   -     -     -         2149    0    0 
STA       931302598  6  2 Bk  f     -     -         2149   10    0 
STA       931302641  7  1 Bf  -     -     -         2139    5    0 
STA       931302742  7  7 ccc r     c     c         2134  140  620 7h Jh 9d Jd
STA       931302854  7  6 c   c     c     bc        2614   80  170 2c 9h As Qd
STA       931302949  9  7 c   c     b     k         2704   50    0 8d 6s 6c 2c
STA       931303064  9  5 c   f     -     -         2654   10    0 
STA       931303120  9  4 c   f     -     -         2644   10    0 
STA       931303172  9  3 cc  kcf   -     -         2634   40    0 
STA       931303248  9  2 Bk  kc    kc    kf        2594   40    0 
STA       931303336  9  1 BQ  -     -     -         2554    5    0 
STA       931540279  6  6 c   c     c     c         2549   60  140 3s 3d Kh 9d
STA       931540333  6  5 cf  -     -     -         2629   10    0 
STA       931540373  7  4 c   b     k     k         2619   20   40 8h 5h 4s 9c
STA       931540407  8  3 cc  kc    kf    -         2639   30    0 
STA       931540455  8  2 Bc  Q     -     -         2609   20    0 
STA       932345496  4  3 cf  -     -     -         2589   10    0 
STA       932345539  4  2 Bc  kc    br    b         2579  110  225 6h Qd 5s 5d
STA       932345573  4  1 Bc  bc    bc    kc        2694   90  140 5d 2c 8d Ad
STA       932345624  4  4 f   -     -     -         2744    0    0 
STA       932345641  4  3 c   k     f     -         2744   10    0 
STA       932345685  4  2 Bc  kcc   kf    -         2734   50    0 
STA       932345741  5  1 Bf  -     -     -         2684    5    0 
STA       932345792  5  5 f   -     -     -         2679    0    0 
STA       932345841  5  5 c   rc    b     b         2679   80  110 Td Kh 2s 5h
STA       932345889  4  3 c   k     k     k         2709   10   20 8h 2c 2h 7h
STA       932345929  4  2 Bk  b     kc    k         2719   40    0 4d 5d Qd Td
STA       932345976  4  1 Bcc kf    -     -         2679   20    0 
STA       932346044  4  4 cc  f     -     -         2659   20    0 
STA       932346088  5  3 f   -     -     -         2639    0    0 
STA       932346117  5  2 Bk  kf    Q     -         2639   10    0 
STA       932623234  6  6 c   f     -     -         2629   10    0 
STA       932623283  7  6 cc  f     -     -         2619   20    0 
STA       932623367  7  5 rc  k     f     -         2599   30    0 
STA       932623453  7  4 r   k     k     kc        2569   40    0 7s Ah As 5c
STA       932623566  7  3 cc  bc    kc    kc        2529   80    0 5c 7s Ad 4s
STA       932623662  7  2 Bcc b     kc    kc        2449   80  190 2s 3h 7d 6c
STA       932623775  7  1 Bc  b     kc    kf        2559   40    0 
STA       932623848  8  7 c   c     c     f         2519   50    0 
STA       932623907  8  5 c   kf    -     -         2469   10    0 
STA       932623973  8  4 ccc kc    kc    k         2459   80  370 8c 9c Ac Tc
STA       932624031  8  3 c   k     kf    -         2749   10    0 
STA       932624164  8  2 Bcc kf    -     -         2739   40    0 
STA       932624243  8  1 Bc  kc    kc    k         2699   60    0 Ks Kh 4c 6h
STA       932624325  7  7 c   c     c     c         2639   70  185 2c 5s 6c 7c
STA       932624418  7  6 c   cc    r     c         2754  100    0 5d Qh 5s 7h
STA       932624482  7  5 r   b     k     c         2654   50    0 5s Js Kc Ad
STA       932624530  7  4 c   k     c     f         2604   30    0 
STA       932624583  7  3 c   kc    kc    kf        2574   40    0 
STA       932624642  8  2 Bk  kc    kc    kf        2534   40    0 
STA       932624735  6  1 Bc  kc    k     kf        2494   20    0 
STA       932624788  6  6 f   -     -     -         2474    0    0 
STA       932624838  6  5 r   bc    c     c         2474   80  122 As Qd 9s 3s
STA       932624875  6  4 cc  f     -     -         2516   20    0 
STA       932624923  6  3 c   b     kc    b         2496   60  135 Td Ah 3s 2d
STA       932625005  6  2 Bk  b     b     k         2571   40  150 4d 2d 4s 9s
STA       932625048  6  1 Bc  k     b     kf        2681   30    0 
STA       932625109  6  6 c   bc    c     c         2651   70    0 5c 7h Kc 3c
STA       932625158  7  6 cc  k     cc    f         2581   90    0 
STA       932625234  7  5 c   k     kc    bc        2491   70  100 2d 5s 7h As
STA       932625300  7  4 cc  b     b     b         2521   70  230 9s As 6d Js
STA       932625363  7  3 c   f     -     -         2681   10    0 
STA       932625422  8  2 Bk  kc    kc    kf        2671   50    0 
STA       932625492  9  1 Bc  kc    bcc   kc        2621  140    0 2d Jc 3d Th
STA       932625588  9  9 c   f     -     -         2481   10    0 
STA       932625699 10  9 c   k     f     -         2471   20    0 
STA       932625790 10  8 rc  cc    f     -         2451   50    0 
STA       932625934  9  7 cc  c     c     c         2401   90    0 Th Jc 2h 5d
STA       932626017  9  5 rcc cc    cc    f         2311  100    0 
STA       932626132  9  4 rc  bc    kc    kc        2211  110    0 5d Ad Jc 5c
STA       932626250  8  3 c   kc    Q     -         2101   20    0 
STA       932665966  7  2 Bk  kf    -     -         2081   10    0 
STA       932666035  7  1 Bc  kQ    -     -         2071   10    0 
