STA       919373090  7  3 ccc kf    -     -          465   40    0 
STA       919373155  6  2 Bc  k     k     kf         425   20    0 
STA       919373188  6  1 Bc  kf    -     -          405   10    0 
STA       919373209  6  6 rc  r     r     b          395  120  410 Ah Ac
STA       919373275  6  5 f   -     -     -          685    0    0 
STA       919373324  5  3 f   -     -     -          685    0    0 
STA       919373369  5  3 c   f     -     -          685   10    0 
STA       919373423  6  2 Bf  -     -     -          675   10    0 
STA       919373437  6  1 Bf  -     -     -          665    5    0 
STA       919373466  6  6 c   f     -     -          660   20    0 
STA       919373496  6  5 r   b     c     c          640   70  150 Ac Kc
STA       919373522  7  4 f   -     -     -          720    0    0 
STA       919373626  6  3 f   -     -     -          720    0    0 
STA       919373696  6  2 Bf  -     -     -          720   10    0 
STA       919373775  7  1 Bc  kf    -     -          710   20    0 
STA       919373816  8  8 f   -     -     -          690    0    0 
STA       919373850  8  7 f   -     -     -          690    0    0 
STA       919373881  8  6 f   -     -     -          690    0    0 
STA       919373940  7  4 rr  b     k     k          690   50  165 Ac Kc
STA       919373988  7  3 rc  r     b     k          805   80    0 Kh Ad
STA       919374067  7  2 Bf  -     -     -          725   10    0 
STA       919374126  8  1 Bf  -     -     -          715    5    0 
STA       919374190  8  8 f   -     -     -          710    0    0 
STA       919374257  9  9 f   -     -     -          710    0    0 
STA       919374296  8  8 f   -     -     -          710    0    0 
STA       919374376  7  6 f   -     -     -          710    0    0 
STA       919374447  7  5 c   k     c     f          710   40    0 
STA       919374497  7  4 c   k     k     f          670   10    0 
STA       919374544  7  3 f   -     -     -          660    0    0 
STA       919374604  7  2 Bf  -     -     -          660   10    0 
STA       919374706  8  1 Bc  kf    -     -          650   20    0 
STA       919374829  9  9 rc  rc    f     -          630   70    0 
STA       919374888  8  7 f   -     -     -          560    0    0 
STA       919374943  7  5 f   -     -     -          560    0    0 
STA       919374993  7  4 f   -     -     -          560    0    0 
STA       919375089  8  4 f   -     -     -          560    0    0 
STA       919375144  8  3 f   -     -     -          560    0    0 
STA       919375168  8  2 Bc  f     -     -          560   20    0 
STA       919375205  7  1 Bf  -     -     -          540    5    0 
STA       919375273  8  8 f   -     -     -          535    0    0 
STA       919375322  8  7 c   r     c     f          535   50    0 
STA       919375425  9  7 f   -     -     -          485    0    0 
STA       919375476  8  5 f   -     -     -          485    0    0 
STA       919375496  8  4 f   -     -     -          485    0    0 
STA       919375530  9  3 f   -     -     -          485    0    0 
STA       919375574  9  2 Bk  c     c     b          485   60  200 2h Jh
STA       919375624  9  1 Bf  -     -     -          625    5    0 
STA       919375688 10 10 f   -     -     -          620    0    0 
STA       919375759 10  9 cc  f     -     -          620   20    0 
STA       919375871  9  7 f   -     -     -          600    0    0 
STA       919375953 10  6 cf  -     -     -          600   10    0 
STA       919376036 10  5 c   bc    c     f          590   50    0 
STA       919376134  8  3 f   -     -     -          540    0    0 
STA       919376193  8  2 Bf  -     -     -          540   10    0 
STA       919376232  8  1 Bf  -     -     -          530    5    0 
STA       919376317 10  9 f   -     -     -          525    0    0 
STA       919376422 10  9 c   c     f     -          525   20    0 
STA       919376495 10  7 f   -     -     -          505    0    0 
STA       919376550 10  6 cc  kcc   kf    -          505   50    0 
STA       919376675 10  5 f   -     -     -          455    0    0 
STA       919376733 10  4 f   -     -     -          455    0    0 
STA       919376795 10  3 f   -     -     -          455    0    0 
STA       919376867 10  2 Bk  kc    kf    -          455   20    0 
STA       919376971 10  1 Bf  -     -     -          435    5    0 
STA       919377073 10 10 f   -     -     -          430    0    0 
STA       919377148 10  9 cc  c     k     f          430   40    0 
STA       919377220 10  8 r   b     b     b          390   70  200 Ah Ac
STA       919377301 10  7 f   -     -     -          520    0    0 
STA       919377357 10  6 f   -     -     -          520    0    0 
STA       919377423 10  5 f   -     -     -          520    0    0 
STA       919377492 10  4 c   r     b     b          520   70  215 
STA       919377556 10  3 f   -     -     -          665    0    0 
STA       919377634 10  2 Bf  -     -     -          665   10    0 
STA       919377684 10  1 Bc  kc    kf    -          655   20    0 
STA       919377760  9  9 f   -     -     -          635    0    0 
STA       919377845  7  6 f   -     -     -          635    0    0 
STA       919377928  8  6 f   -     -     -          635    0    0 
STA       919377983  8  5 f   -     -     -          635    0    0 
STA       919378048  8  4 f   -     -     -          635    0    0 
STA       919378105  8  3 fQ  -     -     -          635    0    0 
STA       919726269  7  6 cf  -     -     -         1035   20    0 
STA       919726303  7  5 c   k     k     k         1015   10   40 Kh 4h
STA       919726361  7  4 c   k     bc    k         1045   50  140 Jc Js
STA       919726444  6  3 f   -     -     -         1135    0    0 
STA       919726479  5  2 Bk  brc   b     k         1135   70  165 8c 2d
STA       919726530  5  1 Bf  -     -     -         1230    5    0 
STA       919726558  5  5 c   r     c     rc        1225  110  122 Th 9d
STA       919726615  6  4 f   -     -     -         1237    0    0 
STA       919726651  6  3 f   -     -     -         1237    0    0 
STA       919726699  7  2 Bk  bc    bc    k         1237   70    0 9c Ks
STA       919726752  5  1 Bc  kf    -     -         1167   20    0 
STA       919726786  6  6 f   -     -     -         1147    0    0 
STA       919726810  6  5 f   -     -     -         1147    0    0 
STA       919726835  6  4 f   -     -     -         1147    0    0 
STA       919726872  6  3 c   f     -     -         1147   10    0 
STA       919726934  7  2 Bk  c     c     c         1137   60  120 8h 7d
STA       919726971  7  1 Bcc kf    -     -         1197   20    0 
STA       919727006  9  9 f   -     -     -         1177    0    0 
STA       919727071  9  8 f   -     -     -         1177    0    0 
STA       919727133  9  7 f   -     -     -         1177    0    0 
STA       919727187  9  6 f   -     -     -         1177    0    0 
STA       919727203  9  5 f   -     -     -         1177    0    0 
STA       919727266  9  4 r   b     b     b         1177   70  200 Kh Kc
STA       919727338  7  2 Bk  kf    -     Q         1307   10    0 
