STA       926054470 10  7 cc  cc    ccc   kf        3865  140    0 
STA       926054594 10  6 f   -     -     -         3725    0    0 
STA       926054699 10  5 f   -     -     -         3725    0    0 
STA       926054790 10  4 f   -     -     -         3725    0    0 
STA       926054867 10  3 cc  kf    -     -         3725   20    0 
STA       926054955 10  2 Bc  kf    -     -         3705   20    0 
STA       926055022 10  1 Bcc kf    -     -         3685   40    0 
STA       926055103 10 10 c   k     c     k         3645   40    0 Jc 3c Ac 3s
STA       926055169 10  9 c   c     f     -         3605   20    0 
STA       926055234 10  8 ccc kc    k     f         3585   50    0 
STA       926055390 10  7 cc  kc    k     k         3535   30    0 8c 7d Ad 2c
STA       926055469 10  6 f   -     -     -         3505    0    0 
STA       926055564 10  5 c   kc    kf    -         3505   20    0 
STA       926055664 10  4 cc  kc    kc    kf        3485   50    0 
STA       926055736  9  3 f   -     -     -         3435    0    0 
STA       926055784  8  2 Bc  kc    kf    -         3435   30    0 
STA       926055837  7  1 Bc  kc    k     k         3405   30    0 Js 3s Kc As
STA       926055884  7  7 f   -     -     -         3375    0    0 
STA       926055937  7  7 c   c     c     f         3375   60    0 
STA       926055988  7  6 cc  f     -     -         3315   40    0 
STA       926056067  7  5 cc  c     k     c         3275   50  110 2c 2d Kh 7h
STA       926056130  6  3 cc  kc    kc    f         3335   70    0 
STA       926056191  6  2 Bc  kc    kc    kf        3265   50    0 
STA       926056240  6  1 Bc  kc    kc    k         3215   50    0 Td Jh Kd Tc
STA       926056278  6  6 c   rc    b     b         3165   90  245 
STA       926056339  6  5 cc  c     f     -         3320   30    0 
STA       926056378  6  4 f   -     -     Q         3290    0    0 
STA       926458436  8  5 cc  f     -     -         3290   20    0 
STA       926458517  8  4 c   k     b     k         3270   30   85 8h 5d 3c Jc
STA       926458575  8  3 c   kc    kf    -         3325   20    0 
STA       926458638  8  2 Bc  kc    kc    kc        3305   70    0 5s Jd Ks 3c
STA       926458697  8  1 Bc  kc    b     bc        3235  100    0 9c 2h Js 3h
STA       926458781  8  8 c   c     f     Q         3135   30    0 
STA       927651014  6  6 c   k     c     c         3105   50    0 9d 6c 3s 7h
STA       927651057  6  5 cc  f     -     -         3055   20    0 
STA       927651094  6  4 cc  kc    rc    cc        3035  130    0 7h Ac 6s 9h
STA       927651170  6  3 cc  bc    bc    kc        2905  120  111 Jc Ks Ad 4d
STA       927651229  6  2 Bf  -     -     -         2896   10    0 
STA       927651268  6  1 Bc  b     b     k         2886   50  115 5c 7c 5d 7s
STA       927651319  6  6 cc  cc    cc    cc        2951  220    0 4c 2d 8h 9s
STA       927651380  6  5 f   -     -     -         2731    0    0 
STA       927651421  6  4 c   kf    -     -         2731   10    0 
STA       927651465  6  3 f   -     -     -         2721    0    0 
STA       927651532  6  2 Bk  kf    -     -         2721   10    0 
STA       927651603  6  1 Bc  kc    kc    kf        2711   40    0 
STA       927651678  8  8 cc  f     -     -         2671   40    0 
STA       927651756  6  6 cc  c     cc    f         2631   90    0 
STA       927651835  6  5 fQ  -     -     -         2541    0    0 
STA       927670276  6  4 c   k     f     -         2541   10    0 
STA       927670320  7  3 f   -     -     -         2531    0    0 
STA       927670362  6  2 Bk  b     b     b         2531   60  120 
STA       927670385  6  1 Bc  kf    -     -         2591   20    0 
STA       927670436  5  5 c   f     -     -         2571   10    0 
STA       927670469  5  4 f   -     -     -         2561    0    0 
STA       927670508  4  3 c   f     -     -         2561   10    0 
STA       927670534  4  2 Bc  kc    kc    b         2551   70  180 Ac 9c 4c Tc
STA       927670581  4  1 Bc  k     kf    -         2661   10    0 
STA       927670609  4  4 r   r     b     b         2651   80  200 Ad Ah 5d 2s
STA       927670650  4  3 f   -     -     -         2771    0    0 
STA       927670695  4  2 Bc  kf    -     -         2771   20    0 
STA       927670729  4  1 Bc  kf    -     -         2751   10    0 
STA       927670762  4  4 c   f     -     -         2741   10    0 
STA       927670811  5  3 f   -     -     -         2731    0    0 
STA       927670883  5  2 Bc  bc    bc    kc        2731  100  123 6d 8d Qd Ts
STA       927670925  7  1 Bc  kf    -     -         2754   10    0 
STA       927670995  6  6 c   c     c     f         2744   40    0 
STA       927671070  6  5 f   -     -     -         2704    0    0 
STA       927671111  6  4 c   b     b     b         2704   60  150 
STA       927671176  5  2 c   kf    -     -         2794   10    0 
STA       927671212  5  2 Bk  kQ    -     -         2784   10    0 
STA       927752576 10  6 f   -     -     -         2774    0    0 
STA       927752687  6  4 c   k     f     -         2774   10    0 
STA       927752741  4  3 c   kc    kc    kc        2764   60    0 4c 2s Ad 9c
STA       927752802  4  2 Bk  kf    -     -         2704   10    0 
STA       927752880  4  1 Bc  kf    -     -         2694   10    0 
STA       927752951  5  5 c   KQ    -     -         2684   10    0 
STA       927828679 10  3 cc  kf    -     -         2674   20    0 
STA       927828735 10  2 Bk  cc    bc    kc        2654  110    0 Ac 4d 3c Ks
STA       927828826  9  1 Bf  -     -     -         2544    5    0 
STA       927828907  9  9 c   f     -     -         2539   10    0 
STA       927829007 10  9 c   k     f     -         2529   10    0 
STA       927829139  9  7 c   kf    -     -         2519   10    0 
STA       927829269 10  7 cf  Q     -     -         2509   10    0 
