STA       920590592  6  5 c   f     -     -         1017   10    0 
STA       920590642  7  4 f   -     -     -         1007    0    0 
STA       920590674  7  3 rc  kc    kc    kf        1007   60    0 
STA       920590786  9  2 Bc  kf    -     -          947   20    0 
STA       920590915 10  1 Bf  -     -     -          927    5    0 
STA       920590967 10  6 Q   -     -     -          922    0    0 
STA       921030653 10  2 Bc  kf    -     -          777   20    0 
STA       921030770  9  1 Bf  -     -     -          757    5    0 
STA       921030840  9  9 f   -     -     -          752    0    0 
STA       921030924 10  9 f   -     Q     -          752    0    0 
STA       921108549  8  4 f   -     -     -          752    0    0 
STA       921108606  8  3 c   kQ    -     -          752   10    0 
STA       921108823  9  7 c   c     f     -          742   30    0 
STA       921108861  8  3 Q   -     -     -          712    0    0 
STA       922494863  9  7 ccc kc    kc    kc        1437   90    0 Ac 2c
STA       922494965  8  5 c   kc    kc    kf        1347   40    0 
STA       922495027  8  4 cc  f     -     -         1307   30    0 
STA       922495084  7  3 f   -     -     -         1277    0    0 
STA       922495100  7  2 Bf  -     -     -         1277   10    0 
STA       922495116  7  1 Bf  -     -     -         1267    5    0 
STA       922495154  7  7 f   -     -     -         1262    0    0 
STA       922495188  9  6 cf  -     -     -         1262   10    0 
STA       922495238  9  5 f   -     -     -         1252    0    0 
STA       922495281 10  5 ccc kf    -     -         1252   30    0 
STA       922495381  9  3 cc  kc    k     k         1222   40    0 Ah 5h
STA       922495455 10  3 f   -     -     -         1182    0    0 
STA       922495532 10  2 Bf  -     -     -         1182   10    0 
STA       922495590 10  1 Bcc kc    k     k         1172   50    0 Ks Qd
STA       922495675  9  9 c   bc    k     f         1122   30    0 
STA       922495764 10  9 f   -     -     -         1092    0    0 
STA       922495815 10  8 f   -     -     -         1092    0    0 
STA       922495890 10  7 f   -     -     -         1092    0    0 
STA       922495923 10  6 c   kc    k     k         1092   20    0 Tc Ad
STA       922495973  9  5 f   -     -     -         1072    0    0 
STA       922495993  9  4 f   -     -     -         1072    0    0 
STA       922496032  9  3 f   -     -     -         1072    0    0 
STA       922496096 10  2 Bk  kf    -     -         1072   10    0 
STA       922496190 10  1 Bc  kf    -     -         1062   10    0 
STA       922496230 10 10 f   -     -     -         1052    0    0 
STA       922496329 10  9 c   f     Q     -         1052   10    0 
