STA       939167302  7  4 f   -     -     -         1906    0    0 
STA       939167328  7  4 f   -     -     -         1906    0    0 
STA       939167364  7  3 f   -     -     -         1906    0    0 
STA       939167398  7  2 Bf  -     -     -         1906   10    0 
STA       939167416  7  1 Bf  -     -     -         1896    5    0 
STA       939167461  9  8 cc  c     c     f         1891   80    0 
STA       939167531 10  7 c   k     c     c         1811   50    0 3s Ad
STA       939167612 10  6 f   -     -     -         1761    0    0 
STA       939167760 10  6 fQ  -     -     -         1761    0    0 
STA       939689008  6  4 c   c     f     -         1279   20    0 
STA       939689036  7  4 c   k     k     f         1259   10    0 
STA       939689115  7  3 f   -     -     -         1249    0    0 
STA       939689287  7  2 Bk  kf    -     -         1249   10    0 
STA       939689312  9  1 Bf  -     -     -         1239    5    0 
STA       939689334  9  9 c   f     -     -         1234   20    0 
STA       939689360  9  8 r   b     b     k         1214   50   77 As Kd
STA       939689445  8  6 cc  k     k     f         1241   20    0 
STA       939689557  9  7 f   -     -     -         1221    0    0 
STA       939689577 10  6 cc  kc    kc    b         1221   80    0 Qh 8h
STA       939689646  9  4 cc  c     cf    -         1141   70    0 
STA       939689703  9  3 c   kf    -     -         1071   10    0 
STA       939689780 10  2 Bf  -     -     -         1061   10    0 
STA       939689811 10  1 Bc  b     kc    kc        1051   70  170 Jc 9h
STA       939689859 10 10 c   f     -     -         1151   20    0 
STA       939689946  9  8 cc  r     c     b         1131   80  245 Qs As
STA       939690006 10  8 c   f     -     -         1296   10    0 
STA       939690048 10  7 f   -     -     -         1286    0    0 
STA       939690070 10  6 c   f     -     -         1286   20    0 
STA       939690093  9  5 f   -     -     -         1266    0    0 
STA       939690148 10  4 f   -     -     -         1266    0    0 
STA       939690179 10  3 c   k     f     -         1266   10    0 
STA       939690267 10  2 BQ  -     -     -         1256   10    0 
