STA       927924292  7  6 c   f     -     -         1013   10    0 
STA       927924337  7  5 c   c     f     -         1003   20    0 
STA       927924385  7  4 f   -     -     -          983    0    0 
STA       927924467  7  3 r   b     b     b          983   70  185 Ac Kc
STA       927924511  6  2 Bc  b     b     b         1098   70  125 
STA       927924541  6  1 Bc  b     br    b         1153  100  220 9h 4s
STA       927924607  6  6 c   f     -     -         1273   10    0 
STA       927924662  6  6 f   -     -     -         1263    0    0 
STA       927924706  7  5 f   -     -     -         1263    0    0 
STA       927924756  7  4 fQ  -     -     -         1263    0    0 
STA       927924835  8  2 Bk  f     -     -         1263   10    0 
STA       927924895  8  1 Bc  k     k     k         1253   10   40 Kh Js
STA       927924939  8  8 cc  rc    bc    c         1283  110  270 Ks Ah
STA       927925011  8  7 f   -     -     -         1443    0    0 
STA       927925085  8  6 f   -     -     -         1443    0    0 
STA       927925164  9  6 c   f     -     -         1443   10    0 
STA       927925316  7  4 c   f     -     -         1433   10    0 
STA       927925386  8  4 f   -     -     -         1423    0    0 
STA       927925435  8  3 c   b     b     kc        1423   60    0 Qd Kd
STA       927925519  9  2 Bk  kf    -     -         1363   10    0 
STA       927925610 10  1 Bf  -     -     -         1353    5    0 
STA       927925704 10 10 c   c     f     -         1348   20    0 
STA       927925785  9  8 c   c     c     k         1328   40  155 8h 8d
STA       927925826 10  8 f   -     -     -         1443    0    0 
STA       927925878 10  7 c   f     -     -         1443   10    0 
STA       927925939 10  6 f   -     -     -         1433    0    0 
STA       927926001 10  5 f   -     -     -         1433    0    0 
STA       927926059 10  4 f   -     -     -         1433    0    0 
STA       927926193  8  3 c   kf    -     -         1433   10    0 
STA       927926253  7  2 Bk  kcf   -     -         1423   20    0 
STA       927926304  6  1 Bf  -     -     -         1403    5    0 
STA       927926362  7  6 f   -     -     -         1398    0    0 
STA       927926395  7  5 cc  kf    -     -         1398   20    0 
STA       927926433  6  3 f   -     -     -         1378    0    0 
STA       927926473  5  2 Bk  f     -     -         1378   10    0 
STA       927926491  5  1 Bcc kf    -     -         1368   20    0 
STA       927926524  5  5 c   f     -     -         1348   10    0 
STA       927926570  5  4 f   -     -     -         1338    0    0 
STA       927926596  5  3 c   k     k     f         1338   10    0 
STA       927926624  5  2 Bk  k     f     -         1328   10    0 
STA       927926659  5  1 Bc  k     kf    -         1318   10    0 
STA       927926707  6  6 fQ  -     -     -         1308    0    0 
