STA       944870946 10  8 f   -     -     -         1206    0    0 
STA       944871054 10  7 c   c     f     -         1206   30    0 
STA       944871124 10  6 f   -     -     -         1176    0    0 
STA       944871202 10  6 f   -     -     -         1176    0    0 
STA       944871227 10  4 f   -     -     -         1176    0    0 
STA       944871251 10  3 c   b     -     -         1176   20   50 
STA       944871296 10  2 Bc  k     kf    -         1206   30    0 
STA       944871361 10  1 Bc  b     b     b         1176   60  210 3h 5d
STA       944871407 10 10 f   -     -     -         1326    0    0 
STA       944871468 10  9 c   k     f     -         1326   10    0 
STA       944871539 10  9 cc  k     k     k         1316   20    0 6s 6c
STA       944871619 10  7 c   b     k     k         1296   30  155 6d Qd
STA       944871724 10  6 cc  c     kc    c         1421   70  295 4s 5h
STA       944871814 10  5 Q   -     -     -         1646    0    0 
STA       946491457  8  3 f   -     -     -         1646    0    0 
STA       946491499  8  2 Bk  f     -     -         1646   10    0 
STA       946491535  7  1 Bc  kf    -     -         1636   10    0 
STA       946491574  8  8 c   f     -     -         1626   10    0 
STA       946491613  8  7 c   k     k     b         1616   30   75 8d 3d
STA       946491650  8  6 cc  k     c     c         1661   60  130 Td Jh
STA       946491687  8  5 c   c     r     c         1731   80    0 Jh Ac
STA       946491776 10  4 f   -     -     -         1651    0    0 
STA       946491842 10  3 f   -     -     -         1651    0    0 
STA       946491892 10  2 Bk  f     -     -         1651   10    0 
STA       946491928 10  1 Bc  kc    kc    kf        1641   40    0 
STA       946491967 10 10 f   -     -     -         1601    0    0 
STA       946491995 10  9 c   b     k     k         1601   20   55 Ts 2s
STA       946492019 10  8 f   -     -     -         1636    0    0 
STA       946492076 10  7 f   -     -     -         1636    0    0 
STA       946492136 10  6 cc  rc    bc    kc        1636  130  525 Ts As
STA       946492208 10  5 f   -     -     -         2031    0    0 
STA       946492266 10  4 f   -     -     -         2031    0    0 
STA       946492301 10  3 f   -     -     -         2031    0    0 
STA       946492336 10  2 Bc  c     f     -         2031   30    0 
STA       946492374 10  1 Bc  kc    kc    kf        2001   50    0 
STA       946492468 10 10 cc  k     k     k         1951   20    0 Jc 5h
STA       946492503 10  9 f   -     -     -         1931    0    0 
STA       946492565 10  8 c   f     -     -         1931   20    0 
STA       946492609 10  7 c   f     -     -         1911   10    0 
STA       946492647  9  5 c   k     k     f         1901   10    0 
STA       946492685  8  4 f   -     -     -         1891    0    0 
STA       946492708  8  3 c   k     k     b         1891   30   65 
STA       946492753  8  2 Bk  k     kf    -         1926   10    0 
STA       946492790  9  1 Bc  k     kf    -         1916   10    0 
STA       946492871  9  9 c   f     -     -         1906   20    0 
STA       946492889  9  8 f   -     -     -         1886    0    0 
STA       946492932  9  7 c   f     -     -         1886   10    0 
STA       946492974 10  7 f   -     -     -         1876    0    0 
STA       946493038 10  6 f   -     -     -         1876    0    0 
STA       946493075 10  5 f   -     -     -         1876    0    0 
STA       946493126  9  4 cc  kc    kc    kf        1876   60    0 
STA       946493163  9  3 f   -     -     -         1816    0    0 
STA       946493188  9  2 Bc  kc    kf    -         1816   30    0 
STA       946493223  9  1 Bc  kc    k     k         1786   20    0 Tc Ts
STA       946493263 10 10 cc  c     cc    c         1766  130  212 6c 7s
STA       946493321  9  3 Q   -     -     -         1848    0    0 
