STA       928513520  6  4 c   k     b     b         2499   60   77 Qs 3s 2d 9d
STA       928513569  6  3 f   -     -     -         2516    0    0 
STA       928513612  6  2 Bk  b     b     k         2516   40   38 7c 4d 6s Qc
STA       928513665  6  1 Bf  -     -     -         2514    5    0 
STA       928513723  6  6 c   c     c     b         2509   70  130 9h 8h 4d Qd
STA       928513787  6  5 cc  rc    c     c         2569  100    0 6c Jd Ah 3h
STA       928513845  5  4 c   k     c     f         2469   30    0 
STA       928513887  5  3 c   c     c     c         2439   60   65 8d 9s Js 9d
STA       928513920  5  2 Bc  k     b     b         2444   60  125 5s Qd 9d 2c
STA       928513960  5  1 Bc  brc   bc    brc       2509  170  380 2s Qd Ad Jd
STA       928514014  5  5 f   -     -     -         2719    0    0 
STA       928514060  6  4 cc  c     c     f         2719   50    0 
STA       928514110  7  3 c   f     -     -         2669   10    0 
STA       928514206  8  2 Bc  kf    -     -         2659   20    0 
STA       928514302  8  1 Bc  b     b     b         2639   60  210 6d Ah Td Ad
STA       928514393  6  6 c   f     -     -         2789   10    0 
STA       928514446  5  5 c   f     -     -         2779   20    0 
STA       928514476  5  4 cf  -     -     -         2759   10    0 
STA       928514515  5  3 f   -     -     -         2749    0    0 
STA       928514561  5  2 Bc  kc    b     b         2749   70  145 5d Ad Ts 2d
STA       928514600  6  1 Bc  b     kc    k         2824   40   50 5h 7h Kh Td
STA       928514641  6  6 f   -     -     -         2834    0    0 
STA       928514704  5  4 f   -     -     -         2834    0    0 
STA       928514739  4  3 c   c     c     f         2834   40    0 
STA       928514780  4  2 Bc  r     k     c         2794   60    0 7d 8c 4c 8h
STA       928514817  4  1 Bc  kc    k     k         2734   30   50 Ad 5s 4c Kd
STA       928514864  4  4 c   k     k     k         2754   10    0 Td 3h 8d 2c
STA       928514893  4  3 cc  c     c     c         2744   70    0 9s Kc Ks Jc
STA       928514939  4  2 Bk  k     b     k         2674   30   80 Kh Ad 6h Ks
STA       928514978  4  1 Bc  k     kf    -         2724   10    0 
STA       928515012  4  4 c   k     f     -         2714   10    0 
STA       928515030  4  3 c   rc    c     k         2704   60    0 As 7s 8s 8c
STA       928515057  4  2 Bk  r     b     k         2644   50    0 5h Ad Js 6s
STA       928515097  4  1 Bc  k     k     k         2594   20   20 2c Jc 3c 8s
STA       928515140  4  4 c   k     k     f         2594   10    0 
STA       928515176  4  3 f   -     -     -         2584    0    0 
STA       928515201  4  2 Bk  k     k     b         2584   30   70 6s 3d 8h 2c
STA       928515245  3  1 Bc  b     b     b         2624   60   90 6d 2h 4s As
STA       928515276  3  3 c   c     c     f         2654   40    0 
STA       928515301  3  2 Bk  c     b     b         2614   60  120 
STA       928515340  3  1 Bc  kc    b     b         2674   60   60 4c Qh 9d Kd
STA       928515365  3  3 c   c     c     f         2674   40    0 
STA       928515400  4  2 Bk  kc    kc    k         2634   70  110 Qh 5d Jc Td
STA       928515445  4  1 Bc  kc    kc    k         2674   40   40 4s 6c 2c 6h
STA       928515477  4  4 c   f     -     -         2674   10    0 
STA       928515495  4  3 f   -     -     Q         2664    0    0 
STA       928519892  6  5 f   -     -     -         2664    0    0 
STA       928519922  7  4 cc  kc    f     -         2664   30    0 
STA       928520010  7  3 c   b     b     k         2634   40  120 Jh 4s 9s 9d
STA       928520064  7  2 Bk  kc    kc    c         2714   60    0 Qd 6c 2d 8c
STA       928520145  7  1 Bf  -     -     -         2654    5    0 
STA       928520183  7  7 c   b     c     c         2649   60  140 7h 3c 2s 4h
STA       928520261  7  6 Q   -     -     -         2729    0    0 
STA       930608987 10  4 ccc f     -     -         2729   40    0 
STA       930609098  9  3 cc  kc    kc    kf        2689   50    0 
STA       930609188 10  2 Bc  bc    bc    c         2639  100  190 2s 4h As 9d
STA       930609245 10  1 Bcc bc    kc    kc        2729  110  230 3d Ad 5c 9c
STA       930609307 10 10 cc  f     -     -         2849   20    0 
STA       930609362  9  8 cc  cc    cc    bc        2829  120    0 Ad 5s 8c 9h
STA       930609441  9  7 cc  f     -     -         2709   20    0 
STA       930609530  9  6 cc  kc    cc    kc        2689   90    0 2s 2h 4d 4s
STA       930609668  9  6 cc  bc    b     kc        2599   80    0 2h Kh 2s Ah
STA       930609736  8  4 cc  k     k     b         2519   40  140 2h 4d Kc 4h
STA       930609824  8  3 f   -     -     -         2619    0    0 
STA       930609909  8  2 Bc  b     b     b         2619   70  110 Ac 2d 2h 3h
STA       930609963  8  1 Bc  k     kf    -         2659   10    0 
STA       930610011  8  8 cc  f     -     -         2649   20    0 
STA       930610066  7  7 c   c     c     c         2629   90    0 Jc 4s Kc 3d
STA       930610125  6  5 cc  f     -     -         2539   20    0 
STA       930610189  6  5 cc  f     -     -         2519   20    0 
STA       930610261  8  4 f   -     -     -         2499    0    0 
STA       930610361  9  4 ccc kc    kc    kf        2499   70    0 
STA       930610437  8  2 Bf  -     -     -         2429   10    0 
STA       930610517  8  1 Bcc b     brc   kc        2419  150   85 6d 4d 6h 2c
STA       930610569  7  7 cc  c     f     -         2354   50    0 
STA       930610643  8  7 cc  cc    bc    kc        2304  100  230 Qd 2s 3d 5d
STA       930610724  9  5 cc  c     c     r         2434   90  260 Ad 5d 4d 9c
STA       930610814  9  4 ccKQ -     -     -         2604   30    0 
STA       930679913  7  4 c   b     c     k         2574   40  120 6c 4d Th Ah
STA       930679960  7  3 f   -     -     -         2654    0    0 
STA       930679999  7  2 Bk  kf    -     -         2654   10    0 
STA       930680047  7  1 Bf  -     -     -         2644    5    0 
STA       930680103  7  6 f   -     -     -         2639    0    0 
STA       930680135  7  6 c   f     -     -         2639   10    0 
STA       930680165  7  5 c   kf    -     -         2629   10    0 
STA       930680240  8  4 c   b     b     b         2619   60   93 2h 2c 9h 4c
STA       930680291  8  3 cf  -     -     -         2652   10    0 
STA       930680356  8  2 Bc  kf    -     -         2642   20    0 
STA       930680432  8  1 Bc  kf    -     -         2622   10    0 
STA       930680491  8  8 c   k     f     -         2612   10    0 
STA       930680546  8  7 f   -     -     -         2602    0    0 
STA       930680600  8  6 f   -     -     -         2602    0    0 
STA       930680646  8  5 c   c     f     -         2602   20    0 
STA       930680703  8  4 f   -     -     -         2582    0    0 
STA       930680760  7  2 Bc  c     f     -         2582   30    0 
STA       930680810  7  1 Bf  -     -     -         2552    5    0 
STA       930680873  6  6 c   c     c     f         2547   40    0 
STA       930680915  6  5 cc  k     kc    k         2507   40   70 7h 2h 9h 4h
STA       930680960  6  5 c   c     k     k         2537   20   23 As Kc 9s 8s
STA       930681004  6  4 f   -     -     -         2540    0    0 
STA       930681054  6  3 cc  rc    f     -         2540   50    0 
STA       930681145  7  3 cc  k     f     -         2490   20    0 
STA       930681213  7  1 Bc  kc    kcc   kf        2470   90    0 
STA       930681274  8  1 Bc  kf    -     -         2380   10    0 
STA       930681338  8  8 c   k     c     k         2370   30    0 Kc 3d Ah 5h
STA       930681401  8  7 f   -     -     -         2340    0    0 
STA       930681481  9  7 c   c     cf    -         2340   40    0 
STA       930681556  7  4 cc  k     k     k         2300   20    0 Ks 3d Ac 4d
STA       930681639  9  4 cc  kc    kc    br        2280  130   75 Jd Qh Ts Kc
STA       930681778  8  4 cc  cc    kc    kf        2225   60    0 
STA       930681839  6  2 Bk  b     kc    kf        2165   40    0 
STA       930681888  6  1 Bc  kc    kc    k         2125   40    0 Qs 6d 7d 8s
STA       930681940  6  6 cc  c     c     k         2085   50    0 Kd 4d Ac 4c
STA       930681982  7  7 c   k     f     -         2035   10    0 
STA       930682106  7  5 c   kf    -     -         2025   20    0 
STA       930682164  7  4 f   -     -     -         2005    0    0 
STA       930690618  8  4 KQ  -     -     -         2005    0    0 
STA       930691148  7  3 f   -     -     -         2005    0    0 
STA       930691228  8  2 Bc  cf    -     -         2005   30    0 
STA       930691301  8  1 Bcc kcc   kc    kf        1975   80    0 
STA       930691384  8  8 cc  f     -     -         1895   20    0 
STA       930691468  8  7 c   cc    kf    -         1875   40    0 
STA       930691557  8  7 f   -     -     -         1835    0    0 
STA       930691619  8  5 c   cc    c     c         1835  120  242 5d 3d 4h Kh
STA       930691699  8  4 f   -     -     -         1957    0    0 
STA       930691811  8  3 f   -     -     -         1957    0    0 
STA       930691879  9  2 Bc  kf    -     -         1957   20    0 
STA       930691977  9  1 Bcc kc    kc    kf        1937   70    0 
STA       930692080 10 10 cf  -     -     -         1867   10    0 
STA       930692142  9  8 cf  -     -     -         1857   10    0 
STA       930692258  7  5 f   -     -     -         1847    0    0 
STA       930692308  7  4 cc  kQ    -     -         1847   20    0 
STA       930699385 10  4 cc  c     c     f         1827   50    0 
STA       930699525 10  3 f   -     -     -         1777    0    0 
STA       930699665 10  2 Bcc kc    kc    k         1777   70  195 Ad 7d 5h 2h
STA       930699743 10  1 Bf  -     -     -         1902    5    0 
STA       930699860 10 10 cc  f     -     -         1897   40    0 
STA       930699960 10  9 cc  cc    c     f         1857  100    0 
STA       930700105 10  8 f   Q     -     -         1757    0    0 
STA       930762387  5  3 f   -     -     -         1757    0    0 
STA       930762460  5  2 Bc  kc    ccc   b         1757  130  370 2c 6s Js 5d
STA       930762536  5  1 Bc  kc    kc    kc        1997   60    0 Kc 2c Ks 6d
STA       930762585  5  5 cf  -     -     -         1937   10    0 
STA       930762617  5  4 f   -     -     -         1927    0    0 
STA       930762661  5  3 cc  kf    -     -         1927   20    0 
STA       930762697  5  2 Bc  bc    bc    kc        1907  100  220 Td 3d 7h 4d
STA       930762745  5  1 Bc  kc    kc    kf        2027   40    0 
STA       930762807  4  4 c   c     k     c         1987   50  160 6d 2h Ks 8s
STA       930762860  4  3 c   b     k     f         2097   20    0 
STA       930762920  4  2 BQ  -     -     -         2077   10    0 
STA       930776301  5  2 Bk  k     k     f         2067   10    0 
STA       930776347  5  1 Bc  bc    kf    -         2057   50    0 
STA       930776411  5  5 f   -     -     -         2007    0    0 
STA       930776449  5  4 c   Q     -     -         2007   10    0 
STA       930776517  6  2 Bk  b     b     b         1997   60  205 8d 5h 8c 6c
STA       930776564  7  1 Bc  k     kf    -         2142   10    0 
STA       930776607  6  6 f   -     -     -         2132    0    0 
STA       930776651  8  6 f   -     -     -         2132    0    0 
STA       930776712  7  4 f   -     -     -         2132    0    0 
STA       930776783 10  6 f   -     -     -         2132    0    0 
STA       930776840 10  5 c   c     rc    ccc       2132  180  320 4d Ad Ac Qs
STA       930776901 10  4 f   -     -     -         2272    0    0 
STA       930776990 10  3 cc  kc    kf    -         2272   30    0 
STA       930777061 10  2 Bc  kc    kc    kf        2242   50    0 
STA       930777168  8  1 Bc  b     b     kc        2192   70    0 2d Ah 2s Ac
STA       930777226  8  8 f   -     -     -         2122    0    0 
STA       930777301  8  7 c   c     c     rr        2122  140  405 2s Kc As 9c
STA       930777361  8  6 c   c     f     -         2387   20    0 
STA       930777441 10  6 f   -     -     -         2367    0    0 
STA       930777524 10  5 c   c     k     f         2367   30    0 
STA       930777591 10  4 f   -     -     -         2337    0    0 
STA       930777658 10  3 ccc kcc   cc    kf        2337  110    0 
STA       930777767 10  2 Bc  kf    -     -         2227   20    0 
STA       930777855 10  1 Bc  kf    -     -         2207   10    0 
STA       930777950 10 10 f   -     -     -         2197    0    0 
STA       930778051 10  9 cc  cc    cc    cc        2197  240    0 9s 3s Ad 5h
STA       930778160 10  8 cc  rc    cc    bc        1957  160  540 Ah Td 2d Qs
STA       930778299 10  7 c   c     c     c         2337   60  240 6c Jd Ah Qc
STA       930778365 10  6 f   -     -     -         2517    0    0 
STA       930778488 10  5 f   -     -     -         2517    0    0 
STA       930778572 10  4 ccc cc    c     f         2517  120    0 
STA       930778693  8  3 ccc c     c     c         2397   90    0 Th 4d 5c Jd
STA       930778745  7  2 Bc  k     c     c         2307   60    0 7d Ac Jd Kh
STA       930778791  7  1 Bc  k     k     b         2247   40   65 8s 8h 5s 4h
STA       930778861  7  7 c   f     -     -         2272   20    0 
STA       930778904  7  6 c   c     c     c         2252   60  150 Qh As 3h Jd
STA       930778949  9  7 cc  c     cc    r         2342  170  327 7d 7h 4c Ac
STA       930779023  9  6 cc  c     c     cc        2499  133  290 Kc 3c As 7c
STA       930779080 10  6 c   kc    kf    -         2656   20    0 
STA       930779210 10  5 cc  cc    cc    f         2636  110    0 
STA       930779274 10  4 f   -     -     -         2526    0    0 
STA       930779344 10  3 f   -     -     -         2526    0    0 
STA       930779404 10  2 Bk  kc    kc    kc        2526   60  280 Jh 5c 3c Kh
STA       930779462 10  1 Bcc kc    kc    kc        2746   90    0 Kc 6h Th 2h
STA       930779573 10 10 c   c     c     c         2656   70  280 8c Kc Kh 7h
STA       930779628 10  9 f   -     -     -         2866    0    0 
STA       930779705 10  8 c   c     c     f         2866   50    0 
STA       930779767  9  6 cc  f     -     -         2816   40    0 
STA       930779810  9  5 f   -     -     -         2776    0    0 
STA       930779865  8  4 cc  kc    kf    -         2776   40    0 
STA       930779946  9  3 ccc kcc   kf    -         2736   80    0 
STA       930780031 10  2 Bk  kc    k     kf        2656   30    0 
STA       930780091 10  1 Bc  kc    kc    kf        2626   50    0 
STA       930780154  9  9 cc  ccc   cc    f         2576  160    0 
STA       930780287 10  8 f   -     -     -         2416    0    0 
STA       930780389  8  5 c   f     -     -         2416   10    0 
STA       930780438  8  4 cc  cc    kf    -         2406   40    0 
STA       930780508 10  4 c   f     -     -         2366   10    0 
STA       930780581  9  2 c   b     b     b         2356   60  330 8d As Ts Kc
STA       930780669  9  2 Bk  f     -     -         2626   10    0 
STA       930780742  9  1 Bf  -     -     -         2616    5    0 
STA       930780870  9  9 c   r     cc    k         2611   90    0 5d Td 9s Qd
STA       930780944  9  8 cc  c     c     f         2521   50    0 
STA       930781015  9  7 f   -     -     -         2471    0    0 
STA       930781162  9  6 c   k     f     -         2471   20    0 
STA       930781233 10  6 f   -     -     -         2451    0    0 
STA       930781308  9  5 f   -     -     -         2451    0    0 
STA       930781382  8  4 ccc ccc   kcc   kc        2451  150    0 4h Jd Jh Th
STA       930781473  8  3 f   -     -     -         2301    0    0 
STA       930781529  8  2 Bk  k     k     f         2301   10    0 
STA       930781595  9  1 Bc  kc    k     kf        2291   20    0 
STA       930781662  9  9 c   f     -     -         2271   20    0 
STA       930781714  9  8 c   c     rc    r         2251  160  265 6s Kd 3h Ks
STA       930781767  8  6 c   k     f     -         2356   10    0 
STA       930781854  8  4 Q   -     -     -         2346    0    0 
