STA       944869211 10  9 c   kf    -     -         1252   10    0 
STA       944869315 10  8 c   c     cc    c         1242   80    0 Td Ah Ac Jc
STA       944869398  9  6 rc  cc    kcc   kc        1162  150  308 Qc 3c Ah 6h
STA       944869488  9  5 cc  k     f     -         1320   20    0 
STA       944869654  9  4 f   -     -     -         1300    0    0 
STA       944869786  9  3 c   bc    bc    br        1300  150  295 2d Kh 2h Ks
STA       944869902  8  2 Bc  c     c     c         1445   70  110 9d 5c Th 6d
STA       944869977  8  1 Bc  k     b     b         1485   60  180 Ad 2c 9c Td
STA       944870036  7  7 c   c     c     f         1605   60    0 
STA       944870096  7  6 fQ  -     -     -         1545    0    0 
STA       945138435 10  1 Bc  kf    -     -         1545   20    0 
STA       945138531 10 10 c   k     f     -         1525   10    0 
STA       945138639 10  9 c   f     -     -         1515   20    0 
STA       945138732 10  8 f   -     -     -         1495    0    0 
STA       945138820 10  7 c   c     b     kc        1495   60  195 5d Ts Ah 4d
STA       945138920 10  6 c   cc    kf    -         1630   30    0 
STA       945139039 10  5 f   -     -     -         1600    0    0 
STA       945139143 10  4 c   c     k     k         1600   30    0 Qh 2s 5h 7h
STA       945139207 10  3 cc  cc    kc    k         1570   60    0 6c Th Qs 2h
STA       945139353 10  2 Bc  f     -     -         1510   20    0 
STA       945139451 10  1 Bc  k     b     k         1490   30   85 2d 9h Ks As
STA       945139516  9  9 cc  cKQ   -     -         1545   40    0 
STA       945468544 10  5 cc  c     c     kc        1505   80  107 5s 4c 4d 3c
STA       945468633 10  4 cc  kc    kc    cc        1532  110    0 Tc 7s Kd 9s
STA       945468778 10  3 c   cc    kf    -         1422   30    0 
STA       945468842  9  2 Bk  kc    k     k         1392   20    0 8h 7s 7c Qd
STA       945468925  8  1 Bc  kc    kc    kf        1372   40    0 
STA       945469043  6  6 c   c     c     c         1332   60   95 Qs 4d 2d 7h
STA       945469093  5  4 c   k     c     f         1367   30    0 
STA       945469129  6  4 c   Q     -     -         1337   10    0 
STA       945907615  4  3 c   k     f     -         1327   10    0 
STA       945907641  4  2 Bk  k     c     c         1317   50    0 2d Jd Ks 4d
STA       945907682  4  1 Bc  kf    -     -         1267   10    0 
STA       945907729  4  4 c   f     -     -         1257   10    0 
STA       945907770  5  3 c   k     f     -         1247   10    0 
STA       945907825  7  2 Bk  b     kc    kc        1237   60    0 Qc 8h Th Ah
STA       945907890  7  1 Bc  kc    kf    -         1177   30    0 
STA       945907958  7  7 c   f     -     -         1147   10    0 
STA       945908000  9  8 c   f     -     -         1137   20    0 
STA       945908063  9  7 c   c     c     c         1117   60    0 Ah Td 3d 4s
STA       945908122 10  7 cc  f     -     -         1057   20    0 
STA       945908233 10  6 c   kc    kc    kc        1037   60   93 6c Qd 5h 2s
STA       945908328  9  5 c   br    bc    b         1070  110  480 Js Jc 9s 6c
STA       945908417  9  4 c   kc    kf    -         1440   20    0 
STA       945908488  9  3 c   b     bc    kc        1420   80  160 7s 7d 3d 4s
STA       945908586 10  2 Bk  kc    b     kf        1500   40    0 
STA       945908673 10  1 Bc  kQ    -     -         1460   10    0 
