STA       934832160  6  6 f   -     -     -         1423    0    0 
STA       934832228  5  4 f   -     -     -         1423    0    0 
STA       934832309  5  3 cc  f     -     -         1423   20    0 
STA       934832363  4  2 Bf  -     -     -         1403   10    0 
STA       934832412  4  1 Bf  -     -     -         1393    5    0 
STA       934832471  4  4 cc  f     -     -         1388   20    0 
STA       934832554  3  2 Bk  k     f     -         1368   10    0 
STA       934832589  5  1 Br  kc    kc    kf        1358   50    0 
STA       934832667  4  4 f   -     -     -         1308    0    0 
STA       934832719  4  4 cc  k     f     -         1308   20    0 
STA       934832771  3  2 f   -     -     -         1288    0    0 
STA       934832827  3  2 Bk  kf    -     -         1288   10    0 
STA       934832888  3  1 Bcc bc    k     kc        1278   60  120 5c 4d
STA       934832919  3  3 c   f     -     -         1338   10    0 
STA       934832974  3  2 Bk  rc    kc    rc        1328  140  420 Kc 3c
STA       934833042  3  1 Bf  -     -     -         1608    5    0 
STA       934833124  3  3 c   c     c     f         1603   40    0 
STA       934833157  3  2 Bk  b     b     c         1563   60  180 Tc Kd
STA       934833211  3  1 Bcc k     k     b         1683   40   90 Jh 8h
STA       934833255  3  3 c   k     k     c         1733   30   35 9s 7h
STA       934833307  2  1 B   -     -     -         1738   10   10 
STA       934833323  2  1 BQ  -     -     -         1738    5    0 
