STA       957287547  6  6 c   k     f     -         2924   10    0 
STA       957287583  6  5 f   -     -     -         2914    0    0 
STA       957287666  6  4 c   bc    kf    -         2914   30    0 
STA       957287740  5  3 c   k     KQ    -         2884   10    0 
STA       957287964  7  5 cc  kf    -     -         2874   30    0 
STA       957288068  8  4 rc  ccc   kcc   c         2844  190    0 9h 9s
STA       957288185  8  3 rc  bc    kc    k         2654   70    0 Ac 2c
STA       957288245  8  2 Bf  -     -     -         2584   10    0 
STA       957288316  8  1 Bf  -     -     -         2574    5    0 
STA       957288337  8  7 r   bf    -     -         2569   30    0 
STA       957288393  8  6 c   b     k     f         2539   20    0 
STA       957288460  8  5 c   k     k     kf        2519   10    0 
STA       957288538  8  4 f   -     -     -         2509    0    0 
STA       957288586  8  3 f   -     -     -         2509    0    0 
STA       957288619  9  2 Bk  kc    kf    -         2509   20    0 
STA       957288683  7  1 Bc  k     b     kf        2489   30    0 
STA       957288755  7  7 f   -     -     -         2459    0    0 
STA       957288824  6  6 c   b     b     b         2459   60  120 
STA       957288858  6  5 c   k     f     -         2519   20    0 
STA       957288898  6  4 c   k     kf    -         2499   10    0 
STA       957288952  6  3 rc  kc    kc    b         2489   80    0 Th Kc
STA       957288999  7  2 Bc  b     -     -         2409   30   55 
STA       957289021  7  1 Bc  b     k     k         2434   20   60 5s Js
STA       957289056  7  7 r   b     b     k         2474   50    0 Jh Kc
STA       957289153  7  5 f   -     -     -         2424    0    0 
STA       957289201  6  4 c   k     f     -         2424   10    0 
STA       957289232  6  3 r   b     k     k         2414   30    0 Jd Kd
STA       957289286  6  2 Bk  kf    -     -         2384   10    0 
STA       957289313  6  1 Bf  -     -     -         2374    5    0 
STA       957289337  6  6 f   -     -     -         2369    0    0 
STA       957289375  7  6 f   -     -     -         2369    0    0 
STA       957289402  7  5 rc  kc    k     k         2369   40    0 8s 8c
STA       957289455  8  5 c   k     kf    -         2329   10    0 
STA       957289550  8  4 f   -     -     -         2319    0    0 
STA       957289608  8  3 c   c     c     c         2319   60  150 9s 8d
STA       957289672  7  2 Bk  k     b     k         2409   30    0 Tc Qc
STA       957289717  7  1 Bc  kf    -     -         2379   10    0 
STA       957289747  7  7 c   b     b     c         2369   60    0 6d Qd
STA       957289800  7  6 f   -     -     -         2309    0    0 
STA       957289864  7  5 c   f     -     -         2309   10    0 
STA       957289901  6  3 f   -     -     -         2299    0    0 
STA       957289911  6  2 Bk  kc    bc    c         2299   80  200 4s Ks
STA       957289970  6  1 Bc  kc    kf    -         2419   20    0 
STA       957290029  5  5 f   -     -     -         2399    0    0 
STA       957290055  5  4 c   kf    -     -         2399   10    0 
STA       957290096  5  3 f   -     -     -         2389    0    0 
STA       957290147  5  2 Bk  k     b     b         2389   50   90 
STA       957290172  4  1 Bc  k     kf    -         2429   10    0 
STA       957290201  4  4 c   f     -     -         2419   10    0 
STA       957290241  5  3 f   -     -     -         2409    0    0 
STA       957290284  5  2 B   -     -     -         2409   10   15 
STA       957290291  5  1 Bc  b     k     k         2414   20   70 2s Kc
STA       957290317  5  5 f   -     -     -         2464    0    0 
STA       957290329  5  4 rc  b     k     c         2464   70    0 Kh Jd
STA       957290394  5  3 c   k     k     k         2394   10   30 3c As
STA       957290450  5  2 Bc  kc    kf    -         2414   30    0 
STA       957290492  5  1 Bf  -     -     -         2384    5    0 
STA       957290523  6  6 f   -     -     -         2379    0    0 
STA       957290608  6  5 cc  f     -     -         2379   20    0 
STA       957290675  6  4 cc  f     -     -         2359   20    0 
STA       957290723  6  2 f   -     -     -         2339    0    0 
STA       957290743  6  2 Bf  -     -     -         2339   10    0 
STA       957290790  6  1 Bc  kf    -     -         2329   10    0 
STA       957290830  7  7 f   -     -     -         2319    0    0 
STA       957290902  7  6 f   -     -     -         2319    0    0 
STA       957290989  8  5 Q   -     -     -         2319    0    0 
STA       957393191  6  6 f   -     -     -         1489    0    0 
STA       957393211  7  6 f   -     -     -         1489    0    0 
STA       957393251  6  4 f   -     -     -         1489    0    0 
STA       957393274  5  3 c   c     k     c         1489   50    0 8h 4h
STA       957393292  5  3 r   c     b     b         1439   70  220 Jd 9d
STA       957393317  6  2 Bk  kf    -     -         1589   10    0 
STA       957393345  6  1 Bc  kf    -     -         1579   10    0 
STA       957393375  6  6 c   r     k     k         1569   30    0 Jd Th
STA       957393402  7  6 c   b     -     -         1539   20   55 
STA       957393421  7  5 c   k     f     -         1574   10    0 
STA       957393459  8  4 c   b     k     b         1564   40   85 
STA       957393512  8  3 f   -     -     -         1609    0    0 
STA       957393552  8  2 Bk  b     k     bc        1609   60    0 Ac 3c
STA       957393584  7  1 Bc  kc    kc    kf        1549   50    0 
STA       957393622  7  7 c   b     c     rr        1499  120  295 6d 7c
STA       957393674  7  6 c   k     k     k         1674   10   40 Ts 7s
STA       957393739  6  4 c   c     c     f         1704   40    0 
STA       957393785  6  3 c   k     kQ    -         1664   10    0 
STA       957472032  9  8 f   -     -     -         1654    0    0 
STA       957472095  9  7 ccc ccc   bc    k         1654  120  545 3c 3s
STA       957472203 10  6 f   -     -     -         2079    0    0 
STA       957472285  9  5 cc  cc    ccc   cf        2079  180    0 
STA       957472450  6  3 f   -     -     -         1899    0    0 
STA       957472498  6  3 cc  kc    kc    kc        1899   70    0 Qs Jc
STA       957472541  8  2 Bf  -     -     -         1829   10    0 
STA       957472573  8  1 Bf  -     -     -         1819    5    0 
STA       957472608  8  8 f   -     -     -         1814    0    0 
STA       957472640  8  7 rc  kr    b     -         1814   70  180 
STA       957472683  8  6 f   -     -     -         1924    0    0 
STA       957472724  8  5 f   -     -     -         1924    0    0 
STA       957472799  8  4 f   -     -     -         1924    0    0 
STA       957472833  8  3 cc  kc    kc    kc        1924   70  255 Jd 8s
STA       957472883  8  2 Bk  kf    -     -         2109   10    0 
STA       957472922  8  1 Bc  k     k     bc        2099   50    0 3d Qd
STA       957472964  8  8 f   -     -     -         2049    0    0 
STA       957473018  8  7 c   c     c     c         2049   70    0 Ks 4s
STA       957473098  9  7 f   -     -     -         1979    0    0 
STA       957473158  8  5 c   c     kc    kf        1979   50    0 
STA       957473206  8  4 cc  f     -     -         1929   20    0 
STA       957473235  8  3 f   -     -     -         1909    0    0 
STA       957473317  8  2 Bc  brc   b     kc        1909  100    0 6c 7h
STA       957473359  8  1 Bc  kf    -     -         1809   10    0 
STA       957473413  8  8 f   -     -     -         1799    0    0 
STA       957473448  8  7 c   Q     -     -         1799   10    0 
STA       957812347  6  4 f   -     -     -         1789    0    0 
STA       957812372  6  3 f   -     -     -         1789    0    0 
STA       957812403  6  2 Bc  k     k     b         1789   40  100 
STA       957812447  6  1 Bc  k     kf    -         1849   10    0 
STA       957812488  6  6 r   b     c     k         1839   50    0 As Kh
STA       957812512  6  5 f   -     -     -         1789    0    0 
STA       957812539  6  4 f   -     -     -         1789    0    0 
STA       957812565  6  3 f   -     -     -         1789    0    0 
STA       957812609  6  2 Bk  k     f     -         1789   10    0 
STA       957812654  6  1 Bf  -     -     -         1779    5    0 
STA       957812678  6  6 c   b     k     f         1774   30    0 
STA       957812751  5  5 f   -     -     -         1744    0    0 
STA       957812771  6  4 c   kc    kc    k         1744   40    0 Ah 7h
STA       957812809  6  3 f   -     -     -         1704    0    0 
STA       957812832  6  2 Bk  b     b     kc        1704   60    0 Kh Qs
STA       957812868  6  1 Bf  -     -     -         1644    5    0 
STA       957812900  6  6 r   b     -     -         1639   30   85 
STA       957812949  6  5 f   -     -     -         1694    0    0 
STA       957812968  7  4 cc  f     -     -         1694   20    0 
STA       957813025  8  3 f   -     -     -         1674    0    0 
STA       957813073  8  2 Bf  -     -     -         1674   10    0 
STA       957813150  8  1 Bf  -     -     -         1664    5    0 
STA       957813172  7  7 f   -     -     -         1659    0    0 
STA       957813201  7  7 f   -     -     -         1659    0    0 
STA       957813248  8  6 c   k     f     -         1659   10    0 
STA       957813287  9  5 f   -     -     -         1649    0    0 
STA       957813375  9  4 f   -     -     -         1649    0    0 
STA       957813432  9  2 Bk  kr    b     b         1649   70  200 9s As
STA       957813479 10  1 Br  bc    kf    -         1779   40    0 
STA       957813544 10 10 r   c     c     k         1739   50  170 Jh Kd
STA       957813587 10  9 c   k     f     -         1859   20    0 
STA       957813634 10  8 f   -     -     -         1839    0    0 
STA       957813714 10  7 f   -     -     -         1839    0    0 
STA       957813773 10  6 rc  cf    -     -         1839   40    0 
STA       957813872 10  5 c   k     k     k         1799   10    0 7s 8s
STA       957813950 10  4 c   kc    kc    kc        1789   80  250 Ts Ah
STA       957813996 10  3 f   -     -     -         1959    0    0 
STA       957814084  9  2 Bf  -     -     -         1959   10    0 
STA       957814168  9  1 Bc  k     kf    -         1949   10    0 
STA       957814279  9  9 c   c     c     f         1939   40    0 
STA       957814366 10  9 c   b     b     -         1899   40  120 
STA       957814462  8  7 c   c     c     k         1979   40    0 Jc Ks
STA       957814548  9  3 Q   -     -     -         1939    0    0 
