STA       949443868 10  8 c   f     -     -         2641   10    0 
STA       949443906  9  6 c   c     c     k         2631   40  130 As 8d
STA       949443966  8  4 f   -     -     -         2721    0    0 
STA       949444023  9  4 f   -     -     -         2721    0    0 
STA       949444076 10  4 c   c     f     -         2721   30    0 
STA       949444134  9  2 Bc  kf    -     -         2691   20    0 
STA       949444196 10  1 Br  kc    k     kc        2671   50    0 Ks Kh
STA       949444245  9  9 f   -     -     -         2621    0    0 
STA       949444321 10  9 f   -     -     -         2621    0    0 
STA       949444399  9  7 c   c     c     f         2621   50    0 
STA       949444459  8  5 f   -     -     -         2571    0    0 
STA       949444498 10  5 f   -     -     -         2571    0    0 
STA       949444593 10  4 cc  c     c     f         2571   50    0 
STA       949444656  9  2 f   -     -     -         2521    0    0 
STA       949444750 10  2 Bf  -     -     -         2521   10    0 
STA       949444885 10  1 Bc  k     k     kf        2511   10    0 
STA       949445016 10 10 f   -     -     -         2501    0    0 
STA       949445103 10  9 f   -     -     -         2501    0    0 
STA       949445186 10  8 f   -     -     -         2501    0    0 
STA       949445283 10  7 cc  kf    -     -         2501   20    0 
STA       949445382 10  6 cc  k     kf    -         2481   20    0 
STA       949445541 10  5 f   -     -     -         2461    0    0 
STA       949445630  9  4 c   kf    -     -         2461   10    0 
STA       949445693 10  3 f   -     -     -         2451    0    0 
STA       949445791 10  2 Bf  -     -     -         2451   10    0 
STA       949445852  8  1 Bc  kf    -     -         2441   10    0 
STA       949445941  9  8 c   f     -     -         2431   10    0 
STA       949446023  9  6 cc  kf    -     -         2421   20    0 
STA       949446102 10  6 f   -     -     -         2401    0    0 
STA       949446151 10  5 cc  c     f     -         2401   30    0 
STA       949446199  9  3 r   b     k     k         2371   30    0 Ah 9h
STA       949446232 10  3 c   b     k     kf        2341   20    0 
STA       949446300  8  1 Bk  kf    -     -         2321   10    0 
STA       949446339  8  1 Bf  -     -     -         2311    5    0 
STA       949446394  8  8 c   c     f     -         2306   20    0 
STA       949446439  8  7 r   k     b     k         2286   40  125 Ac Jh
STA       949446498  8  6 rc  c     c     rc        2371  120  365 Ks As
STA       949446563  8  5 r   k     k     k         2616   30   95 Jh Ah
STA       949446605  8  4 c   kf    -     -         2681   10    0 
STA       949446718  8  4 f   -     -     -         2671    0    0 
STA       949446823 10  4 f   -     -     -         2671    0    0 
STA       949446875 10  3 f   -     -     -         2671    0    0 
STA       949446939  9  2 Bc  k     k     kf        2671   20    0 
STA       949446994 10  1 Bf  -     -     -         2651    5    0 
STA       949447076 10 10 c   k     k     f         2646   10    0 
STA       949447134  9  8 f   -     -     -         2636    0    0 
STA       949447188 10  8 c   b     -     -         2636   20   35 
STA       949447242 10  7 c   k     b     k         2651   30   80 8h 8s
STA       949447303 10  6 f   -     -     -         2701    0    0 
STA       949447357 10  5 c   b     -     -         2701   20   35 
STA       949447394 10  4 f   -     -     -         2716    0    0 
STA       949447429 10  3 c   f     -     -         2716   10    0 
STA       949447511  8  2 Bk  kf    -     -         2706   10    0 
STA       949447569  8  1 Bc  kf    -     -         2696   10    0 
STA       949447606  8  8 c   c     f     -         2686   40    0 
STA       949447680  9  7 r   b     -     -         2646   30   95 
STA       949447714  9  6 c   r     c     f         2711   60    0 
STA       949447770  9  5 c   f     -     -         2651   10    0 
STA       949447836  9  4 c   b     kc    c         2641   60    0 5s Ac
STA       949447925  9  3 f   -     -     -         2581    0    0 
STA       949448005 10  2 Bf  -     -     -         2581   10    0 
STA       949448018 10  1 Bf  -     -     -         2571    5    0 
STA       949448114 10 10 cc  c     c     c         2566  100  310 8h 8c
STA       949448192  9  8 f   -     -     -         2776    0    0 
STA       949448237  9  7 cc  kc    kc    kf        2776   50    0 
STA       949448274  9  6 r   c     f     -         2726   30    0 
STA       949448321  9  5 f   -     -     -         2696    0    0 
STA       949448392  9  3 f   -     -     -         2696    0    0 
STA       949448446  9  2 Bc  kf    -     -         2696   20    0 
STA       949448486  9  1 Bc  b     k     kc        2676   50    0 Ac 9h
STA       949448534  9  9 c   r     k     b         2626   50  130 
STA       949448655 10  9 c   b     b     b         2706   60  185 
STA       949448770 10  8 c   c     bf    -         2831   50    0 
STA       949448807 10  7 f   -     -     -         2781    0    0 
STA       949448903  9  5 c   k     b     b         2781   50  130 
STA       949448978  9  4 c   f     -     -         2861   10    0 
STA       949449049  9  3 f   -     -     -         2851    0    0 
STA       949449127  9  2 Bc  kf    -     -         2851   20    0 
STA       949449154  9  1 Bc  kc    bc    k         2831   60  160 Jc 7s
STA       949449200  9  9 c   c     f     -         2931   20    0 
STA       949449300  8  7 cc  f     -     -         2911   20    0 
STA       949449362  8  6 cc  f     -     -         2891   20    0 
STA       949449411  8  5 r   bc    kc    b         2871   80  175 Tc Th
STA       949449458  8  4 f   -     -     -         2966    0    0 
STA       949449538  8  3 f   -     -     -         2966    0    0 
STA       949449582  8  2 Bf  -     -     -         2966   10    0 
STA       949449624  8  1 Bc  kc    kf    -         2956   30    0 
STA       949449672  8  8 f   -     -     -         2926    0    0 
STA       949449751  9  8 c   f     -     -         2926   10    0 
STA       949449793  9  7 r   k     b     k         2916   40  110 Kh Qs
STA       949449894  9  6 cc  c     f     -         2986   30    0 
STA       949449949  8  4 c   f     -     -         2956   10    0 
STA       949449991  8  3 r   kc    kc    k         2946   50  145 Ac Kd
STA       949450037  8  2 Bf  -     -     -         3041   10    0 
STA       949450096  8  1 Bc  k     k     b         3031   30    0 9c 6s
STA       949450160  9  9 c   cf    -     -         3001   30    0 
STA       949450192  9  8 f   -     -     -         2971    0    0 
STA       949450209  9  7 c   c     c     kc        2971   70    0 Qd Js
STA       949450247  9  6 c   f     -     -         2901   10    0 
STA       949450281 10  5 r   f     -     -         2891   30    0 
STA       949450325 10  4 c   c     f     -         2861   30    0 
STA       949450353 10  3 c   b     f     -         2831   20    0 
STA       949450381 10  2 Bk  kf    -     -         2811   10    0 
STA       949450453 10  1 Bf  -     -     -         2801    5    0 
STA       949450476 10 10 c   f     -     -         2796   20    0 
STA       949450532 10  9 f   -     -     -         2776    0    0 
STA       949450602  9  7 f   -     -     -         2776    0    0 
STA       949450701  9  7 cc  c     c     b         2776   70    0 Qd Ks
STA       949450747  9  6 f   -     -     -         2706    0    0 
STA       949450791 10  5 f   -     -     -         2706    0    0 
STA       949450818 10  4 cc  kf    -     -         2706   20    0 
STA       949450857 10  3 cc  bc    kf    -         2686   40    0 
STA       949450898 10  2 Bc  kf    -     -         2646   20    0 
STA       949450985 10  1 Bf  -     -     -         2626    5    0 
STA       949451046 10 10 f   -     -     -         2621    0    0 
STA       949451101 10  9 f   -     -     -         2621    0    0 
STA       949451181 10  8 c   b     b     kc        2621   70    0 5h Kh
STA       949451292 10  7 cc  ccc   cf    -         2551  100    0 
STA       949451352 10  6 cc  c     f     -         2451   40    0 
STA       949451404 10  5 f   -     -     -         2411    0    0 
STA       949451459 10  4 f   -     -     -         2411    0    0 
STA       949451537 10  4 f   -     -     -         2411    0    0 
STA       949451608  9  1 Bk  b     b     k         2411   40  120 Kd Jc
STA       949451651  9  1 Bc  kf    -     -         2491   10    0 
STA       949451708  9  9 c   f     -     -         2481   10    0 
STA       949451770  9  8 f   -     -     -         2471    0    0 
STA       949451861  9  7 f   -     -     -         2471    0    0 
STA       949451949  8  5 f   -     -     -         2471    0    0 
STA       949452046  9  5 c   k     k     k         2471   20   75 9c 9s
STA       949452169  8  4 c   b     k     kf        2526   20    0 
STA       949452212  8  3 cc  c     f     -         2506   30    0 
STA       949452263  9  2 Bf  -     -     -         2476   10    0 
STA       949452315  9  1 Bc  k     b     kc        2466   50  140 9d Qh
STA       949452381  9  9 cc  cc    f     -         2556   60    0 
STA       949452459  9  8 c   c     k     f         2496   30    0 
STA       949452505 10  8 f   -     -     -         2466    0    0 
STA       949452582 10  7 f   -     -     -         2466    0    0 
STA       949452660 10  6 f   -     -     -         2466    0    0 
STA       949452700 10  5 f   -     -     -         2466    0    0 
STA       949452731 10  4 ccc kc    kc    kf        2466   60    0 
STA       949452821 10  3 cc  r     b     k         2406   60  180 Ad 5h
STA       949452876 10  2 Bc  c     c     f         2526   50    0 
STA       949452916 10  1 Bf  -     -     -         2476    5    0 
STA       949452961 10 10 f   -     -     -         2471    0    0 
STA       949453030 10  9 f   -     -     -         2471    0    0 
STA       949453108 10  8 c   c     c     f         2471   40    0 
STA       949453151 10  7 c   k     k     kf        2431   10    0 
STA       949453192 10  6 f   -     -     -         2421    0    0 
STA       949453238 10  5 f   -     -     -         2421    0    0 
STA       949453316 10  4 c   rc    cc    f         2421  110    0 
STA       949453403 10  3 f   -     -     -         2311    0    0 
STA       949453469  8  2 Bk  kf    -     -         2311   10    0 
STA       949453491  7  1 Bf  -     -     -         2301    5    0 
STA       949453526  8  8 cf  -     -     -         2296   10    0 
STA       949453606  8  3 Q   -     -     -         2286    0    0 
STA       949523370  9  8 f   -     -     -         2286    0    0 
STA       949523464 10  7 f   -     -     -         2286    0    0 
STA       949523571 10  6 c   c     kc    kc        2286   60    0 Kh Qc
STA       949523658 10  5 f   -     -     -         2226    0    0 
STA       949523723 10  4 r   r     k     k         2226   40    0 Td Ad
STA       949523791 10  3 f   -     -     -         2186    0    0 
STA       949523844 10  2 Bk  kf    -     -         2186   10    0 
STA       949523918 10  1 Bc  kf    -     -         2176   20    0 
STA       949524022  9  9 c   c     f     -         2156   20    0 
STA       949524178  9  8 c   b     c     f         2136   40    0 
STA       949524268  9  7 f   -     -     -         2096    0    0 
STA       949524387 10  7 cc  f     -     -         2096   20    0 
STA       949524450 10  6 cc  k     kf    -         2076   20    0 
STA       949524522 10  5 f   -     -     -         2056    0    0 
STA       949524599 10  4 f   -     -     -         2056    0    0 
STA       949524678  9  3 fQ  -     -     -         2056    0    0 
STA       950830369  8  2 Bc  kc    kf    -          971   30    0 
STA       950830416  8  1 Bcc bc    kf    -          941   50    0 
STA       950830467  9  9 f   -     -     -          891    0    0 
STA       950830510  9  8 cc  f     -     -          891   20    0 
STA       950830559  9  7 f   -     -     -          871    0    0 
STA       950830610  8  5 fQ  -     -     -          871    0    0 
STA       951185697  9  7 f   -     -     -         1761    0    0 
STA       951185752  8  5 c   f     -     -         1761   20    0 
STA       951185802  8  4 cc  kc    kc    kf        1741   50    0 
STA       951185865  9  3 f   -     -     -         1691    0    0 
STA       951185952  9  2 Bf  -     -     -         1691   10    0 
STA       951186019  9  1 Bc  b     b     k         1681   40  130 Kc Qs
STA       951186049  9  9 c   f     -     -         1771   10    0 
STA       951186177  9  8 f   -     -     -         1761    0    0 
STA       951186206  9  7 f   -     -     -         1761    0    0 
STA       951186284  8  6 c   b     k     f         1761   20    0 
STA       951186329  7  4 f   -     -     -         1741    0    0 
STA       951186365  7  3 cc  f     -     -         1741   20    0 
STA       951186404  7  2 Bk  kf    -     -         1721   10    0 
STA       951186431  7  1 Bf  -     -     -         1711    5    0 
STA       951186464  7  7 f   -     -     -         1706    0    0 
STA       951186497  7  6 c   f     -     -         1706   20    0 
STA       951186534  7  6 c   b     -     -         1686   20   40 
STA       951186574  7  4 c   b     b     k         1706   40  115 Ah 3d
STA       951186633  8  3 f   -     -     -         1781    0    0 
STA       951186734  9  2 Bk  c     k     bc        1781   60    0 9h 3h
STA       951186786  9  1 Bc  k     k     k         1721   10   40 Th 6s
STA       951186826  9  9 c   f     -     -         1751   10    0 
STA       951186900  9  8 cc  kf    -     -         1741   20    0 
STA       951186971  8  6 f   -     -     -         1721    0    0 
STA       951187024  7  5 f   -     -     -         1721    0    0 
STA       951187054  7  4 f   -     -     -         1721    0    0 
STA       951187075  7  3 f   -     -     -         1721    0    0 
STA       951187130  7  2 Bc  kf    -     -         1721   20    0 
STA       951187178  7  1 Br  b     b     b         1701   70  120 
STA       951187254  7  7 c   f     -     -         1751   20    0 
STA       951187278  8  7 f   -     -     -         1731    0    0 
STA       951187341  8  6 cf  -     -     -         1731   10    0 
STA       951187425 10  7 f   -     -     -         1721    0    0 
STA       951187473 10  6 cc  kc    kf    -         1721   30    0 
STA       951187553 10  5 rc  kc    kf    -         1691   40    0 
STA       951187598 10  4 cc  cf    -     -         1651   30    0 
STA       951187717 10  3 r   bc    kc    kc        1621   80    0 8h 8s
STA       951187792 10  2 Bk  b     k     k         1541   20   65 4d As
STA       951187861  8  1 Bc  kf    -     -         1586   10    0 
STA       951187909  9  8 f   -     -     -         1576    0    0 
STA       951187935 10  8 f   -     -     -         1576    0    0 
STA       951188027 10  7 c   k     k     f         1576   10    0 
STA       951188087 10  6 f   -     -     -         1566    0    0 
STA       951188142 10  5 c   f     -     -         1566   20    0 
STA       951188263 10  4 c   b     b     k         1546   40    0 Ks Ts
STA       951188339 10  3 r   bc    kc    b         1506   80  190 
STA       951188401 10  2 Brc kc    kc    kf        1616   70    0 
STA       951188501  9  1 Bc  k     k     kf        1546   10    0 
STA       951188586 10 10 c   f     -     -         1536   20    0 
STA       951188674 10  9 f   -     -     -         1516    0    0 
STA       951188705 10  8 f   -     -     -         1516    0    0 
STA       951188815  7  4 c   f     -     -         1516   10    0 
STA       951188865  7  3 f   -     -     -         1506    0    0 
STA       951188897  7  2 Br  k     k     k         1506   20   45 Jc Jh
STA       951188929  8  1 Bc  kf    -     -         1531   10    0 
STA       951188980  8  8 c   f     -     -         1521   10    0 
STA       951189007  8  7 f   -     -     -         1511    0    0 
STA       951189072  8  6 f   -     -     -         1511    0    0 
STA       951189122  7  5 c   c     k     k         1511   20    0 Ts Jh
STA       951189170  7  4 cc  kc    bc    kf        1491   70    0 
STA       951189250  7  3 f   -     -     -         1421    0    0 
STA       951189285  7  2 Bc  f     -     -         1421   20    0 
STA       951189345  6  1 Bc  b     -     -         1401   20   50 
STA       951189416  6  6 c   b     b     b         1431   60  135 5s Ks
STA       951189466  6  5 r   c     c     f         1506   60    0 
STA       951189534  6  4 cc  b     b     -         1446   50   90 
STA       951189580  7  3 rc  kf    -     -         1486   30    0 
STA       951189630  8  2 Bk  k     k     k         1456   10    0 2d 6c
STA       951189658  8  1 Bc  k     k     k         1446   10   40 6d Ah
STA       951189717  9  9 c   k     b     k         1476   30   85 4c Kd
STA       951189759 10  9 c   k     k     b         1531   30   60 
STA       951189826 10  8 f   -     -     -         1561    0    0 
STA       951189903 10  7 f   -     -     -         1561    0    0 
STA       951189951 10  6 f   -     -     -         1561    0    0 
STA       951189972 10  5 f   -     -     -         1561    0    0 
STA       951190023 10  4 c   kf    -     -         1561   10    0 
STA       951190053 10  3 cc  kc    kf    -         1551   30    0 
STA       951190094 10  2 Bk  kc    bc    k         1521   70  290 Jd 8d
STA       951190143 10  1 Bc  k     kc    kf        1741   30    0 
STA       951190185 10 10 c   f     -     -         1711   10    0 
STA       951190226 10  3 Q   -     -     -         1701    0    0 
STA       951265778  9  9 c   c     c     k         1701   50   95 9s Td
STA       951265893  9  8 c   f     -     -         1746   20    0 
STA       951265926  9  7 c   f     -     -         1726   30    0 
STA       951265986  9  6 f   -     -     -         1696    0    0 
STA       951266076  8  4 c   k     k     k         1696   10    0 Jc 8s
STA       951266138  8  4 c   bc    kr    k         1686   70    0 Ts 8c
STA       951266212  7  3 cc  kc    b     cf        1616   70    0 
STA       951266271  7  2 Bc  f     -     -         1546   20    0 
STA       951266342  7  1 Bc  kc    kf    -         1526   40    0 
STA       951266370  6  6 c   c     f     -         1486   20    0 
STA       951266399  6  5 f   -     -     -         1466    0    0 
STA       951266436  6  4 cc  c     f     -         1466   30    0 
STA       951266479  7  3 f   -     -     -         1436    0    0 
STA       951266534  7  2 Bc  kc    kc    kc        1436   70  195 Js Kc
STA       951266571  7  1 Brc b     b     k         1561   70  260 Qh Qs
STA       951266618  7  7 c   k     f     -         1751   10    0 
STA       951266663  6  5 c   k     b     k         1741   30   80 8d Jc
STA       951266748  5  3 c   f     -     -         1791   10    0 
STA       951266782  6  3 c   kf    -     -         1781   10    0 
STA       951266814  6  2 Bk  k     k     c         1771   30   60 7h 4c
STA       951266837  6  1 Bf  -     -     -         1801    5    0 
STA       951266873  7  7 c   c     c     f         1796   50    0 
STA       951266920  8  7 cc  cc    b     b         1746   80  365 4h 4s
STA       951266982  9  6 rc  kf    -     -         2031   40    0 
STA       951267027 10  6 cc  f     -     -         1991   20    0 
STA       951267127 10  5 cc  k     f     -         1971   20    0 
STA       951267191 10  4 cc  kc    kc    kf        1951   70    0 
STA       951267262 10  3 r   c     c     f         1881   50    0 
STA       951267311 10  2 Brc kcc   bc    bc        1831  160  283 Js As
STA       951267364 10  1 BfQ -     -     -         1954    5    0 
STA       951350685 10  6 f   -     -     -         1949    0    0 
STA       951350753 10  5 cc  b     b     kc        1949   70  255 Th 9d
STA       951350830 10  4 r   b     kc    kc        2134   70  300 Td Tc
STA       951350880  9  3 f   -     -     -         2364    0    0 
STA       951350931  9  2 Bk  k     kf    -         2364   10    0 
STA       951350978  8  1 Bc  k     kf    -         2354   10    0 
STA       951351030  8  8 f   -     -     -         2344    0    0 
STA       951351066  8  7 cc  kf    -     -         2344   20    0 
STA       951351106  9  7 f   -     -     -         2324    0    0 
STA       951351171 10  7 f   -     -     -         2324    0    0 
STA       951351203 10  6 f   -     -     -         2324    0    0 
STA       951351247 10  5 f   -     -     -         2324    0    0 
STA       951351310 10  4 f   -     -     -         2324    0    0 
STA       951351368 10  3 c   kf    -     -         2324   10    0 
STA       951351416 10  2 Brc b     bc    kc        2314  100    0 As Ks
STA       951351488 10  1 Bf  -     -     -         2214    5    0 
STA       951351527 10 10 c   c     c     c         2209   70    0 Tc Qc
STA       951351578 10  9 f   -     -     -         2139    0    0 
STA       951351614 10  8 f   -     -     -         2139    0    0 
STA       951351655 10  7 c   c     kc    k         2139   50  200 8s Qd
STA       951351708 10  6 cc  kc    kc    kc        2289   70    0 Ah 6d
STA       951351798 10  5 f   -     -     -         2219    0    0 
STA       951351851 10  4 r   k     kf    -         2219   20    0 
STA       951351924 10  3 cc  r     b     bc        2199  100  300 7d 7s
STA       951352005 10  2 Bk  bc    b     k         2399   50  190 8h Qd
STA       951352077 10  1 Bf  -     -     -         2539    5    0 
STA       951352128 10 10 c   c     f     -         2534   20    0 
STA       951352172 10  9 f   -     -     -         2514    0    0 
STA       951352219 10  8 c   k     f     -         2514   10    0 
STA       951352249 10  7 f   -     -     -         2504    0    0 
STA       951352302 10  6 c   k     kf    -         2504   10    0 
STA       951352365 10  5 f   -     -     -         2494    0    0 
STA       951352435 10  4 f   -     -     -         2494    0    0 
STA       951352498 10  3 c   kc    kc    kc        2494   60    0 Ks 9d
STA       951352538 10  2 Bk  bc    kf    -         2434   30    0 
STA       951352596 10  1 Bf  -     -     -         2404    5    0 
STA       951352697  9  9 c   f     -     -         2399   10    0 
STA       951352728 10  9 cc  f     -     -         2389   30    0 
STA       951352808 10  8 r   c     cc    kf        2359   70    0 
STA       951352876 10  7 f   -     -     -         2289    0    0 
STA       951352921  9  5 r   b     k     k         2289   30    0 Tc Jc
STA       951352947 10  5 f   -     -     -         2259    0    0 
STA       951352995 10  4 c   kc    kc    kf        2259   40    0 
STA       951353037 10  3 Q   -     -     -         2219    0    0 
STA       951421430  6  6 c   k     c     b         2219   50  110 Jh 8h
STA       951421460  6  5 c   c     c     k         2279   40  130 7d 8h
STA       951421489  7  5 c   b     b     bc        2369   80    0 5h Qh
STA       951421527  7  4 f   -     -     -         2289    0    0 
STA       951421555  8  3 cc  k     b     b         2289   60    0 5d Qd
STA       951421601  8  2 Br  kc    kf    -         2229   30    0 
STA       951421644 10  1 Bf  -     -     -         2199    5    0 
STA       951421666 10 10 c   k     c     b         2194   60  210 Ad 7c
STA       951421741 10  4 Q   -     -     -         2344    0    0 
STA       951440847 10  6 c   k     c     f         2344   40    0 
STA       951440895 10  5 c   k     k     k         2304   10    0 6c 4c
STA       951440969 10  4 c   k     k     k         2294   10    0 Kd Ts
STA       951441012 10  3 cc  f     -     -         2284   20    0 
STA       951441048 10  2 Bf  -     -     -         2264   10    0 
STA       951441127  9  1 Bc  kf    -     -         2254   20    0 
STA       951441159  9  9 c   k     f     -         2234   10    0 
STA       951441191 10  9 c   c     f     -         2224   40    0 
STA       951441250 10  8 f   -     -     -         2184    0    0 
STA       951441314  9  6 f   -     -     -         2184    0    0 
STA       951441380 10  6 cc  kf    -     -         2184   20    0 
STA       951441458 10  5 c   b     b     k         2164   40  115 Th Ks
STA       951441592  9  4 c   bc    kf    -         2239   30    0 
STA       951441644 10  3 f   -     -     -         2209    0    0 
STA       951441729 10  2 Bc  kf    -     -         2209   20    0 
STA       951441778 10  1 Bf  -     -     -         2189    5    0 
STA       951441846 10 10 c   c     f     -         2184   20    0 
STA       951441907 10  7 Q   -     -     -         2164    0    0 
STA       951765346  9  2 Bk  kf    -     -         2164   10    0 
STA       951765398  8  1 Bcf -     -     -         2154   10    0 
STA       951765467  8  8 f   -     -     -         2144    0    0 
STA       951765502  8  7 c   f     -     -         2144   30    0 
STA       951765592  9  6 f   -     -     -         2114    0    0 
STA       951765695  8  5 c   c     c     k         2114   50    0 Ah 5d
STA       951765721  9  4 f   -     -     -         2064    0    0 
STA       951765767  9  3 ccc cf    -     -         2064   50    0 
STA       951765834  9  2 Bc  kf    -     -         2014   20    0 
STA       951765881  8  1 Brc kf    -     -         1994   50    0 
STA       951765954  9  9 f   -     -     -         1944    0    0 
STA       951766032  9  8 f   -     -     -         1944    0    0 
STA       951766101 10  8 f   -     -     -         1944    0    0 
STA       951766162  9  7 f   -     -     -         1944    0    0 
STA       951766241  9  6 f   -     -     -         1944    0    0 
STA       951766277 10  5 f   -     -     -         1944    0    0 
STA       951766382 10  4 f   -     -     -         1944    0    0 
STA       951766499 10  3 f   -     -     -         1944    0    0 
STA       951766588 10  2 BQ  -     -     -         1944   10    0 
STA       951778855  9  5 c   kc    kf    -         1934   30    0 
STA       951778932  9  4 f   -     -     -         1904    0    0 
STA       951778999  9  3 cc  k     b     b         1904   80  350 9h 8h
STA       951779051 10  2 Bcc kc    kf    -         2174   50    0 
STA       951779110 10  1 Bf  -     -     -         2124    5    0 
STA       951779177 10 10 f   -     -     -         2119    0    0 
STA       951779261 10  9 c   kc    kf    -         2119   20    0 
STA       951779335 10  3 Q   -     -     -         2099    0    0 
STA       951857363  8  3 cc  f     -     -         2099   20    0 
STA       951857390  8  2 Bk  f     -     -         2079   10    0 
STA       951857418  9  1 Bc  k     k     kf        2069   10    0 
STA       951857450 10 10 r   c     f     -         2059   30    0 
STA       951857517 10  9 f   -     -     -         2029    0    0 
STA       951857564  9  7 cc  ccc   cc    kf        2029  110    0 
STA       951857667 10  7 r   c     f     -         1919   30    0 
STA       951857699  8  5 r   b     b     k         1889   50  135 Jc Jd
STA       951857752 10  4 c   b     f     -         1974   20    0 
STA       951857798 10  3 r   c     f     -         1954   30    0 
STA       951857837 10  2 Bk  kc    k     b         1924   40  110 6s 3d
STA       951857885 10  1 Bc  b     k     b         1994   40  120 Kc 2d
STA       951857938 10 10 c   c     f     -         2074   20    0 
STA       951857993 10 10 c   c     f     -         2054   20    0 
STA       951858044 10  3 Q   -     -     -         2034    0    0 
STA       951870977 10 10 c   f     -     -         2034   10    0 
STA       951870994 10  9 c   f     -     -         2024   10    0 
STA       951871056 10  8 cc  c     c     k         2014   50  220 6d Td
STA       951871106 10  7 c   f     -     -         2184   10    0 
STA       951871147 10  6 f   -     -     -         2174    0    0 
STA       951871210 10  5 c   c     c     c         2174   60  180 Kc Td
STA       951871260 10  4 f   -     -     -         2294    0    0 
STA       951871295 10  3 c   kf    -     -         2294   10    0 
STA       951871363 10  2 Bk  cc    c     b         2284   70  190 Ac 4s
STA       951871411 10  1 Br  kc    k     b         2404   50  110 Kh Th
STA       951871451 10 10 c   k     k     k         2464   10    0 Tc 4c
STA       951871494 10  9 c   f     -     -         2454   20    0 
STA       951871552 10  8 fQ  -     -     -         2434    0    0 
