STA       956340731  7  3 cc  k     k     k         3099   40  130 Ac 5s
STA       956340795  7  2 Bc  f     -     -         3189   40    0 
STA       956340834  7  1 Bc  kcc   kf    -         3149   60    0 
STA       956340892  7  7 c   c     c     f         3089   80    0 
STA       956340942  7  6 rc  kc    kc    k         3009  140    0 Ad Qc
STA       956341006  8  6 cc  kr    b     kc        2869  160    0 Kc Jh
STA       956341061  8  5 r   b     -     -         2709   60  130 
STA       956341080  8  4 c   c     f     -         2779   40    0 
STA       956341115  9  3 c   kf    -     -         2739   20    0 
STA       956341180  9  2 Bk  k     k     k         2719   20    0 Jc 6s
STA       956341235  9  1 Bf  -     -     -         2699   10    0 
STA       956341292  9  9 c   f     -     -         2689   20    0 
STA       956341354  9  8 f   -     -     -         2669    0    0 
STA       956341435  9  7 f   -     -     -         2669    0    0 
STA       956341485  9  7 cc  bc    bc    b         2669  200  570 3d Qd
STA       956341542  9  6 f   -     -     -         3039    0    0 
STA       956341618  9  5 r   c     c     k         3039  100    0 Jh Ah
STA       956341663  9  4 c   kc    kf    -         2939   40    0 
STA       956341710 10  3 r   bc    k     k         2899   80  300 Qd Qc
STA       956341751 10  2 Bk  f     -     -         3119   20    0 
STA       956341791 10  1 Bf  -     -     -         3099   10    0 
STA       956341850  9  9 c   f     -     -         3089   20    0 
STA       956341891  9  7 f   -     -     -         3069    0    0 
STA       956341938  9  6 c   f     -     -         3069   20    0 
STA       956341966  9  5 f   -     -     -         3049    0    0 
STA       956341986 10  4 f   -     -     -         3049    0    0 
STA       956342045  9  2 c   b     b     -         3049   80  160 
STA       956342073  9  2 Bc  kc    b     b         3129  140  490 Jh Kc
STA       956342123  9  1 Bf  -     -     -         3479   10    0 
STA       956342161  9  9 c   c     c     f         3469   80    0 
STA       956342205  9  8 f   -     -     -         3389    0    0 
STA       956342248  9  7 f   -     -     -         3389    0    0 
STA       956342287 10  7 f   -     -     -         3389    0    0 
STA       956342323 10  6 f   -     -     -         3389    0    0 
STA       956342347 10  5 f   -     -     -         3389    0    0 
STA       956342380 10  4 f   -     -     -         3389    0    0 
STA       956342424 10  3 f   -     -     -         3389    0    0 
STA       956342449 10  2 Bk  kf    -     -         3389   20    0 
STA       956342504 10  1 Bf  -     -     -         3369   10    0 
STA       956342567  9  9 f   -     -     -         3359    0    0 
STA       956342602  9  8 c   b     k     c         3359   80    0 9d Kc
STA       956342658  9  7 r   cc    c     k         3279  140    0 Qc Qs
STA       956342708  9  6 cc  c     c     f         3139  100    0 
STA       956342782  9  5 cc  cc    cc    kc        3039  200  800 6h 3h
STA       956342842  9  4 cc  b     b     b         3639  140  390 
STA       956342924 10  3 c   r     k     k         3889   60    0 8d 7d
STA       956342966 10  2 Bc  Q     -     -         3829   40    0 
