STA       950653676  7  3 f   -     -     -         1356    0    0 
STA       950653732 10  2 Bf  -     -     -         1356   10    0 
STA       950653811 10  1 Bf  -     -     -         1346    5    0 
STA       950653911 10 10 cc  b     ccc   c         1341  130    0 Tc Js
STA       950654036  8  7 c   cc    kf    -         1211   40    0 
STA       950654131  8  6 cc  kc    kf    -         1171   30    0 
STA       950654173  7  4 cc  k     kf    -         1141   20    0 
STA       950654253  8  4 f   -     -     -         1121    0    0 
STA       950654416  8  4 f   -     -     -         1121    0    0 
STA       950654496  5  1 Bc  kf    -     -         1121   20    0 
STA       950654519  5  1 Bc  kf    -     -         1101   10    0 
STA       950654556  5  5 c   k     f     -         1091   10    0 
STA       950654592  5  4 f   -     -     -         1081    0    0 
STA       950654637  5  3 f   -     -     -         1081    0    0 
STA       950654659  5  3 f   -     -     -         1081    0    0 
STA       950654685  5  2 B   -     -     -         1081   10   15 
STA       950654696  5  1 Bc  bc    kc    kc        1086   80    0 2h 4h
STA       950654725  5  5 r   f     -     -         1006   20    0 
STA       950654753  5  4 rc  c     k     k          986   60    0 Th Tc
STA       950654811  5  3 c   kf    -     -          926   10    0 
STA       950654833  5  2 B   -     -     -          916   10   15 
STA       950654837  5  1 Bc  b     -     -          921   20   50 
STA       950654861  5  5 cc  c     k     k          951   30    0 7d 5s
STA       950654888  5  4 c   b     -     -          921   20   50 
STA       950654913  5  3 c   k     k     k          951   10   35 8s Jc
STA       950654948  6  3 r   b     cc    b          976   90  370 Qh Th
STA       950654999  6  2 c   kf    -     -         1256   10    0 
STA       950655019  7  2 f   -     -     -         1246    0    0 
STA       950655039  8  2 Bc  kf    -     -         1246   20    0 
STA       950655071  8  1 Bc  kc    k     k         1226   20    0 Jh Qc
STA       950655112  9  8 ccc c     cc    k         1206  100    0 Jd 8c
STA       950655166  9  7 r   c     f     -         1106   40    0 
STA       950655202  7  5 c   k     k     c         1066   30   75 2h Ad
STA       950655234  6  4 c   f     -     -         1111   20    0 
STA       950655255  6  3 f   -     -     -         1091    0    0 
STA       950655284  5  2 Bk  f     -     -         1091   10    0 
STA       950655295  5  1 Bf  -     -     -         1081    5    0 
STA       950655331  6  6 f   -     -     -         1076    0    0 
STA       950655386  8  7 f   -     -     -         1076    0    0 
STA       950655422  8  6 c   c     c     c         1076   60    0 As 3c
STA       950655467  8  5 r   b     -     -         1016   30   75 
STA       950655490  8  3 cc  kf    -     -         1061   20    0 
STA       950655537  9  2 Bk  k     kf    -         1041   10    0 
STA       950655589  9  1 Bf  -     -     -         1031    5    0 
STA       950655641 10 10 f   -     -     -         1026    0    0 
STA       950655679 10  9 c   r     c     b         1026   70  290 3h 4s
STA       950655764 10  8 cc  kc    kf    -         1246   30    0 
STA       950655837 10  7 cc  k     k     k         1216   20    0 8d 9h
STA       950655891 10  6 c   f     -     -         1196   10    0 
STA       950655952 10  5 c   b     k     k         1186   20   70 Js Th
STA       950655998 10  4 f   -     -     -         1236    0    0 
STA       950656045 10  3 f   -     -     -         1236    0    0 
STA       950656096 10  2 Bc  kf    -     -         1236   20    0 
STA       950656152 10  1 Bf  -     -     -         1216    5    0 
STA       950656203 10 10 f   -     -     -         1211    0    0 
STA       950656278 10  9 f   -     -     -         1211    0    0 
STA       950656377 10  8 c   r     c     k         1211   50  145 As Th
STA       950656428 10  7 f   -     -     -         1306    0    0 
STA       950656468  9  5 cc  kf    -     -         1306   20    0 
STA       950656516  9  4 cc  cc    f     -         1286   40    0 
STA       950656585  8  3 f   -     -     -         1246    0    0 
STA       950656637  9  2 Bf  -     -     -         1246   10    0 
STA       950656733 10  1 Br  b     kc    k         1236   60    0 Ad Jd
STA       950656801 10 10 f   -     -     -         1176    0    0 
STA       950656897 10  9 c   f     -     -         1176   10    0 
STA       950656937  9  7 f   -     -     -         1166    0    0 
STA       950656983 10  7 c   kc    f     -         1166   20    0 
STA       950657048 10  6 f   -     -     -         1146    0    0 
STA       950657091 10  5 c   bc    kc    k         1146   50    0 Tc Ks
STA       950657181  9  4 rc  c     c     c         1096   80    0 Th Jh
STA       950657267  9  3 cc  bc    kc    cc        1016  100    0 5d 6d
STA       950657328 10  2 Bk  kf    -     -          916   10    0 
STA       950657385 10  1 Br  b     bc    k          906   70    0 Ah Qd
STA       950657493  9  9 r   c     c     f          836   50    0 
STA       950657572 10  9 f   -     -     -          786    0    0 
STA       950657611 10  8 r   rc    k     k          786   70  335 Th Js
STA       950657659 10  7 f   -     -     -         1051    0    0 
STA       950657708 10  6 cc  kf    -     -         1051   20    0 
STA       950657732 10  5 c   c     k     c         1031   40  125 8d Ts
STA       950657778 10  4 cc  kf    -     -         1116   20    0 
STA       950657859 10  3 r   cf    -     -         1096   30    0 
STA       950657922 10  2 Bk  k     kf    -         1066   10    0 
STA       950657987 10  1 Bf  -     -     -         1056    5    0 
STA       950658062 10 10 c   k     f     -         1051   10    0 
STA       950658125 10  9 c   r     c     c         1041   70  215 As 2c
STA       950658216 10  8 c   kc    k     kf        1186   20    0 
STA       950658308 10  8 rc  k     k     b         1166   60  180 
STA       950658419  9  6 c   b     b     k         1286   40   90 As 2d
STA       950658476 10  5 c   b     kc    kc        1336   60    0 6c 8d
STA       950658525 10  4 cc  f     -     -         1276   20    0 
STA       950658594 10  3 f   -     -     -         1256    0    0 
STA       950658668 10  2 Bk  kf    -     -         1256   10    0 
STA       950658696 10  1 Bc  kf    -     -         1246   10    0 
STA       950658801 10 10 f   -     -     -         1236    0    0 
STA       950658863 10  9 f   -     -     -         1236    0    0 
STA       950658890 10  8 f   -     -     -         1236    0    0 
STA       950659007 10  7 f   -     -     -         1236    0    0 
STA       950659046 10  6 c   kc    k     kf        1236   20    0 
STA       950659121  9  4 f   -     -     -         1216    0    0 
STA       950659176  8  2 Bf  -     -     -         1216   10    0 
STA       950659226  7  1 Bc  b     k     k         1206   20   50 Qd 7s
STA       950659262  9  9 rc  b     -     -         1236   40   95 
STA       950659323  8  7 c   k     f     -         1291   10    0 
STA       950659378  8  6 c   k     kf    -         1281   10    0 
STA       950659430  8  5 f   -     -     -         1271    0    0 
STA       950659454  8  4 f   -     -     -         1271    0    0 
STA       950659502  8  3 f   -     -     -         1271    0    0 
STA       950659526  8  2 Bc  kc    kf    -         1271   30    0 
STA       950659563  8  1 Br  bc    k     b         1241   60  180 Th Ts
STA       950659638  9  8 f   -     -     -         1361    0    0 
STA       950659660  9  8 f   -     -     -         1361    0    0 
STA       950659742  9  7 cc  rc    c     c         1361  110    0 Ts Ks
STA       950659789  9  6 c   c     k     k         1251   20    0 8h 7h
STA       950659847 10  5 f   -     -     -         1231    0    0 
STA       950659878 10  4 c   kc    k     kf        1231   20    0 
STA       950659946 10  3 f   -     -     -         1211    0    0 
STA       950660008 10  2 Bc  kf    -     -         1211   20    0 
STA       950660056  9  1 Bc  b     b     b         1191   70  130 
STA       950660088  9  9 f   -     -     -         1251    0    0 
STA       950660103  9  8 f   -     -     -         1251    0    0 
STA       950660142  9  7 f   -     -     -         1251    0    0 
STA       950660188  9  6 c   c     c     f         1251   40    0 
STA       950660284  8  4 rc  c     c     c         1211   80    0 Th Ts
STA       950660315  8  4 c   kf    -     -         1131   10    0 
STA       950660400 10  3 f   -     -     -         1121    0    0 
STA       950660492  9  2 Bk  k     k     f         1121   10    0 
STA       950660661  8  1 Bc  k     kf    -         1111   10    0 
STA       950660728  8  8 f   -     -     -         1101    0    0 
STA       950660761  9  8 f   -     -     -         1101    0    0 
STA       950660819  9  6 f   -     -     -         1101    0    0 
STA       950660905  9  5 r   k     k     k         1101   30    0 Kh Th
STA       950660935  8  4 r   kc    kf    -         1071   30    0 
STA       950660967  9  3 c   kc    kc    k         1041   40    0 Td 7d
STA       950661015  8  2 Bk  k     f     -         1001   10    0 
STA       950661057  8  1 Bc  k     k     k          991   10   30 Qs 6c
STA       950661131  6  6 c   b     k     f         1011   20    0 
STA       950661164  6  5 cc  kf    -     -          991   20    0 
STA       950661222  7  5 fQ  -     -     -          971    0    0 
STA       950830670  9  8 f   -     -     -          871    0    0 
STA       950830717  9  6 f   -     -     -          871    0    0 
STA       950830814 10  5 f   -     -     -          871    0    0 
STA       950830917  9  4 f   -     -     -          871    0    0 
STA       950830966  7  2 Bf  -     -     -          871   10    0 
STA       950831017  9  1 Bf  -     -     -          861    5    0 
STA       950831042  9  9 cc  bc    c     c          856  100  410 Ah Jd
STA       950831156  9  8 c   c     c     f         1166   50    0 
STA       950831188  8  6 c   k     c     f         1116   30    0 
STA       950831241  8  6 f   -     -     -         1086    0    0 
STA       950831269  8  5 c   k     k     b         1086   30    0 9c 8d
STA       950831337  8  4 f   -     -     -         1056    0    0 
STA       950831373  8  3 c   b     b     -         1056   40   75 
STA       950831413  8  2 Bk  k     b     -         1091   30   60 
STA       950831442  6  1 Bc  kf    -     -         1121   10    0 
STA       950831478  5  5 f   -     -     -         1111    0    0 
STA       950831504  5  4 c   b     k     b         1111   40   75 
STA       950831536  5  3 cc  kf    -     -         1146   30    0 
STA       950831577  5  2 Bk  kc    k     kc        1116   40   85 Qc 4s
STA       950831607  4  1 Bc  kf    -     -         1161   10    0 
STA       950831638  4  4 f   -     -     -         1151    0    0 
STA       950831672  4  3 cc  kc    kf    -         1151   30    0 
STA       950831701  4  2 Bf  -     -     -         1121   10    0 
STA       950831717  4  1 Bc  bc    k     kc        1111   50   50 6h Qh
STA       950831747  4  4 c   b     k     b         1111   40    0 5d Kd
STA       950831773  4  3 c   c     k     c         1071   40    0 Kh 6d
STA       950831826  5  2 Bc  kc    kc    k         1031   50    0 Td 5h
STA       950831854  4  1 Bc  kc    kf    -          981   20    0 
STA       950831884  4  4 f   -     -     -          961    0    0 
STA       950831891  4  3 cf  -     -     -          961   10    0 
STA       950831908  4  2 Bc  kf    -     -          951   20    0 
STA       950831939  4  1 Bc  kf    -     -          931   10    0 
STA       950831955  5  5 f   -     -     -          921    0    0 
STA       950831986  6  5 rc  c     f     -          921   40    0 
STA       950832029  6  4 c   k     b     k          881   30    0 Js 7c
STA       950832070  8  5 c   f     -     -          851   10    0 
STA       950832138  7  4 f   -     -     -          841    0    0 
STA       950832185  7  3 cc  cr    bc    kc         841  130  240 Td Jc
STA       950832255  7  2 Br  bc    k     b          951   60  200 
STA       950832320  6  1 Bc  k     kc    k         1091   40    0 6d 4d
STA       950832352  7  6 r   c     c     f         1051   50    0 
STA       950832382  7  5 f   -     -     -         1001    0    0 
STA       950832421  8  4 c   bc    krc   brc       1001  170  370 Ad 2d
STA       950832479  9  3 c   bc    kc    kc        1201   70    0 Js 4s
STA       950832515 10  2 Bk  kf    -     -         1131   10    0 
STA       950832614 10  1 Bc  bc    k     k         1121   30  150 Kh Ad
STA       950832694 10 10 r   b     k     k         1241   40    0 Ks Jh
STA       950832765 10  9 c   k     k     f         1201   20    0 
STA       950832837 10  8 c   kf    -     -         1181   10    0 
STA       950832904 10  7 f   -     -     -         1171    0    0 
STA       950832957 10  6 f   -     -     -         1171    0    0 
STA       950833036 10  5 c   c     kc    kc        1171   60  110 As 8s
STA       950833130  9  3 cc  k     k     b         1221   40  160 4s 5s
STA       950833232 10  3 cc  kc    kc    b         1341   80  360 7d 9s
STA       950833359 10  2 Bf  -     -     -         1621   10    0 
STA       950833417 10  1 Bc  kc    b     k         1611   70  310 7c Kh
STA       950833497  9  9 f   -     -     -         1851    0    0 
STA       950833559 10  9 c   cf    -     -         1851   40    0 
STA       950833628 10  8 c   c     c     f         1811   50    0 
STA       950833700 10  7 f   -     -     -         1761    0    0 
STA       950833760 10  6 f   -     -     -         1761    0    0 
STA       950833823 10  5 f   Q     -     -         1761    0    0 
STA       951865108 10  4 fQ  -     -     -         2034    0    0 
