STA       951958655 10 10 f   -     -     -         2274    0    0 
STA       951958718  9  8 c   k     k     k         2274   10   70 7c 7s
STA       951958777  9  7 f   -     -     -         2334    0    0 
STA       951958841  9  6 f   -     -     -         2334    0    0 
STA       951958890  9  5 f   -     -     -         2334    0    0 
STA       951958934  9  4 f   -     -     -         2334    0    0 
STA       951958978 10  3 f   -     -     -         2334    0    0 
STA       951959047  8  2 Bk  kf    -     -         2334   10    0 
STA       951959113  8  1 Bc  kc    kf    -         2324   20    0 
STA       951959224  7  7 c   k     k     f         2304   20    0 
STA       951959266  7  6 r   f     -     -         2284   20    0 
STA       951959321  6  5 c   k     f     -         2264   10    0 
STA       951959368  6  4 f   -     -     -         2254    0    0 
STA       951959391  6  3 c   f     -     -         2254   10    0 
STA       951959450  6  2 Bk  kf    -     -         2244   10    0 
STA       951959478  6  1 Bc  b     k     b         2234   40   90 
STA       951959559  5  5 c   b     k     f         2284   20    0 
STA       951959597  6  5 c   f     -     -         2264   20    0 
STA       951959642  7  6 fQ  -     -     -         2244    0    0 
STA       952035676 10  8 f   -     -     -         2184    0    0 
STA       952035753 10  7 c   c     k     f         2184   30    0 
STA       952035845  9  6 c   k     f     -         2154   10    0 
STA       952035899  9  5 f   -     -     -         2144    0    0 
STA       952035955  9  4 f   -     -     -         2144    0    0 
STA       952036052 10  3 cc  kf    -     -         2144   20    0 
STA       952036107 10  2 Bc  k     kf    -         2124   20    0 
STA       952036204 10  1 Bc  kf    -     -         2104   10    0 
STA       952036262 10 10 c   k     b     k         2094   30  110 5c 3d
STA       952036317 10  9 f   -     -     -         2174    0    0 
STA       952036373 10  8 f   -     -     -         2174    0    0 
STA       952036451 10  7 f   -     -     -         2174    0    0 
STA       952036492 10  6 c   f     -     -         2174   20    0 
STA       952036574 10  5 c   c     c     r         2154   90  270 5h 5c
STA       952036631 10  4 c   c     f     -         2334   20    0 
STA       952036710  9  3 f   -     -     -         2314    0    0 
STA       952036770 10  2 Bcc kcc   bc    k         2314  110  440 2s 5s
STA       952036868 10  1 Bc  kf    -     -         2644   20    0 
STA       952036958 10 10 KQ  -     -     -         2624    0    0 
STA       952124568 10  1 Bc  kc    kf    -         3171   20    0 
STA       952124614 10 10 f   -     -     -         3151    0    0 
STA       952124670 10  9 f   -     -     -         3151    0    0 
STA       952124728 10  8 f   -     -     -         3151    0    0 
STA       952124772 10  7 c   kc    kf    -         3151   20    0 
STA       952124833 10  6 c   kf    -     -         3131   10    0 
STA       952124976 10  5 f   -     -     -         3121    0    0 
STA       952125064 10  4 f   -     -     -         3121    0    0 
STA       952125113 10  3 f   -     -     -         3121    0    0 
STA       952125211 10  2 Bf  -     -     -         3121   10    0 
STA       952125248 10  1 Bf  -     -     -         3111    5    0 
STA       952125333 10 10 f   -     -     -         3106    0    0 
STA       952125413  9  8 f   -     -     -         3106    0    0 
STA       952125494 10  8 c   bc    kc    k         3106   50    0 Qs 7d
STA       952125593 10  7 c   c     f     -         3056   20    0 
STA       952125641 10  6 f   -     -     -         3036    0    0 
STA       952125699 10  5 c   k     b     -         3036   30   75 
STA       952125735 10  4 c   kc    k     f         3081   20    0 
STA       952125825 10  3 c   kc    kf    -         3061   20    0 
STA       952125894 10  2 Bk  kf    -     -         3041   10    0 
STA       952125944 10  1 Bc  kf    -     -         3031   10    0 
STA       952126040 10 10 f   -     -     -         3021    0    0 
STA       952126087 10  9 f   -     -     -         3021    0    0 
STA       952126198  8  6 f   -     -     -         3021    0    0 
STA       952126281 10  7 Q   -     -     -         3021    0    0 
STA       953835736  8  7 cc  r     b     k         5253   80  280 Ah Tc
STA       953835777  8  6 c   kf    -     -         5453   20    0 
STA       953835821  8  5 f   -     -     -         5433    0    0 
STA       953835920  7  3 f   -     -     -         5433    0    0 
STA       953835941  7  2 Bf  -     -     -         5433   10    0 
STA       953835966  8  1 Bc  kf    -     -         5423   10    0 
STA       953836020  8  8 cc  f     -     -         5413   20    0 
STA       953836064  8  7 f   -     -     -         5393    0    0 
STA       953836105  8  6 f   -     -     -         5393    0    0 
STA       953836136  8  5 f   -     -     -         5393    0    0 
STA       953836162  8  4 cc  kc    kf    -         5393   30    0 
STA       953836215  9  4 c   k     kf    -         5363   10    0 
STA       953836274  9  3 c   kc    k     k         5353   20   45 Ah 3h
STA       953836307  9  2 Bk  kc    brc   kc        5378  130  310 5s 8s
STA       953836358  9  1 Bc  kf    -     -         5558   20    0 
STA       953836422  9  9 c   f     -     -         5538   20    0 
STA       953836513 10  9 f   -     -     -         5518    0    0 
STA       953836571 10  8 cc  kc    kf    -         5518   30    0 
STA       953836620 10  7 f   -     -     -         5488    0    0 
STA       953836682 10  6 f   -     -     -         5488    0    0 
STA       953836734 10  5 c   c     c     rc        5488  120  360 3d Kd
STA       953836778 10  4 f   -     -     -         5728    0    0 
STA       953836815 10  3 f   -     -     -         5728    0    0 
STA       953836838 10  2 Bf  -     -     -         5728   10    0 
STA       953836848 10  1 Bc  kf    -     -         5718   20    0 
STA       953836917 10 10 c   k     f     -         5698   10    0 
STA       953836983 10  9 c   f     -     -         5688   10    0 
STA       953837025  9  7 c   f     -     -         5678   10    0 
STA       953837051  9  6 f   -     -     -         5668    0    0 
STA       953837077  9  5 f   -     -     -         5668    0    0 
STA       953837150  9  4 c   b     -     -         5668   20   45 
STA       953837183  9  3 f   -     -     -         5693    0    0 
STA       953837237  9  2 Bf  -     -     -         5693   10    0 
STA       953837285  9  1 Bcc kf    -     -         5683   20    0 
STA       953837354  8  6 Q   -     -     -         5663    0    0 
STA       953929838  5  4 f   -     -     -         5803    0    0 
STA       953929908  7  3 c   bf    Q     -         5803   20    0 
STA       954272158  7  5 c   b     k     k         4773   20   85 As 4d
STA       954272206  5  3 c   b     b     k         4838   40    0 5d 5c
STA       954272245  5  2 Bf  -     -     -         4798   10    0 
STA       954272272  5  1 Bc  kf    -     -         4788   10    0 
STA       954272305  5  5 c   c     b     -         4778   40   90 
STA       954272338  4  3 c   k     b     b         4828   50   90 
STA       954272368  4  3 r   b     k     k         4868   30   80 Ad Qc
STA       954272393  4  2 Bk  k     k     k         4918   10   30 4s Jd
STA       954272419  4  1 Br  bf    -     -         4938   30    0 
STA       954272445  4  4 r   f     -     -         4908   20    0 
STA       954272475  4  3 f   -     -     -         4888    0    0 
STA       954272482  4  2 Br  b     b     -         4888   50  120 
STA       954272511  4  1 Br  b     kc    kf        4958   50    0 
STA       954272545  5  5 f   -     -     -         4908    0    0 
STA       954272576  5  4 c   k     k     f         4908   10    0 
STA       954272616  5  3 c   kf    -     -         4898   10    0 
STA       954272651  5  2 Bk  kc    kf    -         4888   20    0 
STA       954272690  5  1 Bf  -     -     -         4868    5    0 
STA       954272733  5  5 f   -     -     -         4863    0    0 
STA       954272768  5  4 c   kf    -     -         4863   10    0 
STA       954272802  6  3 f   -     -     -         4853    0    0 
STA       954272824  7  3 f   -     -     -         4853    0    0 
STA       954272851  7  2 Bk  k     k     k         4853   10    0 2c 7c
STA       954272879  8  1 Bc  bc    kc    k         4843   50    0 Js 9h
STA       954272937  9  9 c   c     f     -         4793   30    0 
STA       954273003  9  8 f   -     -     -         4763    0    0 
STA       954273066  7  6 f   -     -     -         4763    0    0 
STA       954273120  7  5 f   -     -     -         4763    0    0 
STA       954273169  7  4 r   -     -     -         4763   20   35 
STA       954273185  8  4 f   -     -     -         4778    0    0 
STA       954273236  9  3 c   fQ    -     -         4778   10    0 
STA       954538988  7  7 c   f     -     -         4604   20    0 
STA       954539046  7  6 f   -     -     -         4584    0    0 
STA       954539094  7  4 f   -     -     -         4584    0    0 
STA       954539178  8  4 f   -     -     -         4584    0    0 
STA       954539213  6  2 Bk  k     f     -         4584   10    0 
STA       954539231  6  1 Bc  kf    -     -         4574   10    0 
STA       954539251  6  6 f   -     -     -         4564    0    0 
STA       954539289  6  5 cc  kc    k     k         4564   30    0 4h 2h
STA       954539335  6  4 f   -     -     -         4534    0    0 
STA       954539409  7  4 f   -     -     -         4534    0    0 
STA       954539446  7  3 f   -     -     -         4534    0    0 
STA       954539487  8  2 Bk  k     kf    -         4534   10    0 
STA       954539520  8  1 Bf  -     -     -         4524    5    0 
STA       954539544  8  8 cc  f     -     -         4519   20    0 
STA       954539565  8  3 Q   -     -     -         4499    0    0 
