STA       926377482 10  7 cc  kf    -     -          247   20    0 
STA       926377555 10  6 c   k     k     f          227   10    0 
STA       926377621 10  5 f   -     -     -          217    0    0 
STA       926377639 10  4 cc  kc    kf    -          217   30    0 
STA       926377691 10  3 c   b     b     -          187   40   90 
STA       926377723  9  2 Bk  k     k     k          237   10    0 Ad 2h
STA       926377758  8  1 Bc  k     kc    kf         227   30    0 
STA       926377823  8  8 c   c     f     -          197   20    0 
STA       926377892  9  7 cc  kc    kf    -          177   30    0 
STA       926377954  9  6 f   -     -     Q          147    0    0 
STA       926915664  8  3 cc  kc    k     c          147   70    0 Jc Jd
STA       926915724 10  2 Bc  kcc   cA    -           77   77    0 Kh 2d
STA       927757519  8  2 Bf  -     -     -          943   10    0 
STA       927757592  8  1 Bc  kf    -     -          933   10    0 
STA       927757655 10  8 f   -     -     -          923    0    0 
STA       927757759 10  7 f   -     -     -          923    0    0 
STA       927757796  9  5 f   -     -     -          923    0    0 
STA       927757848 10  4 c   k     kf    -          923   10    0 
STA       927757900 10  3 f   -     -     -          913    0    0 
STA       927757967  8  2 Bf  -     -     -          913   10    0 
STA       927758024  8  1 Bf  -     -     -          903    5    0 
STA       927758095  7  7 c   b     b     b          898   60  125 Qs Ah
STA       927758130  7  6 f   -     -     -          963    0    0 
STA       927758188  8  5 c   k     f     -          963   20    0 
STA       927758260  8  4 f   -     -     -          943    0    0 
STA       927758319  8  3 f   -     -     -          943    0    0 
STA       927758368  8  2 Bf  -     -     -          943   10    0 
STA       927758446  8  1 Bc  k     kf    -          933   10    0 
STA       927758488  8  8 c   f     -     -          923   10    0 
STA       927758559  8  7 f   -     -     -          913    0    0 
STA       927758585  8  6 c   f     -     -          913   20    0 
STA       927758643  8  5 f   -     -     -          893    0    0 
STA       927758688  9  4 c   f     -     -          893   10    0 
STA       927758732  9  3 f   -     -     -          883    0    0 
STA       927758807  8  2 Bf  -     -     -          883   10    0 
STA       927758881  8  1 Bc  kf    -     -          873   20    0 
STA       927758904  7  7 cc  k     c     f          853   40    0 
STA       927758935  6  6 c   f     -     -          813   10    0 
STA       927758966  6  5 cc  c     cc    c          803  130    0 Ah 8c
STA       927759024  7  4 f   -     -     -          673    0    0 
STA       927759071  8  4 f   -     -     -          673    0    0 
STA       927759131  8  3 c   kf    -     -          673   10    0 
STA       927759169  8  2 Bf  -     -     -          663   10    0 
STA       927759217  8  1 Bcc kf    -     -          653   20    0 
STA       927759265  8  8 cc  c     k     f          633   30    0 
STA       927759328  8  7 c   k     c     f          603   30    0 
STA       927759371  8  6 f   -     -     -          573    0    0 
STA       927759400  8  5 cc  Q     -     -          573   20    0 
STA       927840584 10  6 cc  kc    k     b          553   60    0 Qh 9c
STA       927840644 10  5 f   -     -     -          493    0    0 
STA       927840685 10  4 cc  cc    kf    -          493   50    0 
STA       927840767 10  3 rc  b     b     b          443   80  265 Qd Qs
STA       927840836 10  2 Bc  cc    c     c          628  100    0 Ad Js
STA       927840901 10  1 Bf  -     -     -          528    5    0 
STA       927840954 10 10 cc  cc    c     c          523  120  610 Jc Ah
STA       927841061 10  9 f   -     -     -         1013    0    0 
STA       927841151 10  8 f   -     -     -         1013    0    0 
STA       927841222 10  3 Q   -     -     -         1013    0    0 
