STA       936736521  9  6 cc  kf    -     -         1733   20    0 
STA       936736561  9  5 cc  r     b     bc        1713  110    0 Qs Ah
STA       936736646  8  4 cc  kc    kc    k         1603   50    0 4c Ac
STA       936736716  8  3 f   -     -     -         1553    0    0 
STA       936736804 10  2 Bk  f     -     -         1553   10    0 
STA       936736853 10  1 Bcc kc    k     kc        1543   60  230 Th Ks
STA       936736929 10 10 cc  r     -     -         1713   40   90 
STA       936736967 10  9 f   -     -     -         1763    0    0 
STA       936737013 10  8 c   b     c     b         1763   60  145 Qd Tc
STA       936737094  8  6 c   k     f     -         1848   10    0 
STA       936737181  9  5 f   -     -     -         1838    0    0 
STA       936737256  8  4 cc  kf    -     -         1838   20    0 
STA       936737338  9  4 c   rc    c     f         1818   60    0 
STA       936737424  8  3 r   bc    c     cf        1758   80    0 
STA       936737526  9  2 Bf  -     -     -         1678   10    0 
STA       936737605  9  1 Bc  bc    k     b         1668   60  203 Kc 5c
STA       936737695  7  7 c   k     k     f         1811   20    0 
STA       936737768  7  4 Q   -     -     -         1791    0    0 
STA       937243751  8  7 f   -     -     -         1791    0    0 
STA       937243902  7  4 f   -     -     -         1791    0    0 
STA       937243982  7  3 c   k     k     k         1791   10   40 8s 8d
STA       937244056  7  2 Bk  kc    kf    -         1821   20    0 
STA       937244085  7  1 Bc  kf    -     -         1801   10    0 
STA       937244234  7  7 cc  f     -     -         1791   20    0 
STA       937244280  7  6 r   k     k     b         1771   40   95 Kc Kh
STA       937244307  7  5 c   c     c     c         1826   60  160 4c 7c
STA       937244360  7  4 cc  k     f     Q         1926   20    0 
