STA       921029160  8  2 Bf  -     -     -          767   10    0 
STA       921029238  6  1 Bf  -     -     -          757    5    0 
STA       921029264  7  7 f   -     -     -          752    0    0 
STA       921029293  6  5 f   -     -     -          752    0    0 
STA       921029319  6  4 f   -     -     -          752    0    0 
STA       921029346  6  3 f   -     -     -          752    0    0 
STA       921029366  6  2 Bk  b     b     k          752   40  100 9d 5s
STA       921029391  6  1 Bf  -     -     -          812    5    0 
STA       921029428  6  6 f   -     -     -          807    0    0 
STA       921029462  6  5 f   -     -     -          807    0    0 
STA       921029491  6  4 f   -     -     -          807    0    0 
STA       921029529  6  3 f   -     -     -          807    0    0 
STA       921029583  6  2 Bf  -     -     -          807   10    0 
STA       921029614  8  1 Bc  kf    -     -          797   20    0 
STA       921029640  9  9 f   -     -     -          777    0    0 
STA       921029697  8  7 f   -     -     -          777    0    0 
STA       921029751  9  7 f   -     -     -          777    0    0 
STA       921029832  8  5 Q   -     -     -          777    0    0 
STA       921114225 10  4 cc  bc    b     kc         712   90  365 Kc Jc
STA       921114288 10  3 f   -     -     -          987    0    0 
STA       921114349 10  2 Bf  -     -     -          987   10    0 
STA       921114445 10  1 Bcf -     -     -          977   10    0 
STA       921114532 10 10 f   -     -     -          967    0    0 
STA       921114609 10  9 cc  cc    kf    -          967   40    0 
STA       921114701 10  8 c   r     b     b          927   80  270 
STA       921114746 10  7 f   -     -     -         1117    0    0 
STA       921114837 10  6 f   -     -     -         1117    0    0 
STA       921114892 10  5 f   -     -     -         1117    0    0 
STA       921114931 10  4 c   k     f     -         1117   10    0 
STA       921115007 10  3 f   -     -     -         1107    0    0 
STA       921115064 10  2 Bc  kc    kf    -         1107   30    0 
STA       921115181 10  1 Bf  -     -     -         1077    5    0 
STA       921115233 10 10 f   -     -     -         1072    0    0 
STA       921115321 10  9 cc  f     -     -         1072   20    0 
STA       921115360  9  8 c   f     -     -         1052   10    0 
STA       921115414  9  7 f   -     -     -         1042    0    0 
STA       921115476  8  6 f   -     -     -         1042    0    0 
STA       921115554  8  5 c   k     c     c         1042   50    0 Qs Ac
STA       921115620  7  4 f   -     -     -          992    0    0 
STA       921115659  8  3 f   -     -     -          992    0    0 
STA       921115724  9  2 Bf  -     -     -          992   10    0 
STA       921115790  9  1 Bc  k     kf    -          982   10    0 
STA       921115916  8  3 Q   -     -     -          972    0    0 
STA       922150973  8  5 f   -     -     -          972    0    0 
STA       922151009  7  3 f   -     -     -          972    0    0 
STA       922151047  9  2 Bc  k     kc    k          972   40    0 Qc 3h
STA       922151104 10  1 Bcc kc    kc    kr         932   90  390 6c 4d
STA       922151187 10 10 f   -     -     -         1232    0    0 
STA       922151257 10  9 c   c     c     c         1232   90  305 Tc Th
STA       922151331 10  8 c   f     Q     -         1447   10    0 
