STA       919468464  9  8 f   -     -     -         1000    0    0 
STA       919468555  9  7 cc  c     c     f         1000   50    0 
STA       919468629  9  6 cc  cc    rc    kf         950  120    0 
STA       919468768  9  5 f   -     -     -          830    0    0 
STA       919468865  8  4 c   cc    c     c          830   80    0 8s 8c 4s 4c
STA       919468924  8  2 f   -     -     -          750    0    0 
STA       919468976  8  2 Bc  r     r     c          750  100    0 7s 5d Tc Qc
STA       919469022  9  1 Bc  kf    -     -          650   20    0 
STA       919469086  8  8 cc  k     cc    c          630  160    0 8d 9d 4d 8h
STA       919469172  8  4 Q   -     -     -          470    0    0 
STA       919813219  7  4 cc  kc    k     b          470   70  360 
STA       919813381  6  4 r   b     b     b          760   70  165 Qd 7h 7c Ad
STA       919813453  4  2 Bc  bc    k     kc         855   60    0 9s Js 2h 7h
STA       919813583  4  1 Bc  kc    kc    bc         795   80  160 2d 5s Ad 5d
STA       919813669  3  3 cc  c     c     f          875   50    0 
STA       919813706  3  2 BQ  -     -     -          825   10    0 
STA       919817817  8  7 cc  kf    -     -          815   20    0 
STA       919817936  9  6 c   k     f     -          795   10    0 
STA       919818065 10  5 cc  c     rc    k          785  100    0 6d 9c Ac Tc
STA       919818210 10  4 rc  b     cc    kc         685  110  310 6s Qs Qd 8d
STA       919818335  9  2 Bc  b     b     b          885   70  220 
STA       919818410  9  1 Bc  kc    kf    Q         1035   20    0 
STA       919818933  9  4 cc  b     bc    cf        1015   90    0 
STA       919819040  9  3 f   -     -     -          925    0    0 
STA       919819088  9  2 Bc  b     bc    bc         925  120    0 5d 8c 7s 7h
STA       919819173  9  1 Bc  b     b     b          805   60    0 Jh Ks Ac 5c
STA       919819221 10 10 c   f     -     -          745   10    0 
STA       919819271 10  9 f   -     -     -          735    0    0 
STA       919819321 10  8 f   -     -     -          735    0    0 
STA       919819400 10  7 r   b     b     b          735   70  235 
STA       919819503 10  6 c   f     -     -          900   10    0 
STA       919819581 10  5 r   bc    b     b          890   80  365 As 7s 8d Ad
STA       919819681  9  4 f   -     -     -         1175    0    0 
STA       919819763  9  3 rc  c     c     r         1175  100  170 Kh Th 6c Ac
STA       919819823  9  2 Bk  kc    kf    -         1245   20    0 
STA       919819890  9  1 Bc  b     bcc   bc        1225  120  285 4h 5s Jh 2s
STA       919820007  9  9 c   c     c     c         1390   60    0 2s 9h Kd 3d
STA       919820062 10  9 c   rc    c     r         1330  100  390 
STA       919820153 10  8 c   b     bc    kc        1620   80    0 8h 9c 7s Ts
STA       919820257 10  7 r   r     b     b         1540   80  208 Ah 6h 8c Ks
STA       919820358 10  6 f   -     -     -         1668    0    0 
STA       919820502 10  5 c   rc    bc    c         1668  100    0 8c Ah Ad Ac
STA       919820603 10  4 cc  f     -     -         1568   20    0 
STA       919820707 10  3 cc  f     -     -         1548   20    0 
STA       919820789 10  2 Bk  k     b     bc        1528   70  137 As 4c 3h 6c
STA       919820886  8  1 Bccc br    brc   brc       1595  240    0 Qh Qd 5s 6h
STA       919821030  8  8 c   f     -     -         1355   10    0 
STA       919821106  8  7 r   b     b     kc        1345   70   66 3d Kd Kh Ad
STA       919821206  8  6 c   rc    c     c         1341   80    0 7h Tc Qd Ah
STA       919821267  8  5 cc  kc    kc    krc       1261  110    0 5c Jh Kc 6h
STA       919821376  8  4 c   bc    bc    kcf       1151  110    0 
STA       919821553  8  4 ccf -     -     -         1041   20    0 
STA       919821651  7  2 Bk  b     kc    kc        1021   60    0 Jh 8c Js 9d
STA       919821754 10  1 Bf  Q     -     -          961    5    0 
STA       920050411 10  6 ccc kf    -     -          956   40    0 
STA       920050565  9  5 f   -     -     -          916    0    0 
STA       920050654  9  3 fQ  -     -     -          916    0    0 
STA       920065732 10  4 f   -     -     -          916    0    0 
STA       920065831 10  3 f   -     -     -          916    0    0 
STA       920065906 10  2 Bk  k     k     kf         916   10    0 
STA       920066112  9  1 Br  bc    brc   bcc        906  210  560 8s Ah 4c Ac
STA       920066276  8  8 c   k     k     r         1256   50   43 8d 6c 5s Ts
STA       920066375  8  8 c   k     f     -         1249   10    0 
STA       920066479  7  6 r   bc    c     k         1239   60    0 3c 4h Ah Ac
STA       920066588  6  5 c   k     c     kc        1179   50    0 Qd 7c 7d Ac
STA       920066693  7  4 cc  k     k     cf        1129   40    0 
STA       920066847  8  3 rc  bc    kc    kf        1089   70    0 
STA       920066943  8  2 Bc  bc    k     k         1019   40    0 4s 3s 5h Ts
STA       920067016  7  1 BQ  -     -     -          979    5    0 
STA       920071367  8  2 Bc  f     -     -          974   20    0 
STA       920071480  7  1 Bc  kf    -     -          954   10    0 
STA       920071523  7  7 f   -     -     -          944    0    0 
STA       920071588  7  6 f   -     -     -          944    0    0 
STA       920071629  8  6 c   b     b     -          944   40   85 
STA       920071687  9  5 f   -     -     -          989    0    0 
STA       920071764  9  3 c   bc    cc    kc         989   90    0 8c 8d 6c 7d
STA       920071875  9  2 Bk  b     b     b          899   60    0 5s Ad Js 3h
STA       920071978 10  1 Bc  kf    -     -          839   10    0 
STA       920072077 10 10 f   -     -     -          829    0    0 
STA       920072192 10  9 f   -     -     -          829    0    0 
STA       920072252 10  8 f   -     -     -          829    0    0 
STA       920072302 10  7 f   -     -     -          829    0    0 
STA       920072373 10  6 c   k     k     k          829   10    0 6d 6c Qh Ah
STA       920072434 10  5 f   -     -     -          819    0    0 
STA       920072556 10  4 f   -     -     -          819    0    0 
STA       920072634 10  3 f   -     -     -          819    0    0 
STA       920072707 10  2 Bk  c     kf    -          819   20    0 
STA       920072826 10  1 Bf  -     -     -          799    5    0 
STA       920072966 10 10 c   k     f     -          794   10    0 
STA       920073060  9  7 Q   -     -     -          784    0    0 
