STA       961526435  4  4 cc  f     -     -         2534   60    0 
STA       961526456  4  3 c   k     b     b         2474  100  240 
STA       961526481  4  2 Bc  kf    -     -         2614   40    0 
STA       961526500  4  1 Br  b     k     k         2574   60  120 Jc Qd
STA       961526511  4  4 f   -     -     -         2634    0    0 
STA       961526526  4  3 c   b     k     bc        2634  120  270 4c 5c
STA       961526550  4  2 Bc  kf    -     -         2784   40    0 
STA       961526562  4  1 Bc  bc    kc    kc        2744  160    0 Qd Jd
STA       961526592  4  4 r   c     f     -         2584   60    0 
STA       961526608  4  3 cc  kf    -     -         2524   40    0 
STA       961526619  4  2 Bf  -     -     -         2484   20    0 
STA       961526630  4  1 Bf  -     -     -         2464   10    0 
STA       961526649  5  5 f   -     -     -         2454    0    0 
STA       961526664  5  4 c   c     c     r         2454  180  390 Qh Jd
STA       961526684  5  3 r   bc    kc    k         2664  120  270 Kd Kh
STA       961526701  5  2 Bf  -     -     -         2814   20    0 
STA       961526711  5  1 Br  b     k     kf        2794   60    0 
STA       961526725  5  5 f   -     -     -         2734    0    0 
STA       961526736  5  4 f   -     -     -         2734    0    0 
STA       961526748  6  3 f   -     -     -         2734    0    0 
STA       961526764  6  2 Bk  c     c     f         2734   80    0 
STA       961526824  8  1 Bcc kc    kf    -         2654   60    0 
STA       961526856  9  9 f   -     -     -         2594    0    0 
STA       961526906  8  7 f   -     -     -         2594    0    0 
STA       961526941  9  7 f   -     -     -         2594    0    0 
STA       961526966  9  6 c   c     f     -         2594   40    0 
STA       961527025  8  4 c   cc    c     k         2554  140    0 Tc Jh
STA       961527099  8  2 Bk  kf    -     -         2414   20    0 
STA       961527126  8  1 Bcc kf    -     -         2394   40    0 
STA       961527151  8  8 c   k     k     f         2354   40    0 
STA       961527201  9  8 cc  f     -     -         2314   60    0 
STA       961527263  9  7 cc  kf    -     -         2254   40    0 
STA       961527329 10  7 cc  k     k     c         2214   80  230 9s 7s
STA       961527401  9  5 f   -     -     -         2364    0    0 
STA       961527440  9  5 r   b     -     -         2364   60  170 
STA       961527462  9  4 c   bc    bc    kc        2474  220    0 2h Ah
STA       961527505  9  3 c   k     f     -         2254   20    0 
STA       961527556  9  2 Bf  -     -     -         2234   20    0 
STA       961527650  9  1 Bf  -     -     -         2214   10    0 
STA       961527691 10 10 c   r     b     c         2204  140  380 Td Ts
STA       961527736 10  9 c   c     f     -         2444   60    0 
STA       961527798 10  8 f   -     -     -         2384    0    0 
STA       961527855 10  7 c   b     -     -         2384   40  120 
STA       961527914 10  6 f   -     -     -         2464    0    0 
STA       961527949 10  5 f   -     -     -         2464    0    0 
STA       961527982 10  4 f   -     -     -         2464    0    0 
STA       961528066 10  3 f   -     -     -         2464    0    0 
STA       961528112 10  2 Bk  kf    -     -         2464   20    0 
STA       961528161 10  1 Bf  -     -     -         2444   10    0 
STA       961528190 10 10 f   -     -     -         2434    0    0 
STA       961528228 10  9 cc  cc    r     -         2434  180  460 
STA       961528271 10  3 Q   -     -     -         2714    0    0 
STA       961621186  6  3 c   r     b     c         2714  140  230 5h 7h
STA       961621236  6  2 Bk  k     kf    -         2804   20    0 
STA       961621263  7  1 Bc  kc    k     kf        2784   40    0 
STA       961621329  7  7 c   b     b     k         2744   80  200 9h Kc
STA       961621361  7  6 f   -     -     -         2864    0    0 
STA       961621405  7  5 c   f     -     -         2864   40    0 
STA       961621428  7  4 f   -     -     -         2824    0    0 
STA       961621452  6  3 c   cc    kc    kf        2824  100    0 
STA       961621501  6  2 Bk  b     b     -         2724   80  120 
STA       961621530  5  1 Bf  -     -     -         2764   10    0 
STA       961621565  5  5 f   -     -     -         2754    0    0 
STA       961621579  5  4 f   -     -     -         2754    0    0 
STA       961621592  5  3 f   -     -     -         2754    0    0 
STA       961621616  5  2 Bk  b     bc    bc        2754  200    0 Tc 4c
STA       961621637  5  1 Bcc kf    -     -         2554   40    0 
STA       961621653  5  5 c   b     -     -         2514   40   70 
STA       961621662  5  4 r   b     kc    k         2544  100    0 Js 9s
STA       961621691  5  3 c   cc    cc    kc        2444  180    0 Jd Qh
STA       961621731  5  2 BQ  -     -     -         2264   20    0 
STA       961627156  5  3 f   -     -     -         2244    0    0 
STA       961627181  5  2 Bk  k     kf    -         2244   20    0 
STA       961627240  5  1 Bf  -     -     -         2224   10    0 
STA       961627280  5  5 f   -     -     -         2214    0    0 
STA       961627316  5  4 f   -     -     -         2214    0    0 
STA       961627330  5  3 f   -     -     -         2214    0    0 
STA       961627378  5  2 BQ  -     -     -         2214   20    0 
STA       961711854  5  4 f   -     -     -         2194    0    0 
STA       961711879  5  3 f   -     -     -         2194    0    0 
STA       961711903  6  4 f   -     -     -         2194    0    0 
STA       961711933  5  2 Bf  -     -     -         2194   20    0 
STA       961711940  5  1 Bf  -     -     -         2174   10    0 
STA       961711969  5  5 cc  c     f     -         2164   60    0 
STA       961711992  5  4 c   b     -     -         2104   40   90 
STA       961712015  6  3 f   -     -     -         2154    0    0 
STA       961712057  6  2 B   -     -     -         2154   20   30 
STA       961712070  6  1 Bf  -     -     -         2164   10    0 
STA       961712097  6  6 f   -     -     -         2154    0    0 
STA       961712132  6  5 f   -     -     -         2154    0    0 
STA       961712153  7  5 f   -     -     -         2154    0    0 
STA       961712166  6  3 f   -     -     -         2154    0    0 
STA       961712177  6  3 f   -     -     -         2154    0    0 
STA       961712208  6  2 Bc  kf    -     -         2154   40    0 
STA       961712227  6  1 Bcc k     k     kf        2114   40    0 
STA       961712253  5  5 c   f     -     -         2074   40    0 
STA       961712291  5  4 f   -     -     -         2034    0    0 
STA       961712338  5  3 c   k     c     r         2034  140  350 Tc 7c
STA       961712399  5  2 Bf  -     -     -         2244   20    0 
STA       961712415  5  1 Bf  -     -     -         2224   10    0 
STA       961712425  5  5 f   -     -     -         2214    0    0 
STA       961712483  7  6 c   f     -     -         2214   40    0 
STA       961712514  8  6 f   -     -     -         2174    0    0 
STA       961712570  7  4 c   k     kf    -         2174   20    0 
STA       961712611  8  3 f   -     -     -         2154    0    0 
STA       961712665  9  3 f   -     -     -         2154    0    0 
STA       961712715  9  2 Bf  -     -     -         2154   20    0 
STA       961712758  9  1 Bc  k     k     k         2134   20    0 3c 7c
STA       961712796  8  8 f   -     -     -         2114    0    0 
STA       961712859 10 10 c   f     -     -         2114   20    0 
STA       961712907  9  8 f   -     -     -         2094    0    0 
STA       961712956  8  6 c   c     c     f         2094   80    0 
STA       961712998  8  5 r   c     f     -         2014   60    0 
STA       961713019  8  4 f   -     -     -         1954    0    0 
STA       961713049  9  3 f   -     -     -         1954    0    0 
STA       961713102 10  2 Bc  kf    -     -         1954   40    0 
STA       961713151  9  1 Bc  b     kc    b         1914  120  220 
STA       961713186  9  9 c   f     -     -         2014   20    0 
STA       961713221  9  8 c   f     -     -         1994   20    0 
STA       961713268  9  7 f   -     -     -         1974    0    0 
STA       961713315  9  6 f   -     -     -         1974    0    0 
STA       961713359 10  5 r   k     f     -         1974   40    0 
STA       961713420 10  4 f   -     -     -         1934    0    0 
STA       961713447 10  3 f   -     -     -         1934    0    0 
STA       961713480  9  2 Bk  f     -     -         1934   20    0 
STA       961713500 10  1 Bf  -     -     -         1914   10    0 
STA       961713517 10 10 f   -     -     -         1904    0    0 
STA       961713545 10  9 f   -     -     -         1904    0    0 
STA       961713576 10  8 f   -     -     -         1904    0    0 
STA       961713622 10  7 f   -     -     -         1904    0    0 
STA       961713663  9  5 f   -     -     -         1904    0    0 
STA       961713694  9  4 f   -     -     -         1904    0    0 
STA       961713770 10  4 f   -     -     -         1904    0    0 
STA       961713824 10  3 cc  kf    -     -         1904   40    0 
STA       961713873 10  2 Bc  kc    kc    b         1864  140    0 9d Td
STA       961713929 10  1 Bc  b     kc    b         1724  120  200 
STA       961713970 10 10 rc  c     c     f         1804  140    0 
STA       961714031 10  9 f   -     -     -         1664    0    0 
STA       961714083 10  8 r   bc    r     k         1664  180  490 6h 6s
STA       961714138 10  7 f   -     -     -         1974    0    0 
STA       961714206 10  6 c   b     k     c         1974   80    0 9c Td
STA       961714311 10  5 c   b     b     b         1894  120  370 Tc Qd
STA       961714398 10  4 c   k     f     -         2144   20    0 
STA       961714444 10  3 f   -     -     -         2124    0    0 
STA       961714462 10  2 Bk  b     b     -         2124   80  200 
STA       961714512 10  1 Bf  -     -     -         2244   10    0 
STA       961714542 10 10 f   -     -     -         2234    0    0 
STA       961714582 10  9 c   f     -     -         2234   20    0 
STA       961714653 10  8 f   -     -     -         2214    0    0 
STA       961714703 10  7 f   -     -     -         2214    0    0 
STA       961714755 10  6 c   f     -     -         2214   20    0 
STA       961714816 10  5 c   kc    kc    k         2194   80  250 Td Qd
STA       961714896 10  3 Q   -     -     -         2364    0    0 
