STA       954451573  8  4 r   b     -     -         4768  110  150 
STA       954451599  8  3 c   kf    -     -         4808   10    0 
STA       954451650  8  2 Bk  k     kc    k         4798   45  105 Jc Td
STA       954451681  8  1 Bf  -     -     -         4858    5    0 
STA       954451703  8  8 f   -     -     -         4853    0    0 
STA       954451747  8  7 f   -     -     -         4853    0    0 
STA       954451759  8  6 f   -     -     -         4853    0    0 
STA       954451787  9  5 f   -     -     -         4853    0    0 
STA       954451820  9  4 f   -     -     -         4853    0    0 
STA       954451854  9  3 cc  k     k     k         4853  160  495 Ts As
STA       954451886  9  2 Bf  -     -     -         5188   10    0 
STA       954451960  9  1 Bf  -     -     -         5178    5    0 
STA       954452012 10 10 f   -     -     -         5173    0    0 
STA       954452045 10  9 f   -     -     -         5173    0    0 
STA       954452068 10  8 f   -     -     -         5173    0    0 
STA       954452094 10  7 f   -     -     -         5173    0    0 
STA       954452131 10  6 c   f     -     -         5173   10    0 
STA       954452167  9  5 f   -     -     -         5163    0    0 
STA       954452209 10  4 f   -     -     -         5163    0    0 
STA       954452243 10  3 f   -     -     -         5163    0    0 
STA       954452287 10  2 Bf  -     -     -         5163   10    0 
STA       954452317 10  1 Bc  kf    -     -         5153   10    0 
STA       954452373 10 10 c   k     k     k         5143   10    0 Qd Jh
STA       954452405 10  9 f   -     -     -         5133    0    0 
STA       954452491 10  8 f   -     -     -         5133    0    0 
STA       954452546 10  7 f   -     -     -         5133    0    0 
STA       954452599 10  6 f   -     -     -         5133    0    0 
STA       954452656  9  6 c   k     f     -         5133   10    0 
STA       954452695  9  4 c   f     -     -         5123   10    0 
STA       954452723  9  3 f   -     -     -         5113    0    0 
STA       954452808 10  2 Bk  k     k     k         5113   10    0 6d 8s
STA       954452851 10  1 Bc  k     b     -         5103   30   40 
STA       954452877 10 10 f   -     -     -         5113    0    0 
STA       954452900 10  9 c   k     k     k         5113   10   45 Th 8h
STA       954452927 10  8 f   -     -     -         5148    0    0 
STA       954452946 10  7 c   b     c     k         5148  150  480 Kc 9d
STA       954452996 10  6 f   -     -     -         5478    0    0 
STA       954453036  9  5 f   -     -     -         5478    0    0 
STA       954453070  9  4 cc  k     b     kc        5478 1048    0 Ac Ts
STA       954453126 10  3 f   -     -     -         4430    0    0 
STA       954453164 10  2 Bk  kc    k     k         4430   40    0 Kd 7s
STA       954453196 10  1 Bc  k     k     k         4390   10    0 2c Ks
STA       954453241 10 10 c   f     -     -         4380   10    0 
STA       954453280 10  9 f   -     -     -         4370    0    0 
STA       954453308 10  8 f   -     -     -         4370    0    0 
STA       954453378 10  7 f   -     -     -         4370    0    0 
STA       954453439 10  6 f   -     -     -         4370    0    0 
STA       954453488 10  5 f   -     -     -         4370    0    0 
STA       954453545 10  4 f   -     -     -         4370    0    0 
STA       954453572 10  3 c   b     b     k         4370   94  223 Qs Ah
STA       954453614  8  2 Bk  b     -     -         4499   30   40 
STA       954453632  8  1 Bf  -     -     -         4509    5    0 
STA       954453695  8  8 c   f     -     -         4504   45    0 
STA       954453722  8  7 f   -     -     -         4459    0    0 
STA       954453749  9  7 r   b     -     -         4459  195  420 
STA       954453782 10  6 r   -     -     -         4684   35   50 
STA       954453794 10  5 cc  f     -     -         4699   60    0 
STA       954453818 10  4 f   -     -     -         4639    0    0 
STA       954453833 10  3 f   -     -     -         4639    0    0 
STA       954453865 10  2 Bf  -     -     -         4639   10    0 
STA       954453907 10  1 Bc  b     b     -         4629  210  320 
STA       954453948 10 10 f   -     -     -         4739    0    0 
STA       954453992 10  9 c   k     c     f         4739   65    0 
STA       954454048 10  8 c   b     -     -         4674   40   60 
STA       954454067 10  7 cf  -     -     -         4694   10    0 
STA       954454117 10  6 f   -     -     -         4684    0    0 
STA       954454157 10  5 f   -     -     -         4684    0    0 
STA       954454205 10  4 cf  -     -     -         4684   10    0 
STA       954454255 10  3 cf  -     -     -         4674   10    0 
STA       954454297 10  2 Bc  k     kf    -         4664   55    0 
STA       954454350 10  1 Bf  -     -     -         4609    5    0 
STA       954454393 10 10 f   -     -     -         4604    0    0 
STA       954454421 10  9 f   -     -     -         4604    0    0 
STA       954454468 10  8 f   -     -     -         4604    0    0 
STA       954454507 10  7 fQ  -     -     -         4604    0    0 
