STA       949532320  9  4 cc  k     c     k         2901   60    0 Ah 2s 2d 5s
STA       949532406 10  3 c   bc    kc    kcc       2841  130    0 4h Ac 3c 4c
STA       949532479 10  2 Br  bc    c     cc        2711  110    0 4d Jc 6c 5c
STA       949532575 10  1 Bc  k     k     k         2601   10    0 Tc Th Td 5d
STA       949532625 10 10 c   c     b     k         2591   60  170 Ks 9d 8c Ad
STA       949532735 10  9 f   -     -     -         2701    0    0 
STA       949532808 10  8 c   c     c     c         2701   60    0 Kc 7c 2h Qh
STA       949532869 10  7 c   k     f     -         2641   10    0 
STA       949532973 10  6 c   k     c     f         2631   30    0 
STA       949533042 10  5 c   k     c     f         2601   30    0 
STA       949533125 10  4 c   Q     -     -         2571   10    0 
STA       949535048 10  9 c   k     c     f         2561   30    0 
STA       949535122  9  7 c   f     -     -         2531   20    0 
STA       949535183  9  6 r   c     f     -         2511   30    0 
STA       949535240  9  5 r   kc    k     kf        2481   30    0 
STA       949535319  9  4 c   f     -     -         2451   10    0 
STA       949535390  9  3 c   c     k     r         2441   60  185 9c Ac 7s 5h
STA       949535470  9  2 Bk  kc    bc    bc        2566  100  192 4h 2h 9h 2d
STA       949535550  7  1 Bc  b     b     kf        2658   40    0 
STA       949535615  7  7 cc  c     k     k         2618   60    0 8s 7d Ac 6c
STA       949535700  8  6 c   k     f     -         2558   10    0 
STA       949535759  7  4 c   cc    ccc   f         2548  130    0 
STA       949535854  8  3 cc  kc    kc    kcc       2418  160    0 9c 8h 2c 3c
STA       949535947  8  3 rc  b     b     b         2258   80  147 Ah 3c 8c 4c
STA       949535996  8  2 Brc b     bc    bc        2325  150  399 6d Ad 2s Kd
STA       949536072  8  1 Bc  b     b     kf        2574   40    0 
STA       949536114  7  7 rc  rr    rc    r         2534  192  758 4h Ah 2h Jc
STA       949536220  6  6 f   -     -     -         3100    0    0 
STA       949536276  5  5 f   -     -     -         3100    0    0 
STA       949536326  5  3 f   -     -     -         3100    0    0 
STA       949536376  4  2 Bk  k     kf    -         3100   10    0 
STA       949536417  6  1 Bf  -     -     -         3090    5    0 
STA       949536477  6  6 cc  c     c     f         3085   50    0 
STA       949536563  7  6 c   c     cc    c         3035   80  165 4d 7s Td Js
STA       949536663  8  6 c   c     c     k         3120   40    0 3c 9d 2h Qd
STA       949536719  8  5 c   cf    -     -         3080   20    0 
STA       949536777  7  3 f   -     -     -         3060    0    0 
STA       949536842  7  2 Bc  bc    kc    kc        3060   80    0 Ah Qc Jd 8d
STA       949536950  9  1 Bc  bc    kc    kf        2980   60    0 
STA       949537008  9  9 c   f     -     -         2920   20    0 
STA       949537064 10  9 cc  c     c     c         2900   70  168 2s 6s Th 8s
STA       949537131 10  8 f   -     -     -         2998    0    0 
STA       949537230 10  7 cc  kc    kc    kf        2998   50    0 
STA       949537328 10  6 ccc kc    kcc   f         2948  120    0 
STA       949537452 10  5 cc  kcc   kf    -         2828   60    0 
STA       949537533 10  4 cc  kc    kc    f         2768   50    0 
STA       949537635 10  3 ccc bc    bc    kcc       2718  160    0 9d 3h 9h 6d
STA       949537784  9  2 Brc kc    kf    -         2558   50    0 
STA       949537909  8  1 Bc  bc    kc    bc        2508  100  118 7h 2h 3h 8h
STA       949537972  7  7 rc  c     c     c         2526   80    0 Ah Js 5s 8c
STA       949538054  7  7 ccc c     c     cc        2446  150    0 Td 3s 6s 6d
STA       949538182  7  6 cf  -     -     -         2296   10    0 
STA       949538276  8  5 r   b     b     c         2286   70    0 Ad 3d 9s Js
STA       949538347  8  4 r   kc    f     -         2216   30    0 
STA       949538394  8  3 c   kc    kc    kc        2186   60    0 Kh Kc 6c Ts
STA       949538469  8  2 Br  b     k     bc        2126   70    0 Ks Js Ad 9d
STA       949538572  9  1 Bc  bc    bc    kc        2056   90    0 Jc 8d 7c 6s
STA       949538667  9  9 c   b     k     k         1966   20   90 Kc Kh Kd 9h
STA       949538730  8  7 c   f     -     -         2036   10    0 
STA       949538778  8  6 f   -     -     -         2026    0    0 
STA       949538874  8  5 f   -     -     -         2026    0    0 
STA       949538953  7  4 c   k     kf    -         2026   10    0 
STA       949539034  7  3 f   -     -     -         2016    0    0 
STA       949539087  7  2 Bc  kc    kf    -         2016   40    0 
STA       949539156  7  1 Bc  bcc   kc    kcc       1976  160  330 Kd Ad 9c 4c
STA       949539241  8  8 cc  c     c     c         2146   90  107 7c 2h 5c 9s
STA       949539350  7  6 c   c     f     -         2163   20    0 
STA       949539431  9  7 ccc c     c     k         2143   70  155 7h Qh 6c Ad
STA       949539549  8  6 c   c     rc    c         2228  100    0 2c 4h 8d Qs
STA       949539646  8  5 cc  kc    b     k         2128   50    0 As 8h Js 3c
STA       949539715 10  5 cc  kc    k     kc        2078   50    0 9h 2h 6c Qh
STA       949539829 10  4 c   kc    k     f         2028   20    0 
STA       949539920 10  4 c   bcc   kcc   kc        2008  170  148 2h Qs 3c 9s
STA       949540021 10  2 Bk  kc    kf    -         1986   30    0 
STA       949540103 10  1 Bf  -     -     -         1956    5    0 
STA       949540238 10 10 c   f     -     -         1951   10    0 
STA       949540309 10  9 cc  k     f     -         1941   30    0 
STA       949540404 10  8 cc  f     -     -         1911   20    0 
STA       949540492 10  7 cc  f     -     -         1891   40    0 
STA       949540620  8  5 KQ  -     -     -         1851    0    0 
STA       950309491 10  9 c   f     -     -         1851   50    0 
STA       950309563 10  8 f   -     -     -         1801    0    0 
STA       950309648 10  7 f   -     -     -         1801    0    0 
STA       950309728  8  4 cc  rc    cc    kc        1801  170    0 7c Ac 9h 5s
STA       950309807  8  2 cc  f     -     -         1631   20    0 
STA       950309866  9  2 Bc  kc    kf    -         1611  100    0 
STA       950309997  9  1 Bc  bc    kcc   kf        1511  160    0 
STA       950310150  7  7 c   cc    rc    f         1351  160    0 
STA       950310281  6  6 c   cc    cc    f         1191  160    0 
STA       950310393  6  5 rc  cc    r     cc        1031  150    0 Td 2h Qh 5h
STA       950310480  8  4 cc  rc    kc    kc         881  120  113 Th 7s 6c 6h
STA       950310577  8  3 rc  cc    cc    bcc        874  250 1100 4d Kc 2c Js
STA       950310722  7  2 Bc  bc    k     b         1724   80  170 Tc 9d 6d 3s
STA       950310786  6  1 Bc  kcc   kcc   kf        1814  160    0 
STA       950310847  6  6 cc  cc    cc    f         1654  160    0 
STA       950310938  6  4 f   -     -     -         1494    0    0 
STA       950311019  4  3 c   k     b     kf        1494   30    0 
STA       950311094  5  2 cQ  -     -     -         1464   10    0 
STA       950663391 10  4 cc  kc    kc    kc        1454   70    0 Qd 3d 8s Ac
STA       950663460 10  3 cc  kc    kf    -         1384   30    0 
STA       950663575  7  1 Bc  kc    kf    -         1354   30    0 
STA       950663651  8  1 Bc  b     k     bc        1324   60    0 6d Ac Ts 7h
STA       950663744  8  8 f   -     -     -         1264    0    0 
STA       950663825  9  8 r   k     k     f         1264   20    0 
STA       950663904  9  7 c   f     -     -         1244   10    0 
STA       950663964  9  6 c   b     kc    br        1234  100  233 Ad Jd 2c 7s
STA       950664066  9  5 cc  c     f     -         1367   30    0 
STA       950664129  9  4 f   -     -     -         1337    0    0 
STA       950664196  8  3 f   -     -     -         1337    0    0 
STA       950664252  9  2 Bf  -     -     -         1337   10    0 
STA       950664305  9  1 Bf  -     -     -         1327    5    0 
STA       950664359 10 10 f   -     -     -         1322    0    0 
STA       950664432 10  9 f   -     -     -         1322    0    0 
STA       950664510 10  8 cc  f     -     -         1322   20    0 
STA       950664650 10  7 f   -     -     -         1302    0    0 
STA       950664747 10  6 c   kc    kf    -         1302   20    0 
STA       950664810 10  5 c   c     k     k         1282   20   52 Qd Ac 6s 3s
STA       950664857 10  4 c   kf    -     -         1314   10    0 
STA       950664951 10  3 c   kf    -     -         1304   10    0 
STA       950665018 10  2 Bf  -     -     -         1294   10    0 
STA       950665069 10  1 Bf  -     -     -         1284    5    0 
STA       950665149 10 10 c   c     Q     -         1279   20    0 
STA       951255289 10  2 Bk  cc    kf    -         1259   30    0 
STA       951255411 10  1 Bc  kc    k     kf        1229   30    0 
STA       951255476 10 10 cc  f     -     -         1199   20    0 
STA       951255564 10  9 c   c     c     f         1179   40    0 
STA       951255628 10  9 c   c     c     f         1139   40    0 
STA       951255714  8  6 c   r     bc    c         1099   90    0 Kd Td Js 6h
STA       951255768  8  5 cc  bc    kc    kc        1009   80  170 3h 6h 9c 3d
STA       951255856  8  4 c   kf    -     -         1099   10    0 
STA       951255926  8  3 f   -     -     -         1089    0    0 
STA       951255991  9  2 Bc  k     kf    -         1089   20    0 
STA       951256060  9  1 Bc  kf    -     -         1069   10    0 
STA       951256123  9  8 c   cf    -     -         1059   30    0 
STA       951256205  9  8 cc  k     f     -         1029   20    0 
STA       951256283  9  7 r   b     k     f         1009   30    0 
STA       951256357  9  6 c   kf    -     -          979   10    0 
STA       951256422 10  5 c   bc    k     f          969   30    0 
STA       951256506 10  4 r   kc    f     -          939   30    0 
STA       951256590 10  4 c   k     c     f          909   30    0 
STA       951256647 10  2 Bc  b     k     kc         879   50    0 5d 2d 9d Qs
STA       951256728 10  1 Br  b     b     bc         829   90  195 7s 6s Ac 2c
STA       951256824 10 10 ccc b     c     k          934   70    0 9h 3s Qs 2h
STA       951256917 10  9 c   k     f     -          864   10    0 
STA       951256989 10  8 c   b     c     c          854   60    0 3c 3h 2h 6d
STA       951257069 10  7 c   c     c     f          794   60    0 
STA       951257213 10  6 c   cc    f     -          734   30    0 
STA       951257349 10  5 cc  c     cc    c          704  180    0 3c Jd 7d 5d
STA       951257469 10  4 f   -     -     -          524    0    0 
STA       951257558 10  3 f   -     -     -          524    0    0 
STA       951257624 10  2 Bf  -     -     -          524   10    0 
STA       951257740 10  1 Bc  kc    kc    kf         514   40    0 
STA       951257819 10 10 c   c     f     -          474   30    0 
STA       951257943 10  9 c   k     c     fQ         444   30    0 
STA       951344129  9  4 f   -     -     -          414    0    0 
STA       951344232 10  3 c   f     -     -          414   10    0 
STA       951344357 10  2 Bc  k     c     k          404   40  140 Kc 8d 6s 3d
STA       951344469  9  1 Bc  bc    k     kf         504   50    0 
STA       951344528 10 10 c   c     b     b          454   60  250 6d 2d Qs Ad
STA       951344628  8  7 cc  f     -     -          644   20    0 
STA       951344771 10  8 c   cc    cf    -          624   70    0 
STA       951344846 10  7 f   -     -     -          554    0    0 
STA       951344959 10  6 cc  cc    c     f          554   60    0 
STA       951345040  9  5 c   cc    c     c          494  110    0 Qd 5d Js 9c
STA       951345108 10  4 rc  kc    kc    kf         384   60    0 
STA       951345172 10  3 f   -     -     -          324    0    0 
STA       951345245 10  2 Bcc bc    kcc   k          324  120    0 8s 7s 5c 3h
STA       951345334 10  1 Bc  bc    kccc  kc         204  160    0 Ks 6s Ad Th
STA       951345398 10 10 c   r     bA    Q           44   44    0 
STA       951766611  8  6 c   f     -     -         1000   10    0 
STA       951766659  8  6 c   kc    kf    -          990   30    0 
STA       951766743  7  4 c   k     c     c          960   50    0 9h 7s Ks 2s
STA       951766827  7  3 cc  b     b     b          910   70  215 3h Kd 3s Kc
STA       951766875  7  2 Bc  c     c     k         1055   50    0 5c 4h Td Th
STA       951766919  7  1 Bc  kc    kc    b         1005   70  115 3d 8c 5c As
STA       951766964  5  5 c   k     k     f         1050   10    0 
STA       951767000  5  4 cc  c     f     -         1040   40    0 
STA       951767051  5  3 cc  rc    f     -         1000   50    0 
STA       951767116  5  2 Bc  kc    kf    -          950   30    0 
STA       951767161  5  1 Bc  kc    k     k          920   30   45 6c 8d 6h Qs
STA       951767195  5  5 c   b     b     -          935   40   75 
STA       951767236  5  4 c   c     c     f          970   60    0 
STA       951767287  5  3 c   bc    bc    k          910   70   80 9c Qd Kd 2c
STA       951767356  5  2 Bc  kc    kc    k          920   50    0 2d Jd 5c Ad
STA       951767404  6  1 Bc  br    bc    kc         870  100  300 8d 8c Ad Ks
STA       951767463  6  6 r   b     b     b         1070   70  210 4d Jd Ac Ad
STA       951767540  6  5 c   k     kc    k         1210   30    0 7h Qh Ts 8s
STA       951767602  6  4 c   f     -     -         1180   10    0 
STA       951767666  7  3 c   cc    kc    kc        1170   70    0 Jd 5c 7h 2c
STA       951767722  7  2 Br  b     k     cc        1100   70    0 4s 2s 3h 5s
STA       951767797  7  1 Bc  kf    -     -         1030   10    0 
STA       951767873  7  7 f   -     -     -         1020    0    0 
STA       951767929  7  6 f   -     -     -         1020    0    0 
STA       951767988  7  5 f   -     -     -         1020    0    0 
STA       951768041  7  4 cc  b     kc    k         1020   50   95 2d 6s 5c Kd
STA       951768107  8  4 ccc kf    -     -         1065   40    0 
STA       951768215  8  2 c   kf    -     -         1025   10    0 
STA       951768287  8  2 Bk  b     kc    kf        1015   40    0 
STA       951768348  9  1 Bc  k     kc    kc         975   50    0 As Ac Ks 5c
STA       951768422 10 10 c   c     k     k          925   30    0 3h Ks 7s 2c
STA       951768495 10  9 c   c     Q     -          895   30    0 
STA       951777096  7  6 c   c     c     b          865   70  140 3s 3h 2c 6s
STA       951777214  6  5 f   -     -     -          935    0    0 
STA       951777264  6  3 c   b     b     k          935   40   72 8d 2d 3s Ts
STA       951777318  6  2 Bk  kc    bc    kc         967   80    0 As Kd 8c Qd
STA       951777382  6  1 Bc  k     kc    b          887   50  130 Td 2s 4h Qc
STA       951777436  6  6 c   cc    f     -          967   30    0 
STA       951777505  5  4 c   kf    -     -          937   10    0 
STA       951777550  7  5 c   c     kc    kf         927   40    0 
STA       951777632  8  4 c   b     b     k          887   40    0 Kh 3d 5h Jh
STA       951777708  8  3 c   k     kc    kf         847   30    0 
STA       951777787  8  2 Bk  b     k     c          817   40    0 Ac 4s Ks Qd
STA       951777850  8  1 Brc kc    k     k          777   40    0 7c 4s 5d Ad
STA       951777914 10 10 c   f     -     -          737   20    0 
STA       951777986 10  9 c   c     cc    c          717  130    0 3s 3c 7s Jd
STA       951778068 10  8 r   c     b     c          587   70    0 Ks 3d Ad 4s
STA       951778163 10  7 rc  c     c     f          517   70    0 
STA       951778239  8  5 c   f     -     -          447   10    0 
STA       951778291  8  4 cc  c     f     -          437   30    0 
STA       951778360  8  3 cc  rc    bc    bc         407  130  165 Qs 2s 5d Kd
STA       951778476  9  2 Bf  -     -     -          442   10    0 
STA       951778584  9  1 Bf  -     -     -          432    5    0 
STA       951778679  9  9 c   c     cc    cc         427  190    0 Qs Jh 6s 4c
STA       951778810  9  8 c   Q     -     -          237   20    0 
STA       951862216  8  6 c   k     cf    -          217   30    0 
STA       951862297  8  5 c   bc    kc    f          187   50    0 
STA       951862417  7  4 ccc bc    kc    b          137  110  315 2c Th 6c 5h
STA       951862547  9  3 f   -     -     -          342    0    0 
STA       951862636  9  1 Bk  k     k     k          342   10    0 5c Jc 5h Qd
STA       951862726  9  1 Bc  b     kcc   kf         332   80    0 
STA       951862820 10 10 c   c     c     f          252   40    0 
STA       951862928 10  9 c   c     c     f          212   60    0 
STA       951863033 10  8 c   k     k     k          152   10    0 Kd Th 8d Jh
STA       951863101  9  6 c   f     -     -          142   10    0 
STA       951863223  8  5 r   b     b     b          132   70  140 9h Ac 2h Ah
STA       951863284  8  4 cc  bc    b     b          202   80  163 8s Qs Kh 5h
STA       951863346  9  3 c   br    b     c          285   80  250 Kh 2s 4d 7c
STA       951863428  9  2 Bk  kc    c     r          455   80  290 5h 9h Qc 2c
STA       951863503 10  1 Bc  kc    k     kf         665   30    0 
STA       951863611  9  9 c   f     -     -          635   30    0 
STA       951863676  9  8 c   k     f     -          605   10    0 
STA       951863745 10  8 f   -     -     -          595    0    0 
STA       951863849 10  7 c   c     rc    rc         595  160  375 Jd Js 9d 7s
STA       951863999 10  6 c   r     b     kf         810   50    0 
STA       951864158 10  5 r   b     b     b          760   70  255 3h 4h 2h Ac
STA       951864271 10  5 cc  c     c     fQ         945   50    0 
