STA       951937129 10  2 Bf  -     -     -         2434   10    0 
STA       951937169 10  1 Bc  b     kc    kc        2424   60  190 6d 5d
STA       951937237 10 10 c   f     -     -         2554   10    0 
STA       951937288  9  9 f   -     -     -         2544    0    0 
STA       951937340  9  8 f   -     -     -         2544    0    0 
STA       951937375 10  7 cc  kf    -     -         2544   20    0 
STA       951937449 10  6 c   k     c     k         2524   40    0 7d Kd
STA       951937526  9  4 f   -     -     -         2484    0    0 
STA       951937576 10  4 f   -     -     -         2484    0    0 
STA       951937614 10  3 f   -     -     -         2484    0    0 
STA       951937654 10  2 Bf  -     -     -         2484   10    0 
STA       951937695 10  1 Bc  k     kf    -         2474   10    0 
STA       951937751 10 10 f   -     -     -         2464    0    0 
STA       951937810  9  8 c   c     f     -         2464   20    0 
STA       951937857  9  7 c   f     -     -         2444   10    0 
STA       951937911  9  6 f   -     -     -         2434    0    0 
STA       951937953  8  4 r   bc    c     c         2434   80    0 Jc Jd
STA       951937993  8  3 f   -     -     -         2354    0    0 
STA       951938056  8  2 Bk  k     f     -         2354   10    0 
STA       951938102  8  1 Bf  -     -     -         2344    5    0 
STA       951938128  9  9 rc  k     c     k         2339   60    0 Js Qh
STA       951938188 10  9 f   -     -     -         2279    0    0 
STA       951938250 10  8 c   k     kf    -         2279   10    0 
STA       951938408  8  6 f   -     -     -         2269    0    0 
STA       951938440  8  5 rc  c     c     c         2269   80  165 Jc Ac
STA       951938470  7  3 f   -     -     -         2354    0    0 
STA       951938513  7  2 Bk  cf    -     -         2354   20    0 
STA       951938558  7  1 Bcc kc    kf    -         2334   50    0 
STA       951938706  8  8 c   k     k     f         2284   10    0 
STA       951938749  8  7 f   -     -     -         2274    0    0 
STA       951938800  7  5 KQ  -     -     -         2274    0    0 
STA       952376830 10  3 c   k     kf    -         3021   10    0 
STA       952376916 10  2 Bc  br    b     bc        3011  110    0 Th Ad
STA       952376975  9  1 Bc  kc    kf    -         2901   20    0 
STA       952377026  9  9 c   c     c     f         2881   40    0 
STA       952377109 10  9 c   k     r     k         2841   50  190 5h Ac
STA       952377162 10  8 f   -     -     -         2981    0    0 
STA       952377219 10  7 f   -     -     -         2981    0    0 
STA       952377318 10  6 f   -     -     -         2981    0    0 
STA       952377402 10  5 f   -     -     -         2981    0    0 
STA       952377454 10  4 cc  kr    b     kc        2981   80    0 7c 7s
STA       952377522 10  3 cc  cc    kf    -         2901   40    0 
STA       952377631  8  2 Br  k     c     f         2861   40    0 
STA       952377684  8  1 Br  b     kc    kc        2821   70  260 9c 9d
STA       952377760  9  9 c   f     -     -         3011   10    0 
STA       952377835  8  6 c   c     c     b         3001   70  230 Ah 8s
STA       952377899 10  7 f   -     -     -         3161    0    0 
STA       952377963 10  6 f   -     -     -         3161    0    0 
STA       952378044 10  5 c   bc    f     -         3161   40    0 
STA       952378092 10  4 f   -     -     -         3121    0    0 
STA       952378144 10  3 f   -     -     -         3121    0    0 
STA       952378220 10  2 Bf  -     -     -         3121   10    0 
STA       952378266 10  1 Bf  -     -     -         3111    5    0 
STA       952378314 10 10 f   -     -     -         3106    0    0 
STA       952378368 10  9 c   f     -     -         3106   10    0 
STA       952378428 10  8 c   f     -     -         3096   10    0 
STA       952378508  9  6 f   -     -     -         3086    0    0 
STA       952378697 10  6 c   f     -     -         3086   10    0 
STA       952378824 10  5 cc  kcc   kf    -         3076   50    0 
STA       952378996  9  3 f   -     -     -         3026    0    0 
STA       952379064 10  3 c   k     kf    -         3026   10    0 
STA       952379163  9  2 Bk  kc    kc    kf        3016   40    0 
STA       952379280  9  1 Bf  -     -     -         2976    5    0 
STA       952379344 10 10 f   -     -     -         2971    0    0 
STA       952379425 10  9 f   -     -     -         2971    0    0 
STA       952379500 10  8 f   -     -     -         2971    0    0 
STA       952379573 10  7 f   -     -     -         2971    0    0 
STA       952379672 10  6 f   -     -     -         2971    0    0 
STA       952379776 10  5 f   -     -     -         2971    0    0 
STA       952379866 10  4 c   kc    kc    kr        2971   80  220 7d Qd
STA       952380013 10  3 f   -     -     -         3111    0    0 
STA       952380069 10  2 Bk  kf    -     -         3111   10    0 
STA       952380169 10  1 Bc  kf    -     -         3101   10    0 
STA       952380257 10 10 f   -     -     -         3091    0    0 
STA       952380339  9  8 cc  kf    -     -         3091   30    0 
STA       952380471  8  6 f   -     -     -         3061    0    0 
STA       952380550  9  7 rc  c     c     cc        3061  100  470 Tc Kc
STA       952380635  8  5 f   -     -     -         3431    0    0 
STA       952380710 10  5 ccc kc    kf    -         3431   50    0 
STA       952380826  8  3 f   -     -     -         3381    0    0 
STA       952380925  8  2 Bk  bc    k     bcc       3381  120    0 Kh 7h
STA       952381029  9  1 Bc  k     b     k         3261   30  100 2d 2h
STA       952381112  9  9 c   f     -     -         3331   10    0 
STA       952381187  9  8 f   -     -     -         3321    0    0 
STA       952381269  9  8 r   b     k     k         3321   30    0 Qc Qd
STA       952381331 10  7 r   k     c     c         3291   60    0 Ah Kh
STA       952381388 10  6 f   -     -     -         3231    0    0 
STA       952381490  9  4 r   cc    kf    -         3231   50    0 
STA       952381591  9  4 f   -     -     -         3181    0    0 
STA       952381675  9  3 f   -     -     -         3181    0    0 
STA       952381745  8  2 Bf  -     -     -         3181   10    0 
STA       952381811  8  1 Bf  -     -     -         3171    5    0 
STA       952381858  8  8 f   -     -     -         3166    0    0 
STA       952381920  8  7 cKQ -     -     -         3166   20    0 
STA       952382305  6  3 f   -     -     -         3146    0    0 
STA       952382354  5  2 Bc  kr    k     k         3146   40  160 Tc Th
STA       952382398  5  1 Bc  kc    kc    kf        3266   40    0 
STA       952382442  4  4 f   -     -     -         3226    0    0 
STA       952382448  4  3 r   b     c     c         3226   70    0 Jd Js
STA       952382482  4  2 Br  k     k     k         3156   30  120 Qd Ad
STA       952382517  4  1 Bc  k     b     -         3246   30   60 
STA       952382556  5  5 c   f     -     -         3276   10    0 
STA       952382622  4  3 r   c     f     -         3266   30    0 
STA       952382647  5  4 c   kc    k     k         3236   20   80 8s Kd
STA       952382690  5  3 c   k     k     b         3296   30    0 8c Kh
STA       952382737  5  2 Bc  k     k     kf        3266   30    0 
STA       952382778  5  1 Bc  k     kf    -         3236   10    0 
STA       952382811  5  5 c   b     k     k         3226   20    0 7s Tc
STA       952382859  6  4 f   -     -     -         3206    0    0 
STA       952382879  6  3 cc  kf    -     -         3206   20    0 
STA       952382924  7  2 Bc  brc   bc    kc        3186  120  360 Ts 7c
STA       952382975  8  1 Bcc kQ    -     -         3426   20    0 
STA       952545441 10  4 f   -     -     -         3406    0    0 
STA       952545479 10  3 f   -     -     -         3406    0    0 
STA       952545514 10  2 Bk  c     f     -         3406   20    0 
STA       952545562 10  1 Bc  kf    -     -         3386   20    0 
STA       952545618  8  8 f   -     -     -         3366    0    0 
STA       952545674  9  8 f   -     -     -         3366    0    0 
STA       952545751  8  6 c   k     f     -         3366   10    0 
STA       952545782  9  6 f   -     -     -         3356    0    0 
STA       952545904  7  4 cc  kf    -     -         3356   20    0 
STA       952545931  8  4 f   -     -     -         3336    0    0 
STA       952545972  8  3 c   c     f     -         3336   20    0 
STA       952546025  8  2 Bk  kc    kf    -         3316   20    0 
STA       952546087  8  1 Bc  kc    kf    -         3296   20    0 
STA       952546145 10 10 f   -     -     -         3276    0    0 
STA       952546227 10  9 f   -     -     -         3276    0    0 
STA       952546269  9  7 c   f     -     -         3276   10    0 
STA       952546316  9  6 c   br    b     bc        3266  100  200 6d 7s
STA       952546411  8  5 c   bc    kcf   -         3366   50    0 
STA       952546477  9  5 c   c     cc    bc        3316  100  345 9h Qc
STA       952546557  9  4 fQ  -     -     -         3561    0    0 
STA       952985949  9  6 f   -     -     -         3561    0    0 
STA       952985995  8  4 f   -     -     -         3561    0    0 
STA       952986057  8  3 cc  kf    -     -         3561   20    0 
STA       952986104  9  4 cc  f     -     -         3541   30    0 
STA       952986149  8  2 Bk  b     b     b         3511   60  190 Jc 3c
STA       952986198  8  1 Bc  kc    k     kf        3641   20    0 
STA       952986265  9  9 c   c     c     bc        3621  100  430 5c 3c
STA       952986361  9  8 c   c     c     f         3951   50    0 
STA       952986426  9  7 c   c     c     cf        3901   70    0 
STA       952986496  9  3 Q   -     -     -         3831    0    0 
STA       953679648 10  6 c   r     c     k         5048   50    0 Kd 6d
STA       953679685 10  5 f   -     -     -         4998    0    0 
STA       953679785 10  4 c   k     f     -         4998   10    0 
STA       953679873 10  3 f   -     -     -         4988    0    0 
STA       953679923  9  2 Bk  kf    -     -         4988   10    0 
STA       953679964  7  1 Bf  -     -     -         4978    5    0 
STA       953680061  6  6 f   -     -     -         4973    0    0 
STA       953680106  7  6 c   k     c     k         4973   30  105 6d Ad
STA       953680161  7  5 f   -     -     -         5048    0    0 
STA       953680219  7  4 c   b     kc    kf        5048   40    0 
STA       953680291  8  4 f   -     -     -         5008    0    0 
STA       953680321  7  2 f   -     -     -         5008    0    0 
STA       953680357  7  2 Bk  k     k     kf        5008   10    0 
STA       953680392  7  1 Bc  kf    -     -         4998   10    0 
STA       953680454  7  7 c   bc    f     -         4988   30    0 
STA       953680567  9  7 cc  f     -     -         4958   40    0 
STA       953680655  9  6 c   k     Q     -         4918   10    0 
