STA       930337133  8  7 f   -     -     -         1003    0    0 
STA       930337173  8  6 c   k     f     -         1003   10    0 
STA       930337229  8  5 c   f     -     -          993   10    0 
STA       930337243 10  4 f   -     -     -          983    0    0 
STA       930337299  9  3 Q   -     -     -          983    0    0 
STA       930605909  7  5 f   -     -     -          983    0    0 
STA       930605940  6  3 cc  c     c     c          983   70   85 2d Ad
STA       930605988  7  3 f   -     -     -          998    0    0 
STA       930606019  7  2 B   -     -     -          998   10   15 
STA       930606040  7  1 Bc  bf    -     -         1003   20    0 
STA       930606081  7  7 c   k     c     cc         983  110    0 5c 6h
STA       930606127  7  6 f   -     -     -          873    0    0 
STA       930606155  7  5 c   k     k     k          873   10    0 Js 8d
STA       930606222  8  4 f   -     -     -          863    0    0 
STA       930606245  8  3 cc  f     -     -          863   20    0 
STA       930606268  8  2 Bc  bc    k     bc         843   80    0 Kd Qh
STA       930606314  7  1 Bc  kc    k     b          763   50   90 
STA       930606344  7  7 r   c     f     -          803   30    0 
STA       930606363  7  6 f   -     -     -          773    0    0 
STA       930606394  7  5 c   k     kf    -          773   10    0 
STA       930606426  7  4 f   -     -     -          763    0    0 
STA       930606469  7  3 cc  k     b     -          763   40   90 
STA       930606543  9  2 Bk  b     -     -          813   20   35 
STA       930606564  9  1 Bf  -     -     -          828    5    0 
STA       930606600 10 10 c   cc    f     -          823   40    0 
STA       930606651  9  8 c   c     c     c          783   60    0 Td Kd
STA       930606707 10  8 f   -     -     -          723    0    0 
STA       930606749  9  6 f   -     -     -          723    0    0 
STA       930606803  8  5 f   -     -     -          723    0    0 
STA       930606842  8  4 c   kc    k     k          723   20    0 Tc Qh
STA       930606912  8  3 f   -     -     -          703    0    0 
STA       930606990  8  2 Bk  kf    -     -          703   10    0 
STA       930607052 10  1 Bc  k     kf    -          693   10    0 
STA       930607098 10 10 c   b     cf    -          683   50    0 
STA       930607179 10  9 c   k     f     -          633   10    0 
STA       930607246 10  8 f   -     -     -          623    0    0 
STA       930607307 10  7 f   -     -     -          623    0    0 
STA       930607354 10  6 f   -     -     -          623    0    0 
STA       930607480  9  5 c   c     b     k          623   40  225 Jc Qd
STA       930607545  8  3 f   -     -     -          808    0    0 
STA       930607606  8  2 Bk  k     k     c          808   30   55 Js 4s
STA       930607659  8  1 Bc  b     k     k          833   20   80 2d Js
STA       930607688  8  8 c   k     k     f          893   10    0 
STA       930607740  8  7 f   -     -     -          883    0    0 
STA       930607771  9  7 r   b     k     b          883   50  150 Td 8s
STA       930607863  9  6 f   -     -     -          983    0    0 
STA       930607911  9  5 f   -     -     -          983    0    0 
STA       930607936  9  4 f   -     -     -          983    0    0 
STA       930607971  9  3 f   -     -     -          983    0    0 
STA       930608018 10  2 Bk  k     b     b          983   50  100 
STA       930608109  9  1 Br  b     b     b         1033   70  170 Kh Ad
STA       930608134  9  9 f   -     -     -         1133    0    0 
STA       930608211  8  7 f   -     -     -         1133    0    0 
STA       930608252  7  5 c   kc    kc    bf        1133   60    0 
STA       930608305  6  4 c   kf    -     -         1073   10    0 
STA       930608324  6  3 f   -     -     -         1063    0    0 
STA       930608368  6  2 B   -     -     -         1063   10   15 
STA       930608381  6  1 Bc  k     b     -         1068   30   50 
STA       930608414  6  6 c   b     b     -         1088   40   90 
STA       930608464  6  5 c   kf    -     -         1138   10    0 
STA       930608529  5  4 cc  kf    Q     -         1128   20    0 
