STA       923008729  7  5 f   -     -     -         2828    0    0 
STA       923008840  6  4 f   -     -     -         2828    0    0 
STA       923008885  6  3 c   kc    kc    b         2828   60  115 5h 7d 9h 3d
STA       923008990  7  2 Bk  kc    kcf   -         2883   50    0 
STA       923009112  7  1 Bc  kc    kc    kc        2833   70    0 Jc 5h 4h 3h
STA       923009223  7  7 c   c     c     k         2763   40    0 9d Ac 5c Ad
STA       923009290  6  5 cc  c     c     k         2723   50  200 2s 4d 3h 6d
STA       923009377  4  2 c   cc    f     Q         2873   40    0 
STA       923073805  7  2 Bc  k     k     kf        2833   20    0 
STA       923073929  6  1 Bf  -     -     -         2813    5    0 
STA       923073996  6  6 c   c     c     f         2808   40    0 
STA       923074051  6  5 f   -     -     -         2768    0    0 
STA       923074104  7  5 cc  c     c     f         2768   50    0 
STA       923074202  8  4 f   -     -     -         2718    0    0 
STA       923074308  8  3 f   -     -     -         2718    0    0 
STA       923074383  8  2 Bc  cc    kc    bc        2718  110  295 4c As Kd Qd
STA       923074521  7  1 Bc  k     kc    k         2903   30   65 4s 2d 9d 3h
STA       923074616  5  5 f   Q     -     -         2938    0    0 
STA       924843041  6  4 c   k     Q     -         2938   10    0 
STA       925162267  3  3 f   -     -     -         2928    0    0 
STA       925162300  3  2 Bcc rc    ccc   ccc       2928  230  345 Jh Ks 9h Kd
STA       925162347  3  1 Bf  -     -     -         3043    5    0 
STA       925162366  3  3 ccc c     c     c         3038   90  220 Ad Ac 9s Qc
STA       925162405  3  2 Bcc bc    kc    kf        3168   80    0 
STA       925162448  2  1 Bcc kQ    -     -         3088   20    0 
STA       925244193 10  6 c   cc    c     cc        3068  120  288 Ad 9h 9d 4c
STA       925244285 10  5 ccc cf    -     -         3236   50    0 
STA       925244446 10  4 r   bc    bc    brc       3186  170  405 As Ad 5d Ks
STA       925244547  9  3 cc  kc    kc    bc        3421   90  170 9d 5c 7h 9s
STA       925244719  9  2 Bk  k     f     -         3501   10    0 
STA       925244761  6  1 Bc  kc    kf    -         3491   30    0 
STA       925244836  4  4 f   -     -     -         3461    0    0 
STA       925244878  4  3 c   k     b     bc        3461   70   77 4d Ts 2d Ah
STA       925244931  4  2 Bk  k     k     b         3468   30   35 4s As 8h 4c
STA       925245006  3  1 Bc  b     k     k         3473   20    0 8c 2s 9c 5s
STA       925245037  2  2 c   c     c     c         3453   60   60 Ah 3h Jc 5d
STA       925245063  2  2 Bk  b     b     b         3453   60   60 7h Jc 3s As
STA       925245113  2  1 BQ  -     -     -         3453    5    0 
STA       925248902 10  8 c   f     -     -         3448   20    0 
STA       925248999 10  7 c   c     kc    f         3428   60    0 
STA       925249084 10  6 c   b     bc    kc        3368   80  143 9d 8s As Ac
STA       925249212 10  5 c   k     c     cc        3431   90  230 4c 5d 6c 6h
STA       925249293 10  4 cc  f     -     -         3571   20    0 
STA       925249394 10  3 c   cc    kc    f         3551   50    0 
STA       925249506 10  2 Bk  kc    k     kc        3501   40  105 8d 4d Kh Th
STA       925249630 10  1 Bc  b     k     b         3566   40  114 Jc 8h 9d Ah
STA       925249679  9  9 c   k     f     -         3640   10    0 
STA       925249735  9  8 c   b     b     -         3630   40   90 
STA       925249816  8  7 f   -     -     -         3680    0    0 
STA       925249850  8  7 c   k     k     k         3680   20   75 6c 4s 8h Ah
STA       925249890  7  5 r   b     b     b         3735   70  280 As Ad 2h 2s
STA       925249982  7  5 f   -     -     -         3945    0    0 
STA       925250026  7  4 c   f     -     -         3945   10    0 
STA       925250080  8  3 c   k     k     c         3935   30   40 4h 7h Kh 3h
STA       925250127  8  2 Bk  rc    c     k         3945   60  160 Jc Tc 6h Td
STA       925250185  8  1 Bc  kf    -     -         4045   10    0 
STA       925250254  9  9 c   b     c     c         4035   60    0 Ac Qd 2d Kc
STA       925250326  9  8 f   Q     -     -         3975    0    0 
STA       925506281  7  7 c   cf    -     -         3975   30    0 
STA       925506362  6  5 cc  b     b     k         3945   50   90 5c 2d 8d 7c
STA       925506446  6  4 ccc bc    b     bc        3985  130  235 Ts 3h Tc 7h
STA       925506517  6  3 ccc kf    -     -         4090   40    0 
STA       925506617  6  2 Bk  kf    -     -         4050   10    0 
STA       925506678  6  1 Bc  kc    kc    kc        4040   60    0 9c Td 4d 7c
STA       925506729  6  6 c   c     r     b         3980   80  220 
STA       925506783  6  5 cc  cc    c     k         4120   90    0 Tc Ad 5d 5h
STA       925506837  6  4 c   c     k     f         4030   20    0 
STA       925506906  6  3 c   kc    cc    kf        4010   60    0 
STA       925506970  6  2 Bc  bc    b     b         3950   80  240 
STA       925507028  5  1 Bc  bc    bc    bc        4110  120   90 2s Qc 9d Ah
STA       925507096  5  5 c   r     c     c         4080   80  110 4h Td 3c Kd
STA       925507135  5  4 cc  k     k     b         4110   40    0 7d Jc 2c 3c
STA       925507198  5  3 cc  cc    kc    kf        4070   60    0 
STA       925507282  5  2 Bk  k     k     k         4010   10    0 8h 9h Js Ad
STA       925507328  5  1 Bf  -     -     -         4000    5    0 
STA       925507360  5  5 c   c     c     cc        3995  130    0 Ks 6h 2d Ts
STA       925507419  7  4 fQ  -     -     -         3865    0    0 
