STA       967840485  6  2 Bk  kf    -     -         2069   10    0 
STA       967840530  5  1 Bf  -     -     -         2059    5    0 
STA       967840559  5  5 c   k     k     k         2054   10    0 9d Qd
STA       967840600  5  4 c   c     c     r         2044   80  180 Ts 8s
STA       967840638  5  3 Q   -     -     -         2144    0    0 
STA       967843968 10  7 f   -     -     -         2144    0    0 
STA       967844026  9  5 f   -     -     -         2144    0    0 
STA       967844165  9  5 f   -     -     -         2144    0    0 
STA       967844276  8  3 f   -     -     -         2144    0    0 
STA       967844356  7  2 Bk  f     -     -         2144   10    0 
STA       967844407  8  1 Br  kcf   -     -         2134   50    0 
STA       967844489 10  9 f   -     -     -         2084    0    0 
STA       967844587  9  7 f   -     -     -         2084    0    0 
STA       967844655  9  7 f   -     -     -         2084    0    0 
STA       967844703  8  5 cc  r     c     f         2084   60    0 
STA       967844758  8  4 f   -     -     -         2024    0    0 
STA       967844858  9  4 f   -     -     -         2024    0    0 
STA       967844951  9  3 f   -     -     -         2024    0    0 
STA       967845067  9  2 Bc  kc    kf    -         2024   50    0 
STA       967845185  9  1 Brc krr   bc    kc        1974  130  350 Ac Jh
STA       967845276  8  8 c   c     f     -         2194   40    0 
STA       967845335  7  6 r   b     b     -         2154   50  105 
STA       967845382  8  5 f   -     -     -         2209    0    0 
STA       967845422  8  4 f   -     -     -         2209    0    0 
STA       967845531  8  4 f   -     -     -         2209    0    0 
STA       967845567  9  3 cc  k     kf    -         2209   20    0 
STA       967845630  9  2 Bf  -     -     -         2189   10    0 
STA       967845700 10  1 Bc  k     bc    kc        2179   70    0 Js 9s
STA       967845753  8  8 f   -     -     -         2109    0    0 
STA       967845915  7  6 f   -     -     -         2109    0    0 
STA       967845977  7  6 f   -     -     -         2109    0    0 
STA       967846021 10  7 c   bc    ccc   kc        2109  130    0 Jh Qd
STA       967846118 10  6 r   b     b     k         1979   50  170 Th Kh
STA       967846177 10  5 f   -     -     -         2099    0    0 
STA       967846243 10  4 f   -     -     -         2099    0    0 
STA       967846357 10  3 f   -     -     -         2099    0    0 
STA       967846420 10  2 Bc  kf    -     -         2099   20    0 
STA       967846476 10  1 Bc  kf    -     -         2079   20    0 
STA       967846546 10 10 r   b     k     b         2059   60  205 Ac Kd
STA       967846610  8  7 KQ  -     -     -         2204    0    0 
STA       967849841  7  7 c   k     k     f         2204   10    0 
STA       967849885  8  6 f   -     -     -         2194    0    0 
STA       967849930  8  5 f   -     -     -         2194    0    0 
STA       967850013  8  4 cc  kc    kc    kf        2194   60    0 
STA       967850084  9  3 f   -     -     -         2134    0    0 
STA       967850132  9  2 Bc  cc    kf    -         2134   50    0 
STA       967850209 10  1 Bc  kf    -     -         2084   10    0 
STA       967850276 10 10 c   f     -     -         2074   10    0 
STA       967850371 10  9 r   c     f     -         2064   30    0 
STA       967850431 10  8 f   -     -     -         2034    0    0 
STA       967850485 10  7 c   b     c     b         2034   60    0 7d Td
STA       967850549 10  6 f   -     -     -         1974    0    0 
STA       967850600 10  5 c   b     b     b         1974   60  195 Jd 9h
STA       967850669 10  4 c   k     kc    kf        2109   30    0 
STA       967850746 10  3 cc  kf    -     -         2079   30    0 
STA       967850792 10  2 Bk  kf    -     -         2049   10    0 
STA       967850909 10  1 Bc  kf    -     -         2039   10    0 
STA       967850951  9  9 cc  c     k     rr        2029  120  340 6h 7h
STA       967851023 10  8 f   -     -     -         2249    0    0 
STA       967851075 10  7 ccc k     f     -         2249   40    0 
STA       967851195 10  6 c   kc    kf    -         2209   30    0 
STA       967851303 10  5 f   -     -     -         2179    0    0 
STA       967851340 10  4 r   bc    kc    kf        2179   60    0 
STA       967851427 10  3 f   -     -     -         2119    0    0 
STA       967851465 10  2 Bk  kr    k     k         2119   30    0 2d 7s
STA       967851498 10  1 Bc  bc    krc   kc        2089  130  350 5h Ah
STA       967851572 10 10 f   -     -     -         2309    0    0 
STA       967851606 10  9 c   f     -     -         2309   20    0 
STA       967851638 10  4 Q   -     -     -         2289    0    0 
STA       970006400 10  4 f   -     -     -         1760    0    0 
STA       970006531 10  3 f   -     -     -         1760    0    0 
STA       970006577 10  2 Bk  kf    -     -         1760   10    0 
STA       970006598 10  1 Bf  -     -     -         1750    5    0 
STA       970006655 10 10 r   b     k     k         1745   30    0 Th As
STA       970006690 10  9 r   k     f     -         1715   20    0 
STA       970006714 10  8 f   -     -     -         1695    0    0 
STA       970006730  9  6 f   -     -     -         1695    0    0 
STA       970006789  9  5 c   kc    kc    kc        1695   60    0 7s 6s
STA       970006842  9  4 f   -     -     -         1635    0    0 
STA       970006867 10  4 f   -     -     -         1635    0    0 
STA       970006902 10  4 f   -     -     -         1635    0    0 
STA       970006938  9  2 Bc  b     b     k         1635   50  145 Qc Ad
STA       970006993 10  1 Bc  kf    -     -         1730   20    0 
STA       970007049 10 10 c   k     k     k         1710   10    0 Th 9s
STA       970007088 10  9 c   c     f     -         1700   30    0 
STA       970007147 10  8 f   -     -     -         1670    0    0 
STA       970007180 10  7 f   -     -     -         1670    0    0 
STA       970007223  9  5 f   -     -     -         1670    0    0 
STA       970007274  9  4 f   -     -     -         1670    0    0 
STA       970007320  9  3 r   kf    -     -         1670   20    0 
STA       970007376  9  2 Bk  kf    -     -         1650   10    0 
STA       970007414  9  1 Bc  kf    -     -         1640   10    0 
STA       970007454 10 10 c   f     -     -         1630   20    0 
STA       970007502 10  9 f   -     -     -         1610    0    0 
STA       970007553 10  8 f   -     -     -         1610    0    0 
STA       970007593 10  7 c   k     b     br        1610   90  215 Tc 8c
STA       970007661 10  6 f   -     -     -         1735    0    0 
STA       970007700 10  5 f   -     -     -         1735    0    0 
STA       970007764 10  4 cc  kf    -     -         1735   20    0 
STA       970007830 10  3 c   c     c     k         1715   40    0 Qh Js
STA       970007878 10  2 Bk  b     b     kc        1675   60    0 9s Kh
STA       970007927 10  1 Bf  -     -     -         1615    5    0 
STA       970007981 10 10 f   -     -     -         1610    0    0 
STA       970008035 10  9 c   b     k     f         1610   20    0 
STA       970008077 10  8 f   -     -     -         1590    0    0 
STA       970008146 10  7 Q   -     -     -         1590    0    0 
STA       970011187  7  2 Bc  k     k     k         1590   20    0 Th 8s
STA       970011213  7  1 Bc  b     -     -         1570   20   50 
STA       970011230  7  7 f   -     -     -         1600    0    0 
STA       970011287  8  7 KQ  -     -     -         1600    0    0 
STA       970098516 10  6 r   b     kc    kf        1600   60    0 
STA       970098605 10  5 f   -     -     -         1540    0    0 
STA       970098657 10  4 f   -     -     -         1540    0    0 
STA       970098709 10  3 f   -     -     -         1540    0    0 
STA       970098789 10  2 Bf  -     -     -         1540   10    0 
STA       970098905 10  1 Bf  -     -     -         1530    5    0 
STA       970098971 10 10 r   rc    c     f         1525   70    0 
STA       970099084 10  9 f   -     -     -         1455    0    0 
STA       970099199 10  8 f   -     -     -         1455    0    0 
STA       970099242 10  7 f   -     -     -         1455    0    0 
STA       970099279 10  6 f   -     -     -         1455    0    0 
STA       970099343 10  5 c   b     kc    bf        1455   60    0 
STA       970099401 10  4 f   -     -     -         1395    0    0 
STA       970099532 10  3 f   -     -     -         1395    0    0 
STA       970099588 10  2 Bk  k     k     k         1395   10    0 9h 2c
STA       970099663 10  1 Bf  -     -     -         1385    5    0 
STA       970099697 10 10 r   bc    f     -         1380   40    0 
STA       970099789 10  9 cc  f     -     -         1340   30    0 
STA       970099954 10  8 f   -     -     -         1310    0    0 
STA       970100093 10  7 f   -     -     -         1310    0    0 
STA       970100153 10  6 c   f     -     -         1310   10    0 
STA       970100238 10  5 c   kc    k     kf        1300   20    0 
STA       970100338 10  4 f   -     -     -         1280    0    0 
STA       970100421 10  3 f   -     -     -         1280    0    0 
STA       970100544 10  2 Bc  KQ    -     -         1280   20    0 
STA       970269483  9  1 Bf  -     -     -         1260    5    0 
STA       970269529 10 10 f   -     -     -         1255    0    0 
STA       970269590 10  9 cc  k     f     -         1255   20    0 
STA       970269666 10  8 f   -     -     -         1235    0    0 
STA       970269778 10  7 f   -     -     -         1235    0    0 
STA       970269840 10  6 c   rc    kc    kc        1235   80  290 As 3d
STA       970269915 10  5 f   -     -     -         1445    0    0 
STA       970270006 10  4 c   b     b     k         1445   40    0 Qh 9c
STA       970270067 10  3 f   -     -     -         1405    0    0 
STA       970270114 10  2 Bk  kf    -     -         1405   10    0 
STA       970270212 10  1 Bc  bc    kf    -         1395   40    0 
STA       970270268 10 10 f   -     -     -         1355    0    0 
STA       970270352 10  9 f   -     -     -         1355    0    0 
STA       970270459 10  8 f   -     -     -         1355    0    0 
STA       970270500 10  7 f   -     -     -         1355    0    0 
STA       970270560 10  6 f   -     -     -         1355    0    0 
STA       970270616 10  5 f   -     -     -         1355    0    0 
STA       970270676 10  4 f   -     -     -         1355    0    0 
STA       970270714 10  3 c   b     b     k         1355   40    0 5s 5c
STA       970270757 10  2 Bk  kf    -     -         1315   10    0 
STA       970270809 10  1 Bf  -     -     -         1305    5    0 
STA       970270859 10 10 c   f     -     -         1300   20    0 
STA       970270960 10  9 f   -     -     -         1280    0    0 
STA       970271022 10  8 f   -     -     -         1280    0    0 
STA       970271124 10  7 f   -     -     -         1280    0    0 
STA       970271208 10  6 c   k     f     -         1280   10    0 
STA       970271257 10  5 f   -     -     -         1270    0    0 
STA       970271341 10  4 c   kcc   kc    kf        1270   50    0 
STA       970271412 10  3 r   b     kc    k         1220   50    0 Kc Jh
STA       970271474 10  2 Bk  kf    -     -         1170   10    0 
STA       970271532 10  1 Bc  kf    -     -         1160   10    0 
STA       970271593 10 10 f   -     -     -         1150    0    0 
STA       970271650 10  9 c   r     c     r         1150  100  305 Ad Tc
STA       970271716 10  8 c   c     c     b         1355   60  180 Ks 9d
STA       970271770 10  7 c   f     -     -         1475   10    0 
STA       970271837 10  6 r   c     c     c         1465   70  147 Js Ah
STA       970271890 10  5 f   -     -     -         1542    0    0 
STA       970271952 10  4 f   -     -     -         1542    0    0 
STA       970271998 10  3 f   -     -     -         1542    0    0 
STA       970272059 10  2 Bk  c     c     k         1542   40    0 3d 4d
STA       970272164  9  1 BQ  -     -     -         1502    5    0 
