STA       953163512  7  3 c   kf    -     -         3391   20    0 
STA       953163532  7  2 Bc  kf    -     -         3371   40    0 
STA       953163549  8  1 Bf  -     -     -         3331   10    0 
STA       953163565  8  8 f   -     -     -         3321    0    0 
STA       953163585  8  7 f   -     -     -         3321    0    0 
STA       953163619  8  6 f   -     -     -         3321    0    0 
STA       953163670  8  5 f   -     -     -         3321    0    0 
STA       953163709  8  4 f   -     -     -         3321    0    0 
STA       953163736  8  3 f   -     -     -         3321    0    0 
STA       953163764  8  2 Bc  kf    -     -         3321   40    0 
STA       953163790  8  1 Bf  -     -     -         3281   10    0 
STA       953163820  8  8 c   rc    c     f         3271  120    0 
STA       953163861  8  7 f   -     -     -         3151    0    0 
STA       953163940  9  7 cf  -     -     -         3151   20    0 
STA       953163965  9  6 f   -     -     -         3131    0    0 
STA       953163993  9  5 f   -     -     -         3131    0    0 
STA       953164034  9  4 r   b     b     b         3131  140  450 Kd As
STA       953164065  9  3 f   -     -     -         3441    0    0 
STA       953164131  9  1 Bf  -     -     -         3441   20    0 
STA       953164224 10  1 Bf  -     -     -         3421   10    0 
STA       953164295  9  9 cc  c     c     f         3411  100    0 
STA       953164345  9  8 f   -     -     -         3311    0    0 
STA       953164389  9  8 cc  c     f     -         3311   60    0 
STA       953164428 10  7 c   k     f     -         3251   20    0 
STA       953164488 10  6 c   kc    kc    k         3231   80    0 2d 3d
STA       953164544 10  5 f   -     -     -         3151    0    0 
STA       953164624 10  4 f   -     -     -         3151    0    0 
STA       953164694 10  3 f   -     -     -         3151    0    0 
STA       953164717 10  2 Bk  kc    kc    k         3151   80    0 3c Kd
STA       953164768 10  1 Bc  kc    kf    -         3071   40    0 
STA       953164808 10 10 c   b     b     -         3031   80  150 
STA       953164832 10  9 c   b     k     f         3101   40    0 
STA       953164874 10  8 c   k     c     f         3061   60    0 
STA       953164904 10  7 f   -     -     -         3001    0    0 
STA       953164939 10  6 r   b     k     b         3001  100  270 7s Ad
STA       953164975 10  5 f   -     -     -         3171    0    0 
STA       953165040 10  4 f   -     -     -         3171    0    0 
STA       953165072 10  3 f   -     -     -         3171    0    0 
STA       953165102 10  2 Bk  kf    -     -         3171   20    0 
STA       953165144 10  1 Bf  -     -     -         3151   10    0 
STA       953165175 10 10 f   -     -     -         3141    0    0 
STA       953165203 10  9 f   -     -     -         3141    0    0 
STA       953165238 10  8 f   -     -     -         3141    0    0 
STA       953165264 10  7 f   -     -     -         3141    0    0 
STA       953165283 10  6 f   -     -     -         3141    0    0 
STA       953165346 10  5 f   -     -     -         3141    0    0 
STA       953165389 10  4 f   -     -     -         3141    0    0 
STA       953165438 10  3 f   -     -     -         3141    0    0 
STA       953165493 10  2 Bk  k     kf    -         3141   20    0 
STA       953165562 10  1 Bc  k     kc    k         3121   60    0 8h Kc
STA       953165637 10 10 f   -     -     -         3061    0    0 
STA       953165696 10  9 cc  c     k     f         3061   60    0 
STA       953165773 10  8 f   -     -     -         3001    0    0 
STA       953165802  9  7 f   -     -     -         3001    0    0 
STA       953165844 10  6 c   k     k     k         3001   20    0 5d Ad
STA       953165883 10  5 r   bc    b     b         2981  160  480 
STA       953165931 10  4 f   -     -     -         3301    0    0 
STA       953165974 10  3 f   -     -     -         3301    0    0 
STA       953166025 10  2 Bc  kc    kf    -         3301   60    0 
STA       953166060 10  1 Bc  kf    -     -         3241   20    0 
STA       953166093 10 10 f   -     -     -         3221    0    0 
STA       953166113 10  9 f   -     -     -         3221    0    0 
STA       953166161 10  8 c   c     f     -         3221   40    0 
STA       953166206 10  7 f   -     -     -         3181    0    0 
STA       953166250 10  6 f   -     -     -         3181    0    0 
STA       953166301 10  5 f   -     -     -         3181    0    0 
STA       953166338 10  4 cc  kf    -     -         3181   40    0 
STA       953166390 10  3 f   -     -     -         3141    0    0 
STA       953166411 10  2 Bc  b     b     k         3141  100  380 Ah 5h
STA       953166481 10  1 Bc  kc    kc    kf        3421   80    0 
STA       953166545 10 10 f   -     -     -         3341    0    0 
STA       953166582 10  9 f   -     -     -         3341    0    0 
STA       953166659 10  8 f   -     -     -         3341    0    0 
STA       953166728 10  7 f   -     -     -         3341    0    0 
STA       953166771 10  6 f   -     -     -         3341    0    0 
STA       953166809 10  5 r   b     b     b         3341  140  350 
STA       953166848 10  4 f   -     -     -         3551    0    0 
STA       953166886 10  3 f   -     -     -         3551    0    0 
STA       953166963 10  2 Bf  -     -     -         3551   20    0 
STA       953166999 10  1 Bc  kc    kc    kf        3531   80    0 
STA       953167064 10 10 c   b     b     k         3451   80    0 9d Ks
STA       953167111 10  9 c   rc    c     c         3371  160    0 4h Th
STA       953167168 10  8 f   -     -     -         3211    0    0 
STA       953167221 10  7 f   -     -     -         3211    0    0 
STA       953167251 10  6 r   b     k     k         3211   60  220 9h Th
STA       953167302 10  5 f   -     -     -         3371    0    0 
STA       953167456  9  4 f   -     -     -         3371    0    0 
STA       953167522 10  3 f   -     -     -         3371    0    0 
STA       953167551 10  2 Bk  f     -     -         3371   20    0 
STA       953167603 10  1 Bf  -     -     -         3351   10    0 
STA       953167632 10 10 c   k     k     k         3341   20    0 Ks 4s
STA       953167680 10  9 f   -     -     -         3321    0    0 
STA       953167728 10  8 c   kf    -     -         3321   20    0 
STA       953167806 10  7 c   c     c     r         3301  160  510 Kh Ts
STA       953167901 10  6 f   -     -     -         3651    0    0 
STA       953167943 10  5 f   -     -     -         3651    0    0 
STA       953168049 10  4 c   bcc   k     bcc       3651  200    0 Th Ac
STA       953168120 10  3 f   -     -     -         3451    0    0 
STA       953168183 10  2 Bcc k     b     b         3451  140  480 
STA       953168292 10  1 Bc  k     k     k         3791   20    0 Th Jh
STA       953168345 10 10 f   -     -     -         3771    0    0 
STA       953168406 10  9 c   r     k     k         3771   60    0 8h 5h
STA       953168444  9  7 f   -     -     -         3711    0    0 
STA       953168495  9  6 f   -     -     -         3711    0    0 
STA       953168526  9  5 f   -     -     -         3711    0    0 
STA       953168536  9  4 f   -     -     -         3711    0    0 
STA       953168565  9  3 f   -     -     -         3711    0    0 
STA       953168601  9  2 Bk  kf    -     -         3711   20    0 
STA       953168627  8  1 Bc  b     -     -         3691   40   60 
STA       953168639  8  8 f   -     -     -         3711    0    0 
STA       953168670  8  7 f   -     -     -         3711    0    0 
STA       953168706  8  6 f   -     -     -         3711    0    0 
STA       953168723  8  5 f   -     -     -         3711    0    0 
STA       953168761  9  5 c   c     b     -         3711   80  170 
STA       953168790  9  4 f   -     -     -         3801    0    0 
STA       953168808 10  4 f   -     -     -         3801    0    0 
STA       953168839 10  3 c   bc    bc    k         3801  140    0 Ac Th
STA       953168883 10  2 Bf  -     -     -         3661   20    0 
STA       953168894 10  1 Bc  kf    -     -         3641   40    0 
STA       953168950 10 10 f   -     -     -         3601    0    0 
STA       953168990 10  9 c   b     k     b         3601   80  180 
STA       953169037 10  8 f   -     -     -         3701    0    0 
STA       953169098 10  7 c   k     k     k         3701   20    0 9s 7d
STA       953169147 10  6 f   -     -     -         3681    0    0 
STA       953169194 10  5 f   -     -     -         3681    0    0 
STA       953169230 10  4 f   -     -     -         3681    0    0 
STA       953169280 10  3 f   -     -     -         3681    0    0 
STA       953169352  9  2 Br  kc    kf    -         3681   60    0 
STA       953169391  9  1 Bc  kf    -     -         3621   20    0 
STA       953169436  9  9 f   -     -     -         3601    0    0 
STA       953169472 10  9 f   -     -     -         3601    0    0 
STA       953169509 10  8 f   -     -     -         3601    0    0 
STA       953169549 10  7 c   k     f     -         3601   20    0 
STA       953169595 10  6 c   k     f     -         3581   20    0 
STA       953169625 10  5 f   -     -     -         3561    0    0 
STA       953169658 10  4 f   -     -     -         3561    0    0 
STA       953169710 10  3 c   k     k     k         3561   20   90 9c 9h
STA       953169746 10  2 Bk  brc   kc    kf        3631  140    0 
STA       953169793 10  1 Bc  kf    -     -         3491   20    0 
STA       953169831 10 10 c   f     -     -         3471   20    0 
STA       953169875 10  9 cc  c     k     f         3451   60    0 
STA       953169952 10  8 c   c     c     k         3391   80    0 As 4c
STA       953169996 10  7 f   -     -     -         3311    0    0 
STA       953170030  9  6 f   -     -     -         3311    0    0 
STA       953170044  9  5 c   b     b     b         3311  120  360 8c Kc
STA       953170089  9  4 c   k     f     -         3551   20    0 
STA       953170126  9  3 f   -     -     -         3531    0    0 
STA       953170189  9  2 Bf  -     -     -         3531   20    0 
STA       953170224  9  1 Bc  kf    -     -         3511   20    0 
STA       953170245  9  9 f   -     -     -         3491    0    0 
STA       953170283  9  8 c   c     f     -         3491   60    0 
STA       953170336  9  7 f   -     -     -         3431    0    0 
STA       953170365  9  6 f   -     -     -         3431    0    0 
STA       953170426  8  4 f   -     -     -         3431    0    0 
STA       953170460  9  4 f   -     -     -         3431    0    0 
STA       953170483  9  3 f   -     -     -         3431    0    0 
STA       953170533  9  2 Bk  k     kf    -         3431   20    0 
STA       953170554  8  1 Bc  kf    -     -         3411   20    0 
STA       953170616  8  8 f   -     -     -         3391    0    0 
STA       953170628  8  7 f   -     -     -         3391    0    0 
STA       953170666  8  6 f   -     -     -         3391    0    0 
STA       953170718  8  5 c   b     -     -         3391   40   80 
STA       953170752  7  3 c   kf    -     -         3431   20    0 
STA       953170772  7  2 Bk  c     f     -         3411   40    0 
STA       953170793  8  1 Bc  kf    -     -         3371   40    0 
STA       953170829  8  8 f   -     -     -         3331    0    0 
STA       953170848  8  7 f   -     -     -         3331    0    0 
STA       953170880  8  6 f   -     -     -         3331    0    0 
STA       953170904  8  5 f   -     -     -         3331    0    0 
STA       953170959  8  4 f   -     -     -         3331    0    0 
STA       953170996  8  3 cc  f     -     -         3331   60    0 
STA       953171041  8  2 Br  k     b     k         3271   80  320 Ad Qc
STA       953171103  9  1 Bcc kc    kc    kc        3511  200    0 Qc Ah
STA       953171145  9  9 c   k     k     k         3311   20    0 Ad Tc
STA       953171196  8  7 r   b     k     k         3291   60   90 Ad Js
STA       953171228  7  5 f   -     -     -         3321    0    0 
STA       953171293  7  4 r   b     k     k         3321   60  140 Th Tc
STA       953171320  7  3 f   -     -     -         3401    0    0 
STA       953171352  6  2 Bk  kf    -     -         3401   20    0 
STA       953171380  6  1 Bf  -     -     -         3381   10    0 
STA       953171413  6  6 c   k     f     -         3371   20    0 
STA       953171466  7  6 c   c     k     b         3351   80  250 Td 8s
STA       953171560  7  5 f   -     -     -         3521    0    0 
STA       953171584  7  4 f   -     -     -         3521    0    0 
STA       953171621  7  3 f   -     -     -         3521    0    0 
STA       953171665  7  2 Bk  k     kf    -         3521   20    0 
STA       953171702  7  1 Bc  k     k     k         3501   20    0 9d Qh
STA       953171741  8  8 f   -     -     -         3481    0    0 
STA       953171800  8  7 c   f     -     -         3481   20    0 
STA       953171868  8  6 c   f     -     -         3461   20    0 
STA       953171918  8  5 c   k     f     -         3441   20    0 
STA       953171966  8  4 f   -     -     -         3421    0    0 
STA       953172028  8  3 f   -     -     -         3421    0    0 
STA       953172077  8  2 Bk  kf    -     -         3421   20    0 
STA       953172142  8  1 Bf  -     -     -         3401   10    0 
STA       953172177  7  7 c   f     -     -         3391   20    0 
STA       953172224  7  6 f   -     -     -         3371    0    0 
STA       953172253  8  6 c   k     f     -         3371   20    0 
STA       953172343  8  5 f   -     -     -         3351    0    0 
STA       953172370  8  4 f   -     -     -         3351    0    0 
STA       953172413  8  3 f   -     -     -         3351    0    0 
STA       953172445  9  2 Bk  kf    -     -         3351   20    0 
STA       953172496  9  1 Bc  k     k     k         3331   20    0 Ks 9h
STA       953172537  9  9 r   b     b     -         3311  100  210 
STA       953172564  9  8 c   f     -     -         3421   20    0 
STA       953172641  9  7 c   f     -     -         3401   20    0 
STA       953172727 10  7 f   -     -     -         3381    0    0 
STA       953172781 10  6 rc  c     f     -         3381  100    0 
STA       953172903 10  5 c   b     k     k         3281   40  180 As 3c
STA       953172969 10  4 cc  bc    c     cf        3421  160    0 
STA       953173070 10  3 rc  kc    kcQ   -         3261  120    0 
STA       953321512  7  2 Bf  -     -     -         3141   20    0 
STA       953321561  7  1 Bf  -     -     -         3121   10    0 
STA       953321592  8  8 c   b     k     k         3111   40  120 9c Kc
STA       953321635  7  6 c   f     -     -         3191   20    0 
STA       953321660  7  6 f   -     -     -         3171    0    0 
STA       953321670  8  5 c   c     c     k         3171   80    0 7s Ts
STA       953321702  8  4 rc  k     kc    kc        3091  140    0 Qh Qc
STA       953321746  8  3 f   -     -     -         2951    0    0 
STA       953321792  8  2 Bk  f     -     -         2951   20    0 
STA       953321813  7  1 Bc  b     -     -         2931   40   80 
STA       953321834  7  7 c   f     -     -         2971   20    0 
STA       953321853  7  6 f   -     -     -         2951    0    0 
STA       953321872  7  5 r   b     b     -         2951  100  170 
STA       953321892  7  4 c   b     -     -         3021   40  100 
STA       953321907  7  3 r   -     -     -         3081   40   70 
STA       953321919  8  2 Bk  kc    k     kf        3111   40    0 
STA       953321949  9  1 Bc  kr    b     b         3071  140  520 3d 3c
STA       953322009  9  9 cc  f     -     -         3451   40    0 
STA       953322082 10  9 cc  kf    -     -         3411   40    0 
STA       953322129 10  8 c   cc    kc    k         3371  100    0 8h 7h
STA       953322185 10  7 f   -     -     -         3271    0    0 
STA       953322229 10  6 f   -     -     -         3271    0    0 
STA       953322266 10  5 f   -     -     -         3271    0    0 
STA       953322344 10  4 f   -     -     -         3271    0    0 
STA       953322398 10  3 c   b     k     bc        3271  120    0 Ah 7h
STA       953322447  9  1 Bk  kf    -     -         3151   20    0 
STA       953322520 10  1 Bc  kf    -     -         3131   20    0 
STA       953322548 10 10 f   -     -     -         3111    0    0 
STA       953322595  9  9 rc  cc    c     c         3111  180    0 Js As
STA       953322649  8  7 cc  kf    -     -         2931   40    0 
STA       953322697 10  6 r   b     b     k         2891  100  320 Js Qc
STA       953322738 10  6 r   c     f     -         3111   80    0 
STA       953322815 10  4 c   k     b     b         3031  100  210 
STA       953322862 10  3 f   -     -     -         3141    0    0 
STA       953322918 10  2 Bk  f     -     -         3141   20    0 
STA       953322964 10  1 Bc  kf    -     -         3121   20    0 
STA       953323001  9  9 f   -     -     -         3101    0    0 
STA       953323018  9  8 f   -     -     -         3101    0    0 
STA       953323054  9  7 f   -     -     -         3101    0    0 
STA       953323120  9  6 f   -     -     -         3101    0    0 
STA       953323194 10  5 f   -     -     -         3101    0    0 
STA       953323225 10  4 f   -     -     -         3101    0    0 
STA       953323242 10  3 f   -     -     -         3101    0    0 
STA       953323277 10  2 Bk  kf    -     -         3101   20    0 
STA       953323298 10  1 Bc  kf    -     -         3081   20    0 
STA       953323342 10 10 c   k     k     k         3061   20   35 Kd 8d
STA       953323435 10  9 c   f     -     -         3076   20    0 
STA       953323460 10  8 c   f     -     -         3056   20    0 
STA       953323520 10  7 f   -     -     -         3036    0    0 
STA       953323554 10  6 c   cc    kc    kf        3036  100    0 
STA       953323640  9  4 cc  r     bc    c         2936  200  500 4h 5h
STA       953323691  9  3 f   -     -     -         3236    0    0 
STA       953323723 10  2 Bf  -     -     -         3236   20    0 
STA       953323765 10  1 Bf  -     -     -         3216   10    0 
STA       953323806 10 10 c   k     c     b         3206  100  270 7h 3h
STA       953323882 10  9 fQ  -     -     -         3376    0    0 
STA       953595170  9  5 f   -     -     -         4068    0    0 
STA       953595229 10  4 f   -     -     -         4068    0    0 
STA       953595284  9  3 cc  kf    -     -         4068   40    0 
STA       953595335  9  2 Bc  kf    -     -         4028   40    0 
STA       953595380 10  1 Bf  -     -     -         3988   10    0 
STA       953595405 10 10 f   -     -     -         3978    0    0 
STA       953595435  8  8 r   r     k     k         3978  100  260 Qc Qs
STA       953595464  9  8 f   -     -     -         4138    0    0 
STA       953595513 10  7 c   c     f     -         4138   40    0 
STA       953595555 10  6 cc  bc    kc    b         4098  160  430 Kc Tc
STA       953595593  8  4 rc  bc    b     -         4368  140  320 
STA       953595619  8  4 ccc f     -     -         4548   80    0 
STA       953595655  8  3 f   -     -     -         4468    0    0 
STA       953595676  8  2 Bf  -     -     -         4468   20    0 
STA       953595696  8  1 Bc  kf    -     -         4448   20    0 
STA       953595723  7  7 c   b     -     -         4428   40   60 
STA       953595741  7  7 f   -     -     -         4448    0    0 
STA       953595753  7  6 f   -     -     -         4448    0    0 
STA       953595786  7  5 f   -     -     -         4448    0    0 
STA       953595815  7  4 f   -     -     -         4448    0    0 
STA       953595840  7  3 f   -     -     -         4448    0    0 
STA       953595861  7  2 Bk  kc    kc    kc        4448  120  260 Ts Jc
STA       953595889  8  1 Bf  -     -     -         4588   10    0 
STA       953595928  8  8 c   f     -     -         4578   40    0 
STA       953595978  8  7 f   -     -     -         4538    0    0 
STA       953595994  9  7 c   rc    c     c         4538  160    0 Kd 9s
STA       953596028  9  6 c   f     -     -         4378   40    0 
STA       953596069  9  5 r   b     b     b         4338  140  390 
STA       953596112  9  4 r   c     c     r         4588  180  380 Ks Ah
STA       953596146 10  3 cc  c     c     f         4788  100    0 
STA       953596213 10  2 Bc  k     f     -         4688   40    0 
STA       953596247  9  1 Bc  kc    kf    -         4648   40    0 
STA       953596277  9  9 c   k     f     -         4608   20    0 
STA       953596339  9  8 f   -     -     -         4588    0    0 
STA       953596395  9  7 f   -     -     -         4588    0    0 
STA       953596433 10  7 c   bc    b     b         4588  160  310 
STA       953596461 10  6 f   -     -     -         4738    0    0 
STA       953596494 10  5 f   -     -     -         4738    0    0 
STA       953596516 10  4 f   -     -     -         4738    0    0 
STA       953596557  9  3 f   -     -     -         4738    0    0 
STA       953596607  9  2 Bc  krc   kc    kc        4738  180  470 8s 7d
STA       953596659  8  1 Bcc bf    -     -         5028   60    0 
STA       953596686  8  8 r   b     f     -         4968   60    0 
STA       953596733  9  8 f   -     -     -         4908    0    0 
STA       953596769 10  8 f   -     -     -         4908    0    0 
STA       953596805 10  7 f   -     -     -         4908    0    0 
STA       953596849 10  6 cc  k     kc    b         4908  120    0 8s 7d
STA       953596889 10  5 f   -     -     -         4788    0    0 
STA       953596942 10  4 f   -     -     -         4788    0    0 
STA       953596976 10  3 f   -     -     -         4788    0    0 
STA       953597061 10  2 Bk  kc    c     k         4788  100  320 2c 5h
STA       953597114 10  1 Bf  -     -     -         5008   10    0 
STA       953597161 10 10 f   -     -     -         4998    0    0 
STA       953597206 10  9 f   -     -     -         4998    0    0 
STA       953597263 10  8 f   -     -     -         4998    0    0 
STA       953597319 10  7 c   f     -     -         4998   20    0 
STA       953597366 10  6 f   -     -     -         4978    0    0 
STA       953597420 10  5 f   -     -     -         4978    0    0 
STA       953597476 10  4 c   kf    -     -         4978   20    0 
STA       953597516 10  3 c   bc    kc    k         4958  100    0 Qd Js
STA       953597565 10  2 Bk  k     k     b         4858   60  110 
STA       953597629 10  1 Bc  k     k     kf        4908   20    0 
STA       953597708 10 10 f   -     -     -         4888    0    0 
STA       953597747 10  9 c   c     f     -         4888   40    0 
STA       953597818 10  8 f   -     -     -         4848    0    0 
STA       953597854 10  7 c   f     -     -         4848   20    0 
STA       953597913 10  6 f   -     -     -         4828    0    0 
STA       953597920 10  5 f   -     -     -         4828    0    0 
STA       953597961 10  4 f   -     -     -         4828    0    0 
STA       953598014 10  3 f   -     -     -         4828    0    0 
STA       953598049 10  2 Bk  kf    -     -         4828   20    0 
STA       953598101 10  1 Bf  -     -     -         4808   10    0 
STA       953598141 10 10 f   -     -     -         4798    0    0 
STA       953598170 10  9 f   -     -     -         4798    0    0 
STA       953598175 10  8 r   b     kf    -         4798   60    0 
STA       953598196 10  7 c   k     f     -         4738   20    0 
STA       953598235 10  6 cc  kc    b     -         4718  100  210 
STA       953598256 10  5 cc  f     -     -         4828   40    0 
STA       953598295 10  4 f   -     -     -         4788    0    0 
STA       953598336 10  3 f   -     -     -         4788    0    0 
STA       953598385 10  2 Bk  kf    -     -         4788   20    0 
STA       953598422 10  1 Bf  -     -     -         4768   10    0 
STA       953598458 10 10 f   -     -     -         4758    0    0 
STA       953598487 10  9 f   -     -     -         4758    0    0 
STA       953598497 10  8 c   kc    k     c         4758   80    0 Th Js
STA       953598549 10  7 f   -     -     -         4678    0    0 
STA       953598564 10  6 f   -     -     -         4678    0    0 
STA       953598593 10  5 c   kc    k     b         4678   80  190 
STA       953598642 10  4 f   -     -     -         4788    0    0 
STA       953598662 10  3 f   -     -     -         4788    0    0 
STA       953598686 10  2 Bk  kf    -     -         4788   20    0 
STA       953598720 10  1 Bc  kc    b     bc        4768  160  340 7c 8d
STA       953598747 10 10 c   f     -     -         4948   20    0 
STA       953598790 10  9 c   f     -     -         4928   20    0 
STA       953598819 10  9 f   -     -     -         4908    0    0 
STA       953598835 10  7 f   -     -     -         4908    0    0 
STA       953598906 10  6 c   b     k     k         4908   60    0 Ad Tc
STA       953598931 10  5 f   -     -     -         4848    0    0 
STA       953598949 10  4 c   k     k     k         4848   20    0 Qc Js
STA       953598968 10  3 c   f     -     -         4828   20    0 
STA       953598995 10  2 Bk  kf    -     -         4808   20    0 
STA       953599041 10  1 Bf  -     -     -         4788   10    0 
STA       953599071 10 10 c   k     k     f         4778   20    0 
STA       953599126 10  9 f   -     -     -         4758    0    0 
STA       953599154 10  8 f   -     -     -         4758    0    0 
STA       953599217 10  7 f   -     -     -         4758    0    0 
STA       953599252 10  7 c   k     k     k         4758   20  100 3c 3s
STA       953599284 10  5 r   -     -     -         4838   40   70 
STA       953599297 10  4 r   -     -     -         4868   40   70 
STA       953599306 10  3 f   -     -     -         4898    0    0 
STA       953599343 10  2 Bk  krf   -     -         4898   60    0 
STA       953599379 10  1 Bc  bc    kc    k         4838  100  260 6c Ah
STA       953599404 10 10 c   b     k     f         4998   40    0 
STA       953599432 10  9 c   f     -     -         4958   40    0 
STA       953599457 10  8 f   -     -     -         4918    0    0 
STA       953599502 10  7 c   f     -     -         4918   20    0 
STA       953599553 10  6 c   f     -     -         4898   20    0 
STA       953599589 10  5 c   f     -     -         4878   20    0 
STA       953599640 10  4 c   b     kc    kf        4858   80    0 
STA       953599679 10  3 f   -     -     -         4778    0    0 
STA       953599706 10  2 Bf  -     -     -         4778   20    0 
STA       953599739 10  1 Bf  -     -     -         4758   10    0 
STA       953599764 10 10 f   -     -     -         4748    0    0 
STA       953599782 10  9 f   -     -     -         4748    0    0 
STA       953599825 10  8 f   -     -     -         4748    0    0 
STA       953599878 10  7 f   -     -     -         4748    0    0 
STA       953599915 10  6 f   -     -     -         4748    0    0 
STA       953599946 10  5 f   -     -     -         4748    0    0 
STA       953599990 10  4 f   -     -     -         4748    0    0 
STA       953600031 10  3 f   -     -     -         4748    0    0 
STA       953600071 10  2 Bf  -     -     -         4748   20    0 
STA       953600114 10  1 Bf  -     -     -         4728   10    0 
STA       953600144 10 10 f   -     -     -         4718    0    0 
STA       953600203 10  9 r   k     b     k         4718   80  230 Kd Kh
STA       953600239 10  8 c   c     b     b         4868  120  300 
STA       953600298  9  6 fQ  -     -     -         5048    0    0 
STA       953851519 10  3 f   -     -     -         5663    0    0 
STA       953851566  9  2 Bf  -     -     -         5663   20    0 
STA       953851578  9  1 Bf  -     -     -         5643   10    0 
STA       953851611  9  9 f   -     -     -         5633    0    0 
STA       953851678 10  9 f   -     -     -         5633    0    0 
STA       953851746 10  8 f   -     -     -         5633    0    0 
STA       953851788 10  7 c   b     k     b         5633   80  230 As Tc
STA       953851835 10  6 f   -     -     -         5783    0    0 
STA       953851916 10  5 f   -     -     -         5783    0    0 
STA       953851985  9  3 f   -     -     -         5783    0    0 
STA       953852044  8  2 Bk  kf    -     -         5783   20    0 
STA       953852116  8  1 Bc  k     k     k         5763   20    0 Jh Tc
STA       953852143  7  7 c   b     b     k         5743   80  180 4s 6s
STA       953852187  7  7 f   -     -     -         5843    0    0 
STA       953852243  6  5 f   -     -     -         5843    0    0 
STA       953852289  6  5 f   -     -     -         5843    0    0 
STA       953852316  6  4 f   -     -     -         5843    0    0 
STA       953852341  5  2 Bk  b     -     -         5843   40   60 
STA       953852353  4  1 Bcc k     bc    kc        5863  160    0 Qs Kd
STA       953852388  4  4 f   -     -     -         5703    0    0 
STA       953852404  4  3 r   b     b     b         5703  140  300 Ks Jd
STA       953852422  3  1 Bc  kc    kf    -         5863   60    0 
STA       953852443  3  1 Bc  Q     -     -         5803   20    0 
STA       953925920  7  2 Bk  f     -     -         5573   20    0 
STA       953925948  7  1 Bc  k     k     k         5553   20   60 8s Ac
STA       953925981  8  8 f   -     -     -         5593    0    0 
STA       953926004  7  6 f   -     -     -         5593    0    0 
STA       953926031  7  5 f   -     -     -         5593    0    0 
STA       953926058  7  4 f   -     -     -         5593    0    0 
STA       953926092  7  3 f   -     -     -         5593    0    0 
STA       953926121  7  2 Bf  -     -     -         5593   20    0 
STA       953926144  8  1 Bf  -     -     -         5573   10    0 
STA       953926177  8  8 c   k     k     c         5563   60   80 9h Ad
STA       953926231  9  8 f   -     -     -         5583    0    0 
STA       953926285  9  7 f   -     -     -         5583    0    0 
STA       953926352 10  7 c   f     -     -         5583   20    0 
STA       953926388 10  6 cc  kc    kc    k         5563  100    0 6s 6c
STA       953926469 10  5 f   -     -     -         5463    0    0 
STA       953926499 10  4 rc  bc    kc    kf        5463  140    0 
STA       953926544 10  3 f   -     -     -         5323    0    0 
STA       953926585 10  2 Bf  -     -     -         5323   20    0 
STA       953926638 10  1 Bc  k     kc    kc        5303  100  260 Ks Jd
STA       953926710  9  9 c   c     f     -         5463   40    0 
STA       953926754  8  7 c   f     -     -         5423   20    0 
STA       953926782 10  8 c   kf    -     -         5403   20    0 
STA       953926860 10  7 f   -     -     -         5383    0    0 
STA       953926917 10  6 rc  bc    r     b         5383  220  590 Tc Ac
STA       953926974 10  5 f   -     -     -         5753    0    0 
STA       953927024 10  4 f   -     -     -         5753    0    0 
STA       953927099  9  2 Bk  kQ    -     -         5753   20    0 
STA       953927873  8  5 f   -     -     -         5733    0    0 
STA       953927936  8  4 f   -     -     -         5733    0    0 
STA       953928003  8  3 f   -     -     -         5733    0    0 
STA       953928057  8  2 Bk  kf    -     -         5733   20    0 
STA       953928128  9  1 Bc  k     kf    -         5713   20    0 
STA       953928168  8  8 cc  c     c     f         5693  100    0 
STA       953928229 10  9 f   -     -     -         5593    0    0 
STA       953928323 10  8 f   -     -     -         5593    0    0 
STA       953928355  9  6 f   -     -     -         5593    0    0 
STA       953928431  9  5 f   -     -     -         5593    0    0 
STA       953928510  9  5 c   b     k     k         5593   40    0 4c 3c
STA       953928582 10  5 f   -     -     -         5553    0    0 
STA       953928664  9  3 f   -     -     -         5553    0    0 
STA       953928710  9  2 Bf  -     -     -         5553   20    0 
STA       953928751  9  1 Bc  b     b     -         5533   80  200 
STA       953928823 10 10 c   f     -     -         5653   20    0 
STA       953928884  8  7 r   r     k     kc        5633  120  440 Jh Jc
STA       953928938  8  7 f   -     -     -         5953    0    0 
STA       953928987  7  5 f   -     -     -         5953    0    0 
STA       953929035  7  4 f   -     -     -         5953    0    0 
STA       953929095  8  5 f   -     -     -         5953    0    0 
STA       953929154  7  3 f   -     -     -         5953    0    0 
STA       953929204  7  2 Bk  kf    -     -         5953   20    0 
STA       953929236  7  1 Bf  -     -     -         5933   10    0 
STA       953929271  7  7 f   -     -     -         5923    0    0 
STA       953929303  7  6 f   -     -     -         5923    0    0 
STA       953929352  6  5 f   -     -     -         5923    0    0 
STA       953929377  6  4 c   c     k     k         5923   40    0 2h Th
STA       953929432  6  3 f   -     -     -         5883    0    0 
STA       953929495  6  2 Bf  -     -     -         5883   20    0 
STA       953929516  7  1 Bf  -     -     -         5863   10    0 
STA       953929550  8  8 f   -     -     -         5853    0    0 
STA       953929586  8  7 f   -     -     -         5853    0    0 
STA       953929619  8  6 f   -     -     -         5853    0    0 
STA       953929673  7  5 c   kf    -     -         5853   20    0 
STA       953929738  5  3 f   -     -     -         5833    0    0 
STA       953929741  5  2 Bk  kf    -     -         5833   20    0 
STA       953929764  5  1 BQ  -     -     -         5813   10    0 
STA       954195238  9  6 c   f     -     -         5783   20    0 
STA       954195272  9  5 f   -     -     -         5763    0    0 
STA       954195300  9  4 f   -     -     -         5763    0    0 
STA       954195337  9  3 f   -     -     -         5763    0    0 
STA       954195379  9  2 Bf  -     -     -         5763   20    0 
STA       954195439  9  1 Bc  kf    -     -         5743   20    0 
STA       954195472  8  8 c   k     c     k         5723   60    0 4s 5s
STA       954195511  8  7 f   -     -     -         5663    0    0 
STA       954195567  8  6 f   -     -     -         5663    0    0 
STA       954195585  8  5 f   -     -     -         5663    0    0 
STA       954195625  8  4 f   -     -     -         5663    0    0 
STA       954195652  8  3 f   -     -     -         5663    0    0 
STA       954195687  8  2 Bc  kf    -     -         5663   40    0 
STA       954195731  8  1 Bf  -     -     -         5623   10    0 
STA       954195746  8  8 c   k     c     k         5613   60    0 Jh Kc
STA       954195781  9  8 f   -     -     -         5553    0    0 
STA       954195811  9  7 c   k     k     k         5553   20    0 9h Jh
STA       954195865  9  7 f   -     -     -         5533    0    0 
STA       954195903  9  6 f   -     -     -         5533    0    0 
STA       954195916  9  5 f   -     -     -         5533    0    0 
STA       954195946  8  3 f   -     -     -         5533    0    0 
STA       954195963  8  2 Bc  cc    kf    -         5533   80    0 
STA       954196011  8  1 Bc  k     b     -         5453   80  140 
STA       954196042  8  8 f   -     -     -         5513    0    0 
STA       954196089  8  7 cc  f     -     -         5513   40    0 
STA       954196162  8  6 f   -     -     -         5473    0    0 
STA       954196213  9  5 c   bf    -     -         5473   60    0 
STA       954196240 10  5 f   -     -     -         5413    0    0 
STA       954196282 10  4 f   -     -     -         5413    0    0 
STA       954196356 10  3 f   -     -     -         5413    0    0 
STA       954196427 10  2 Bc  kf    -     -         5413   40    0 
STA       954196476 10  1 Bf  -     -     -         5373   10    0 
STA       954196527 10 10 f   -     -     -         5363    0    0 
STA       954196581 10  9 rc  r     c     c         5363  200    0 As Ac
STA       954196662 10  8 c   k     kf    -         5163   20    0 
STA       954196719  9  6 f   -     -     -         5143    0    0 
STA       954196764  9  5 f   -     -     -         5143    0    0 
STA       954196844  9  4 f   -     -     -         5143    0    0 
STA       954196902  9  4 f   -     -     -         5143    0    0 
STA       954196977  9  3 f   -     -     -         5143    0    0 
STA       954197013  9  2 Bk  kc    kf    -         5143   40    0 
STA       954197059  9  1 Bf  -     -     -         5103   10    0 
STA       954197096  9  9 c   k     k     f         5093   20    0 
STA       954197177 10  9 f   -     -     -         5073    0    0 
STA       954197240 10  8 f   -     -     -         5073    0    0 
STA       954197298 10  7 f   -     -     -         5073    0    0 
STA       954197344 10  6 f   -     -     -         5073    0    0 
STA       954197392 10  5 f   -     -     -         5073    0    0 
STA       954197463  9  3 f   -     -     -         5073    0    0 
STA       954197475  9  3 cc  rc    k     k         5073  100  450 9d 6d
STA       954197512  9  2 Bc  kf    -     -         5423   40    0 
STA       954197564  9  1 Bf  -     -     -         5383   10    0 
STA       954197618  9  9 c   f     -     -         5373   40    0 
STA       954197671  9  8 f   -     -     -         5333    0    0 
STA       954197724  9  7 f   -     -     -         5333    0    0 
STA       954197772 10  7 f   -     -     -         5333    0    0 
STA       954197791 10  6 c   c     c     c         5333  140  430 8h As
STA       954197852 10  5 f   -     -     -         5623    0    0 
STA       954197933 10  4 f   -     -     -         5623    0    0 
STA       954197968 10  3 c   r     cc    kc        5623  180    0 Qd Qc
STA       954198050 10  2 Bcc f     -     -         5443   80    0 
STA       954198091 10  1 Bc  kf    -     -         5363   20    0 
STA       954198151 10 10 c   k     f     -         5343   60    0 
STA       954198201 10  9 f   -     -     -         5283    0    0 
STA       954198268 10  8 c   c     c     f         5283  100    0 
STA       954198309 10  7 f   -     -     -         5183    0    0 
STA       954198366 10  6 cc  c     k     f         5183   60    0 
STA       954198439 10  5 f   -     -     -         5123    0    0 
STA       954198488 10  4 cc  kf    -     -         5123   40    0 
STA       954198517 10  3 f   -     -     -         5083    0    0 
STA       954198551 10  2 Bf  -     -     -         5083   20    0 
STA       954198598 10  1 Bf  -     -     -         5063   10    0 
STA       954198628 10 10 f   -     -     -         5053    0    0 
STA       954198674 10  9 f   -     -     -         5053    0    0 
STA       954198710 10  8 c   c     k     f         5053   60    0 
STA       954198734 10  3 Q   -     -     -         4993    0    0 
STA       954270582  9  3 f   -     -     -         4993    0    0 
STA       954270611  9  2 Bk  k     f     -         4993   20    0 
STA       954270641  9  1 Bc  kc    kf    -         4973   40    0 
STA       954270690  9  9 f   -     -     -         4933    0    0 
STA       954270731  9  8 f   -     -     -         4933    0    0 
STA       954270775  9  7 f   -     -     -         4933    0    0 
STA       954270807  9  6 cc  c     f     -         4933   60    0 
STA       954270861  9  5 f   -     -     -         4873    0    0 
STA       954270904 10  4 f   -     -     -         4873    0    0 
STA       954270986 10  3 f   -     -     -         4873    0    0 
STA       954271028 10  2 Bk  kf    -     -         4873   20    0 
STA       954271068 10  1 Bf  -     -     -         4853   10    0 
STA       954271087  9  9 f   -     -     -         4843    0    0 
STA       954271133  9  8 f   -     -     -         4843    0    0 
STA       954271180  9  7 f   -     -     -         4843    0    0 
STA       954271212  9  6 f   -     -     -         4843    0    0 
STA       954271249  9  5 f   -     -     -         4843    0    0 
STA       954271286  9  4 f   -     -     -         4843    0    0 
STA       954271318  9  3 f   -     -     -         4843    0    0 
STA       954271362  9  2 Bk  kf    -     -         4843   20    0 
STA       954271392  9  1 Bc  k     kf    -         4823   20    0 
STA       954271458  9  9 c   f     -     -         4803   40    0 
STA       954271500  9  8 c   b     k     f         4763   40    0 
STA       954271549  9  7 f   -     -     -         4723    0    0 
STA       954271605  8  5 cc  k     f     -         4723   40    0 
STA       954271649  9  5 c   bc    c     k         4683  100  300 9h Ac
STA       954271686  9  4 c   r     b     k         4883  100    0 8h Kh
STA       954271772 10  3 c   b     k     k         4783   40   50 8h Jh
STA       954271806 10  2 Bk  k     Q     -         4793   20    0 
