STA       964196970 10  7 f   -     -     -         2044    0    0 
STA       964197004 10  6 f   -     -     -         2044    0    0 
STA       964197107  9  5 f   -     -     -         2044    0    0 
STA       964197146  9  4 f   -     -     -         2044    0    0 
STA       964197183  9  3 f   -     -     -         2044    0    0 
STA       964197234  9  2 Bk  k     c     f         2044   30    0 
STA       964197263  9  1 Bf  -     -     -         2014    5    0 
STA       964197309  9  9 f   -     -     -         2009    0    0 
STA       964197344  9  8 f   -     -     -         2009    0    0 
STA       964197364  9  7 f   -     -     -         2009    0    0 
STA       964197412  8  6 f   -     -     -         2009    0    0 
STA       964197464  8  5 f   -     -     -         2009    0    0 
STA       964197517  8  4 c   rc    c     c         2009   80  170 Qs Qh
STA       964197560  8  2 Bf  -     -     -         2099   10    0 
STA       964197594  8  1 Bc  kf    -     -         2089   20    0 
STA       964197648  8  8 f   -     -     -         2069    0    0 
STA       964197677  7  6 f   -     -     -         2069    0    0 
STA       964197725  8  6 f   -     -     -         2069    0    0 
STA       964197755  7  5 c   b     k     f         2069   20    0 
STA       964197793  9  5 f   -     -     -         2049    0    0 
STA       964197830  9  4 c   k     f     -         2049   10    0 
STA       964197861  9  3 rc  k     k     kf        2039   30    0 
STA       964197912  9  2 Bk  k     k     kf        2009   10    0 
STA       964197958  9  1 Bc  k     kf    -         1999   10    0 
STA       964197985  9  9 f   -     -     -         1989    0    0 
STA       964198034 10  8 f   -     -     -         1989    0    0 
STA       964198071 10  7 f   -     -     -         1989    0    0 
STA       964198163 10  6 f   -     -     -         1989    0    0 
STA       964198233 10  5 f   -     -     -         1989    0    0 
STA       964198256 10  4 f   -     -     -         1989    0    0 
STA       964198297 10  3 f   -     -     -         1989    0    0 
STA       964198348 10  2 Bc  bc    kc    kc        1989   80    0 Qs Ts
STA       964198378 10  1 Bc  bc    k     k         1909   30  100 Qc 7s
STA       964198432 10 10 f   -     -     -         1979    0    0 
STA       964198465 10  9 f   -     -     -         1979    0    0 
STA       964198515 10  8 f   -     -     -         1979    0    0 
STA       964198546 10  8 f   -     -     -         1979    0    0 
STA       964198596 10  6 f   -     -     -         1979    0    0 
STA       964198668  9  5 f   -     -     -         1979    0    0 
STA       964198697  9  4 f   -     -     -         1979    0    0 
STA       964198754  9  3 f   -     -     -         1979    0    0 
STA       964198786  9  2 Bk  k     k     k         1979   10    0 5c 9d
STA       964198810  9  1 Bf  -     -     -         1969    5    0 
STA       964198836  9  9 f   -     -     -         1964    0    0 
STA       964198870 10  8 f   -     -     -         1964    0    0 
STA       964198915  9  7 f   -     -     -         1964    0    0 
STA       964198977 10  6 f   -     -     -         1964    0    0 
STA       964199020 10  5 f   -     -     -         1964    0    0 
STA       964199045 10  4 f   -     -     -         1964    0    0 
STA       964199080 10  3 f   -     -     -         1964    0    0 
STA       964199141 10  2 Bf  -     -     -         1964   10    0 
STA       964199183 10  1 Bf  -     -     -         1954    5    0 
STA       964199211 10 10 f   -     -     -         1949    0    0 
STA       964199257 10  9 f   -     -     -         1949    0    0 
STA       964199351 10  8 f   -     -     -         1949    0    0 
STA       964199418 10  7 r   b     b     b         1949   70  180 
STA       964199466 10  6 f   -     -     -         2059    0    0 
STA       964199531 10  5 f   -     -     -         2059    0    0 
STA       964199578 10  4 f   -     -     -         2059    0    0 
STA       964199629 10  3 f   -     -     -         2059    0    0 
STA       964199683 10  2 Bc  kc    k     k         2059   40    0 5s 5c
STA       964199732 10  1 Bc  kf    -     -         2019   10    0 
STA       964199795 10 10 f   -     -     -         2009    0    0 
STA       964199814 10  9 f   -     -     -         2009    0    0 
STA       964199860 10  8 f   -     -     -         2009    0    0 
STA       964199891 10  7 f   -     -     -         2009    0    0 
STA       964199970 10  6 f   -     -     -         2009    0    0 
STA       964200009  9  4 c   k     kf    -         2009   10    0 
STA       964200062  8  4 c   k     f     -         1999   10    0 
STA       964200099  9  3 f   -     -     -         1989    0    0 
STA       964200145  9  2 Bk  b     k     b         1989   40   80 
STA       964200188  9  1 Bc  kf    -     -         2029   10    0 
STA       964200241  9  9 f   -     -     -         2019    0    0 
STA       964200251  8  7 f   -     -     -         2019    0    0 
STA       964200306  8  7 c   b     b     -         2019   40   80 
STA       964200345  8  5 KQ  -     -     -         2059    0    0 
