STA       954800411  8  3 c   c     b     k         4499   40   90 8h 8d
STA       954800443  8  2 Bf  -     -     -         4549   10    0 
STA       954800481  8  1 Bcc kc    kc    kc        4539   70    0 Qd 9h
STA       954800525  7  7 rc  c     c     c         4469   80    0 Jh Kh
STA       954800545  7  6 c   f     -     -         4389   10    0 
STA       954800578  7  5 f   -     -     -         4379    0    0 
STA       954800616  7  4 f   -     -     -         4379    0    0 
STA       954800653  8  4 cc  k     k     k         4379   20    0 9h Ad
STA       954800687  8  3 f   -     -     -         4359    0    0 
STA       954800735  6  2 Bk  kf    -     -         4359   10    0 
STA       954800758  6  1 Bc  kc    kf    -         4349   30    0 
STA       954800782  6  6 r   c     c     f         4319   50    0 
STA       954800806  6  5 cc  f     -     -         4269   20    0 
STA       954800835  5  3 r   b     k     kf        4249   30    0 
STA       954800891  8  4 f   -     -     -         4219    0    0 
STA       954800927  8  3 c   b     b     kc        4219   60    0 Js Th
STA       954800949  8  2 BQ  -     -     -         4159   10    0 
STA       956697635 10 10 c   f     -     -         3789   10    0 
STA       956697677 10  9 f   -     -     -         3779    0    0 
STA       956697734 10  8 c   b     bc    c         3779   80    0 Jc 8s
STA       956697819 10  7 c   k     b     b         3699   50  135 9h Jc
STA       956697874 10  6 f   -     -     -         3784    0    0 
STA       956697921 10  5 f   -     -     -         3784    0    0 
STA       956697994 10  4 f   -     -     -         3784    0    0 
STA       956698079 10  3 cc  k     k     k         3784   20    0 Ks 9d
STA       956698149 10  2 Bcc kf    -     -         3764   40    0 
STA       956698230 10  1 Bc  kc    kf    -         3724   30    0 
STA       956698307 10 10 c   f     -     -         3694   10    0 
STA       956698410 10  9 c   bc    f     -         3684   40    0 
STA       956698517 10  8 c   k     k     f         3644   10    0 
STA       956698593 10  7 c   f     -     -         3634   20    0 
STA       956698714  9  5 cc  b     k     b         3614   50  205 Qs 7c
STA       956698784  7  5 f   -     -     -         3769    0    0 
STA       956698865  6  3 r   b     b     kf        3769   50    0 
STA       956698922  7  2 Bc  kf    -     -         3719   20    0 
STA       956699023  5  1 Bf  -     -     -         3699    5    0 
STA       956699079  6  6 f   -     -     -         3694    0    0 
STA       956699117  6  5 c   k     b     kc        3694   50    0 Th Ad
STA       956699151  6  4 f   -     -     -         3644    0    0 
STA       956699182  5  2 Bk  rc    b     f         3644   60    0 
STA       956699229  5  1 Bc  b     k     k         3584   20    0 Kc 4c
STA       956699258  6  6 c   k     k     f         3564   10    0 
STA       956699306  6  5 f   -     -     -         3554    0    0 
STA       956699367  7  5 c   k     k     f         3554   10    0 
STA       956699408  5  3 cc  f     -     -         3544   20    0 
STA       956699434  5  2 Bf  -     -     -         3524   10    0 
STA       956699462  6  1 Bc  kf    -     -         3514   10    0 
STA       956699529  6  6 f   -     -     -         3504    0    0 
STA       956699567  6  5 f   -     -     -         3504    0    0 
STA       956699595  6  4 f   -     -     -         3504    0    0 
STA       956699622  6  3 c   f     -     -         3504   10    0 
STA       956699662  6  2 Bf  -     -     -         3494   10    0 
STA       956699703  6  1 Bf  -     -     -         3484    5    0 
STA       956699743  7  7 c   f     -     -         3479   10    0 
STA       956699778  7  6 f   -     -     -         3469    0    0 
STA       956699814  7  5 c   kc    kc    bc        3469   80  190 Th 7h
STA       956699859  7  4 f   -     -     -         3579    0    0 
STA       956699901  8  4 f   -     -     -         3579    0    0 
STA       956699965  8  3 r   c     r     b         3579   90    0 As Kd
STA       956700007  8  2 Bk  f     -     -         3489   10    0 
STA       956700047  7  1 Bc  kc    kf    -         3479   20    0 
STA       956700092  6  6 c   bc    f     -         3459   30    0 
STA       956700118  8  7 c   k     k     bc        3429   50  115 Td Kh
STA       956700147  8  6 f   -     -     -         3494    0    0 
STA       956700209  8  5 c   b     k     k         3494   20   90 Th 7d
STA       956700261  8  4 f   -     -     -         3564    0    0 
STA       956700292  8  3 f   -     -     -         3564    0    0 
STA       956700357  9  2 Bk  kf    -     -         3564   10    0 
STA       956700425  9  1 Bc  kf    -     -         3554   10    0 
STA       956700499  8  8 f   -     -     -         3544    0    0 
STA       956700536  7  6 c   k     f     -         3544   10    0 
STA       956700577  6  5 f   -     -     -         3534    0    0 
STA       956700603  7  4 f   -     -     -         3534    0    0 
STA       956700658  9  4 f   -     -     -         3534    0    0 
STA       956700715  9  3 c   k     k     f         3534   10    0 
STA       956700755  9  2 Bf  -     -     -         3524   10    0 
STA       956700798  9  1 Bc  kf    -     -         3514   10    0 
STA       956700866  9  9 cc  b     b     k         3504   50  200 6c 5c
STA       956700955  8  8 rc  rc    c     c         3654  110  435 As Ah
STA       956700996  7  4 Q   -     -     -         3979    0    0 
