STA       933559359  9  8 c   c     b     c          783   60  200 Qd Jc
STA       933559431  9  7 f   -     -     -          923    0    0 
STA       933559468 10  6 f   -     -     -          923    0    0 
STA       933559522 10  5 f   -     -     -          923    0    0 
STA       933559570 10  4 f   -     -     -          923    0    0 
STA       933559645 10  3 c   kf    -     -          923   10    0 
STA       933559711  9  2 Bk  k     k     k          913   10   35 7c Jc
STA       933559754  8  1 Bc  kf    -     -          938   10    0 
STA       933559785  8  8 cc  k     f     -          928   20    0 
STA       933559851  8  7 c   b     b     -          908   40   85 
STA       933559887  8  6 c   k     f     -          953   10    0 
STA       933559930  8  5 f   -     -     -          943    0    0 
STA       933559985  8  4 cc  b     b     b          943   70  220 6s As
STA       933560034  9  4 c   c     f     -         1093   20    0 
STA       933560102  8  3 c   k     k     k         1073   10    0 4s 5s
STA       933560203  7  2 Bc  kc    k     kf        1063   30    0 
STA       933560253  7  1 Bc  kc    k     b         1033   50  170 8c Tc
STA       933560319  8  8 c   f     -     -         1153   10    0 
STA       933560370  8  7 cc  c     rc    r         1143  130  330 
STA       933560421  8  5 f   -     -     -         1343    0    0 
STA       933560460  7  3 f   -     -     -         1343    0    0 
STA       933560498  7  3 f   -     -     -         1343    0    0 
STA       933560531  7  2 Bk  f     -     -         1343   10    0 
STA       933560571  6  1 Bc  b     k     k         1333   20   60 Ad 3c
STA       933560596  8  8 c   k     k     f         1373   10    0 
STA       933560626  6  5 c   b     b     k         1363   40  110 As 7h
STA       933560665  5  5 c   b     k     k         1433   20    0 3s Jc
STA       933560689  4  4 cc  c     f     -         1413   30    0 
STA       933560726  5  3 f   -     -     -         1383    0    0 
STA       933560748  5  2 Bc  kf    -     -         1383   20    0 
STA       933560765  5  1 Bc  k     b     -         1363   30   50 
STA       933560781  5  5 c   c     f     -         1383   20    0 
STA       933560801  5  4 c   b     k     b         1363   40   80 
STA       933560827  5  3 c   b     b     b         1403   60  120 
STA       933560856  5  2 Bk  kf    -     -         1463   10    0 
STA       933560870  5  1 Bcc kfQ   -     -         1453   30    0 
