STA       930693971  7  5 c   k     b     b         1108   50  110 
STA       930694073  9  4 ccc cc    kf    -         1168   60    0 
STA       930694122 10  3 r   b     b     kc        1108   70    0 Ks Kc
STA       930694188 10  2 Bk  kf    -     -         1038   10    0 
STA       930694241 10  1 Bf  -     -     -         1028    5    0 
STA       930694283 10 10 f   -     -     -         1023    0    0 
STA       930694336 10  9 f   -     -     -         1023    0    0 
STA       930694383 10  8 c   br    k     k         1023   40  110 Jd Jh
STA       930694424 10  7 f   -     -     -         1093    0    0 
STA       930694517 10  6 c   kc    kf    -         1093   20    0 
STA       930694599 10  5 f   -     -     -         1073    0    0 
STA       930694650 10  4 c   b     kf    -         1073   20    0 
STA       930694724 10  3 c   f     -     -         1053   10    0 
STA       930694797 10  2 Bk  kc    kf    -         1043   20    0 
STA       930694843 10  1 Bc  kf    -     -         1023   10    0 
STA       930694938 10 10 f   -     -     -         1013    0    0 
STA       930695041 10  9 f   -     -     -         1013    0    0 
STA       930695124 10  8 c   k     c     c         1013   50  125 Qd Jd
STA       930695165 10  7 f   -     -     -         1088    0    0 
STA       930695175 10  6 f   -     -     -         1088    0    0 
STA       930695238 10  5 ccc f     -     -         1088   40    0 
STA       930695386 10  4 f   -     -     -         1048    0    0 
STA       930695529 10  3 cc  kf    -     -         1048   20    0 
STA       930695614 10  2 Bk  kf    -     -         1028   10    0 
STA       930695676 10  1 Bcc kf    -     -         1018   40    0 
STA       930695758 10 10 c   k     f     -          978   10    0 
STA       930695841 10  9 f   -     -     -          968    0    0 
STA       930695903 10  8 f   -     -     -          968    0    0 
STA       930696003 10  7 f   -     -     -          968    0    0 
STA       930696123 10  6 f   -     -     -          968    0    0 
STA       930696196 10  5 c   k     f     -          968   10    0 
STA       930696250 10  4 f   -     -     -          958    0    0 
STA       930696331 10  3 f   -     -     -          958    0    0 
STA       930696389 10  2 Bk  kf    Q     -          958   10    0 
STA       930764079  8  5 f   -     -     -          948    0    0 
STA       930764119  9  5 f   -     -     -          948    0    0 
STA       930764176  7  2 f   -     -     -          948    0    0 
STA       930764184  6  2 Bk  k     k     k          948   10    0 Ks 9h
STA       930764227  6  1 Bc  kc    kc    kf         938   40    0 
STA       930764266  4  4 c   f     -     -          898   10    0 
STA       930764299  6  4 c   f     -     -          888   10    0 
STA       930764341  6  3 c   f     -     -          878   10    0 
STA       930764377  7  2 Bk  b     kf    -          868   20    0 
STA       930764433  7  1 Bcc kf    -     -          848   20    0 
STA       930764492  7  7 f   -     -     -          828    0    0 
STA       930764565  8  6 c   c     c     c          828   70    0 6d Ad
STA       930764599  8  5 f   -     -     -          758    0    0 
STA       930764636  8  4 c   b     b     -          758   40   65 
STA       930764687  8  3 f   -     -     -          783    0    0 
STA       930764727  8  2 B   -     -     -          783   10   15 
STA       930764754  8  1 Bc  bc    kc    kc         788   70  150 4h 5s
STA       930764800  7  7 c   c     f     -          868   20    0 
STA       930764871  7  6 f   -     -     -          848    0    0 
STA       930764905  8  5 f   -     -     -          848    0    0 
STA       930764962  8  4 f   -     -     -          848    0    0 
STA       930765000  8  3 f   -     -     -          848    0    0 
STA       930765072  8  2 Bk  k     k     k          848   10    0 4c Td
STA       930765106  8  1 Bf  -     -     -          838    5    0 
STA       930765184  8  8 c   r     bc    c          833  100    0 5d 4d
STA       930765273  8  7 c   f     -     -          733   10    0 
STA       930765331  9  7 f   -     -     Q          723    0    0 
