STA       926915855  3  2 Bf  -     -     -         1000   10    0 
STA       926915863  3  1 Bf  -     -     -          990    5    0 
STA       926915869  3  3 cc  c     c     rr         985  140  340 Ac 2c
STA       926915935  3  2 Bf  -     -     -         1185   10    0 
STA       926915965  3  1 Bf  -     -     -         1175    5    0 
STA       926915976  3  3 f   -     -     -         1170    0    0 
STA       926916001  2  1 Bk  b     b     -         1170   40   60 
STA       926916016  2  1 Bc  k     k     k         1190   10    0 7c Th
STA       926916042  2  2 Bk  k     k     b         1180   30   40 
STA       926916066  2  1 Bcc kf    -     -         1190   20    0 
STA       926916079  2  2 Bc  f     -     -         1170   20    0 
STA       926916088  2  1 Br  -     -     -         1150   20   30 
STA       926916095  2  2 Bk  b     b     -         1160   40   60 
STA       926916111  2  1 Bc  k     k     b         1180   30   40 
STA       926916134  2  2 Bc  f     -     -         1190   20    0 
STA       926916153  2  1 Bcc kf    -     -         1170   20    0 
STA       926916170  3  3 cc  k     c     rc        1150  100  220 Jd 9d
STA       926916248  3  2 Bc  c     c     c         1270   70    0 5h Kd
STA       926916281  3  1 Bc  bc    bc    bc        1200  120  280 Qs Kc
STA       926916326  4  4 f   -     -     -         1360    0    0 
STA       926916364  4  3 f   -     -     -         1360    0    0 
STA       926916441  3  2 Bk  c     kf    -         1360   20    0 
STA       926916476  3  1 Bcc k     k     k         1340   20    0 7c 4c
STA       926916500  3  3 c   k     f     -         1320   10    0 
STA       926916520  4  2 Bc  b     b     b         1310   70  125 
STA       926916553  4  1 Bc  kf    -     -         1365   20    0 
STA       926916596  4  4 cc  f     -     -         1345   30    0 
STA       926916640  4  3 cc  kc    k     kf        1315   30    0 
STA       926916689  4  2 Bc  kc    k     k         1285   30   33 Qs Js
STA       926916712  4  1 Bc  b     b     kc        1288   60  120 9h Qd
STA       926916746  3  3 c   k     k     b         1348   30   50 
STA       926916774  3  2 Bf  -     -     -         1368   10    0 
STA       926916778  3  1 Bcc brc   bc    kc        1358  120  240 7c Qd
STA       926916805  3  3 cc  f     -     -         1478   20    0 
STA       926916819  3  2 Bk  b     -     -         1458   20   35 
STA       926916830  3  1 Bc  b     b     -         1473   40   60 
STA       926916845  3  3 c   k     b     k         1493   30    0 Qs 5d
STA       926916870  3  2 B   -     -     -         1463   10   15 
STA       926916879  3  1 Bcc k     b     -         1468   40   60 
STA       926916897  3  3 c   k     c     b         1488   50  110 3d 2h
STA       926916921  3  2 Bc  b     -     -         1548   30   55 
STA       926916933  3  1 Bcc kf    -     -         1573   20    0 
STA       926916944  3  3 f   -     -     -         1553    0    0 
STA       926916958  3  2 Bc  k     b     -         1553   40   65 
STA       926916980  3  1 Bc  b     -     -         1578   20   30 
STA       926917123  3  3 c   f     -     -         1588   20    0 
STA       926917139  3  3 f   -     -     -         1568    0    0 
STA       926917156  3  2 Bk  k     k     k         1568   10    0 2d 4s
STA       926917172  3  1 Bf  -     -     -         1558    5    0 
STA       926917189  3  3 cf  -     -     -         1553   10    0 
STA       926917213  3  2 Bk  f     -     -         1543   10    0 
STA       926917227  3  1 Bc  kf    -     -         1533   10    0 
STA       926917252  4  3 cc  kc    kc    kf        1523   50    0 
STA       926917289  3  1 Bf  -     -     -         1473   10    0 
STA       926917294  2  1 Bcc kc    kc    kc        1463   70    0 7d Kd
STA       926917316  2  2 Bc  rc    b     -         1393   70  120 
STA       926917339  2  1 Bc  kf    -     -         1443   10    0 
STA       926917348  2  2 Bc  c     c     c         1433   70  140 Ad 6c
STA       926917365  2  1 Bc  k     k     kf        1503   10    0 
STA       926917390  2  2 Bf  -     -     -         1493   10    0 
STA       926917398  2  1 Bcc bc    bf    -         1483   60    0 
STA       926917416  2  2 B   -     -     -         1423   10   15 
STA       926917420  2  1 Bcf -     -     -         1428   10    0 
STA       926917427  2  2 Bc  c     c     c         1418   70    0 Jc 8s
STA       926917448  2  1 Bf  -     -     -         1348    5    0 
STA       926917453  2  2 Bf  -     -     -         1343   10    0 
STA       926917458  2  1 Bcc k     b     k         1333   40   80 Qd 5s
STA       926917495  2  2 Bk  f     -     -         1373   10    0 
STA       926917521  2  1 Bf  -     -     -         1363    5    0 
STA       926917524  2  2 B   -     -     -         1358   10   15 
STA       926917529  2  1 Bcc brc   br    b         1363  140  280 3d 3c
STA       926917567  2  2 B   -     -     -         1503   10   15 
STA       926917575  2  1 Bc  kf    -     -         1508   10    0 
STA       926917589  2  2 Bc  f     -     -         1498   20    0 
STA       926917596  2  1 Bf  -     -     -         1478    5    0 
STA       926917599  2  2 B   -     -     -         1473   10   15 
STA       926917604  2  1 Bcc kf    -     -         1478   20    0 
STA       926917634  2  2 Bf  -     -     -         1458   10    0 
STA       926917664  2  1 Bcc kc    kc    kf        1448   50    0 
STA       926917681  2  2 Bf  -     -     -         1398   10    0 
STA       926917686  2  1 Bcc kf    -     -         1388   20    0 
STA       926917694  2  2 Bc  c     c     rc        1368  110  220 Td 9c
STA       926917718  2  1 Bcc bc    kc    kf        1478   60    0 
STA       926917741  3  3 cc  k     k     c         1418   40  100 5c Kh
STA       926917774  3  2 Bc  kf    -     -         1478   20    0 
STA       926917808  3  1 Bcc bc    kc    b         1458   80  140 
STA       926917840  3  3 cc  f     -     -         1518   20    0 
STA       926917853  3  2 Bc  bc    k     b         1498   60  105 
STA       926917872  3  1 Bc  bc    kc    kf        1543   50    0 
STA       926917892  3  3 f   -     -     -         1493    0    0 
STA       926917895  3  2 Bc  bc    bc    kc        1493  100  220 Ad 6d
STA       926917926  3  1 Bcc kc    kc    kc        1613   70  140 3d 4d
STA       926918034  2  2 Bc  rc    c     c         1683   90  180 7d 9h
STA       926918051  2  1 Bcc kf    -     -         1773   20    0 
STA       926918063  3  3 cc  c     f     -         1753   30    0 
STA       926918075  3  2 Brc kc    bf    -         1723   70    0 
STA       926918099  3  1 Bcc kf    -     -         1653   20    0 
STA       926918115  3  3 c   b     b     -         1633   40   65 
STA       926918132  3  2 Bk  kc    kc    cc        1658   80    0 4h 8s
STA       926918169  3  1 Bf  -     -     -         1578    5    0 
STA       926918201  3  3 c   k     k     k         1573   10    0 Tc 9s
STA       926918217  3  2 B   -     -     -         1563   10   15 
STA       926918223  3  1 Bcc kf    -     -         1568   20    0 
STA       926918251  3  3 f   -     -     -         1548    0    0 
STA       926918304  3  2 Bf  -     -     -         1548   10    0 
STA       926918354  3  1 Bcc kc    kc    kf        1538   50    0 
STA       926918400  3  3 cc  k     f     -         1488   20    0 
STA       926918427  3  2 Bc  k     f     -         1468   20    0 
STA       926918449  3  1 Bcc kf    -     -         1448   20    0 
STA       926918463  3  3 f   -     -     -         1428    0    0 
STA       926918489  3  2 Brc b     b     -         1428   70  125 
STA       926918540  3  1 Bc  k     kf    -         1483   10    0 
STA       926918560  3  3 cc  c     c     f         1473   50    0 
STA       926918585  3  2 Bc  kc    kc    b         1423   70    0 Ac 4d
STA       926918620  3  1 Bcc kc    krc   br        1353  150  320 7c 8h
STA       926918657  3  3 f   -     -     -         1523    0    0 
STA       926918674  3  2 Bc  kf    -     -         1523   20    0 
STA       926918690  3  1 Bc  bc    b     -         1503   50   90 
STA       926918710  3  3 cc  rc    c     f         1543   70    0 
STA       926918750  3  2 Bf  -     -     -         1473   10    0 
STA       926918761  2  1 Bcc kc    kc    kf        1463   50    0 
STA       926918783  2  2 Bf  -     -     -         1413   10    0 
STA       926918787  2  1 Bcc kf    -     -         1403   20    0 
STA       926918803  2  2 Bc  bf    -     -         1383   30    0 
STA       926918828  2  1 Bf  -     -     -         1353    5    0 
STA       926918831  2  2 Bc  f     -     -         1348   20    0 
STA       926918839  2  1 Bf  -     -     -         1328    5    0 
STA       926918842  2  2 B   -     -     -         1323   10   15 
STA       926918846  2  1 Bcc kc    kc    kc        1328   70  140 8s Ah
STA       926918862  2  2 Bc  c     r     c         1398   90    0 Ad Js
STA       926918910  2  1 Bcc k     kf    -         1308   20    0 
STA       926918931  2  2 Bf  -     -     -         1288   10    0 
STA       926918936  2  1 Bcc b     -     -         1278   30   50 
STA       926918973  2  2 Bc  f     -     -         1298   20    0 
STA       926918984  2  1 Bf  -     -     -         1278    5    0 
STA       926918987  2  2 Bf  -     -     -         1273   10    0 
STA       926918991  2  1 Brc b     -     -         1263   40   70 
STA       926919002  2  2 B   -     -     -         1293   10   15 
STA       926919006  2  1 Bf  -     -     -         1298    5    0 
STA       926919011  2  2 Bc  bc    c     c         1293   80    0 7d Ac
STA       926919038  2  1 Bcc kf    -     -         1213   20    0 
STA       926919060  2  2 Bf  -     -     -         1193   10    0 
STA       926919064  2  1 Bcc kf    -     -         1183   20    0 
STA       926919073  2  2 B   -     -     -         1163   10   15 
STA       926919076  2  1 Br  bc    k     k         1168   40   80 Ad Tc
STA       926919099  2  2 Bf  -     -     -         1208   10    0 
STA       926919108  2  1 Bf  -     -     -         1198    5    0 
STA       926919111  2  2 Bf  -     -     -         1193   10    0 
STA       926919116  2  1 Brc bc    kc    k         1183   70  140 Qd 6c
STA       926919146  2  2 Bc  c     c     c         1253   70    0 Td 8c
STA       926919179  2  1 Bcc kc    bf    -         1183   50    0 
STA       926919209  2  2 Bf  -     -     -         1133   10    0 
STA       926919215  2  1 Bcc bc    kc    b         1123   80    0 5s 7s
STA       926919264  2  2 B   -     -     -         1043   10   15 
STA       926919271  2  1 Bc  k     kf    -         1048   10    0 
STA       926919291  2  2 Bc  k     f     -         1038   20    0 
STA       926919311  2  1 Bf  -     -     -         1018    5    0 
STA       926919314  2  2 Bf  -     -     -         1013   10    0 
STA       926919316  2  1 Bf  -     -     -         1003    5    0 
STA       926919319  2  2 B   -     -     -          998   10   15 
STA       926919322  2  1 Bcc kc    kf    -         1003   30    0 
STA       926919344  2  2 Bf  -     -     -          973   10    0 
STA       926919350  2  1 Bf  -     -     -          963    5    0 
STA       926919353  2  2 Bf  -     -     -          958   10    0 
STA       926919355  2  1 BQ  -     -     -          948    5    0 
