STA       956089719  9  3 f   -     -     -         3444    0    0 
STA       956089748  9  2 Bk  kf    -     -         3444   10    0 
STA       956089796  8  1 Bf  -     -     -         3434    5    0 
STA       956089810  8  8 c   k     f     -         3429   10    0 
STA       956089834  8  7 f   -     -     -         3419    0    0 
STA       956089848  8  6 c   b     -     -         3419   30   60 
STA       956089885  8  5 c   b     -     -         3449   45   70 
STA       956089903  8  4 f   -     -     -         3474    0    0 
STA       956089918  8  3 c   b     -     -         3474   32   67 
STA       956089941  8  2 Bk  kf    -     -         3509   10    0 
STA       956089963  8  1 Bf  -     -     -         3499    5    0 
STA       956089989  8  8 f   -     -     -         3494    0    0 
STA       956090012  8  7 c   c     c     c         3494  400  810 Ks Jh
STA       956090052  8  6 cc  kf    -     -         3904   85    0 
STA       956090110  8  5 f   -     -     -         3819    0    0 
STA       956090122  8  4 c   kc    b     b         3819  259  407 
STA       956090161  8  3 f   -     -     -         3967    0    0 
STA       956090172  8  2 Bc  kc    kf    -         3967  245    0 
STA       956090234  8  1 Bf  -     -     -         3722    5    0 
STA       956090247  8  8 f   -     -     -         3717    0    0 
STA       956090267  7  6 c   bf    -     -         3717   40    0 
STA       956090294  7  6 c   k     k     k         3677   10   30 Qs Ac
STA       956090322  7  5 f   -     -     -         3697    0    0 
STA       956090377  8  5 f   -     -     -         3697    0    0 
STA       956090402  8  4 f   -     -     -         3697    0    0 
STA       956090443  8  3 c   f     -     -         3697   10    0 
STA       956090469  8  2 Bk  k     b     f         3687   60    0 
STA       956090515  8  1 Bc  kf    -     -         3627   35    0 
STA       956090538  8  8 c   b     -     -         3592   50   80 
STA       956090590  8  7 f   -     -     -         3622    0    0 
STA       956090661  8  6 cc  f     -     -         3622   35    0 
STA       956090689  8  5 f   -     -     -         3587    0    0 
STA       956090739  8  4 c   b     b     -         3587   97  157 
STA       956090766  8  3 c   kf    -     -         3647   10    0 
STA       956090819  8  2 Bf  -     -     -         3637   10    0 
STA       956090846  8  1 Bc  b     k     b         3627  110  160 
STA       956090890  8  8 c   b     k     k         3677  155    0 3c Ac
STA       956090940  7  7 f   -     -     -         3522    0    0 
STA       956090961  7  6 f   -     -     -         3522    0    0 
STA       956090982  6  5 r   b     -     -         3522  110  150 
STA       956090999  6  4 f   -     -     -         3562    0    0 
STA       956091034  6  3 f   -     -     -         3562    0    0 
STA       956091049  6  2 Bf  -     -     -         3562   10    0 
STA       956091059  6  1 Bf  -     -     -         3552    5    0 
STA       956091076  6  6 c   b     -     -         3547   45   70 
STA       956091099  6  5 f   -     -     -         3572    0    0 
STA       956091103  5  3 f   -     -     -         3572    0    0 
STA       956091117  4  2 cc  kc    kc    kf        3572  560    0 
STA       956091153  4  2 Bk  b     k     b         3012  130  180 
STA       956091169  4  1 Bc  b     -     -         3062   40   60 
STA       956091183  4  4 r   b     -     -         3082  375  510 
STA       956091196  4  3 f   -     -     -         3217    0    0 
STA       956091203  4  2 Bk  kf    -     -         3217   10    0 
STA       956091218  4  1 Bc  kf    -     -         3207   10    0 
STA       956091229  4  4 f   -     -     -         3197    0    0 
STA       956091238  4  3 f   -     -     -         3197    0    0 
STA       956091248  4  2 Bf  -     -     -         3197   10    0 
STA       956091265  4  1 Bf  -     -     -         3187    5    0 
STA       956091271  4  4 c   c     k     k         3182   35    0 5d 9d
STA       956091297  5  3 f   -     -     -         3147    0    0 
STA       956091330  5  2 B   -     -     -         3147   10   15 
STA       956091343  6  1 Br  b     k     k         3152  130    0 Kd Js
STA       956091368  6  6 f   -     -     -         3022    0    0 
STA       956091406  6  5 f   -     -     -         3022    0    0 
STA       956091450  5  3 cc  kf    -     -         3022   40    0 
STA       956091470  5  3 r   b     -     -         2982  110  150 
STA       956091488  3  2 Bk  b     b     -         3022   90  120 
STA       956091506  3  1 Br  b     k     k         3052  287  689 Qs Ad
STA       956091536  3  3 f   -     -     -         3454    0    0 
STA       956091543  3  2 Bf  -     -     -         3454   10    0 
STA       956091553  3  1 Bc  k     k     b         3444   30   40 
STA       956091571  3  3 f   -     -     -         3454    0    0 
STA       956091600  3  2 Bf  -     -     -         3454   10    0 
STA       956091605  3  1 Br  b     b     kf        3444  400    0 
STA       956091628  3  3 f   -     -     -         3044    0    0 
STA       956091642  3  2 Bc  k     kc    b         3044  222  337 
STA       956091663  3  1 Bc  kf    -     -         3159   10    0 
STA       956091680  3  3 f   -     -     -         3149    0    0 
STA       956091706  3  2 Bc  f     -     -         3149   30    0 
STA       956091716  3  1 Bc  kf    -     -         3119   10    0 
STA       956091749  3  3 f   -     -     -         3109    0    0 
STA       956091769  3  2 Bk  k     k     kQ        3109   10    0 
