STA       918689833  5  4 f   -     -     -         1000    0    0 
STA       918689885  6  3 cc  bc    kf    -         1000   50    0 
STA       918689949  5  1 Bk  kc    kf    -          950   20    0 
STA       918690075  6  1 Bc  b     bc    kc         930   90  240 7s Ac
STA       918690132  7  7 f   -     -     -         1080    0    0 
STA       918690175  6  5 r   rc    r     b         1080  110  420 Ah Kd
STA       918690254  6  4 f   -     -     -         1390    0    0 
STA       918690305  7  3 f   -     -     -         1390    0    0 
STA       918690344  6  2 Bc  bcc   kc    kc        1390  130    0 Ad 2d
STA       918690395  6  1 Bf  -     -     -         1260    5    0 
STA       918690426  6  6 c   b     -     -         1255   20   35 
STA       918690470  9  9 c   rc    rr    b         1270  140    0 As Kc
STA       918690537  9  8 cc  cc    bc    c         1130  120    0 4h 4c
STA       918690623  9  7 f   -     -     -         1010    0    0 
STA       918690648  9  6 f   -     -     -         1010    0    0 
STA       918690698  9  5 c   kc    kf    -         1010   20    0 
STA       918690790  9  4 cc  b     k     b          990   50  115 
STA       918690833  9  3 r   bc    c     c         1055   80    0 8d 8s
STA       918690902  9  2 Bk  kf    -     -          975   10    0 
STA       918690966  9  1 Bf  -     -     -          965    5    0 
STA       918691012  9  9 cc  c     k     c          960   60    0 Qs 9d
STA       918691098  9  9 c   c     r     c          900  120  315 5s Qs
STA       918691143  9  8 f   -     -     -         1095    0    0 
STA       918691185 10  7 f   -     -     -         1095    0    0 
STA       918691238 10  6 rc  r     k     b         1095   80  345 As Ah
STA       918691350 10  5 cc  f     -     -         1360   20    0 
STA       918691423 10  4 f   -     -     -         1340    0    0 
STA       918691507 10  3 f   -     -     -         1340    0    0 
STA       918691587 10  2 Bk  kc    kc    kf        1340   40    0 
STA       918691677 10  1 Bf  -     -     -         1300    5    0 
STA       918691766 10 10 f   -     -     -         1295    0    0 
STA       918691851 10  9 f   -     -     -         1295    0    0 
STA       918691903 10  8 c   c     f     -         1295   30    0 
STA       918691941 10  7 c   f     -     -         1265   20    0 
STA       918691967 10  6 f   -     -     -         1245    0    0 
STA       918692034  9  5 c   kf    -     -         1245   10    0 
STA       918692070  9  4 cc  b     b     kc        1235   80    0 Qc Ah
STA       918692118 10  3 cc  kc    kf    -         1155   30    0 
STA       918692168 10  2 Bc  b     bc    b         1125   90    0 5h As
STA       918692261  9  1 Bc  kc    kf    Q         1035   30    0 
STA       918697859 10  2 Bk  k     kf    -         1005   10    0 
STA       918697917 10  1 Bc  k     k     b          995   30   60 
STA       918697971 10 10 f   -     -     -         1025    0    0 
STA       918698089  9  8 f   -     -     -         1025    0    0 
STA       918698129 10  8 f   -     -     -         1025    0    0 
STA       918698197  9  7 f   -     -     -         1025    0    0 
STA       918698227  8  5 c   k     f     -         1025   10    0 
STA       918698257  8  4 c   kf    -     -         1015   10    0 
STA       918698306  8  3 f   -     -     -         1005    0    0 
STA       918698333  8  2 Bk  kc    b     b         1005   60   75 Kd 4s
STA       918698382  8  1 Bf  -     -     -         1020    5    0 
STA       918698445  8  8 f   -     -     -         1015    0    0 
STA       918698490  9  8 c   rc    c     c         1015   90    0 Ah Js
STA       918698530  9  7 c   f     -     -          925   10    0 
STA       918698579 10  7 f   -     -     -          915    0    0 
STA       918698640 10  6 c   k     k     f          915   10    0 
STA       918698685 10  5 f   -     -     -          905    0    0 
STA       918698776  9  4 f   -     -     -          905    0    0 
STA       918698838  9  3 f   -     -     -          905    0    0 
STA       918698881  9  2 Bc  r     c     c          905   80  160 Kh 8c
STA       918698913  9  1 Bc  kc    b     kc         985   70    0 Ks 9h
STA       918698980  9  9 f   -     -     -          915    0    0 
STA       918699019 10  9 f   -     -     -          915    0    0 
STA       918699115 10  8 c   f     -     -          915   10    0 
STA       918699226 10  7 cc  kc    k     b          905   50  140 
STA       918699297 10  6 f   -     -     -          995    0    0 
STA       918699390 10  5 c   r     bc    bc         995  110  450 Jh 6h
STA       918699488  9  4 fQ  -     -     -         1335    0    0 
STA       918770103  9  6 c   kf    -     -         1385   10    0 
STA       918770150 10  5 f   -     -     -         1375    0    0 
STA       918770192 10  4 f   -     -     -         1375    0    0 
STA       918770250 10  3 f   -     -     -         1375    0    0 
STA       918770336 10  2 Bc  kc    k     kf        1375   40    0 
STA       918770443 10  1 Brc b     b     -         1335   70  170 
STA       918770489 10 10 f   -     -     -         1435    0    0 
STA       918770535 10  9 c   f     -     -         1435   30    0 
STA       918770626 10  8 f   -     -     -         1405    0    0 
STA       918770683 10  7 c   kf    -     -         1405   10    0 
STA       918770782 10  6 f   -     -     -         1395    0    0 
STA       918770884 10  5 cc  f     -     -         1395   20    0 
STA       918770961 10  4 f   -     -     -         1375    0    0 
STA       918771042 10  3 cc  cc    kf    -         1375   40    0 
STA       918771132 10  2 Bf  -     -     -         1335   10    0 
STA       918771183 10  1 Bf  -     -     -         1325    5    0 
STA       918771242 10 10 cc  rc    cc    c         1320  180    0 Ks 7s
STA       918771327 10  9 f   -     -     -         1140    0    0 
STA       918771407 10  8 cc  f     -     -         1140   40    0 
STA       918771482 10  7 f   -     -     -         1100    0    0 
STA       918771554 10  6 f   -     -     -         1100    0    0 
STA       918771592 10  5 f   -     -     -         1100    0    0 
STA       918771644 10  4 f   -     -     -         1100    0    0 
STA       918771713 10  3 f   -     -     -         1100    0    0 
STA       918771795 10  2 Bk  kf    -     -         1100   10    0 
STA       918771862 10  1 Bf  -     -     -         1090    5    0 
STA       918771939 10 10 r   b     b     c         1085   80    0 Kc Kh
STA       918771997 10  9 f   -     -     -         1005    0    0 
STA       918772036 10  8 cc  c     c     c         1005  110    0 9d Qd
STA       918772099 10  7 c   f     -     -          895   20    0 
STA       918772146  9  5 r   b     bc    c          875   90    0 Kh Ah
STA       918772189  9  5 cc  f     -     -          785   20    0 
STA       918772251 10  4 f   -     -     -          765    0    0 
STA       918772346 10  3 c   kf    -     -          765   10    0 
STA       918772465 10  2 Bf  -     -     -          755   10    0 
STA       918772553 10  1 Bf  -     -     -          745    5    0 
STA       918772643 10 10 f   -     -     -          740    0    0 
STA       918772697 10  9 f   -     -     -          740    0    0 
STA       918772773 10  8 f   -     -     -          740    0    0 
STA       918772812 10  7 c   c     c     rc         740  100  345 Kc Jc
STA       918772903 10  6 f   -     -     -          985    0    0 
STA       918772994 10  5 f   -     -     -          985    0    0 
STA       918773045 10  4 f   -     -     -          985    0    0 
STA       918773112 10  3 cc  kc    kc    b          985   70  205 
STA       918773194  9  2 Bf  -     -     -         1120   10    0 
STA       918773230  9  1 Bc  kf    -     -         1110   10    0 
STA       918773262  9  9 c   c     b     k         1100   50    0 8h 6h
STA       918773341  9  8 f   -     -     -         1050    0    0 
STA       918773453  9  7 c   c     b     k         1050   40    0 3s Ac
STA       918773525 10  6 c   f     -     -         1010   10    0 
STA       918773577 10  5 cc  c     b     b         1000   70  225 Ah Jc
STA       918773647 10  4 f   -     -     -         1155    0    0 
STA       918773720 10  3 f   -     -     -         1155    0    0 
STA       918773779  8  2 Bk  kf    -     -         1155   10    0 
STA       918773837  7  1 Bc  kc    kf    -         1145   20    0 
STA       918773915  7  7 f   -     -     -         1125    0    0 
STA       918773980  8  6 c   f     -     -         1125   10    0 
STA       918774045  8  5 c   r     c     f         1115   50    0 
STA       918774173  7  3 f   -     -     -         1065    0    0 
STA       918774240  7  2 Bk  k     f     -         1065   10    0 
STA       918774281  7  1 Bc  k     kf    -         1055   10    0 
STA       918774331  7  7 c   c     k     b         1045   50  145 Ac 3d
STA       918774380  7  6 c   c     f     -         1140   20    0 
STA       918774427  7  6 c   f     -     -         1120   10    0 
STA       918774480  7  5 f   -     -     -         1110    0    0 
STA       918774526  7  4 f   -     -     -         1110    0    0 
STA       918774558  6  3 f   -     -     -         1110    0    0 
STA       918774567  6  2 Bf  -     -     -         1110   10    0 
STA       918774612  6  1 Bc  k     b     -         1100   30   40 
STA       918774646  5  5 cc  f     -     -         1110   30    0 
STA       918774680  5  4 c   f     -     -         1080   10    0 
STA       918774744  5  3 f   -     -     -         1070    0    0 
STA       918774777  5  2 Bk  b     -     -         1070   20   35 
STA       918774793  4  1 Bc  k     k     k         1085   10    0 2d 3s
STA       918774829  5  5 f   -     -     -         1075    0    0 
STA       918774864  6  5 f   -     -     -         1075    0    0 
STA       918774884  6  4 f   -     -     -         1075    0    0 
STA       918774937  6  3 cc  f     -     -         1075   20    0 
STA       918774971  6  2 Bk  f     -     -         1055   10    0 
STA       918774990  6  1 Bf  -     -     -         1045    5    0 
STA       918775015  6  6 f   -     -     -         1040    0    0 
STA       918775046  6  5 c   kf    -     -         1040   10    0 
STA       918775115  8  6 r   b     b     -         1030   50  110 
STA       918775191  8  5 c   f     -     -         1090   10    0 
STA       918775233  8  4 cc  k     c     b         1080   60  160 As 2c
STA       918775308  9  4 c   k     k     f         1180   10    0 
STA       918775362  9  3 f   -     -     -         1170    0    0 
STA       918775465  9  3 f   -     -     -         1170    0    0 
STA       918775491 10  2 Bk  kf    -     -         1170   10    0 
STA       918775578  8  1 Bc  kf    -     -         1160   10    0 
STA       918775619 10 10 c   f     -     -         1150   30    0 
STA       918775750 10  9 c   k     f     -         1120   10    0 
STA       918775830 10  8 f   -     -     -         1110    0    0 
STA       918775954  7  5 f   -     -     -         1110    0    0 
STA       918776054  5  3 f   -     -     -         1110    0    0 
STA       918776120  7  2 Bk  kc    kf    -         1110   20    0 
STA       918776172  9  1 Bc  k     kc    kc        1090   50    0 7s 4s
STA       918776265  7  7 c   k     b     b         1040   50    0 Ts Kc
STA       918776339  7  6 f   -     -     -          990    0    0 
STA       918776399  8  5 f   -     -     -          990    0    0 
STA       918776448  9  5 c   f     -     -          990   10    0 
STA       918776512  9  4 f   -     -     -          980    0    0 
STA       918776560  9  3 r   rc    bc    cc         980  130    0 Qh Qs
STA       918776623  9  2 Bk  kf    -     -          850   10    0 
STA       918776678 10  1 Bf  -     -     -          840    5    0 
STA       918776745 10 10 f   -     Q     -          835    0    0 
STA       918843130  5  5 c   k     k     f          835   10    0 
STA       918843180  4  3 f   -     -     -          825    0    0 
STA       918843217  4  2 Bk  k     kc    kf         825   30    0 
STA       918843270  4  1 Bf  -     -     -          795    5    0 
STA       918843280  4  4 f   -     -     -          790    0    0 
STA       918843334  4  3 f   -     -     -          790    0    0 
STA       918843375  4  2 Bc  b     b     bc         790   90    0 Qd 7h
STA       918843418  5  1 Bc  b     k     b          700   40  100 9d Jh
STA       918843462  5  5 f   -     -     -          760    0    0 
STA       918843493  6  5 f   -     -     -          760    0    0 
STA       918843541  6  4 r   b     c     c          760   70  190 Ah Kd
STA       918843590  6  3 f   -     -     -          880    0    0 
STA       918843615  6  2 Bk  bc    c     c          880   70  140 7c As
STA       918843653  5  1 Bc  kc    bc    bc         950  100  100 Kd 7h
STA       918843707  4  4 f   -     -     -          950    0    0 
STA       918843733  6  4 f   -     -     -          950    0    0 
STA       918843786  7  4 c   k     k     r          950   50   70 9d Jh
STA       918843833  7  3 c   k     f     -          970   10    0 
STA       918843892  7  2 Bc  bc    kf    -          960   40    0 
STA       918843958  6  1 Bc  k     kf    -          920   10    0 
STA       918843990  5  5 c   k     k     f          910   10    0 
STA       918844037  6  5 f   -     -     -          900    0    0 
STA       918844068  6  4 cc  k     f     -          900   20    0 
STA       918844105  6  3 f   -     -     -          880    0    0 
STA       918844153  6  2 Bc  bc    kc    kc         880   80  165 8s Jc
STA       918844197  5  1 Bc  kf    -     -          965   20    0 
STA       918844251  5  5 f   -     -     -          945    0    0 
STA       918844287  5  4 cc  f     -     -          945   20    0 
STA       918844332  5  3 f   -     -     -          925    0    0 
STA       918844365  4  2 Bk  kc    kc    kf         925   40    0 
STA       918844411  4  1 Br  -     -     -          885   20   30 
STA       918844420  4  4 f   -     -     -          895    0    0 
STA       918844436  4  3 f   -     -     -          895    0    0 
STA       918844441  4  2 Bk  kf    -     -          895   10    0 
STA       918844463  4  1 Bf  -     -     -          885    5    0 
STA       918844473  4  4 f   -     -     -          880    0    0 
STA       918844503  4  3 f   -     -     -          880    0    0 
STA       918844515  3  2 Bc  c     c     b          880   70  140 Jd Jc
STA       918844548  3  1 Bf  -     -     -          950    5    0 
STA       918844583  4  4 cc  f     -     -          945   20    0 
STA       918844644  5  4 f   -     -     -          925    0    0 
STA       918844654  5  3 r   -     -     -          925   20   35 
STA       918844668  6  2 Bf  -     -     -          940   10    0 
STA       918844684  6  1 Bc  kf    -     -          930   20    0 
STA       918844730  5  5 f   -     -     -          910    0    0 
STA       918844762  5  5 c   b     -     -          910   20   35 
STA       918844783  5  4 f   -     -     -          925    0    0 
STA       918844819  5  3 f   -     -     -          925    0    0 
STA       918844847  6  2 Bk  kc    kf    -          925   20    0 
STA       918844876  6  1 Bc  k     k     kf         905   10    0 
STA       918844906  6  6 f   -     -     -          895    0    0 
STA       918844929  6  5 r   b     b     b          895   70  195 Ac Ah
STA       918844980  6  4 fQ  -     -     -         1020    0    0 
STA       918845711  8  2 f   -     -     -         1020    0    0 
STA       918845749  8  2 Bcc kf    -     -         1020   40    0 
STA       918845845  8  1 Bcc kc    k     k          980   30    0 8s 5s
STA       918845914  7  7 f   -     -     -          950    0    0 
STA       918845946  6  6 f   -     -     -          950    0    0 
STA       918845974  6  5 f   -     -     -          950    0    0 
STA       918846024  6  4 f   -     -     -          950    0    0 
STA       918846037  6  3 f   -     -     -          950    0    0 
STA       918846074  6  2 Bc  kf    -     -          950   20    0 
STA       918846106  6  1 Bf  -     -     -          930    5    0 
STA       918846127  8  6 f   Q     -     -          925    0    0 
STA       918861017  7  6 c   b     b     b          565   60  140 9s 9h
STA       918861112  7  5 f   -     -     -          645    0    0 
STA       918861236  7  3 f   -     -     -          645    0    0 
STA       918861260  7  3 c   kf    -     -          645   10    0 
STA       918861279  7  2 Bc  kc    kf    -          635   30    0 
STA       918861316  8  1 Bf  -     -     -          605    5    0 
STA       918861329  8  8 f   -     -     -          600    0    0 
STA       918861378  9  8 c   c     c     c          600   60    0 As 7s
STA       918861447  8  6 f   -     -     -          540    0    0 
STA       918861523  8  5 f   -     -     -          540    0    0 
STA       918861581  7  4 f   -     -     -          540    0    0 
STA       918861625  7  3 f   -     -     -          540    0    0 
STA       918861688  7  2 Bf  -     -     -          540   10    0 
STA       918861742  8  1 Bc  kf    -     -          530   10    0 
STA       918861782  9  9 f   -     -     -          520    0    0 
STA       918861821  9  8 c   c     f     -          520   20    0 
STA       918861912  9  7 f   -     -     -          500    0    0 
STA       918861952  8  6 f   -     -     -          500    0    0 
STA       918862006  9  5 f   -     -     -          500    0    0 
STA       918862053 10  4 f   -     -     -          500    0    0 
STA       918862136 10  3 f   -     -     -          500    0    0 
STA       918862182 10  2 Bk  kf    -     -          500   10    0 
STA       918862206 10  1 Bf  -     -     -          490    5    0 
STA       918862275 10 10 f   -     -     -          485    0    0 
STA       918862363 10  9 f   -     -     -          485    0    0 
STA       918862421 10  8 cc  k     f     -          485   20    0 
STA       918862500 10  7 f   -     -     -          465    0    0 
STA       918862563 10  3 Q   -     -     -          465    0    0 
STA       919469550  9  7 f   -     -     -          635    0    0 
STA       919469618  9  5 f   -     -     -          635    0    0 
STA       919469663 10  5 ccc bc    c     k          635  100  510 9h Th
STA       919469736 10  4 f   -     -     -         1045    0    0 
STA       919469789  9  3 c   f     -     -         1045   10    0 
STA       919469836 10  2 Bk  bcc   kf    -         1035   50    0 
STA       919469913  9  1 Bc  k     k     bc         985   50  110 Ts Jd
STA       919469952  8  8 c   f     -     -         1045   20    0 
STA       919470050  6  5 c   c     f     -         1025   20    0 
STA       919470107  7  4 f   -     -     -         1005    0    0 
STA       919470122  7  3 f   -     -     -         1005    0    0 
STA       919470166  7  2 Bf  -     -     -         1005   10    0 
STA       919470205  7  1 Bf  -     -     -          995    5    0 
STA       919470258  6  6 f   -     -     -          990    0    0 
STA       919470307  7  6 f   -     -     -          990    0    0 
STA       919470331  7  5 f   -     -     -          990    0    0 
STA       919470369  7  4 f   -     -     -          990    0    0 
STA       919470428  7  3 f   -     -     -          990    0    0 
STA       919470468  7  2 Bk  c     c     c          990   60    0 Td 3h
STA       919470595  6  1 Bc  b     k     k          930   20    0 6c Ac
STA       919470627  5  5 f   -     -     -          910    0    0 
STA       919470667  5  5 c   f     -     -          910   20    0 
STA       919470708  4  3 cc  f     -     -          890   20    0 
STA       919470762  5  3 f   -     -     -          870    0    0 
STA       919470804  7  3 f   -     -     -          870    0    0 
STA       919470879  7  2 Bk  kf    -     -          870   10    0 
STA       919470954  7  1 Bc  k     b     kc         860   50    0 Td Qh
STA       919471009  7  7 f   -     -     -          810    0    0 
STA       919471072  7  6 c   b     bc    c          810   80    0 Ah Qc
STA       919471145  8  6 f   -     -     -          730    0    0 
STA       919471210  9  5 f   -     -     -          730    0    0 
STA       919471249 10  4 cc  r     c     f          730   90    0 
STA       919471314 10  3 Q   -     -     -          640    0    0 
STA       919722592  6  2 Bk  kf    -     -          640   10    0 
STA       919722661  8  1 Bf  -     -     -          630    5    0 
STA       919722722  8  8 f   -     -     -          625    0    0 
STA       919722767  7  6 f   -     -     -          625    0    0 
STA       919722837  6  4 f   -     -     -          625    0    0 
STA       919722892  6  3 cc  kf    -     -          625   20    0 
STA       919722948  7  2 B   -     -     -          605   10   15 
STA       919722969  8  1 Bf  -     -     -          610    5    0 
STA       919723014  7  7 c   r     b     b          605   70  155 2h 2s
STA       919723055  7  6 f   -     -     -          690    0    0 
STA       919723123  7  5 r   b     b     b          690   80  250 
STA       919723202  7  5 f   -     -     -          860    0    0 
STA       919723218  7  4 f   -     -     -          860    0    0 
STA       919723261  7  3 f   -     -     -          860    0    0 
STA       919723293  7  2 Bk  b     k     k          860   20   65 9s Th
STA       919723334  7  1 Bc  kf    -     -          905   10    0 
STA       919723374  6  6 f   -     -     -          895    0    0 
STA       919723455  6  5 f   -     -     -          895    0    0 
STA       919723495  5  3 f   -     -     -          895    0    0 
STA       919723517  5  2 Bk  kf    -     -          895   10    0 
STA       919723545  5  1 Bf  -     -     -          885    5    0 
STA       919723600  6  6 f   -     -     -          880    0    0 
STA       919723646  6  5 f   -     -     -          880    0    0 
STA       919723706  6  4 f   -     -     -          880    0    0 
STA       919723752  6  3 c   k     c     k          880   30  130 9h 8h
STA       919723833  7  2 Bk  k     kc    k          980   30   90 6c Qs
STA       919723922  7  1 Bf  Q     -     -         1040    5    0 
STA       919904049 10 10 f   -     -     -         1042    0    0 
STA       919904114 10  9 c   k     c     k         1042   30  130 Ac 9h
STA       919904198 10  8 f   -     -     -         1142    0    0 
STA       919904233 10  7 f   -     -     -         1142    0    0 
STA       919904325 10  6 c   cf    -     -         1142   30    0 
STA       919904403 10  5 f   -     -     -         1112    0    0 
STA       919904508 10  4 f   -     -     -         1112    0    0 
STA       919904568 10  3 f   -     -     -         1112    0    0 
STA       919904675 10  2 Bf  -     -     -         1112   10    0 
STA       919904807 10  1 Bf  -     -     -         1102    5    0 
STA       919904919 10 10 f   -     -     -         1097    0    0 
STA       919905014  9  8 c   f     -     -         1097   10    0 
STA       919905166  8  7 f   -     -     -         1087    0    0 
STA       919905231  6  4 f   -     -     -         1087    0    0 
STA       919905270  6  3 f   -     -     -         1087    0    0 
STA       919905329  6  2 Bc  kf    -     -         1087   20    0 
STA       919905381  7  1 Bc  k     kf    -         1067   10    0 
STA       919905466  8  8 f   -     -     -         1057    0    0 
STA       919905551  8  6 f   -     -     -         1057    0    0 
STA       919905622  9  5 cc  k     bf    -         1057   40    0 
STA       919905729  6  4 fQ  -     -     -         1017    0    0 
