STA       920416158  7  7 c   f     -     -          784   10    0 
STA       920416210  7  6 c   r     b     b          774   70  290 7s 8s 6c 3s
STA       920416276  5  4 r   b     k     c          994   50    0 Ah Jd Jh Ks
STA       920416343  5  2 f   -     -     -          944    0    0 
STA       920416417  4  2 Bc  k     kf    -          944   20    0 
STA       920416469  5  1 Bc  bc    bc    kc         924   90    0 Ts As 4d 7h
STA       920416520  6  6 c   k     k     k          834   10   20 7d 4s Kd 2h
STA       920416566  6  5 f   -     -     -          844    0    0 
STA       920416613  7  4 c   c     k     rc         844  100    0 4c Jc Kh 3h
STA       920416709  6  3 f   -     -     -          744    0    0 
STA       920416768  9  2 Bc  k     kc    kf         744   40    0 
STA       920416826  9  1 Bc  kf    -     -          704   10    0 
STA       920416880  9  9 f   -     -     -          694    0    0 
STA       920416943 10  9 f   -     -     -          694    0    0 
STA       920417003 10  8 f   -     -     -          694    0    0 
STA       920417149 10  7 cc  rc    rc    cc         694  150    0 Jc Kc Tc 2c
STA       920417286  9  5 cc  brc   brc   bc         544  180  580 3s 5s Jd 2s
STA       920417415  8  3 rc  c     c     c          944   80    0 Qh Qs Qd 9c
STA       920417456  8  2 Bc  kf    -     -          864   20    0 
STA       920417549  6  1 Bc  b     b     b          844   60   85 6h Kd 3d 8d
STA       920417631  6  6 c   c     c     r          869   80  220 4d Qd 2h As
STA       920417713  6  5 f   -     -     -         1009    0    0 
STA       920417772  7  5 r   bc    kc    kf        1009   60    0 
STA       920417854  7  4 f   -     -     -          949    0    0 
STA       920417964  7  3 f   -     -     -          949    0    0 
STA       920418024  8  2 Bk  k     f     -          949   10    0 
STA       920418085  7  1 Bf  -     -     -          939    5    0 
STA       920418145  7  7 c   c     c     f          934   40    0 
STA       920418199  7  6 c   k     f     -          894   10    0 
STA       920418245  7  5 c   b     rc    b          884  100  320 9h Qd 9d Ah
STA       920418308  7  4 c   kf    -     -         1104   10    0 
STA       920418358  6  3 c   k     b     bc        1094   70    0 8h 3s Jh Ts
STA       920418433  6  2 BQ  -     -     -         1024   10    0 
STA       920418711  5  4 c   k     k     f         1014   10    0 
STA       920418753  6  4 f   -     -     -         1004    0    0 
STA       920418784  6  3 f   -     -     -         1004    0    0 
STA       920418871  5  2 Bc  kc    kf    -         1004   30    0 
STA       920418970  5  1 Bc  k     b     -          974   30   60 
STA       920419013  5  5 c   k     f     -         1004   10    0 
STA       920419063  5  4 c   cc    c     f          994   70    0 
STA       920419133  5  3 c   k     f     -          924   10    0 
STA       920419201  5  2 Bk  c     f     -          914   20    0 
STA       920419283  5  1 Bc  kf    -     -          894   10    0 
STA       920419313  6  6 c   f     -     -          884   10    0 
STA       920419356  6  5 c   k     f     -          874   10    0 
STA       920419409  6  5 f   -     -     -          864    0    0 
STA       920419483  6  3 f   -     -     -          864    0    0 
STA       920419526  6  2 Bk  b     b     k          864   40  120 Kc 3s 7c Ac
STA       920419587  6  1 Bc  b     bc    b          944   90  160 4s As 2d 6s
STA       920419656  6  6 f   -     -     -         1014    0    0 
STA       920419721  6  5 f   -     -     -         1014    0    0 
STA       920419789  6  4 c   b     r     b         1014   80  105 3s Qc 3h Ad
STA       920419878  8  3 f   -     -     -         1039    0    0 
STA       920419996  9  2 Bc  kc    kc    k         1039   50   92 6h Td 7s 6d
STA       920420079  9  1 Bc  kc    kc    kc        1081   60  105 2d 4h Qd Ac
STA       920420170  9  9 f   -     -     -         1126    0    0 
STA       920420360  9  8 f   -     -     -         1126    0    0 
STA       920420474  9  7 cc  k     b     b         1126   60  120 5h 9s 7c 4h
STA       920420607  8  5 c   k     c     k         1186   30  150 Qh Jh Jc 3c
STA       920420723  8  4 f   -     -     -         1306    0    0 
STA       920420797  9  4 f   -     -     -         1306    0    0 
STA       920420858 10  3 c   k     k     k         1306   10    0 2s 9d 5s As
STA       920420952 10  2 Bk  kf    -     -         1296   10    0 
STA       920421047 10  1 Bc  kc    kc    kf        1286   70    0 
STA       920421190 10 10 c   c     k     rc        1216  100  205 9c 7d Ah 3h
STA       920421311  8  7 cc  k     f     -         1321   20    0 
STA       920421389  8  7 f   -     -     -         1301    0    0 
STA       920421440  7  6 c   k     k     c         1301   30   60 Ts 3h 3s 6s
STA       920421508  8  5 r   b     k     b         1331   50  100 2h 2c Ah Jc
STA       920421630 10  4 c   cf    -     -         1381   20    0 
STA       920421774 10  3 c   f     -     -         1361   10    0 
STA       920421865 10  2 Bc  kc    kf    -         1351   30    0 
STA       920421957  8  1 Bc  kf    -     -         1321   20    0 
STA       920422039  7  7 c   f     -     -         1301   10    0 
STA       920422095  8  7 f   -     -     -         1291    0    0 
STA       920422161  8  7 f   -     -     -         1291    0    0 
STA       920422214  7  5 c   k     c     k         1291   30    0 3d Kc Jh 2c
STA       920422282  5  3 f   -     Q     -         1261    0    0 
STA       920422858  6  5 f   -     -     -         1261    0    0 
STA       920422881  6  4 c   k     kc    kf        1261   30    0 
STA       920422950  6  3 c   b     b     -         1231   40   80 
STA       920422999  6  2 Bk  b     k     k         1271   20    0 2h 6h 9s Qd
STA       920423063  6  1 Bc  k     k     b         1251   30   40 
STA       920423175  6  6 r   b     k     r         1261   70   57 2h Ks As Qc
STA       920423241  6  5 c   c     f     -         1248   20    0 
STA       920423307  6  4 c   k     b     k         1228   30   80 As 7h Jd 5h
STA       920423394  8  3 c   bc    kc    b         1278   70  180 Qs Kd 8d Jd
STA       920423460  8  2 Bk  kf    -     -         1388   10    0 
STA       920423553  9  1 Bc  b     bc    brc       1378  140  255 3d 7d Kh 5c
STA       920423638  8  8 c   c     f     -         1493   20    0 
STA       920423778  8  8 cc  c     f     -         1473   30    0 
STA       920423885  8  7 c   k     b     b         1443   50    0 6h 4h 8s 3s
STA       920424002  7  5 c   k     r     b         1393   70  108 As 9h 8d Qs
STA       920424121  7  4 c   cc    f     -         1431   30    0 
STA       920424234  7  3 c   bc    kc    kc        1401   70    0 4c 9c Qs Ts
STA       920424328  8  2 Bk  k     f     -         1331   10    0 
STA       920424410  8  1 Bc  kfQ   -     -         1321   10    0 
STA       920485113  8  2 Bk  kc    b     b         1311   60  150 Ad 2s 3c Ah
STA       920485169  9  1 Bf  -     -     -         1401    5    0 
STA       920485255  8  8 c   f     -     -         1396   10    0 
STA       920485308  9  8 f   -     -     -         1386    0    0 
STA       920485363  9  7 f   -     -     -         1386    0    0 
STA       920485427  9  6 f   -     -     -         1386    0    0 
STA       920485489  9  5 f   -     -     -         1386    0    0 
STA       920485535  9  4 fQ  -     -     -         1386    0    0 
STA       920485935  9  4 f   -     -     -         1386    0    0 
STA       920486035  8  2 Br  kc    rc    kc        1386  110    0 As Qs Ah 5c
STA       920486133  7  1 Bcc kf    -     -         1276   20    0 
STA       920486209  7  7 c   c     c     cc        1256  140  132 4c 3c Jc 6s
STA       920486295  7  6 f   -     -     -         1248    0    0 
STA       920486403  8  6 f   -     -     -         1248    0    0 
STA       920486473  8  5 f   -     -     -         1248    0    0 
STA       920486545  9  5 f   -     -     -         1248    0    0 
STA       920486670  9  4 c   kc    kf    -         1248   20    0 
STA       920486771 10  3 c   f     -     -         1228   10    0 
STA       920486859 10  2 Bc  kc    kc    k         1218   50    0 2s 6s 4d Ah
STA       920486939 10  1 Bc  kf    -     -         1168   10    0 
STA       920487043 10 10 f   -     -     -         1158    0    0 
STA       920487153  9  8 cc  k     kc    k         1158   40    0 Ts 8s 4c 2c
STA       920487268  9  8 c   c     f     -         1118   20    0 
STA       920487346  9  3 Q   -     -     -         1098    0    0 
STA       920500056  8  7 f   -     -     -         1098    0    0 
STA       920500107  9  6 c   c     c     cc        1098   90  215 Ac 9c Td 2h
STA       920500175 10  5 c   f     -     -         1223   10    0 
STA       920500228  9  4 c   c     c     c         1213   60  210 7h 7d Ah 6c
STA       920500288  8  2 Bk  b     b     b         1363   60  190 Qd 9d 9h Kh
STA       920500351  8  1 Bc  kf    -     -         1493   10    0 
STA       920500398  8  8 c   f     -     -         1483   10    0 
STA       920500455  8  7 c   cc    f     -         1473   50    0 
STA       920500544  8  6 c   f     -     -         1423   10    0 
STA       920500602  9  6 c   bc    kf    -         1413   30    0 
STA       920500694  9  5 rc  c     c     b         1383   90  140 3s As 2c Ks
STA       920500768  8  3 f   -     -     -         1433    0    0 
STA       920500823  9  3 f   -     -     -         1433    0    0 
STA       920500925 10  3 cc  b     b     b         1433   70  215 Qs 4s As Qd
STA       920500975  9  1 Bk  kc    b     kf        1578   40    0 
STA       920501064  9  1 Bc  b     k     k         1538   20  130 3d Ac 8h 8s
STA       920501157  9  9 c   k     c     c         1648   50    0 4d Qd 5d Kc
STA       920501262 10  9 c   c     c     k         1598   40    0 7s Th Qd Ac
STA       920501359 10  8 c   rc    f     -         1558   40    0 
STA       920501419 10  7 cc  k     k     kf        1518   20    0 
STA       920501511 10  6 f   -     -     -         1498    0    0 
STA       920501575 10  6 c   f     -     -         1498   10    0 
STA       920501643  9  4 c   cc    ccc   kc        1488  130    0 5h As Tc 9c
STA       920501783  9  3 f   -     -     -         1358    0    0 
STA       920501860  9  2 Bk  kfQ   -     -         1358   10    0 
STA       920505330 10  7 cc  f     -     -         1348   20    0 
STA       920505435 10  6 c   cc    c     f         1328   50    0 
STA       920505522 10  5 cc  kc    kc    f         1278   50    0 
STA       920505651 10  4 c   b     k     r         1228   60  180 Kc Ad 2s Qd
STA       920505729 10  3 cc  kc    bc    kcc       1348  190    0 Qc 4h Kh 3c
STA       920505843 10  2 Bk  bc    kc    kc        1158   70    0 4s As 2c Jc
STA       920505978 10  1 Bcc kf    -     -         1088   40    0 
STA       920506114 10 10 f   -     -     -         1048    0    0 
STA       920506197 10 10 c   k     c     c         1048   50  105 Qd Qs 3h 5s
STA       920506304  8  7 c   c     f     -         1103   20    0 
STA       920506382 10  7 cc  c     c     c         1083   70  168 Kc Tc Ad Jh
STA       920506481 10  6 f   -     -     -         1181    0    0 
STA       920506529 10  5 cc  kc    kc    bcc       1181  140  174 Ah 3c 2c 9s
STA       920506663 10  4 c   k     Q     -         1215   10    0 
STA       920507040  8  7 c   r     rc    c         1205  150  370 Js Qh Jd 4c
STA       920507248  8  6 cc  c     rc    c         1425  110  570 Jc Jd 9h 7c
STA       920507371  8  6 cc  c     f     -         1885   30    0 
STA       920507470  8  5 f   -     -     -         1855    0    0 
STA       920507576  8  4 cc  bc    kcc   kcf       1855  160    0 
STA       920507723  7  3 cc  kc    k     c         1695   50  125 4h 8h 2c 3h
STA       920507841  7  2 Bc  kf    -     -         1770   20    0 
STA       920507905  4  1 Bcc bc    bc    bcc       1750  160  640 4c 3h Ac 8c
STA       920507987  4  4 cc  c     f     -         2230   30    0 
STA       920508040  3  3 c   c     c     c         2200   60   90 Kh Qc 4s Ts
STA       920508085  3  2 Br  b     bc    kc        2230   90    0 Ks 6s Kd Jh
STA       920508120  3  1 Bcc b     k     k         2140   30   80 Js Ks 9h 8s
STA       920508161  4  4 c   c     c     k         2190   40  100 4c 7c Ac 2h
STA       920508211  3  3 c   b     c     k         2250   40    0 5h 7h Jd 8d
STA       920508274  3  2 Bk  k     kc    cc        2210   90  135 6h Kd Jc 2c
STA       920508363  3  1 Br  kc    kc    k         2255   50   60 Ah Ks 2s 3d
STA       920508429  3  3 c   k     c     k         2265   30   90 3c 7h Qh 9s
STA       920508475  3  2 Br  b     b     b         2325   70   80 Ad 8h 5c 6c
STA       920508524  3  1 Bc  b     k     b         2335   40   68 Ks 4s Qs 7h
STA       920508566  3  3 c   b     b     b         2363   60  130 6c 5h 3c 7s
STA       920508622  3  2 Bk  b     c     c         2433   60    0 3h 9c 6h Ad
STA       920508672  3  1 Bc  b     kc    kc        2373   60    0 4d 7d Tc 6d
STA       920508732  4  4 c   k     c     f         2313   30    0 
STA       920508831  3  2 Bk  kc    kf    -         2283   20    0 
STA       920508879  3  1 Bc  k     k     k         2263   10   15 6h 3h Th Jh
STA       920508931  4  4 c   fQ    -     -         2268   10    0 
STA       920660847  5  5 f   -     -     -         2258    0    0 
STA       920660897  6  4 c   b     k     bc        2258   60    0 Ts 7c 9s 6s
STA       920661042  5  3 c   c     kc    k         2198   40    0 Ad 5s 2d 6s
STA       920661114  6  2 Bc  kf    -     -         2158   20    0 
STA       920661195  6  1 Bc  b     b     k         2138   50  150 2d Ah 6h 7s
STA       920661233  5  5 c   k     f     -         2238   10    0 
STA       920661291  5  4 c   k     c     f         2228   30    0 
STA       920661355  5  3 c   c     rc    bc        2198  120  220 3h 4h 7c 4s
STA       920661421  5  2 Bk  kc    b     bc        2298   80    0 4h 7d 9d Kc
STA       920661473  5  1 Bc  kf    -     -         2218   20    0 
STA       920661532  5  5 c   b     b     b         2198   60   78 Jc 9h Tc Kh
STA       920661608  5  4 c   k     k     f         2216   20    0 
STA       920661695  5  3 f   -     -     -         2196    0    0 
STA       920661724  5  2 Bc  k     kf    -         2196   20    0 
STA       920661777  5  1 Bf  -     -     -         2176    5    0 
STA       920661808  5  5 c   k     b     k         2171   30    0 6c 2d Qh Ts
STA       920661917  5  4 f   Q     -     -         2141    0    0 
STA       920939513 10  3 f   -     -     -         2141    0    0 
STA       920939639 10  2 Bf  -     -     -         2141   10    0 
STA       920939721 10  1 Bc  kc    b     bc        2131   90  240 7d Jc 4d Qd
STA       920939813 10 10 c   c     k     f         2281   20    0 
STA       920939903 10  9 f   -     -     -         2261    0    0 
STA       920940023 10  8 c   c     c     c         2261   70    0 Jd 3d 7d 2c
STA       920940099 10  7 f   -     -     -         2191    0    0 
STA       920940205  8  4 c   kc    f     -         2191   20    0 
STA       920940264  7  3 cc  c     c     c         2171   70    0 Qd 4d 7h Th
STA       920940321  7  3 f   -     -     -         2101    0    0 
STA       920940366  7  2 Bk  kf    -     -         2101   10    0 
STA       920940426  7  1 Bc  kc    kf    -         2091   20    0 
STA       920940467  6  6 f   -     -     -         2071    0    0 
STA       920940520  6  5 f   -     -     -         2071    0    0 
STA       920940559  6  4 f   -     -     -         2071    0    0 
STA       920940596  6  3 c   f     -     -         2071   10    0 
STA       920940642  6  2 Bk  k     bc    k         2061   50    0 4d Jd 8c 7c
STA       920940679  6  1 Bc  kc    kc    k         2011   50  120 5d Ts Jd Qs
STA       920940724  6  6 c   c     b     b         2081   70  200 
STA       920940779  6  5 r   b     -     -         2211   30   65 
STA       920940818  6  4 f   -     -     -         2246    0    0 
STA       920940849  6  3 f   -     -     -         2246    0    0 
STA       920940874  6  2 Bk  k     b     b         2246   50  100 
STA       920940901  5  1 Bc  k     k     kf        2296   10    0 
STA       920940940  6  6 c   c     c     f         2286   40    0 
STA       920940983  6  5 f   -     -     -         2246    0    0 
STA       920941006  5  3 cc  c     f     -         2246   30    0 
STA       920941052  6  3 f   -     -     -         2216    0    0 
STA       920941083  6  2 Bk  b     b     b         2216   60  155 
STA       920941122  7  1 Bc  bc    bc    bcc       2311  160    0 8d 5s 3d As
STA       920941205  7  7 f   -     -     -         2151    0    0 
STA       920941270  8  7 c   b     rc    c         2151  100  255 2d 9s 9d As
STA       920941311  8  6 c   cc    kc    c         2306   70    0 4h 2c 2s Jd
STA       920941371  8  6 c   c     f     -         2236   20    0 
STA       920941428  7  4 c   f     -     -         2216   10    0 
STA       920941470  7  3 cc  cc    kf    -         2206   40    0 
STA       920941521  7  2 Bk  b     bc    bc        2166  100  135 As 5c Kd 4c
STA       920941566  7  1 Bc  b     kc    b         2201   80  125 7h Tc 3s Ah
STA       920941615  7  7 cc  c     rc    cc        2246  150    0 Qs 2c 6h 8c
STA       920941683  7  6 f   -     -     -         2096    0    0 
STA       920941734  7  5 c   r     b     bc        2096   90  150 8c 2h Jh 4c
STA       920941780  7  4 c   k     c     Q         2156   30    0 
STA       920960035  6  5 f   -     -     -         2126    0    0 
STA       920960105  7  4 cc  c     c     c         2126   70  130 7s 6d As 2h
STA       920960160  5  1 Bk  k     b     b         2186   50  110 4d Ah 7c Tc
STA       920960192  5  1 Br  b     k     k         2246   30   60 Kd 2s 7c Ac
STA       920960253  5  5 c   c     k     f         2276   30    0 
STA       920960309  5  4 c   b     bc    b         2246   80  245 Td 3d 8s Kh
STA       920960383  5  3 c   k     k     b         2411   30   90 Qc As Ts 4h
STA       920960448  5  2 Bk  kc    c     f         2471   40    0 
STA       920960571  3  1 Bc  kfQ   -     -         2431   10    0 
STA       921007131  4  2 Bk  b     b     b         2421   60  113 6d Ad 2h 3h
STA       921007170  3  1 Bc  b     kc    kc        2474   60  105 Ad 7c 4d Ac
STA       921007220  2  2 c   f     -     -         2519   10    0 
STA       921007239  2  2 Bc  b     b     b         2509   70  140 6s 6h 2s 3h
STA       921007263  2  1 Bc  k     k     k         2579   10   20 8h 7h 3s Qc
STA       921007288  3  2 Bk  bc    kc    k         2589   50    0 3c Js 7d 8c
STA       921007341  3  1 Bc  b     kc    kc        2539   60    0 Ad Ks Js Td
STA       921007413  4  4 f   -     -     -         2479    0    0 
STA       921007449  4  3 c   k     b     k         2479   30    0 Qs 6c 4c 3s
STA       921007493  4  2 Bk  r     b     b         2449   70  220 9s 7h 2c 8s
STA       921007545  4  1 Bc  kc    kf    -         2599   20    0 
STA       921007599  4  4 f   -     -     -         2579    0    0 
STA       921007641  4  3 f   -     -     -         2579    0    0 
STA       921007676  4  2 Bc  kf    -     -         2579   20    0 
STA       921007744  4  1 Bc  k     k     k         2559   10    0 6c Th Ts Kd
STA       921007797  4  4 c   k     b     c         2549   50    0 Ac 7d Tc 7h
STA       921007867  4  3 f   -     -     -         2499    0    0 
STA       921007908  5  2 Bk  b     k     k         2499   20    0 3h 4h 4d Ad
STA       921007942  4  1 Bc  k     kc    kf        2479   30    0 
STA       921007992  6  3 Q   -     -     -         2449    0    0 
STA       921100399  7  6 c   f     -     -         2449   10    0 
STA       921100536  6  4 f   -     -     -         2439    0    0 
STA       921100612  6  3 cc  cf    -     -         2439   30    0 
STA       921100699  6  2 Bc  kf    -     -         2409   20    0 
STA       921100760  6  1 Bc  b     b     -         2389   40  110 
STA       921100805  6  6 f   -     -     -         2459    0    0 
STA       921100864  6  5 f   -     -     -         2459    0    0 
STA       921100908  6  4 f   -     -     -         2459    0    0 
STA       921100948  6  3 f   -     -     -         2459    0    0 
STA       921101005  6  2 Bk  k     b     k         2459   30   45 2d Td 5c Kd
STA       921101067  6  1 Bc  kf    -     -         2474   10    0 
STA       921101167  5  5 c   k     b     b         2464   50   95 Kh 5d 4d 2s
STA       921101216  4  3 f   -     -     -         2509    0    0 
STA       921101261  5  2 Bc  bc    kc    kc        2509   80    0 3h 7s 6d 5h
STA       921101313  5  1 Bc  k     b     b         2429   50  120 6h Tc 4d Th
STA       921101353  7  7 c   c     f     -         2499   30    0 
STA       921101392  7  6 cc  c     c     c         2469   70  130 5c Qc As 2h
STA       921101457  7  5 cc  f     -     -         2529   20    0 
STA       921101517  9  4 cc  k     f     -         2509   30    0 
STA       921101632 10  3 cc  bc    k     kf        2479   40    0 
STA       921101743  9  1 Bc  k     kf    -         2439   20    0 
STA       921101811  9  1 Bf  -     -     -         2419    5    0 
STA       921101885 10 10 c   c     f     -         2414   20    0 
STA       921101979  8  6 Q   -     -     -         2394    0    0 
STA       921195944  9  2 Bk  kf    -     -         2394   10    0 
STA       921196043  9  1 Bc  kc    kc    kf        2384   60    0 
STA       921196097  9  9 c   bc    c     c         2324   70   95 2h 3h 7d 2c
STA       921196190 10  8 c   b     b     k         2349   50    0 Qd Kh As Ah
STA       921196274 10  7 c   k     k     b         2299   30    0 4d 5s Ad 3c
STA       921196375 10  6 cc  b     b     b         2269   70    0 Ah Td 6d Ac
STA       921196528  8  4 f   -     -     -         2199    0    0 
STA       921196604  8  3 f   -     -     -         2199    0    0 
STA       921196651  8  2 Bc  k     kf    -         2199   20    0 
STA       921196722 10  1 Bf  -     -     -         2179    5    0 
STA       921196811 10 10 f   -     -     -         2174    0    0 
STA       921196876 10  9 c   r     c     c         2174   80  150 4s Kc Ad 5c
STA       921196942 10  8 f   -     -     -         2244    0    0 
STA       921196996 10  7 cc  c     c     f         2244   70    0 
STA       921197049 10  7 c   b     b     -         2174   40  120 
STA       921197128 10  5 f   -     -     -         2254    0    0 
STA       921197180 10  4 cc  c     f     -         2254   30    0 
STA       921197234 10  3 cc  c     f     -         2224   30    0 
STA       921197292 10  2 Bk  bc    kc    k         2194   50    0 Qc Ks 7c 8h
STA       921197342 10  1 Bf  -     -     -         2144    5    0 
STA       921197422 10 10 c   k     c     c         2139   50    0 3h 4c Qd 6d
STA       921197471 10  9 c   c     c     c         2089   60  210 9h Td Qd Kd
STA       921197586 10  8 cc  c     k     c         2239   50    0 Jc 3s 5c 7c
STA       921197684 10  8 f   -     -     -         2189    0    0 
STA       921197799 10  6 c   c     c     k         2189   40   70 Js Ks Qd 3d
STA       921197842 10  5 f   -     -     -         2219    0    0 
STA       921197909 10  4 c   b     bc    b         2219   80  157 Qc Ac Th 2d
STA       921197999 10  3 f   -     -     -         2296    0    0 
STA       921198076 10  2 Bk  b     bc    k         2296   60  127 3s Ks 4s Ac
STA       921198138 10  1 Bc  bc    kc    kc        2363   80   68 9d Ts 2s 5s
STA       921198265  9  9 cc  c     r     b         2351   90  270 4h Qc Ah 4s
STA       921198333  8  8 c   r     b     b         2531   70  125 Ac Qd 8h 7h
STA       921198411  8  7 cc  c     c     f         2586   70    0 
STA       921198467  7  6 f   -     -     -         2516    0    0 
STA       921198533  8  5 c   r     b     b         2516   70  115 6d Ac Kc Tc
STA       921198594  8  4 c   r     r     c         2561   90    0 Qd Th Ks 9d
STA       921198655  8  2 Bk  f     -     -         2471   10    0 
STA       921198710  9  1 Bc  k     b     bc        2461   70    0 7d 7s Qs 6h
STA       921198759 10 10 c   c     c     f         2391   40    0 
STA       921198834 10  8 Q   -     -     -         2351    0    0 
STA       921263712  5  4 c   k     b     bc        2351   70  115 3c 3h Jc Js
STA       921263789  5  3 c   kc    k     kc        2396   40    0 Qh 9c 8s Kd
STA       921263850  5  2 Bk  k     k     kc        2356   30    0 9d 7c Ks Ac
STA       921263896  5  1 Bc  k     k     b         2326   30   70 
STA       921263945  5  5 c   c     f     -         2366   20    0 
STA       921263993  5  4 c   c     c     f         2346   40    0 
STA       921264038  4  3 c   k     k     k         2306   10   25 3d 8h 5s 5d
STA       921264069  4  2 Bk  k     k     k         2321   10    0 7h Js 9c Jc
STA       921264098  4  1 Bc  k     k     kf        2311   10    0 
STA       921264137  4  4 c   k     k     f         2301   10    0 
STA       921264173  3  2 c   k     k     k         2291   10   30 Jd Qh Js Kc
STA       921264201  3  2 Bk  b     b     -         2311   40   80 
STA       921264236  3  1 Bc  kf    -     -         2351   10    0 
STA       921264255  3  3 f   -     -     -         2341    0    0 
STA       921264302  3  2 Bk  k     kc    b         2341   50   55 3h 6c 9d Ts
STA       921264346  3  1 Bc  b     -     -         2346   20   30 
STA       921264367  3  3 c   b     b     k         2356   40   60 6h 6c 8h 4h
STA       921264414  4  2 Bk  k     kf    -         2376   10    0 
STA       921264451  4  1 Bc  b     b     b         2366   60  140 6d 6h Ah 2c
STA       921264476  4  4 c   k     r     k         2446   50   80 7d Tc Qh 7h
STA       921264519  3  2 c   b     b     kc        2476   60    0 4c 7d 4h 6d
STA       921264564  3  2 Bk  bc    k     k         2416   30   70 Tc 3c 8h Ah
STA       921264603  3  1 Bc  kc    kc    kc        2456   60  130 8d 4s 9d 3c
STA       921264643  3  3 cc  c     c     c         2526   70   80 Jc 9s 3c 9d
STA       921264669  3  2 Bc  k     r     k         2536   60    0 4d 5h 3s 6s
STA       921264695  3  1 Bc  kf    -     -         2476   10    0 
STA       921264729  3  3 c   k     k     c         2466   30   70 Qs 2c 4c 5h
STA       921264761  3  2 Bc  k     b     k         2506   40    0 6d Kh As 3h
STA       921264796  3  1 Bc  k     kf    -         2466   10    0 
STA       921264821  3  3 c   c     ccc   k         2456  100    0 Jc 6s Ts Js
STA       921264867  3  2 Bk  k     c     cf        2356   50    0 
STA       921264922  3  1 Bc  k     k     k         2306   10    0 9h 7c 5c Ac
STA       921264950  2  2 Bk  k     f     -         2296   10    0 
STA       921264968  2  1 BQ  -     -     -         2286    5    0 
STA       921280763 10  7 c   k     r     b         2281   70    0 8s 9d 4s 2d
STA       921280848  9  5 cc  cc    f     -         2211   40    0 
STA       921280934  8  4 f   -     -     -         2171    0    0 
STA       921281005  7  3 cc  cf    -     -         2171   30    0 
STA       921281065  7  2 Bk  b     b     k         2141   40    0 Kd 4d 9d 2d
STA       921281128  7  1 Bc  kc    kc    kc        2101   60    0 Tc 2h 6h Ah
STA       921281206  7  7 c   c     b     c         2041   70  118 8d 3d Qc Jc
STA       921281287  7  6 c   c     c     f         2089   50    0 
STA       921281360  5  3 c   f     -     -         2039   10    0 
STA       921281419  6  3 r   c     c     f         2029   50    0 
STA       921281473  7  3 cc  b     b     b         1979   70    0 2c 9s 2d 8c
STA       921281591  9  4 f   -     -     -         1909    0    0 
STA       921281662  9  3 f   -     -     -         1909    0    0 
STA       921281771  9  2 Bk  f     -     -         1909   10    0 
STA       921281851  9  1 Bc  kc    KQ    -         1899   30    0 
STA       921368773  5  4 cf  -     -     -         1869   10    0 
STA       921368829  5  3 cc  c     c     c         1859   90  360 6h Kc 4h Jc
STA       921368877  4  1 Bk  k     k     kf        2129   10    0 
STA       921368917  2  1 Bf  -     -     -         2119    5    0 
STA       921368924  2  2 Bk  b     c     c         2114   60   30 5h Ac 2h Ks
STA       921368957  2  1 Bc  kc    kf    -         2084   20    0 
STA       921368995  2  2 Bc  b     k     k         2064   30    0 5d 4h 6c Ad
STA       921369028  2  1 Bcc kf    -     -         2034   20    0 
STA       921369054  2  2 Bk  bc    k     k         2014   30   60 8d Kd Jd 3c
STA       921369088  2  1 Bc  k     kc    kc        2044   50   50 8s 8d 6c 7h
STA       921369137  2  2 Bk  c     f     -         2044   20    0 
STA       921369161  2  1 Bcc kc    k     bc        2024   70    0 3h 3c Kd Jc
STA       921369209  2  2 Bc  f     -     -         1954   20    0 
STA       921369231  2  1 Br  b     kc    kf        1934   50    0 
STA       921369263  2  2 Bf  -     -     -         1884   10    0 
STA       921369269  2  1 Br  bc    bc    bc        1874  120  120 9c 2c Jh Ah
STA       921369308  2  2 Bc  f     -     -         1874   20    0 
STA       921369324  2  1 Bc  k     k     k         1854   10    5 Ts 5s 3h 6c
STA       921369354  2  2 Bk  k     k     k         1849   10   10 Th 9c 6d Kd
STA       921369389  2  1 Bc  b     b     bc        1849   80   80 3c 3h Jc 9h
STA       921369422  3  3 cc  r     b     c         1849   80   85 8c 9h Kd 3d
STA       921369465  3  2 Bc  b     k     k         1854   30   80 Ad Kh 3h 6s
STA       921369500  3  1 Bcc kf    -     -         1904   20    0 
STA       921369549  4  4 f   -     -     -         1884    0    0 
STA       921369601  4  3 cc  f     -     -         1884   20    0 
STA       921369650  4  2 Bk  b     b     c         1864   60    0 8c 3c 3s 6d
STA       921369702  4  1 Bc  k     kf    -         1804   10    0 
STA       921369756  4  4 c   b     k     b         1794   40  160 6h 2d 6d Jd
STA       921369820  4  3 cc  kc    b     b         1914   70  240 8s 2c 2d Ah
STA       921369877  4  2 Bk  k     k     k         2084   10    0 6d 2c Kd 4s
STA       921369914  4  1 Bcc kf    -     -         2074   20    0 
STA       921369974  5  4 ccc f     -     -         2054   40    0 
STA       921370065  6  3 f   -     -     -         2014    0    0 
STA       921370179  7  2 Bc  kc    kc    kf        2014   60    0 
STA       921370276  7  1 Bcc b     bcc   kf        1954  130    0 
STA       921370375  7  7 f   -     -     -         1824    0    0 
STA       921370477  7  6 f   -     -     -         1824    0    0 
STA       921370536  7  5 c   k     k     k         1824   20    0 As Ts Qh 6d
STA       921370595  7  4 f   -     -     -         1804    0    0 
STA       921370635  7  3 c   bc    cc    bc        1804  130  338 Ad Jc 8c 3h
STA       921370717  7  2 Bcc cf    -     -         2012   50    0 
STA       921370806  7  1 Bc  kc    kc    kc        1962   60    0 7h 6d Ac 3s
STA       921370854  6  6 r   b     c     c         1902   70    0 As 2d Ks 5d
STA       921370940  6  5 f   -     -     -         1832    0    0 
STA       921371010  6  4 c   kc    kc    kc        1832   60    0 Jd 2c Qd Ah
STA       921371050  6  3 cc  f     -     -         1772   20    0 
STA       921371078  6  2 Bk  k     k     k         1752   10    0 2h Kh Jd 7s
STA       921371134  6  1 Bc  k     b     b         1742   50   75 4s Ts 9c Jh
STA       921371201  6  6 c   k     f     -         1767   10    0 
STA       921371249  6  5 f   -     -     -         1757    0    0 
STA       921371302  7  5 f   -     -     -         1757    0    0 
STA       921371343  8  4 f   -     -     -         1757    0    0 
STA       921371395  7  3 c   k     kf    -         1757   10    0 
STA       921371470  7  2 Bc  kc    kf    -         1747   30    0 
STA       921371569  7  1 Bc  kc    kcc   kc        1717   80    0 4c 8d Jd 3d
STA       921371659  7  7 c   f     -     -         1637   10    0 
STA       921371730  7  6 f   -     -     -         1627    0    0 
STA       921371823  7  4 Q   -     -     -         1627    0    0 
STA       921546302 10  8 f   -     -     -         1627    0    0 
STA       921546433  9  6 f   -     -     -         1627    0    0 
STA       921546504  9  5 c   c     rc    c         1627  100    0 9d 6c As 4h
STA       921546617 10  5 Q   -     -     -         1527    0    0 
STA       921798727  6  3 f   -     -     -         1527    0    0 
STA       921798851  6  2 Bk  k     k     k         1527   10   18 Th Td 4s Kc
STA       921798908  8  1 Bc  bc    kcc   kc        1535  130    0 Th Qs Ts 6h
STA       921799025  9  9 f   -     -     -         1405    0    0 
STA       921799132  9  8 c   cc    f     -         1405   40    0 
STA       921799241  9  7 cc  c     c     Q         1365   50    0 
STA       922322082 10 10 c   c     c     cc        1315   80    0 Th 6h 5h Jd
STA       922322185 10  9 cc  cc    c     k         1235   70  170 3c 2s 7c 7s
STA       922322274 10  8 c   c     f     -         1335   30    0 
STA       922322350  9  6 c   cc    f     -         1305   40    0 
STA       922322443  9  5 c   k     kc    f         1265   30    0 
STA       922322524  9  4 c   b     b     b         1235   60  115 Jh 7c 4h 2s
STA       922322603  9  3 c   kc    c     f         1290   40    0 
STA       922322681  9  2 Bk  b     b     kc        1250   60  120 Ad 4s 8d 9s
STA       922322769  9  1 Bc  b     b     bc        1310   80  135 4c 5h Ah 6d
STA       922322836  8  8 f   -     -     -         1365    0    0 
STA       922322899  8  7 c   c     c     k         1365   40    0 Kd 9s 9d 6c
STA       922322949  6  4 c   c     c     k         1325   40    0 Ac 5s 7c 9c
STA       922323000  5  2 Bk  f     -     -         1285   10    0 
STA       922323028  5  1 Bc  kf    -     -         1275   10    0 
STA       922323053  5  5 c   f     -     -         1265   10    0 
STA       922323119  4  3 c   k     k     f         1255   10    0 
STA       922323174  4  2 Bk  kc    kc    kf        1245   40    0 
STA       922323237  5  1 Bc  kf    -     -         1205   10    0 
STA       922323288  5  5 c   b     -     -         1195   20   50 
STA       922323316  5  4 f   -     -     -         1225    0    0 
STA       922323371  5  3 c   b     r     r         1225  100  157 3s 9c 8c 2s
STA       922323450  5  2 Bk  b     b     bc        1282  120  245 3s 2c Ah 7h
STA       922323523  5  1 Bc  kc    kf    -         1407   20    0 
STA       922323580  4  4 c   c     c     c         1387   70   77 Th 7c 4c 7h
STA       922323625  5  4 c   c     b     b         1394   60  160 9h 4c 2h 5c
STA       922323688  5  3 c   f     -     -         1494   10    0 
STA       922323788  5  2 Bk  kc    c     f         1484   40    0 
STA       922323848  5  1 Bc  k     b     b         1444   50  160 5s Td 3d Ac
STA       922323897  5  5 c   rc    k     k         1554   40   67 2s 6c 2h Ah
STA       922323945  4  3 f   -     -     -         1581    0    0 
STA       922323985  4  2 Bk  b     -     -         1581   20   35 
STA       922324014  4  1 Bc  k     k     k         1596   10   15 7h Qc Td Kc
STA       922324043  4  4 c   b     b     -         1601   40   70 
STA       922324081  4  3 c   k     kf    -         1631   10    0 
STA       922324127  4  2 Bk  k     b     b         1621   50  105 3c 4h 3d 2c
STA       922324175  4  1 Bc  bc    bc    bc        1676  110  150 Ad Ac 4d 2d
STA       922324247  4  4 Q   -     -     -         1716    0    0 
STA       922490506 10 10 f   -     -     -         1716    0    0 
STA       922490618  9  8 ccc rc    c     r         1716  150  710 
STA       922490778  9  7 cc  kcc   cc    f         2276  110    0 
STA       922490902  8  5 cc  bc    kc    kc        2166   90  195 Th Ks Kd 8s
STA       922490988  8  4 cc  kc    kc    kcc       2271  130    0 5h Ah 7s 2h
STA       922491073  8  3 c   kc    bc    bc        2141  100  165 2c 9d 7d Ah
STA       922491146  9  2 Bc  cc    k     k         2206   50    0 Kh Ad Ts 6h
STA       922491229  8  1 Bcc kf    -     -         2156   40    0 
STA       922491387  8  8 cf  -     -     -         2116   10    0 
STA       922491477  7  6 cc  b     b     b         2106   80  230 
STA       922491528  7  5 cc  kc    kc    b         2256   70  155 Kc 7c Th 8s
STA       922491593  7  4 cc  kc    kf    -         2341   30    0 
STA       922491657  8  3 c   bc    kc    k         2311   50   90 Tc Qc 9d 9s
STA       922491726  8  2 Bk  kc    k     kc        2351   40    0 9h 9d 9s 8c
STA       922491781  8  1 Bc  k     kc    k         2311   30    0 Th 7h 4c 2c
STA       922491852  8  8 cc  cc    cf    -         2281   90    0 
STA       922491951  9  8 c   cc    c     f         2191  100    0 
STA       922492060  8  8 c   c     b     b         2091   70  255 8h 6c 7d Ac
STA       922492126  8  6 c   rc    c     c         2276  100    0 8s 7s Kd As
STA       922492225  8  5 c   k     c     f         2176   30    0 
STA       922492318 10  5 c   kf    -     -         2146   10    0 
STA       922492452 10  4 c   k     k     kf        2136   10    0 
STA       922492555 10  3 c   kc    kc    bc        2126   80  225 4h 7d Js 2d
STA       922492679 10  2 Bcc kcc   kcc   brc       2271  221  666 4d 2c As 6c
STA       922492847 10  1 Bc  k     kc    kf        2716   40    0 
STA       922492949 10 10 c   c     c     r         2676   80  315 7h 2c Qd 7d
STA       922493038 10  9 c   c     c     c         2911   60  155 7d Jh 3c Qh
STA       922493160 10  8 c   k     f     -         3006   10    0 
STA       922493244 10  7 c   c     f     -         2996   20    0 
STA       922493305 10  6 c   f     -     -         2976   10    0 
STA       922493373 10  5 c   f     -     -         2966   10    0 
STA       922493460 10  4 c   c     bc    k         2956   80    0 Jh 7h 2d Kh
STA       922493543 10  3 f   -     -     -         2876    0    0 
STA       922493628 10  2 Bk  b     b     b         2876   60  250 2h 9d 6c Ac
STA       922493687 10  1 Bc  k     kf    -         3066   10    0 
STA       922493812 10  5 Q   -     -     -         3056    0    0 
STA       922815678  6  1 Bf  -     -     -         3056   10    0 
STA       922815721  7  1 Bf  -     -     -         3046    5    0 
STA       922815773  7  7 cc  cc    c     c         3041  120    0 8d 2h As Qh
STA       922815860  7  7 c   c     cc    f         2921   90    0 
STA       922815916  6  5 cc  k     c     c         2831   60    0 3d 4c Qs Jc
STA       922816014  6  5 c   b     bc    r         2771  100  310 4s 7s Js 6s
STA       922816096  6  4 c   bc    k     kc        2981   50    0 Jh 2d Th Qd
STA       922816158  6  3 f   -     -     -         2931    0    0 
STA       922816206  5  2 Bk  k     k     k         2931   10   20 5c Td Jh Kh
STA       922816252  3  1 Bc  k     k     bc        2941   50    0 7d Tc Ts 9h
STA       922816290  3  3 Q   -     -     -         2891    0    0 
STA       922836090  4  3 f   -     -     -         2891    0    0 
STA       922836131  4  2 Bc  kf    -     -         2891   20    0 
STA       922836181  4  1 Bcc kc    kc    kc        2871   70   70 Kd 2h 6c Kc
STA       922836231  5  4 c   c     c     k         2871   40    0 Td Th As 9d
STA       922836300  5  3 c   k     k     kc        2831   30   37 9d Ah 4s 8c
STA       922836449  5  2 Bk  Q     -     -         2838   10    0 
