STA       951955504  8  5 c   f     -     -          895   20    0 
STA       951955539  8  4 r   kc    kf    -          875   30    0 
STA       951955594  9  3 c   c     f     -          845   20    0 
STA       951955711  8  2 Bk  k     kf    -          825   10    0 
STA       951955812  7  1 Br  b     k     b          815   50  200 As 4d 2s Ac
STA       951955877  8  8 c   f     -     -          965   20    0 
STA       951955940  9  8 f   -     -     -          945    0    0 
STA       951956047 10  8 f   -     -     -          945    0    0 
STA       951956143 10  7 f   -     -     -          945    0    0 
STA       951956217  9  6 c   f     -     -          945   10    0 
STA       951956346  9  5 cc  cf    -     -          935   40    0 
STA       951956443  8  3 cc  c     rc    kf         895  110    0 
STA       951956543  7  2 Bk  kc    kc    kc         785   70   58 Tc 3d 5d Jh
STA       951956657  6  1 Bc  kf    -     -          773   20    0 
STA       951956695  6  6 c   c     f     -          753   20    0 
STA       951956752  7  6 c   r     c     k          733   50  110 7c Qc 8c 5d
STA       951956875  6  4 cc  c     k     f          793   40    0 
STA       951956923  6  3 c   c     c     c          753   60    0 2c 3h 3c 5s
STA       951956977  5  2 Bc  kc    b     kc         693   70    0 Kh 8s 6c 8c
STA       951957018  5  1 Bc  kf    -     -          623   10    0 
STA       951957063  5  5 r   cc    k     k          613   40    0 2d As Kh 6h
STA       951957102  5  4 c   bc    kc    kc         573   70    0 3d 9d 9c Td
STA       951957138  5  3 c   b     k     f          503   20    0 
STA       951957198  5  2 Bk  k     f     -          483   10    0 
STA       951957241  5  1 Bc  kf    -     -          473   20    0 
STA       951957282  5  5 cr  c     c     b          453   80  210 As 5d 3d Ad
STA       951957321  5  4 c   rr    c     k          583   70    0 6c Kc 8h 8d
STA       951957372  5  3 c   f     -     -          513   10    0 
STA       951957427  5  2 Bk  c     k     f          503   20    0 
STA       951957463  5  1 Bcc kf    -     -          483   40    0 
STA       951957495  5  5 cc  c     c     f          443   50    0 
STA       951957550  6  5 cc  r     k     f          393   40    0 
STA       951957613  6  4 c   rc    kcc   c          353  140    0 4h 4c Kh 8c
STA       951957664  6  3 c   kQ    -     -          213   10    0 
STA       952035186 10 10 c   f     -     -          203   10    0 
STA       952035340 10  9 c   cc    cc    f          193  110    0 
STA       952035455  9  7 c   r     rcA   -           83   83    0 8c Qh Ah 7s
STA       952111509  6  5 c   k     k     f         1000   10    0 
STA       952111573  6  4 c   f     -     -          990   10    0 
STA       952111607  6  3 c   b     b     c          980   60  150 Ks As 2d Jd
STA       952111664  5  2 Bc  kc    kf    -         1070   30    0 
STA       952111711  5  1 Br  bc    kc    k         1040   70    0 Kh Ad Td 2h
STA       952111751  4  4 c   c     c     b          970   60  170 2c Kh 9h 9c
STA       952111796  4  3 c   k     b     k         1080   30   40 9d Kd 6c Kc
STA       952111829  4  2 Bk  b     kc    kc        1090   60    0 5d 4c Qh 3c
STA       952111862  4  1 Bc  kc    k     k         1030   20    0 Qd Jd 3c Kd
STA       952111909  4  4 cc  b     b     r         1010   90  125 9d 3d 7h Kh
STA       952111980  4  3 c   k     r     b         1045   70  200 7s Ac 2h 8s
STA       952112027  4  2 BQ  -     -     -         1175   10    0 
STA       952369927  8  7 cc  cc    cc    f         1165  160    0 
STA       952370040  9  8 c   cc    cc    cc        1005  240    0 As 9s 5h Jh
STA       952370210  7  5 f   -     -     -          765    0    0 
STA       952370291 10  6 f   -     -     -          765    0    0 
STA       952370402 10  5 cc  cc    f     -          765   80    0 
STA       952370504  9  4 cc  cc    cc    ccc        685  260    0 7h Js 8c Ks
STA       952370638  9  3 cc  ccc   rc    rc         425  240  565 5h 2c Jd Qd
STA       952370760 10  2 Bc  kcc   bcc   kf         750  160    0 
STA       952370857 10  1 Br  bc    kcc   kf         590  180    0 
STA       952370963 10 10 r   cc    cc    r          410  250  802 Ks 4s Ac 9s
STA       952371123 10  9 c   c     c     f          962  190    0 
STA       952371277 10  8 c   cc    cc    cc         772  240    0 Jd Qs 8c 8h
STA       952371357 10  7 cc  cc    f     -          532   80    0 
STA       952371465 10  6 cc  cc    cc    f          452  160    0 
STA       952371573 10  5 cc  rc    cc    cc         292  240  970 Jd Qs 7s Ad
STA       952371652 10  4 cc  rc    f     -         1022   90    0 
STA       952371749 10  3 cc  cc    ccc   ccc        932  240    0 Ts As Ad 8s
STA       952371905 10  2 Bf  -     -     -          692   10    0 
STA       952372040 10  1 Bcc kc    kcc   kf         682  160    0 
STA       952372202 10 10 c   rc    cc    cc         522  240  542 Ad 7c 6h 5h
STA       952372308 10  9 c   f     -     -          824   40    0 
STA       952372418 10  8 cc  cc    cc    c          784  250  350 Jd Jh 6h 8h
STA       952372537 10  7 cc  rc    cc    cc         884  250    0 3c 7s Ks 5h
STA       952372657 10  6 cc  cc    f     -          634   80    0 
STA       952372750  9  5 cc  f     -     -          554   40    0 
STA       952372833  9  4 rc  rc    ccc   f          514  160    0 
STA       952372942  9  3 rc  ccc   ccc   ccc        354  250    0 4d 2h 2d 8s
STA       952373039 10  2 Bcc bcc   bcA   -          104  104  186 8d 7c 6s 9c
STA       952373170 10  1 Bc  kf    -     -          186   50    0 
STA       952373269 10 10 r   cc    cA    -          136  136    0 5h 2h Ks Kh
STA       952386599  8  4 cc  k     c     r         1000   80  140 3d Ks 3c 4c
STA       952386673  7  3 c   b     b     b         1060   60  125 
STA       952386709  8  2 Bc  kc    kc    kf        1125   50    0 
STA       952386781  8  1 Bc  k     kf    -         1075   10    0 
STA       952386841  8  8 r   b     k     f         1065   40    0 
STA       952386914  9  8 c   c     c     c         1025   60    0 5h 7c 3d Ad
STA       952386988  9  7 c   c     c     k          965   60    0 4s 4c Ac Td
STA       952387084  9  6 c   cc    cc    bcc        905  150    0 Jd Qs Jh 5d
STA       952387214  8  5 f   -     -     -          755    0    0 
STA       952387268  7  4 r   bc    k     k          755   40  105 5h Qs Ac Qh
STA       952387308  8  4 c   f     -     -          820   10    0 
STA       952387335  8  4 cc  kc    f     -          810   30    0 
STA       952387426  6  2 Br  b     bc    c          780   90  210 Ad 3h 9d Jh
STA       952387486  7  1 Bc  kf    -     -          900   10    0 
STA       952387512  7  7 c   f     -     -          890   20    0 
STA       952387564  7  6 cc  f     -     -          870   20    0 
STA       952387680  8  6 cc  f     -     -          850   20    0 
STA       952387812  8  5 cc  kf    -     -          830   20    0 
STA       952387894  7  3 cc  cc    f     -          810   60    0 
STA       952388014  7  2 Bc  b     bcc   bcc        750  170  214 2h 4d Qc As
STA       952388114  7  1 Bc  kc    kc    kf         794   70    0 
STA       952388201  7  7 rc  c     c     k          724   70    0 2c 3s Ac Qh
STA       952388274  8  7 f   -     -     -          654    0    0 
STA       952388363  8  6 cc  k     c     f          654   40    0 
STA       952388434  8  5 cc  kc    k     f          614   30    0 
STA       952388518  8  4 cc  brc   bc    bc         584  140  300 4s 6h As 9c
STA       952388619  8  3 cc  kf    Q     -          744   20    0 
STA       952552711  6  6 c   c     k     k          724   20   90 7d Ac Ad 9d
STA       952552757  6  5 c   cc    c     c          794  110  207 4h 4s 5c Ac
STA       952552804  6  4 cc  f     -     -          891   20    0 
STA       952552868  6  3 c   k     k     f          871   10    0 
STA       952552913  7  2 Bk  cc    f     -          861   30    0 
STA       952552951  7  1 Bc  kf    -     -          831   10    0 
STA       952553004  7  7 c   c     c     k          821   40    0 8c 2d 5h Jd
STA       952553071  7  6 f   -     -     -          781    0    0 
STA       952553136  8  5 c   cr    c     rr         781  160  545 9c 3h Ah 6c
STA       952553181 10  4 c   kc    kc    kf        1166   40    0 
STA       952553249  8  2 c   kc    kf    -         1126   20    0 
STA       952553350  8  2 Bk  b     b     kc        1106   60  130 Qd Ks 4c Th
STA       952553407  8  1 Bc  kf    -     -         1176   10    0 
STA       952553482 10 10 cc  c     c     f         1166   70    0 
STA       952553553 10  9 f   -     -     -         1096    0    0 
STA       952553615 10  8 f   -     -     -         1096    0    0 
STA       952553711  9  6 f   -     -     -         1096    0    0 
STA       952553861  9  5 cc  c     k     f         1096   30    0 
STA       952553969 10  5 c   kcc   kf    -         1066   40    0 
STA       952554045 10  4 f   -     -     -         1026    0    0 
STA       952554128 10  3 c   kc    kc    kf        1026   40    0 
STA       952554251 10  2 Bk  f     -     -          986   10    0 
STA       952554331 10  1 Bf  -     -     -          976    5    0 
STA       952554416 10 10 cc  f     -     -          971   30    0 
STA       952554511 10  9 c   c     c     f          941   60    0 
STA       952554598 10  8 c   cc    c     cc         881  120  265 2d 4h 2h 5s
STA       952554734 10  7 c   f     -     -         1026   10    0 
STA       952554800 10  6 c   f     -     -         1016   10    0 
STA       952554852 10  5 c   f     -     -         1006   10    0 
STA       952554926 10  4 f   -     -     -          996    0    0 
STA       952555029 10  3 ccc kf    -     -          996   40    0 
STA       952555122 10  2 Bf  -     -     -          956   10    0 
STA       952555205 10  1 Bc  kcc   kf    -          946   60    0 
STA       952555263 10 10 cc  c     c     bc         886  130  390 2c Th Qh 5s
STA       952555353 10  9 f   -     -     -         1146    0    0 
STA       952555465 10  8 f   -     -     -         1146    0    0 
STA       952555539 10  7 cc  kf    -     -         1146   20    0 
STA       952555649 10  6 c   ccc   kf    -         1126   50    0 
STA       952555726  9  4 c   kc    k     k         1076   20  110 9h 8d Ah Qh
STA       952555803  9  3 cc  kc    kc    k         1166   60    0 3h Td Ac 7h
STA       952555853  9  2 Bc  kf    -     -         1106   20    0 
STA       952555914  8  1 Bc  k     k     b         1086   30   50 
STA       952555945  8  8 c   rc    rc    b         1106  140  238 9s Jd Jh Ad
STA       952556015  8  8 c   c     c     f         1204   50    0 
STA       952556080  6  6 c   f     -     -         1154   10    0 
STA       952556129  7  6 c   kc    kc    kc        1144   60  102 2d Ks 5c 5s
STA       952556215  7  5 c   r     ccc   ccc       1186  176    0 4h 5s 6s 4s
STA       952556279  8  4 c   k     k     kf        1010   10    0 
STA       952556363  9  3 c   kcc   k     kc        1000   60    0 Jc 6h 2d As
STA       952556460  9  2 Bk  kc    b     kf         940   40    0 
STA       952556540  9  1 Bc  b     k     b          900   40    0 Ac 3d Ad 9d
STA       952556610  9  9 c   rc    b     ccc        860  160    0 5d Ac 2h As
STA       952556740 10  9 c   k     k     kf         700   20    0 
STA       952556819 10  8 f   -     -     -          680    0    0 
STA       952556902 10  7 rc  c     k     f          680   40    0 
STA       952556985 10  6 ccc bcc   cc    f          640  120    0 
STA       952557088  9  4 rc  kcc   br    brc        520  210    0 Qh Jc Jh 8c
STA       952557179  8  2 c   br    b     k          310   60    0 7s Tc 5s 7c
STA       952557255  8  2 Bk  Q     -     -          250   10    0 
STA       952563024  7  5 cc  c     k     b          240   50    0 7d 8c 7c Td
STA       952563090  8  5 r   bc    bc    kc         190  100  265 4c 2c Ac 4d
STA       952563156  6  2 Bc  bcc   kc    kf         355   90    0 
STA       952563218  6  1 Bcc kf    -     -          265   20    0 
STA       952563268  6  6 cc  k     k     k          245   20    0 7h 2s 9s 4d
STA       952563333  6  6 f   -     -     -          225    0    0 
STA       952563367  6  5 f   -     -     -          225    0    0 
STA       952563389  5  4 f   -     -     -          225    0    0 
STA       952563408  5  3 cc  br    k     b          225   70  205 4d 3h 6s Th
STA       952563465  8  3 c   c     kc    kf         360   40    0 
STA       952563518  8  2 Br  kc    k     bc         320   80  260 Ac Jd 2h 8d
STA       952563592  8  1 Bc  bcc   k     kf         500   40    0 
STA       952563666  9  8 c   f     -     -          460   10    0 
STA       952563726  7  6 c   bc    f     -          450   30    0 
STA       952563770  8  6 r   b     cc    cc         420  150  335 5c 2s Ac Tc
STA       952563896  9  5 cc  k     kf    -          605   20    0 
STA       952564005  9  4 cc  kc    kf    -          585   40    0 
STA       952564121 10  3 c   k     f     -          545   10    0 
STA       952564197 10  2 Bcc bc    kc    kf         535   80    0 
STA       952564317 10  1 Bc  kc    kf    -          455   30    0 
STA       952564409 10 10 c   Q     -     -          425   20    0 
STA       954442904  7  4 c   b     k     b          405   40   65 7c 3d 4d Kc
STA       954443001  6  4 c   k     b     k          430   30   45 Ks 9s 5c 8s
STA       954443044  5  2 Bk  b     b     b          445   60   70 2c 7c 8d 5d
STA       954443074  5  1 Bc  b     b     k          455   40   50 Td Ac As 9s
STA       954443100  5  5 c   f     -     -          465   10    0 
STA       954443135  5  4 c   c     c     c          455   60   65 9s 3h 6c 5d
STA       954443163  6  3 c   k     b     kf         460   30    0 
STA       954443216  6  2 Bk  b     k     k          430   20    0 2h Th 4h 6c
STA       954443250  6  1 Bc  b     kc    k          410   40    0 Jh Kh 9d Kc
STA       954443282  6  6 c   k     c     f          370   30    0 
STA       954443319  6  5 c   k     f     -          340   10    0 
STA       954443372  7  4 c   c     k     c          330   40    0 3d Kd 8d 5s
STA       954443434  7  3 c   b     kc    f          290   40    0 
STA       954443496  7  2 Bk  kc    kc    kf         250   40    0 
STA       954443594  7  1 Br  b     b     b          210   70   90 2d 5c 9s As
STA       954443659  6  6 c   k     f     -          230   10    0 
STA       954443724  6  5 cc  b     kc    kf         220   50    0 
STA       954443777  6  4 c   Q     -     -          170   10    0 
