STA       936230794  5  5 cc  k     r     bc         725  120  245 Jc 8d Jh 8h
STA       936230856  6  4 c   k     ccc   f          850  100    0 
STA       936230911  6  3 f   -     -     -          750    0    0 
STA       936230961  6  2 Bc  kc    kf    -          750   30    0 
STA       936231016  5  1 Bc  k     k     k          720   30  130 4h 3h Kd Ad
STA       936231081  7  6 c   c     f     -          820   30    0 
STA       936231156  6  5 c   c     c     c          790   70  115 Qh 8d Ks 3h
STA       936231214  6  4 c   kc    cc    cc         835  170  215 Kd 7h 8d 4d
STA       936231342  6  3 c   k     c     rc         880   90  110 9c Jd 9s Th
STA       936231396  6  2 Bk  kf    -     -          900   10    0 
STA       936231472  5  1 Bc  k     kf    -          890   10    0 
STA       936231537  5  5 c   b     b     b          880   60  135 6s 6h 7h 7s
STA       936231573  5  4 c   r     b     kcc        955  110    0 Qs 9h 3s Kh
STA       936231655  5  3 c   k     k     k          845   10    0 Qs 3h Kc 9c
STA       936231698  6  3 c   k     c     c          835   50    0 3c 8c 9c 6s
STA       936231751  6  2 Bc  kc    kf    -          785   50    0 
STA       936231842  7  1 Bc  kc    kc    kf         735   60    0 
STA       936231922  8  8 r   b     b     b          675   70  185 
STA       936232001 10  9 c   c     Q     -          790   30    0 
STA       936306728  5  4 c   c     c     f          760   50    0 
STA       936306806  6  3 c   f     -     -          710   10    0 
STA       936306862  6  2 Bk  c     f     -          700   20    0 
STA       936306919  6  1 Bc  kf    -     -          680   10    0 
STA       936306971  5  5 c   r     c     bc         670   90    0 Ah Jh Th 5d
STA       936307057  5  4 c   c     k     k          580   20    0 Qh Ts 6c 5s
STA       936307113  5  3 cc  c     kf    -          560   30    0 
STA       936307212  7  2 Bc  k     k     kf         530   20    0 
STA       936307344  8  1 Bc  k     kc    b          510   60  190 3c Tc Kh 8h
STA       936307405  9  9 c   c     c     b          640   70  153 Qc 8d 2c Tc
STA       936307514 10  9 c   c     k     f          723   20    0 
STA       936307606  8  7 c   k     c     k          703   30  120 8c 6d 2h 4h
STA       936307683  7  5 c   kc    kf    -          793   20    0 
STA       936307763  8  5 cc  kc    kc    kf         773   50    0 
STA       936307833  8  4 cc  kc    kc    kc         723   70  145 Js 2d 5d Th
STA       936307901  8  3 c   kc    kc    kf         798   50    0 
STA       936307993  8  2 Bk  c     k     kf         748   20    0 
STA       936308053  8  1 Bcc b     bc    kc         728  100  210 Ac 8s 9s 4d
STA       936308173  7  7 c   c     rc    c          838  110  148 6s Kd 2h 7s
STA       936308235  8  6 c   f     -     -          876   10    0 
STA       936308321  8  5 r   rc    kc    c          866  100  285 As 3s 2d Td
STA       936308444  9  3 Q   -     -     -         1051    0    0 
STA       937357290 10  4 c   kc    c     c         1051   70  175 6s 6h 4c As
STA       937357357 10  3 r   kc    k     kf        1156   30    0 
STA       937357420 10  2 Bk  b     kc    bc        1126   80  135 Jc Kd 4d 5c
STA       937357507 10  1 Bcf -     -     -         1181   10    0 
STA       937357586 10 10 cc  k     c     c         1171   80  125 Ac 8c Ad 8h
STA       937357652 10  9 cc  fQ    -     -         1216   20    0 
STA       938465380  9  9 c   c     k     c         1196   40    0 9h Ac Jh Ah
STA       938465446  9  8 c   kf    -     -         1156   10    0 
STA       938465505  9  7 c   kf    -     -         1146   10    0 
STA       938465578 10  6 c   k     c     f         1136   40    0 
STA       938465662  9  5 rc  b     kc    kf        1096   60    0 
STA       938465720 10  4 f   -     -     -         1036    0    0 
STA       938465783 10  3 cc  kc    kc    kf        1036   50    0 
STA       938465843 10  2 Bc  kf    -     -          986   30    0 
STA       938465899  9  1 Bc  kcc   kf    -          956   60    0 
STA       938465977  8  8 c   Q     -     -          896   10    0 
STA       938466675 10  9 c   b     b     cc         886  100  203 Kd As Tc Ah
STA       938466725 10  8 f   -     -     -          989    0    0 
STA       938466774 10  7 c   k     ccc   kc         989  110    0 Th 9h 3c 2c
STA       938466826 10  6 cc  c     f     -          879   30    0 
STA       938466873 10  5 c   c     cf    -          849   40    0 
STA       938466942 10  4 c   c     c     kf         809   40    0 
STA       938467024 10  3 Q   -     -     -          769    0    0 
