STA       970004115  5  5 f   -     -     -         2289    0    0 
STA       970004135  6  4 f   -     -     -         2289    0    0 
STA       970004160  6  3 f   -     -     -         2289    0    0 
STA       970004186  7  2 Bc  cc    kf    -         2289   40    0 
STA       970004222  8  1 Bcc kf    -     -         2249   30    0 
STA       970004257  8  8 rc  cc    c     cc        2219  130    0 Kd Ah
STA       970004359  7  6 f   -     -     -         2089    0    0 
STA       970004395  8  6 f   -     -     -         2089    0    0 
STA       970004441  8  4 f   -     -     -         2089    0    0 
STA       970004498  7  2 Bc  k     kc    k         2089   40    0 8d Ks
STA       970004539  5  1 Bc  k     k     k         2049   10    0 7d 9h
STA       970004567  6  6 c   b     c     c         2039   80    0 7h 7d
STA       970004612  5  5 f   -     -     -         1959    0    0 
STA       970004639  5  4 c   k     k     k         1959   10   11 Qc Js
STA       970004659  5  3 f   -     -     -         1960    0    0 
STA       970004676  6  2 Bk  k     kf    -         1960   10    0 
STA       970004727  6  1 Bc  kc    b     b         1950   60  150 4h Ac
STA       970004762  6  6 c   c     cc    f         2040   70    0 
STA       970004807  7  5 f   -     -     -         1970    0    0 
STA       970004840  7  4 c   k     f     -         1970   10    0 
STA       970004866  7  3 f   -     -     -         1960    0    0 
STA       970004873  7  2 Bf  -     -     -         1960   10    0 
STA       970004904  6  1 Bc  kf    -     -         1950   10    0 
STA       970004934  6  6 c   c     c     c         1940   60    0 8c Ts
STA       970004971  6  5 cc  c     c     f         1880   50    0 
STA       970005022  6  4 c   c     f     -         1830   20    0 
STA       970005056  6  3 c   f     -     -         1810   10    0 
STA       970005110  6  2 Bk  b     b     -         1800   40  100 
STA       970005155  6  1 Bc  b     b     kc        1860   60    0 Tc Jd
STA       970005192  7  7 c   b     k     k         1800   20   70 5h 5s
STA       970005229  7  6 f   -     -     -         1850    0    0 
STA       970005256  7  5 f   -     -     -         1850    0    0 
STA       970005299  8  4 f   -     -     -         1850    0    0 
STA       970005325  8  3 f   -     -     -         1850    0    0 
STA       970005357  8  2 Bk  k     k     kf        1850   10    0 
STA       970005402  8  1 Bcc kc    kf    -         1840   30    0 
STA       970005446  8  8 c   k     f     -         1810   10    0 
STA       970005493  8  7 f   -     -     -         1800    0    0 
STA       970005528  8  6 f   -     -     -         1800    0    0 
STA       970005568  7  5 cc  f     -     -         1800   20    0 
STA       970005629  7  4 rc  bc    c     k         1780   80  335 As Ac
STA       970005680  7  3 f   -     -     -         2035    0    0 
STA       970005716  7  2 Bf  -     -     -         2035   10    0 
STA       970005737  7  1 Bc  kf    -     -         2025   10    0 
STA       970005763  7  7 f   -     -     -         2015    0    0 
STA       970005805  7  6 f   -     -     -         2015    0    0 
STA       970005844  7  5 c   c     c     f         2015   50    0 
STA       970005868  7  4 f   -     -     -         1965    0    0 
STA       970005908  7  3 f   -     -     -         1965    0    0 
STA       970005930  7  2 Bk  b     kc    kc        1965   60    0 6s Ad
STA       970005966  6  1 Bc  k     kf    -         1905   10    0 
STA       970005997  6  6 f   -     -     -         1895    0    0 
STA       970006024  6  5 c   rc    c     f         1895   60    0 
STA       970006072  7  4 f   -     -     -         1835    0    0 
STA       970006109  8  3 cc  cc    kf    -         1835   40    0 
STA       970006176  4  2 Bk  f     -     -         1795   10    0 
STA       970006203  6  1 Bf  -     -     -         1785    5    0 
STA       970006242  6  6 f   -     -     -         1780    0    0 
STA       970006287  6  5 f   -     -     -         1780    0    0 
STA       970006311  6  4 cc  f     Q     -         1780   20    0 
