STA       959992692  8  8 c   k     f     -         2664   20    0 
STA       959992731  8  7 f   -     -     -         2644    0    0 
STA       959992799  7  5 cc  k     f     -         2644   20    0 
STA       959992867  7  5 fQ  -     -     -         2624    0    0 
STA       961025927  7  6 c   b     b     -         2624   40   90 
STA       961025993  8  5 f   -     -     -         2674    0    0 
STA       961026039  7  3 f   -     -     -         2674    0    0 
STA       961026074  7  2 Bc  kc    kc    kf        2674   60    0 
STA       961026106  7  1 Bc  kf    -     -         2614   20    0 
STA       961026128  7  7 r   b     k     k         2594   30    0 9h Qc
STA       961026143  7  6 f   -     -     -         2564    0    0 
STA       961026185  8  6 c   c     c     f         2564   40    0 
STA       961026238  8  5 c   b     -     -         2524   20   45 
STA       961026275  7  3 c   b     f     -         2549   20    0 
STA       961026334  8  2 Bc  k     k     k         2529   20    0 Th 9h
STA       961026376  8  1 Bc  kc    kc    kc        2509   60  140 Ts Jd
STA       961026416  8  8 f   -     -     -         2589    0    0 
STA       961026457  8  7 f   -     -     -         2589    0    0 
STA       961026510  8  6 c   kc    kf    -         2589   20    0 
STA       961026591  9  6 ccc f     -     -         2569   40    0 
STA       961026718 10  6 ccc k     k     b         2529   60  205 As Jh
STA       961026824 10  5 ccc f     -     -         2674   40    0 
STA       961026929 10  4 cc  c     k     k         2634   30    0 As 6s
STA       961027018 10  3 f   -     -     -         2604    0    0 
STA       961027078  9  2 Bk  rc    c     f         2604   70    0 
STA       961027127 10  1 Bf  -     -     -         2534    5    0 
STA       961027176 10 10 c   f     -     -         2529   20    0 
STA       961027246 10  9 c   b     b     -         2509   50  125 
STA       961027318 10  8 f   -     -     -         2584    0    0 
STA       961027373  8  7 c   k     k     f         2584   10    0 
STA       961027414  7  5 f   -     -     -         2574    0    0 
STA       961027450  8  4 c   k     b     kf        2574   30    0 
STA       961027506  9  3 f   -     -     -         2544    0    0 
STA       961027589 10  2 Bk  kQ    -     -         2544   10    0 
STA       961791358 10  2 Bc  kf    -     -         2364   20    0 
STA       961791415 10  1 Bf  -     -     -         2344    5    0 
STA       961791449 10 10 c   c     f     -         2339   30    0 
STA       961791494 10  9 f   -     -     -         2309    0    0 
STA       961791522  9  7 f   -     -     -         2309    0    0 
STA       961791570 10  7 f   -     -     -         2309    0    0 
STA       961791609 10  6 cc  kf    -     -         2309   20    0 
STA       961791660 10  5 f   -     -     -         2289    0    0 
STA       961791696 10  4 f   -     -     -         2289    0    0 
STA       961791760  9  2 Bk  k     kc    k         2289   30    0 2h 5s
STA       961791819  9  1 Bc  kf    -     -         2259   20    0 
STA       961791940  9  9 c   k     f     -         2239   20    0 
STA       961791978  9  8 c   c     f     -         2219   30    0 
STA       961792008  9  7 rc  b     b     k         2189   60    0 Qd Kh
STA       961792052  9  6 cc  k     b     -         2129   40  110 
STA       961792095 10  6 f   -     -     -         2199    0    0 
STA       961792166 10  5 f   -     -     -         2199    0    0 
STA       961792223 10  4 r   b     kf    -         2199   30    0 
STA       961792268 10  3 f   -     -     -         2169    0    0 
STA       961792338 10  2 Bk  kf    -     -         2169   10    0 
STA       961792393 10  1 Bf  -     -     -         2159    5    0 
STA       961792450 10 10 f   -     -     -         2154    0    0 
STA       961792479 10  9 c   c     c     r         2154   90  260 Ts Kc
STA       961792545 10  8 c   c     c     f         2324   60    0 
STA       961792604 10  7 cc  f     -     -         2264   20    0 
STA       961792651 10  6 f   -     -     -         2244    0    0 
STA       961792683 10  5 f   -     -     -         2244    0    0 
STA       961792723 10  4 c   kc    kc    k         2244   40    0 Td 8h
STA       961792788 10  3 c   kf    -     -         2204   10    0 
STA       961792861 10  2 Bk  k     kf    -         2194   10    0 
STA       961792913 10  1 Bc  kf    -     -         2184   20    0 
STA       961792981 10 10 cc  c     f     -         2164   40    0 
STA       961793029 10  9 c   k     f     -         2124   10    0 
STA       961793074 10  8 c   f     -     -         2114   10    0 
STA       961793133 10  7 f   -     -     -         2104    0    0 
STA       961793177 10  6 f   -     -     -         2104    0    0 
STA       961793223 10  5 c   f     -     -         2104   10    0 
STA       961793280 10  4 f   -     -     -         2094    0    0 
STA       961793322 10  3 f   -     -     -         2094    0    0 
STA       961793356 10  2 Bk  b     b     k         2094   40    0 Ah 6s
STA       961793404 10  1 Bc  KQ    -     -         2054   10    0 
