log       960270097 10  9 f   -     -     -          990    0    0 
log       960270140 10  8 c   b     b     c          990   60    0 9h Kc
log       960270210 10  7 f   -     -     -          930    0    0 
log       960270296 10  6 cc  f     -     -          930   20    0 
log       960270374 10  5 f   -     -     -          910    0    0 
log       960270423 10  4 f   -     -     -          910    0    0 
log       960270462 10  3 rc  b     b     b          910   90  340 Kd Ah
log       960270545 10  2 Bf  -     -     -         1160   10    0 
log       960270656 10  1 Bc  b     -     -         1150   20   30 
log       960270690 10 10 c   r     cc    c         1160  150    0 8s 8h
log       960270845 10  9 f   -     -     -         1010    0    0 
log       960270950 10  8 f   -     -     -         1010    0    0 
log       960271021 10  7 c   b     -     -         1010   20   45 
log       960271056 10  6 f   -     -     -         1035    0    0 
log       960271109 10  5 cc  kc    kc    kf        1035   50    0 
log       960271175 10  4 c   bc    kc    rc         985  110    0 Td 8d
log       960271257  9  3 f   -     -     -          875    0    0 
log       960271302  9  2 Bk  kf    -     -          875   10    0 
log       960271377 10  1 Bc  kc    kc    kf         865   40    0 
log       960271455 10 10 f   -     -     -          825    0    0 
log       960271570 10  9 r   bc    kc    kc         825   80  355 Kd Kc
log       960271696 10  8 f   -     -     -         1100    0    0 
log       960271762 10  7 f   -     -     -         1100    0    0 
log       960271881 10  6 c   b     bc    kc        1100   80    0 5d 6h
log       960271968 10  5 f   -     -     -         1020    0    0 
log       960272050 10  4 c   k     k     k         1020   10    0 9h 7d
log       960272175 10  4 f   -     -     -         1010    0    0 
log       960272249 10  2 Bk  k     k     k         1010   10    0 7c Qs
log       960272343 10  1 Bc  kf    -     -         1000   10    0 
log       960272419 10 10 c   c     c     c          990   60    0 5c 7c
log       960272503 10  9 c   c     k     c          930   40  120 6c 4s
log       960272572  9  7 c   r     bc    c         1010   90    0 7h Ad
log       960272635  9  7 f   -     -     -          920    0    0 
log       960272695  9  6 cc  kf    -     -          920   20    0 
log       960272831  9  5 f   -     -     -          900    0    0 
log       960272935  9  4 f   -     -     -          900    0    0 
log       960273030  9  3 f   -     -     -          900    0    0 
log       960273108  8  2 Bk  kf    -     -          900   10    0 
log       960273151  8  1 Bc  kc    kc    kcc        890   80    0 7h 6h
log       960273284  8  8 c   f     -     -          810   10    0 
log       960273383  8  7 c   c     f     -          800   20    0 
log       960273447  8  6 c   c     c     c          780   70    0 Qs Ts
log       960273502  9  6 c   c     f     -          710   40    0 
log       960273570 10  6 c   b     b     k          670   40  100 8h 9d
log       960273662 10  5 cc  kf    -     -          730   20    0 
log       960273820 10  5 r   b     b     b          710   70  150 
log       960273904  9  3 cf  -     -     -          790   10    0 
log       960273969  9  2 Bc  kc    kf    -          780   30    0 
log       960274092 10  1 Bf  -     -     -          750    5    0 
log       960274194 10 10 c   c     c     c          745   60    0 8s Kd
log       960274251  9  8 f   -     -     -          685    0    0 
log       960274366  9  7 c   b     -     -          685   20   50 
log       960274411  9  6 ccc c     ccc   c          715  170    0 Jc Qd
log       960274541  9  5 cc  kc    kc    kc         545   80    0 As Jc
log       960274616  9  4 c   rc    kc    kc         465  110    0 Ts Qd
log       960274726  9  4 cc  f     -     -          355   30    0 
log       960274788  9  3 cc  b     b     b          325   70  205 3d Ah
log       960274857  7  2 Bc  kccc  kf    -          460   80    0 
log       960274935  7  1 Bc  bc    kc    kc         380   80  180 Js 7s
log       960274971  7  7 c   k     k     f          480   10    0 
log       960275014  7  6 c   rc    c     c          470   90  225 Qs 8s
log       960275060  7  5 cc  r     c     c          605  100    0 Kh 6c
log       960275132  7  4 ccc bc    kc    kc         505  100  290 Kd 3d
log       960275186  7  3 f   -     -     -          695    0    0 
log       960275253  6  2 Bc  bc    kc    kc         695   80    0 Th Ts
log       960275289  7  1 Bcc b     b     b          615   70  140 
log       960275330  7  7 cc  c     c     f          685   80    0 
log       960275385  7  6 f   -     -     -          605    0    0 
log       960275441  7  5 cc  kf    -     -          605   20    0 
log       960275509  6  4 cc  kf    -     -          585   20    0 
log       960275536  6  3 cc  r     k     c          565   60    0 9h 8h
log       960275590  7  2 Bcc c     c     c          505   90    0 Tc 4h
log       960275652  6  1 Bf  -     -     -          415    5    0 
log       960275693  7  7 c   c     cc    c          410  100    0 7d 9s
log       960275750  7  6 f   -     -     -          310    0    0 
log       960275832  7  5 cc  cc    kc    kc         310   80    0 As 9d
log       960275873  7  5 c   c     c     f          230   60    0 
log       960275946  7  3 cc  rc    k     k          170   60    0 Js 5d
log       960276004  8  3 cc  kc    f     -          110   30    0 
log       960276080  7  2 Bc  bc    kc    kcA         80   80    0 4s Kd
log       960276223  6  5 c   k     k     kf        1000   10    0 
log       960276261  6  3 f   -     -     -          990    0    0 
log       960276385  7  2 Bk  k     k     k          990   10   45 Jc Ah
log       960276424  8  1 Bc  kf    -     -         1025   20    0 
log       960276488  8  8 c   f     -     -         1005   20    0 
log       960276544  8  7 c   f     -     -          985   10    0 
log       960276614  8  6 f   -     -     -          975    0    0 
log       960276661  8  5 KQ  -     -     -          975    0    0 
