STA       948224841  9  6 c   k     k     k         2078   10    0 8h Js
STA       948224892  9  5 f   -     -     -         2068    0    0 
STA       948225017  8  4 f   -     -     -         2068    0    0 
STA       948225032  7  3 f   -     -     -         2068    0    0 
STA       948225070  8  2 Bk  kf    -     -         2068   10    0 
STA       948225117  9  1 Bc  kf    -     -         2058   10    0 
STA       948225164  9  9 c   k     c     f         2048   30    0 
STA       948225245  9  8 c   f     -     -         2018   10    0 
STA       948225299  9  7 f   -     -     -         2008    0    0 
STA       948225368  9  6 f   -     -     -         2008    0    0 
STA       948225423 10  5 f   -     -     -         2008    0    0 
STA       948225439 10  4 f   -     -     -         2008    0    0 
STA       948225496 10  3 c   k     kc    b         2008   50  185 Qc Js
STA       948225582 10  2 Bk  kf    -     -         2143   10    0 
STA       948225627 10  1 Bc  kc    kf    -         2133   20    0 
STA       948225693 10 10 c   f     -     -         2113   10    0 
STA       948225741 10  9 c   b     b     k         2103   40  145 7s Qs
STA       948225801  8  6 c   r     k     f         2208   30    0 
STA       948225854  8  5 f   -     -     -         2178    0    0 
STA       948225876  7  4 cc  f     -     -         2178   20    0 
STA       948225915  7  3 r   b     kc    kc        2158   70  230 Ad Ah
STA       948225961  8  2 Bk  kf    -     -         2318   10    0 
STA       948225991  8  1 Bc  kc    kc    kf        2308   40    0 
STA       948226055  9  9 c   k     b     k         2268   30    0 9c 8s
STA       948226124  9  7 f   -     -     -         2238    0    0 
STA       948226173 10  7 c   b     b     k         2238   40    0 2h 4c
STA       948226231 10  6 c   r     b     k         2198   50    0 3h Qh
STA       948226276 10  5 f   -     -     -         2148    0    0 
STA       948226335 10  4 cc  kQ    -     -         2148   20    0 
STA       948840098  6  6 c   k     k     k         2128   10    0 3h 4h
STA       948840164  6  5 f   -     -     -         2118    0    0 
STA       948840234  7  5 f   -     -     -         2118    0    0 
STA       948840282  7  4 c   b     c     c         2118   60    0 As 4h
STA       948840355  7  3 f   -     -     -         2058    0    0 
STA       948840429  8  2 Bk  bc    kc    kf        2058   50    0 
STA       948840514  8  1 Bc  kf    -     -         2008   10    0 
STA       948840584  7  7 c   c     k     f         1998   30    0 
STA       948840687  6  6 r   -     -     -         1968   20   35 
STA       948840700  5  4 c   f     -     -         1983   10    0 
STA       948840738  5  3 cc  rc    b     b         1973   90  230 Kh 4h
STA       948840791  6  3 cc  f     -     -         2113   30    0 
STA       948840927  8  2 Bc  kc    kcc   kc        2083  140    0 7d 8d
STA       948841065  8  1 Bc  b     k     b         1943   40  113 Th Qs
STA       948841097  7  7 cc  c     r     b         2016  110  275 Qs Qc
STA       948841199  7  6 f   -     -     -         2181    0    0 
STA       948841246  7  5 cc  c     k     k         2181   30  120 5s Ks
STA       948841335  5  4 cc  rc    c     k         2271   70  145 Ah 8d
STA       948841383  6  4 f   -     -     -         2346    0    0 
STA       948841489  6  3 c   f     -     -         2346   10    0 
STA       948841511  6  2 Bf  -     -     -         2336   10    0 
STA       948841548  6  1 Bc  k     bc    bc        2326   90   90 Td 9h
STA       948841585  6  6 f   -     -     -         2326    0    0 
STA       948841620  6  5 f   -     -     -         2326    0    0 
STA       948841669  8  4 f   -     -     -         2326    0    0 
STA       948841725  8  3 f   -     -     -         2326    0    0 
STA       948841765  8  2 Bf  -     -     -         2326   10    0 
STA       948841837  8  1 Bf  -     -     -         2316    5    0 
STA       948841923  7  7 f   -     -     -         2311    0    0 
STA       948841998  7  6 f   -     -     -         2311    0    0 
STA       948842066  7  5 f   -     -     -         2311    0    0 
STA       948842099  8  5 f   -     -     -         2311    0    0 
STA       948842157  8  4 cf  -     -     -         2311   10    0 
STA       948842200  8  3 cc  kf    -     -         2301   20    0 
STA       948842305  8  2 Bcc kc    kc    k         2281   70  375 As 8c
STA       948842378  8  1 Bc  kf    -     -         2586   20    0 
STA       948842432  8  8 f   -     -     -         2566    0    0 
STA       948842454  7  6 f   -     -     -         2566    0    0 
STA       948842494  8  5 f   -     -     -         2566    0    0 
STA       948842599  7  4 f   -     -     -         2566    0    0 
STA       948842641  7  3 f   -     -     -         2566    0    0 
STA       948842662  7  2 Bc  kc    kc    kf        2566   90    0 
STA       948842739  7  1 Bf  -     -     -         2476    5    0 
STA       948842798  5  5 f   -     -     -         2471    0    0 
STA       948842850  5  4 f   -     -     -         2471    0    0 
STA       948842888  5  3 f   -     -     -         2471    0    0 
STA       948842917  5  2 Bk  kc    kf    -         2471   20    0 
STA       948842971  5  1 Bc  b     kc    kc        2451   60  140 8h Kc
STA       948843003  5  5 f   -     -     -         2531    0    0 
STA       948843037  3  3 f   -     -     -         2531    0    0 
STA       948843064  3  2 Bf  -     -     -         2531   10    0 
STA       948843101  3  1 Bcc kf    -     -         2521   30    0 
STA       948843122  3  3 Q   -     -     -         2491    0    0 
