STA       973120555  4  2 Bk  kc    kc    c          683   60   90 5d Ah 9h Tc
STA       973120613  4  1 Bc  b     kc    k          713   40    0 5c 7s 3s Jd
STA       973120655  4  4 c   f     -     -          673   10    0 
STA       973120700  4  3 c   f     -     -          663   10    0 
STA       973120733  5  2 Bk  kf    -     -          653   10    0 
STA       973120769  5  1 Bc  kc    kc    k          643   40    0 Td 4s 5c 7s
STA       973120817  7  7 f   -     -     -          603    0    0 
STA       973120905  8  7 KQ  -     -     -          603    0    0 
STA       973121132 10  3 c   kc    cc    k          603   90    0 2s As 2h Jc
STA       973121255  9  2 Bc  kc    k     kf         513   50    0 
STA       973121375  9  1 Br  b     k     k          463   30    0 Qd Ah Qs 2h
STA       973121458  9  9 rc  c     c     c          433   80  135 As 9d 2h 2d
STA       973121549  7  5 c   k     f     -          488   10    0 
STA       973121590  6  3 c   rc    b     b          478   80    0 3d Tc 8d 5c
STA       973121658  6  2 Bc  cc    kcc   cf         398  130    0 
STA       973121733  7  1 Br  b     kc    k          268   50  140 4h Ac Ad Qd
STA       973121819  6  6 c   b     k     k          358   20   35 Jh Qc Kc 5h
STA       973121877  7  6 c   c     f     -          373   20    0 
STA       973121925  7  6 cc  c     c     b          353   70  125 
STA       973121956  6  4 r   b     r     bc         408  110  289 Jh 5h Ah 3h
STA       973122012  5  2 Bc  bc    bc    bc         587  120  122 2h Jd Ah 3h
STA       973122048  5  1 Bc  b     k     k          589   20   50 5d 3c Kc 8s
STA       973122077  5  5 c   k     b     k          619   30    0 Th Ah 9d 4c
STA       973122115  5  4 c   bc    b     k          589   50   70 9d Kc 7h 9h
STA       973122201  5  3 c   k     b     f          609   30    0 
STA       973122298  5  2 Bk  k     cf    -          579   30    0 
STA       973122349  6  1 Br  kc    k     kf         549   30    0 
STA       973122419  5  5 f   -     -     -          519    0    0 
STA       973122449  5  4 c   f     -     -          519   10    0 
STA       973122481  5  3 cc  c     kc    f          509   50    0 
STA       973122567  5  2 Br  bc    k     k          459   40   43 Ac 5h Kh Js
STA       973122604  5  1 Bc  bc    k     k          462   30    0 Kh Jd 6c 4d
STA       973122637  5  5 f   -     -     -          432    0    0 
STA       973122723  5  4 cc  b     k     k          432   30   40 5c 2c Jd 3h
STA       973122775  5  3 c   k     kf    -          442   10    0 
STA       973122822  5  2 Bc  kf    -     -          432   20    0 
STA       973122904  5  1 Bc  bc    b     b          412   70  220 7d 2s 6s Ac
STA       973122986  4  4 c   k     f     -          562   10    0 
STA       973123020  3  3 c   r     b     c          552   70    0 4h Td 4c 9c
STA       973123062  3  2 Bk  c     c     f          482   40    0 
STA       973123095  3  1 Br  k     k     k          442   30   70 7h Ac 2h 3d
STA       973123123  3  3 c   c     f     -          482   20    0 
STA       973123153  3  2 Bk  f     -     -          462   10    0 
STA       973123190  3  1 Bc  b     kc    kf         452   40    0 
STA       973123246  3  3 c   c     k     k          412   20    0 Tc Jc 9h As
STA       973123295  3  2 Bk  Q     -     -          392   10    0 
STA       973297254  9  5 f   -     -     -          382    0    0 
STA       973297309  8  4 cc  kc    kf    -          382   30    0 
STA       973297376  8  3 cc  kcc   k     f          352   50    0 
STA       973297476  8  2 Bk  kf    -     -          302   10    0 
STA       973297531  9  1 Bc  b     b     -          292   40   90 
STA       973297560  8  8 c   f     -     -          342   10    0 
STA       973297608  9  8 c   cc    cc    c          332  160    0 5c 7s 2s Qd
STA       973297710 10  8 cc  rc    kc    kc         172  120    0 3d Jh 5d 4h
STA       973297813 10  7 r   b     k     kf          52   30    0 
STA       973297875 10  6 rcA -     -     -           22   22    0 9s 2c Qc Kd
