MrP       887098812  7  4 c   k     k     k         1000   10   45 2s Ts
MrP       887098855  8  3 f   -     -     -         1035    0    0 
MrP       887099024  7  2 Bc  kc    kf    -         1035   40    0 
MrP       887099124  8  1 Bf  -     -     -          995    5    0 
MrP       887099188  8  8 f   -     -     -          990    0    0 
MrP       887099243  9  8 f   -     -     -          990    0    0 
MrP       887099293  9  7 f   -     -     -          990    0    0 
MrP       887099336  8  5 f   -     -     -          990    0    0 
MrP       887099436  8  4 f   -     -     -          990    0    0 
MrP       887099490  8  3 c   kc    kc    kc         990   60    0 3h 3c
MrP       887099574  7  1 Bc  kc    kc    kf         930   50    0 
MrP       887099650  8  1 Bc  kc    kf    -          880   20    0 
MrP       887099748  8  8 f   -     -     -          860    0    0 
MrP       887099850  8  7 cc  cc    c     c          860  100    0 7s Ac
MrP       887099967  9  7 c   f     -     -          760   20    0 
MrP       887100010  9  6 f   -     -     -          740    0    0 
MrP       887100042  9  5 cr  c     c     k          740   60    0 Jc Js
MrP       887100149  9  4 f   -     -     -          680    0    0 
MrP       887100189  9  3 cc  kcc   kf    -          680   50    0 
MrP       887100281 10  3 f   -     -     -          630    0    0 
MrP       887100340 10  2 Bk  kc    k     kc         630   40    0 6d 6c
MrP       887100443 10  1 Bf  -     -     -          590    5    0 
MrP       887100505 10 10 f   -     -     -          585    0    0 
MrP       887100602  9  8 f   -     -     -          585    0    0 
MrP       887100676 10  8 f   -     -     -          585    0    0 
MrP       887100719 10  7 f   -     -     -          585    0    0 
MrP       887100805 10  6 f   -     -     -          585    0    0 
MrP       887100884 10  5 cc  kc    kf    -          585   50    0 
MrP       887100963 10  4 cc  brc   bc    kc         535  140  535 Qh Ac
MrP       887101045 10  3 cc  kf    -     -          930   40    0 
MrP       887101114  8  1 Bc  k     k     k          890   20   60 Kh 7h
MrP       887101163  9  1 Bf  -     -     -          930    5    0 
MrP       887101238  9  5 Q   -     -     -          925    0    0 
