STA       933560924  4  2 Bk  Q     -     -         2061   10    0 
STA       933631240  5  2 Bk  kc    kf    -         2051   20    0 
STA       933631317  7  1 Bc  kf    -     -         2031   20    0 
STA       933631372  7  7 r   c     c     f         2011   80    0 
STA       933631434  6  5 cc  cc    bc    c         1931  140  180 6d 4h Qc 3h
STA       933631533  7  5 c   kc    c     f         1971   50    0 
STA       933631609  7  4 f   -     -     -         1921    0    0 
STA       933631653  8  3 c   kf    -     -         1921   10    0 
STA       933631772  8  2 Bk  Q     -     -         1911   10    0 
STA       933714634  7  4 ccc kcc   kc    kc        1901  150    0 5h Qd 6s Jh
STA       933714726  8  3 cc  f     -     -         1751   20    0 
STA       933714789  7  2 Bk  kc    kc    kc        1731   60  170 5c 7c 8d Qs
STA       933714847  6  1 Bc  kc    kc    k         1841   40   40 5h 9s 4d Ks
STA       933714879  5  5 cc  c     r     b         1841   90  100 Kc 4c 8d 4d
STA       933714922  5  4 r   c     k     c         1851   60   90 9d 3c Ac Qs
STA       933714972  5  3 c   f     -     -         1881   10    0 
STA       933715008  5  2 B   -     -     -         1871   10   15 
STA       933715020  5  1 Bc  kc    kc    kc        1876   80    0 4s Ac 8c 6c
STA       933715066  6  6 c   r     b     k         1796   50  120 8d Js Ah Qd
STA       933715112  6  5 cc  f     -     -         1866   20    0 
STA       933715163  6  4 cc  rc    c     c         1846  100    0 Qs Kd 9s Qd
STA       933715212  7  4 rc  c     c     c         1746   80  198 6h Kd 7d 3d
STA       933715275  7  3 cc  cc    c     f         1864   90    0 
STA       933715370  6  2 Bk  b     k     k         1774   20   30 5c 3c 8d Qd
STA       933715405  6  1 Bc  kf    -     -         1784   20    0 
STA       933715448  6  6 cc  c     c     f         1764   90    0 
STA       933715513  6  5 cc  c     rc    c         1674  130    0 Qh Tc 6h Td
STA       933715592  6  4 cc  kc    kc    kf        1544   70    0 
STA       933715696  7  3 c   k     f     -         1474   10    0 
STA       933715750  7  2 Bc  bc    kf    -         1464   40    0 
STA       933715823  7  1 Bc  kc    kc    kc        1424   80  175 6d 2h Js Kh
STA       933715879  7  7 c   cc    c     c         1519  103    0 8c Qd 4d Ts
STA       933715942  7  6 rc  cc    cc    f         1416  140    0 
STA       933716005  7  5 f   -     -     -         1276    0    0 
STA       933716070  7  4 cc  f     -     -         1276   20    0 
STA       933716156  7  3 c   cc    kcc   kf        1256  110    0 
STA       933716244  8  2 Bc  kc    kc    kf        1146   50    0 
STA       933716305  8  1 Bc  kc    kc    k         1096   60    0 7c Ad Jc 7d
STA       933716358  7  7 c   c     c     f         1036   50    0 
STA       933716427  7  6 f   -     -     -          986    0    0 
STA       933716504  8  5 c   c     f     -          986   20    0 
STA       933716544  8  4 cc  kc    kf    -          966   30    0 
STA       933716614  8  4 r   k     kc    k          936   40    0 3h Ac 4s 3s
STA       933716678  9  3 rc  cc    f     -          896   50    0 
STA       933716749  9  2 Bc  kf    -     -          846   20    0 
STA       933716850  9  1 Bc  kc    kc    kQ         826   50    0 
STA       934833343  4  3 c   c     r     b          776   80  180 Tc Jh 8d 4s
STA       934833375  4  2 Bc  kf    -     -          876   20    0 
STA       934833430  4  1 Bc  kc    kc    kf         856   70    0 
STA       934833480  6  6 r   b     b     k          786   50   90 As 3s 5h 2c
STA       934833522  6  5 cc  k     c     r          826   80  240 Ad 7c Jc Jd
STA       934833577  6  4 cc  kc    c     c          986   70  210 Ad Tc 9s Td
STA       934833617  6  3 r   kc    c     f         1126   50    0 
STA       934833673  5  2 Bcc c     c     cc        1076  110  205 6d 5s 2d 4c
STA       934833749  6  1 Bc  kQ    -     -         1171   20    0 
STA       935168606  7  4 f   -     -     -         1151    0    0 
STA       935168676  7  3 c   Q     -     -         1151   10    0 
STA       935169631  6  2 Br  c     bc    b         1141  100  165 As 9s Ah 2h
STA       935169689  7  1 Bc  kf    -     -         1206   10    0 
STA       935169762  7  7 cc  k     c     f         1196   40    0 
STA       935169820  7  6 f   -     -     -         1156    0    0 
STA       935169883  6  5 f   -     -     -         1156    0    0 
STA       935169934  6  4 f   -     -     -         1156    0    0 
STA       935170026  6  3 c   b     b     bc        1156   80    0 2s Qs Ks 5d
STA       935170102  6  2 Bk  c     c     f         1076   40    0 
STA       935170143  6  1 Bc  kc    k     kf        1036   40    0 
STA       935170207  6  6 c   c     c     f          996   50    0 
STA       935170255  6  5 c   k     f     -          946   10    0 
STA       935170290  7  4 f   -     -     -          936    0    0 
STA       935170378  6  3 c   kf    -     -          936   10    0 
STA       935170421  6  2 Bk  c     k     k          926   20   70 5h Js Jh Qh
STA       935170457  6  1 Bc  k     k     k          976   10    0 Ad 9s 6c 4c
STA       935170504  6  6 c   c     cc    cc         966  150  100 Qs 4c 3s 2s
STA       935170565  6  5 c   c     k     f          916   20    0 
STA       935170630  6  4 f   -     -     -          896    0    0 
STA       935170686  6  3 cc  kf    -     -          896   20    0 
STA       935170735  6  2 Bk  f     -     -          876   10    0 
STA       935170754  6  1 Bc  b     k     k          866   20    0 8d 3c Ah 9h
STA       935170785  6  6 c   c     c     f          846   50    0 
STA       935170825  6  5 f   -     -     -          796    0    0 
STA       935170873  5  3 c   c     b     k          796   40    0 Kh Qs 9s Ts
STA       935170914  5  2 Bk  k     k     b          756   30   50 
STA       935170957  5  1 Bc  b     k     k          776   20    0 Jh Qc 6h Ah
STA       935170987  5  5 c   k     k     f          756   10    0 
STA       935171023  5  4 c   k     b     k          746   30   40 Qd 6c 3s 7c
STA       935171076  5  3 r   k     b     k          756   40   90 3c Ac Th Kh
STA       935171131  5  2 Bk  Q     -     -          806   10    0 
STA       935186326  6  5 f   -     -     -          796    0    0 
STA       935186373  6  4 f   -     -     -          796    0    0 
STA       935186445  5  2 Bk  kc    kf    -          796   20    0 
STA       935186516  6  1 Bf  -     -     -          776    5    0 
STA       935186662  6  5 cc  c     k     k          771   30    0 2s Jh Th Ts
STA       935186762  7  5 c   c     f     -          741   30    0 
STA       935186843  7  4 cc  f     -     -          711   40    0 
STA       935186956  8  3 cc  kc    f     -          671   30    0 
STA       935187023  7  2 Bc  kc    kf    -          641   30    0 
STA       935187167  8  1 Bc  bc    k     kf         611   40    0 
STA       935187253  8  8 f   -     -     -          571    0    0 
STA       935187373  8  7 c   r     b     b          571   70  290 
STA       935187503  8  6 c   k     f     -          791   10    0 
STA       935187548  7  4 c   kc    c     c          781   60   48 Jh Ad 3h 4s
STA       935187633  8  4 cc  bc    kc    kf         769   60    0 
STA       935187728  7  3 rc  cc    k     k          709   50  105 6d 7d Ad 2d
STA       935187794  7  2 Bk  k     f     -          764   10    0 
STA       935187831  6  1 Bf  -     -     -          754    5    0 
STA       935187864  5  5 c   k     k     k          749   10    0 6h 9d 4c 8c
STA       935187925  5  4 f   -     -     -          739    0    0 
STA       935187962  5  3 cc  c     kf    -          739   30    0 
STA       935188008  5  2 Bc  bc    k     b          709   60  240 Kh 9s 2c Ks
STA       935188060  4  1 Bc  b     k     k          889   20   50 Ah Qh 8s 9s
STA       935188083  4  4 r   f     -     -          919   20    0 
STA       935188115  4  3 c   kc    kf    -          899   20    0 
STA       935188145  4  2 Bk  kc    kf    -          879   20    0 
STA       935188183  4  1 Bc  k     kf    -          859   10    0 
STA       935188211  4  4 c   k     k     k          849   10   30 2h 6h Qh 2d
STA       935188232  4  3 c   k     c     k          869   30    0 2h Jd Kh 5d
STA       935188264  4  2 Bk  k     b     kf         839   30    0 
STA       935188305  4  1 Bf  -     -     -          809    5    0 
STA       935188325  4  4 c   k     k     k          804   10   30 Th Js 5d 6s
STA       935188349  4  4 cc  c     c     f          824   50    0 
STA       935188397  3  2 Bk  b     b     k          774   40   80 Ac 6h 8h Jc
STA       935188433  3  1 Bc  b     kc    kf         814   40    0 
STA       935188462  2  2 Bk  k     k     k          774   10   20 8c 5h 3h 8h
STA       935188479  2  1 Bc  kc    kc    k          784   40    0 7c Jd Ts Td
STA       935188505  2  2 Bk  c     b     -          744   40   60 
STA       935188522  2  1 Bc  b     b     b          764   60   60 Jd Qc Td 3d
STA       935188540  2  2 Bk  k     f     -          764   10    0 
STA       935188558  2  1 Bf  -     -     -          754    5    0 
STA       935188561  2  2 Bk  c     k     k          749   20   20 Ad 8d 4s 8c
STA       935188580  3  1 Bc  kc    kf    -          749   20    0 
STA       935188618  3  3 f   -     -     -          729    0    0 
STA       935188652  3  2 Bc  kc    k     k          729   30    0 3d 9s 3s 7c
STA       935188681  4  1 Bc  kc    k     kf         699   20    0 
STA       935188724  4  4 r   r     b     f          679   60    0 
STA       935188762  4  3 c   f     -     -          619   10    0 
STA       935188779  4  2 Br  b     b     kc         609   70    0 Ad 6h 2h 3s
STA       935188821  4  1 Bc  k     b     b          539   50   90 
STA       935188854  4  4 c   k     b     -          579   30   50 
STA       935188874  4  3 c   c     c     f          599   40    0 
STA       935188901  4  2 Br  b     b     -          559   50  100 
STA       935188921  4  1 Bc  b     -     -          609   20   30 
STA       935188933  4  4 c   k     b     k          619   30   40 9s 7d 8s 3h
STA       935188964  4  3 f   -     -     -          629    0    0 
STA       935188983  4  2 Br  c     c     b          629   70  180 Td 3d Ah 6c
STA       935189014  4  1 Bc  k     kQ    -          739   10    0 
STA       936049537  9  7 cc  f     -     -          729   20    0 
STA       936049610  7  5 c   k     f     -          709   10    0 
STA       936049680  7  4 c   cc    ccc   f          699  140    0 
STA       936049762  8  3 rcc bc    bc    kc         559  120    0 2c 2s Tc Ac
STA       936049891  8  2 Bc  kc    kf    -          439   40    0 
STA       936049982  8  1 Bcr br    kcr   kf         399  160    0 
STA       936050117  8  8 r   rc    c     c          239  160  135 As Td Jc 2d
STA       936050209  7  6 cc  f     -     -          214   40    0 
STA       936050320  6  5 rc  rc    k     k          174   70    0 Ad Qd 3c 5h
STA       936050431  8  4 ccc kf    -     -          104   40    0 
STA       936050594  7  3 cc  kc    bcA   -           64   64  124 7h 5h Jc 4h
STA       936050674  7  2 Bc  kc    b     kc         124   70    0 Jc Ts Ad 2d
STA       936050749  5  1 Bc  bc    kcA   -           54   54    0 7d Jd 5h 3s
STA       936132092  4  4 cc  f     -     -         1000   20    0 
STA       936132124  4  3 cc  kc    kf    -          980   30    0 
STA       936132179  4  2 Bk  k     b     k          950   30   95 2s 8c 4c Js
STA       936132215  5  1 Bcc kf    -     -         1015   20    0 
STA       936132284  5  5 cc  c     c     k          995   50    0 2h 4d Js Ks
STA       936132331  4  3 cc  b     k     bc         945   70    0 Qs 3d 3c 4h
STA       936132369  4  3 rc  bc    c     c          875   90    0 Ad 2s 9h 6h
STA       936132432  4  2 Bk  k     c     f          785   30    0 
STA       936132469  4  1 Bc  b     b     b          755   60   70 8c 7c Jh Qc
STA       936132494  4  4 cc  f     -     -          765   20    0 
STA       936132534  5  3 cc  kc    kc    kc         745   70    0 4c 4s 3h 5c
STA       936132619  5  2 Bcc kc    kc    k          675   80    0 3h 2d 6h Td
STA       936132702  6  1 Bc  kc    kf    -          595   20    0 
STA       936132785  7  7 c   c     c     r          575   80  130 Jc Kh 6d 5s
STA       936132880  8  7 cc  r     k     b          625   60  235 Qc Kh 6s 9c
STA       936132970  8  6 cc  kc    kf    -          800   30    0 
STA       936133013  8  5 f   -     -     -          770    0    0 
STA       936133047  8  4 c   f     -     -          770   10    0 
STA       936133132  8  3 cc  kc    k     k          760   30   55 8h 6d 2s 9d
STA       936133240  6  1 Bk  k     kf    -          785   10    0 
STA       936133320  6  1 Bcc kf    -     -          775   20    0 
STA       936133415  6  6 cc  f     -     -          755   20    0 
STA       936133464  7  6 cKQ -     -     -          735   10    0 
