STA       920592717  5  3 f   -     -     -          922    0    0 
STA       920592797  5  2 Bf  -     -     -          922   10    0 
STA       920592864  5  1 Bf  -     -     -          912    5    0 
STA       920592936  4  4 f   -     -     -          907    0    0 
STA       920592986  4  3 ccc cf    -     -          907   40    0 
STA       920593094  4  2 Bc  f     -     -          867   20    0 
STA       920593156  3  1 BQ  -     -     -          847    5    0 
STA       920961034  6  2 Bf  -     -     -          842   10    0 
STA       920961091  6  1 Bcc bc    kc    k          832   60  130 8h 4h
STA       920961170  4  4 cc  f     -     -          902   30    0 
STA       920961189  4  3 f   -     -     -          872    0    0 
STA       920961229  4  2 Bc  k     k     k          872   20    0 Qd 7d
STA       920961246  4  1 Bcc kc    kc    kf         852   50    0 
STA       920961275  4  4 f   -     -     -          802    0    0 
STA       920961297  5  4 c   k     f     -          802   10    0 
STA       920961331  4  2 Bc  f     -     -          792   20    0 
STA       920961342  4  1 BQ  -     -     -          772    5    0 
STA       922834440  7  4 c   f     -     -         1042   10    0 
STA       922834472  7  3 f   -     -     -         1032    0    0 
STA       922834512  7  2 Bc  k     kf    -         1032   20    0 
STA       922834549  7  1 Bf  -     -     -         1012    5    0 
STA       922834565  7  7 cc  f     -     -         1007   20    0 
STA       922834613  6  5 cc  k     k     k          987   20   50 Qc Th
STA       922834639  6  4 f   -     -     -         1017    0    0 
STA       922834675  6  3 f   -     -     -         1017    0    0 
STA       922834696  6  2 Bf  -     -     -         1017   10    0 
STA       922834718  7  1 Bc  kc    kf    -         1007   30    0 
STA       922834760  8  8 c   k     k     k          977   20    0 7d 7s
STA       922834787  7  6 cf  -     -     -          957   10    0 
STA       922834870  7  5 f   -     -     -          947    0    0 
STA       922834902  7  4 cc  c     c     f          947   50    0 
STA       922834942  7  3 cc  kc    kc    kc         897   70    0 Js As
STA       922834998  7  2 Bk  kf    -     -          827   10    0 
STA       922835021  7  1 Bc  kf    -     -          817   10    0 
STA       922835055  7  7 c   k     k     k          807   20    0 Jd Tc
STA       922835099  7  6 c   k     c     f          787   30    0 
STA       922835123  7  5 c   kc    k     k          757   20    0 Tc 6c
STA       922835164  6  4 c   k     c     f          737   30    0 
STA       922835221  7  3 c   c     c     f          707   50    0 
STA       922835257  7  2 Bk  k     k     b          657   30   80 Qh Qs
STA       922835310  8  1 Bc  kc    kc    kf         707   50    0 
STA       922835395  8  8 f   -     -     -          657    0    0 
STA       922835417  8  7 c   c     f     -          657   30    0 
STA       922835440  8  6 f   -     -     -          627    0    0 
STA       922835488  8  5 f   -     -     -          627    0    0 
STA       922835521  8  4 f   -     -     -          627    0    0 
STA       922835558  8  3 c   kc    c     f          627   40    0 
STA       922835611  7  2 Bk  kf    -     -          587   10    0 
STA       922835657  7  1 Bc  kf    -     -          577   20    0 
STA       922835703  7  7 c   c     c     c          557   60    0 Kh 8c
STA       922835734  7  6 c   c     c     f          497   40    0 
STA       922835787  7  5 f   -     -     -          457    0    0 
STA       922835819  7  4 f   -     -     -          457    0    0 
STA       922835886  7  3 f   -     -     -          457    0    0 
STA       922835927  7  2 Bk  kc    f     -          457   20    0 
STA       922835982  7  1 Bc  kc    kc    kf         437   40    0 
STA       922836037  6  3 Q   -     -     -          397    0    0 
