STA       942801668 10  7 c   c     f     -          459   20    0 
STA       942801752 10  6 c   kc    kc    kf         439   40    0 
STA       942801834 10  5 cc  kc    kc    k          399   50    0 5s 6c Th Ks
STA       942801925 10  4 cc  k     kf    -          349   20    0 
STA       942802047  9  3 c   kc    kc    kc         329   60    0 4h 3d 7d 8c
STA       942802143 10  2 Bk  b     k     k          269   20   80 Td Kd 2c 7d
STA       942802211 10  1 Bc  kc    kc    kf         329   50    0 
STA       942802316 10 10 c   c     c     k          279   50    0 4s Jc 9c 2h
STA       942802420 10  9 c   c     c     c          229   60    0 Qd Th Ah Jc
STA       942802499 10  8 c   b     c     c          169   60   90 Ts 6h 2c Ks
STA       942802591 10  7 c   c     r     k          199   60  145 6d 8d 6s 2d
STA       942802706 10  6 c   k     k     k          284   10    0 Tc Kd Qc 4c
STA       942802760 10  5 f   -     -     -          274    0    0 
STA       942802833 10  4 r   b     b     k          274   50  105 2h Ah Kd Jd
STA       942802900 10  3 c   kc    kf    -          329   20    0 
STA       942803006 10  2 Bk  c     c     f          309   40    0 
STA       942803058 10  1 Bc  kQ    -     -          269   20    0 
STA       943400033  9  4 cc  kc    kc    k          249   50  140 6h Ks 9s 2h
STA       943400151 10  4 c   cc    ccc   ccc        339  190    0 Ah 2s 9s 8h
STA       943400330 10  3 c   kcc   kc    kc         149  110    0 6c 7c Qs Qh
STA       943400491 10  2 Bk  k     b     bA          39   39  187 5s 2c 9s 7c
STA       943400563 10  1 Bc  kc    kc    kc         187   60   57 2h Ks Qh 3d
STA       943400631 10 10 c   c     c     f          184   50    0 
STA       943400705 10 10 c   c     c     r          134   80  140 As Qh 8c 3d
STA       943400776 10  8 c   kc    kc    kf         194   40    0 
STA       943400866 10  7 c   c     c     c          154   70  163 9d Jd Js 6h
STA       943400933  9  5 c   c     c     f          247   40    0 
STA       943401021  9  4 f   -     -     -          207    0    0 
STA       943401097  9  3 c   kc    k     kf         207   30    0 
STA       943401195 10  3 c   k     b     bc         177   70  220 Qd 4s Jd 6s
STA       943401268 10  2 Bk  k     kc    kf         327   30    0 
STA       943401362 10  1 Bc  kc    k     kf         297   20    0 
STA       943401426 10 10 c   k     f     -          277   10    0 
STA       943401508 10  9 c   c     f     -          267   20    0 
STA       943401567 10  8 c   kc    kc    cc         247   80  195 8s 4c 6s 7s
STA       943401671 10  7 c   cc    c     c          362   90    0 5h Td 6h 7c
STA       943401773 10  6 c   c     kc    f          272   40    0 
STA       943401876 10  5 c   cc    kf    -          232   30    0 
STA       943401966 10  4 c   kc    kc    kf         202   40    0 
STA       943402055 10  3 c   kc    kf    -          162   20    0 
STA       943402143  9  1 Bk  b     kf    -          142   20    0 
STA       943402223  9  1 Bc  kc    kcc   bcA        122  122  147 Ac Jh 4d 6d
STA       943402308  8  8 c   k     k     f          147   10    0 
STA       943402405  9  8 c   f     -     -          137   10    0 
STA       943402461  8  6 c   f     -     -          127   10    0 
STA       943402527  7  5 c   b     b     k          117   40   80 9s 6d 3d Js
STA       943402595  7  4 cc  f     -     -          157   20    0 
STA       943402688  8  3 c   kc    k     f          137   20    0 
STA       943402788 10  4 c   kc    b     b          117   60  195 7s 4s 2h Jd
STA       943402870 10  3 cc  kc    kcc   kcc        252  190    0 Ts Qd Ks Kd
STA       943403038 10  2 Br  bc    c     bA          62   62    0 Kd 2h 5s Ad
STA       943404828  6  3 c   k     bc    c         1000   70   85 Kd 8d 7d Jh
STA       943404893  7  2 Bc  kc    ccc   k         1015  110  180 6h 5h 3h 4c
STA       943405001  8  1 Bc  kc    kf    -         1085   20    0 
STA       943405100  8  7 c   k     c     k         1065   40    0 9h Qh 9c Qs
STA       943405178  7  5 cc  kc    cf    -         1025   70    0 
STA       943405285  7  4 cc  c     k     k          955   30    0 8s Qs As Js
STA       943405349  7  3 c   kc    kc    brc        925  130  255 5s Ts Js 7d
STA       943405448  8  2 Bk  b     b     b         1050   60  190 
STA       943405523  8  1 Bc  kc    kf    -         1180   30    0 
STA       943405581  9  9 c   b     b     k         1150   40    0 Ks Js 5h 8s
STA       943405675 10  9 cc  kf    -     -         1110   20    0 
STA       943405811 10  8 c   f     -     -         1090   20    0 
STA       943405901 10  7 c   c     cc    k         1070   60    0 Ac Tc 8d 7s
STA       943405978 10  6 c   f     -     -         1010   10    0 
STA       943406081 10  5 cc  cc    cc    c         1000  120    0 Qc 3c 5c 4d
STA       943406210 10  4 c   bc    b     b          880   80  560 5s Jh 2s 2h
STA       943406345 10  3 c   c     cc    f         1360   80    0 
STA       943406424 10  2 Bk  k     kf    -         1280   10    0 
STA       943406522 10  1 Bc  k     kc    kf        1270   40    0 
STA       943406614 10 10 cc  c     cc    k         1230   61    0 5h 5c Qs 4d
STA       943406754 10  9 c   k     f     -         1169   10    0 
STA       943406900 10  8 c   cc    cc    f         1159  110    0 
STA       943407060 10  7 c   k     k     f         1049   10    0 
STA       943407159 10  6 c   k     bc    br        1039  130  320 Qh Jd 6c 7d
STA       943407264 10  5 c   k     c     c         1229   50    0 Td Qs 5s 8h
STA       943407345 10  4 c   c     bc    bc        1179  100  143 8c Ad 4c 7h
STA       943407483 10  3 cc  bc    kc    kf        1222   60    0 
STA       943407620 10  2 Bk  b     kc    b         1162   60  180 As Tc Qh 2d
STA       943407701 10  1 Bcc kcc   kc    kc        1282   90    0 Td Kc Jh 6s
STA       943407838  9  9 c   c     r     c         1192   90  230 3c Qd 9s 7h
STA       943407957  8  7 cc  k     k     kf        1332   20    0 
STA       943408046  8  6 cc  kf    -     -         1312   20    0 
STA       943408122  8  5 c   kf    -     -         1292   10    0 
STA       943408207  8  4 ccc kc    k     k         1282   50    0 4d Qh 7c 3c
STA       943408317  8  3 cc  c     c     c         1232   70  150 5s 3s Kd Kc
STA       943408385  8  2 Bk  kc    kc    kc        1312   60  105 5s Th Qs Ac
STA       943408437  9  1 Bf  -     -     -         1357    5    0 
STA       943408565 10 10 c   f     -     -         1352   20    0 
STA       943408676  9  8 c   c     c     cQ        1332   80    0 
