STA       948147574  8  4 cc  k     k     k         1450   20    0 8s 9s Kh 5h
STA       948147659 10  3 cc  f     -     -         1430   20    0 
STA       948147749 10  2 Bk  k     b     b         1410   50  100 4d Td 6h Qh
STA       948147816 10  1 Bc  bf    -     -         1460   30    0 
STA       948147916  9  9 c   f     -     -         1430   20    0 
STA       948148007  9  8 cc  f     -     -         1410   20    0 
STA       948148104  9  7 r   k     kf    -         1390   20    0 
STA       948148271  9  6 c   kc    kc    kc        1370   60    0 Js Th 7h Jc
STA       948148357  7  4 cc  bc    bc    b         1310  110  440 3h 2h 9c Td
STA       948148420  7  3 c   b     b     k         1640   40  120 2s Qh As 9d
STA       948148492  7  2 Bc  kf    -     -         1720   20    0 
STA       948148591  7  1 Bf  -     -     -         1700    5    0 
STA       948148688  8  8 c   c     c     c         1695   70    0 3d Ah 7d Ts
STA       948148759  8  8 c   c     c     f         1625   40    0 
STA       948148813  9  7 cc  f     -     -         1585   30    0 
STA       948148917  9  6 c   c     c     c         1555   70    0 9s Ah 2h 8d
STA       948148975  9  5 cc  Q     -     -         1485   30    0 
STA       948417174  9  3 cc  kc    kc    brc       1455  130  188 6c Kc 9c 3d
STA       948417237  9  2 Bcc kc    k     k         1513   40    0 8s 9d Ts Js
STA       948417292  9  1 Bc  kc    kc    bc        1473  100  410 Th 9c 3h 8c
STA       948417359  8  8 c   f     -     -         1783   10    0 
STA       948417452  8  8 c   k     c     f         1773   40    0 
STA       948417526  8  7 cc  bc    kc    c         1733  110    0 4d 6s 6h 5c
STA       948417612 10  6 cc  rc    c     ccc       1623  150  160 2c 3h Ts 5s
STA       948417685 10  5 cc  bcc   cc    cf        1633  130    0 
STA       948417803 10  4 rc  kc    kf    -         1503   40    0 
STA       948417874 10  3 ccc bc    k     kf        1463   60    0 
STA       948417955 10  2 Bc  kcc   kcc   kf        1403  130    0 
STA       948418070 10  1 Bc  kf    -     -         1273   30    0 
STA       948418134 10 10 rc  k     bc    b         1243  100  440 6s Ah 5s 5d
STA       948418225 10  9 cc  f     -     -         1583   40    0 
STA       948418304 10  8 cc  kc    k     k         1543   40    0 Jd 5s 4s Js
STA       948418387 10  7 r   bc    kc    k         1503   70  160 4s 2d Ad 4c
STA       948418487 10  7 f   -     -     -         1593    0    0 
STA       948418532 10  5 cc  bc    kc    bc        1593  100  147 7d Qd Qc 4h
STA       948418583 10  4 c   c     c     rc        1640  120  245 5d 5c 2c 7d
STA       948418646 10  3 c   k     kf    -         1765   10    0 
STA       948418760  9  2 Bc  bc    kc    brc       1755  140  240 6h 9s As 8d
STA       948418837  8  1 Bc  k     kQ    -         1855   10    0 
STA       948843137  8  2 Bc  kf    -     -         1845   20    0 
STA       948843188  8  1 Bc  kc    b     k         1825   50   85 7h 4h 5d Ks
STA       948843259  8  8 r   r     c     k         1860  100  111 Jh Ac 4s 2s
STA       948843323  8  7 c   f     -     -         1871   20    0 
STA       948843368  8  6 f   -     -     -         1851    0    0 
STA       948843427  9  6 cc  c     c     f         1851   60    0 
STA       948843502  9  5 c   b     b     b         1791   60  155 
STA       948843562  9  4 c   kf    -     -         1886   10    0 
STA       948843610  9  3 f   -     -     -         1876    0    0 
STA       948843698 10  2 Bc  bf    -     -         1876   30    0 
STA       948843757  9  1 Bccc bc    kc    kc        1846  100  190 Qh 2c 3c 6d
STA       948843815 10 10 f   -     -     -         1936    0    0 
STA       948843922 10  9 c   c     f     -         1936   30    0 
STA       948844054 10  8 c   cc    cc    c         1906  140    0 6s Ts Td 9s
STA       948844154  8  6 cc  r     cc    c         1766  100    0 3s As 3d 7c
STA       948844269 10  6 cc  ccc   ccc   c         1666  170    0 3s 4c 3h 7h
STA       948844394 10  5 c   b     k     kf        1496   20    0 
STA       948844490 10  4 rc  r     kc    kc        1476   90  177 6c 2h As 2s
STA       948844571 10  3 cc  kc    kc    b         1563   80  188 4h 7h Qd 6h
STA       948844647 10  2 Bc  k     b     kc        1671   70  290 3c Js 5s Jd
STA       948844748 10  1 Bc  kf    -     -         1891   20    0 
STA       948844875 10 10 c   c     f     -         1871   30    0 
STA       948844974 10  9 c   f     -     -         1841   20    0 
STA       948845074 10  8 c   c     k     f         1821   20    0 
STA       948845131 10  7 f   -     -     -         1801    0    0 
STA       948845216 10  6 cc  f     -     -         1801   20    0 
STA       948845268  9  4 cc  cc    cc    kc        1781  100    0 Qd 6c 7c Kd
STA       948845350 10  4 cc  cc    kc    kc        1681   80  320 4s 2s Th Qs
STA       948845476  9  3 f   -     -     -         1921    0    0 
STA       948845558  8  2 Bc  kf    -     -         1921   20    0 
STA       948845631  8  1 Bc  b     b     b         1901   70  115 Td Qc 9h Ac
STA       948845699  9  9 c   k     c     f         1946   30    0 
STA       948845757  9  8 c   Q     -     -         1916   10    0 
STA       948933309 10  4 c   kf    -     -         1906   10    0 
STA       948933373 10  3 c   kf    -     -         1896   10    0 
STA       948933435 10  2 Bk  k     kf    -         1886   10    0 
STA       948933498 10  1 Bc  k     b     b         1876   50  120 5c 3d 9s 4h
STA       948933577 10 10 c   f     -     -         1946   10    0 
STA       948933638 10  9 c   kf    -     -         1936   10    0 
STA       948933703 10  8 c   b     -     -         1926   20   80 
STA       948933768 10  7 f   -     -     -         1986    0    0 
STA       948933833 10  6 cc  rc    c     c         1986   90    0 7c Ts Th 2c
STA       948933945 10  5 c   b     b     k         1896   40   75 4h 6s 9d Qs
STA       948934014 10  4 f   -     -     -         1931    0    0 
STA       948934084 10  3 f   -     -     -         1931    0    0 
STA       948934147 10  2 Bc  b     b     bc        1931   90  153 4d Ac Tc Jd
STA       948934224 10  1 BQ  -     -     -         1994    5    0 
STA       949003572  7  3 c   c     rc    rc        1989  150  290 Ks 3s Td 5c
STA       949003640  8  3 cc  c     k     k         2129   30  230 4c 3d 7h Ks
STA       949003697  8  2 Bk  k     k     k         2329   10    0 Tc Ad 6d 2c
STA       949003748  8  1 Bc  b     b     kc        2319   60    0 8s 9s 4s 8h
STA       949003797  8  8 c   c     f     -         2259   40    0 
STA       949003871  8  7 c   k     c     f         2219   40    0 
STA       949003954  8  6 c   c     bc    b         2179  110  300 Qs As 4d 5s
STA       949004045  8  5 c   k     k     k         2369   10    0 4h Ac 2s Js
STA       949004123  8  3 c   kc    k     k         2359   20    0 4d As Jd 7c
STA       949004216  7  2 Bc  kf    -     -         2339   20    0 
STA       949004304  7  1 Bc  kc    kc    kc        2319   60    0 Qd 3h Qh 7d
STA       949004357  7  7 c   c     f     -         2259   20    0 
STA       949004394  7  6 c   b     b     bc        2239   80  135 9s Js Kh Qd
STA       949004478  8  5 c   c     f     -         2294   40    0 
STA       949004543  8  4 c   c     k     cc        2254  100    0 Kc 8c 7h Qh
STA       949004618  8  3 f   -     -     -         2154    0    0 
STA       949004659  8  2 Bk  b     c     f         2154   40    0 
STA       949004696  7  1 Bcc kf    -     -         2114   20    0 
STA       949004773  7  7 c   r     cc    f         2094  100    0 
STA       949004832  7  6 c   k     f     -         1994   10    0 
STA       949004865  8  6 cc  kc    bc    kc        1984   90  150 4c 7h 5h 2s
STA       949004927  8  5 cc  b     k     k         2044   30  165 Jd Qc 4d 3d
STA       949004984  8  4 c   kc    k     k         2179   20   55 6d Jc Ac Js
STA       949005048  8  3 c   r     b     bc        2214   90  190 Ah Jd 3h Th
STA       949005117  8  2 Bc  kf    -     Q         2314   20    0 
STA       949010805  9  9 c   c     c     c         2294   70    0 Qh Jc 5s 5d
STA       949010900  9  8 c   f     -     -         2224   20    0 
STA       949010970  8  6 c   kc    f     -         2204   20    0 
STA       949011051  7  5 c   bc    kc    kc        2184   70    0 Tc Ah 2h Jc
STA       949011123  7  4 r   c     cc    k         2114   70    0 As 9h 2c Tc
STA       949011210  7  3 c   kc    k     b         2044   50  180 6s Kh 2s 3c
STA       949011266  6  1 Bc  kc    bc    kc        2174   90  240 8c 2d 6d Th
STA       949011328  6  1 Bc  brc   bc    kc        2324  120  560 8d Qd Qc 5c
STA       949011417  6  6 cc  rc    c     c         2764  100  174 3s 2s 9h 6c
STA       949011521  8  6 c   b     b     b         2838   60  160 3s 6c 9h As
STA       949011579  9  6 c   c     k     f         2938   30    0 
STA       949011678  8  4 cc  kc    kc    kf        2908   60    0 
STA       949011740  7  4 cc  kc    kr    b         2848   90  275 As Js 6d 7h
STA       949011820  8  3 cc  kf    -     -         3033   20    0 
STA       949011918  8  2 Bk  k     r     cf        3013   70    0 
STA       949012007 10  1 Bf  -     -     -         2943    5    0 
STA       949012077 10 10 c   c     f     -         2938   30    0 
STA       949012192 10  9 c   b     c     k         2908   50    0 4c Th 3s 5c
STA       949012247 10  8 c   k     k     f         2858   10    0 
STA       949012340 10  7 cc  kf    -     -         2848   20    0 
STA       949012399 10  6 cc  k     kc    kc        2828   80  259 Ah Kc 5s 4d
STA       949012504 10  5 c   k     kf    -         3007   10    0 
STA       949012595 10  4 cc  kc    k     k         2997   40    0 Ts Kd Jd 5d
STA       949012659 10  3 c   b     k     c         2957   40    0 2d Td 9d 5h
STA       949012713 10  2 Bk  kc    kf    -         2917   20    0 
STA       949012780 10  1 Bcc kc    kc    kc        2897   90  285 7c 2s Jc 3s
STA       949012864 10 10 c   c     r     b         3092   80  300 6s 2d Js 4h
STA       949012967 10  9 cc  f     -     -         3312   20    0 
STA       949013030  9  7 c   cc    bc    k         3292   90    0 Kd Ad 2s 7c
STA       949013101 10  7 cc  kcc   bc    cc        3202  130    0 9d 2h Qd 4d
STA       949013232 10  6 c   k     k     kf        3072   10    0 
STA       949013386 10  5 cc  kc    kc    kf        3062   50    0 
STA       949013463  9  4 c   f     -     -         3012   10    0 
STA       949013532  9  2 cc  kc    cc    kf        3002   80    0 
STA       949013616 10  2 Bk  kc    kf    -         2922   20    0 
STA       949013691  8  1 Bc  k     k     kf        2902   10    0 
STA       949013744  8  8 c   k     b     b         2892   50  160 Jd 6s Jh 3d
STA       949013817  9  7 c   f     -     -         3002   20    0 
STA       949013861  9  6 f   -     -     -         2982    0    0 
STA       949013938  8  5 f   -     -     -         2982    0    0 
STA       949013990 10  5 c   k     k     k         2982   10    0 5c Jc Qh 4d
STA       949014057  9  3 f   -     -     -         2972    0    0 
STA       949014133 10  2 Bk  kf    -     -         2972   10    0 
STA       949014204 10  1 Bc  b     k     bc        2962   60    0 9d 5d 9s 8h
STA       949014262 10 10 c   c     f     -         2902   40    0 
STA       949014343 10 10 f   -     -     -         2862    0    0 
STA       949014379 10  8 r   cc    f     -         2862   50    0 
STA       949014458  8  6 c   c     k     b         2812   40  150 9c 6c 9h 5h
STA       949014537  9  6 cc  c     f     -         2922   30    0 
STA       949014633  8  5 c   kf    -     -         2892   10    0 
STA       949014705  8  4 cc  kf    -     -         2882   20    0 
STA       949014744  7  3 cc  kf    -     -         2862   20    0 
STA       949014828  7  2 Bc  kc    c     kc        2842   90  107 Ac 7d 6h 8s
STA       949014957  6  1 Bc  kc    bc    kc        2859   80  140 5c 3h 3d 8d
STA       949015026  7  7 c   k     k     c         2919   30    0 Jc Ks 9d Js
STA       949015074  6  6 c   c     c     r         2889   80    0 4h 5h 9s Kc
STA       949015134  7  6 c   k     b     b         2809   50   62 4c Ks 8c 2h
STA       949015208  7  5 c   k     c     f         2821   50    0 
STA       949015264  7  4 c   f     -     -         2771   10    0 
STA       949015306  6  3 cc  kc    k     kc        2761   50    0 7d 8h 6h 5c
STA       949015388  6  2 Bk  b     k     k         2711   20   43 5d 6c Qd Qh
STA       949015423  6  1 Bc  k     k     kf        2734   10    0 
STA       949015476  6  6 c   f     -     -         2724   10    0 
STA       949015527  7  5 c   b     c     f         2714   40    0 
STA       949015624  7  4 c   c     cc    f         2674   90    0 
STA       949015704  7  3 c   b     b     b         2584   60  200 7d 4h 2d 4d
STA       949015796  6  1 Br  b     bc    bc        2724  110  140 9c 3c As 9s
STA       949015873  6  1 Bc  b     b     k         2754   40   50 Js 5h 6d 2s
STA       949015918  5  5 c   b     k     b         2764   40   75 
STA       949015962  5  4 c   c     k     c         2799   40   31 3d Qs 5d Js
STA       949016000  5  3 c   bc    b     r         2790   90  232 Ac 4c 4h 7c
STA       949016067  5  2 Bk  kc    k     kf        2932   20    0 
STA       949016121  5  1 Bc  kf    -     -         2912   10    0 
STA       949016172  5  5 c   f     -     -         2902   10    0 
STA       949016215  6  5 f   -     -     -         2892    0    0 
STA       949016266  6  4 c   b     k     k         2892   20    0 2d Qh 2h Jc
STA       949016327  6  3 cc  kc    kc    k         2872   50   82 Qh Jd 4c 3c
STA       949016373  4  1 Bk  bc    bc    kc        2904   90   65 6c Kd 5s 2d
STA       949016420  4  1 Bc  k     kf    -         2879   10    0 
STA       949016470  5  5 c   k     b     k         2869   30   60 Kh 5h Ad 8d
STA       949016521  6  5 c   k     k     f         2899   10    0 
STA       949016574  5  3 f   -     -     -         2889    0    0 
STA       949016614  5  2 Bk  k     f     -         2889   10    0 
STA       949016655  5  1 Bc  kf    -     -         2879   10    0 
STA       949016705  6  6 f   -     -     -         2869    0    0 
STA       949016744  6  5 c   k     kf    -         2869   20    0 
STA       949016802  6  4 c   b     b     k         2849   50   95 Ac 3d Ts 6c
STA       949016861  6  3 cc  kc    k     k         2894   30    0 6s Kc 4d 5d
STA       949016912  6  2 Bk  b     kc    kc        2864   60    0 5h Kc Qd 2s
STA       949016967  6  1 Bc  k     k     kf        2804   10    0 
STA       949017029  5  5 c   b     k     k         2794   30  100 6s Qs Ac 4c
STA       949017062  6  5 cc  k     k     k         2864   20    0 4h 9c Kh 5h
STA       949017104  5  3 c   c     b     c         2844   60  170 2h 4s Kd 9c
STA       949017142  6  2 Bk  b     kc    kc        2954   60   67 Qc Ac 7h 4s
STA       949017177  6  1 Bc  k     k     kf        2961   10    0 
STA       949017217  6  6 c   Q     -     -         2951   10    0 
STA       949022852  9  7 c   c     c     kc        2941   60    0 Kh 2d Ks 5s
STA       949022954  9  7 cc  c     c     c         2881   70  160 Ah 3s 3d Ac
STA       949023096 10  6 cc  f     -     -         2971   20    0 
STA       949023236 10  5 c   k     f     -         2951   20    0 
STA       949023316  9  4 f   -     -     -         2931    0    0 
STA       949023419 10  3 cc  kQ    -     -         2931   20    0 
STA       949361079  4  4 cQ  -     -     -         2911   10    0 
