log       958630425  9  2 Bk  kcc   rc    cc        1000  170    0 Qd Th 5d Jc
log       958630518  9  1 Bc  k     k     kf         830   10    0 
log       958630592  8  8 c   c     c     c          820   60    0 Qd Ac 9c Ks
log       958630639  9  8 c   c     cc    c          760  120    0 Jd 2s 5c 6d
log       958630740  8  6 c   k     b     -          640   30   60 
log       958630790  8  6 c   c     kc    cc         670  100    0 4c Qc 8c 7s
log       958630868  9  5 c   bc    k     kc         570   50    0 2h 2s Ah Qs
log       958630949  9  4 c   c     b     b          520   60  225 Kc 4s 9s Jc
log       958630999  9  3 cc  f     -     -          685   20    0 
log       958631081  9  2 Bk  c     b     cc         665  100    0 8c 8h Qh 6c
log       958631149  8  1 Bc  kc    kc    kc         565   60    0 9s Ac Jc 8s
log       958631230  8  8 c   c     c     f          505   50    0 
log       958631311  8  7 c   k     f     -          455   10    0 
log       958631366  8  6 c   c     c     c          445   60    0 Qh 6c Qs 7c
log       958631425  8  5 c   b     b     -          385   40  105 
log       958631479  8  4 c   bc    bc    bc         450  120    0 9h 4c Qd Ah
log       958631552  7  2 Bk  kc    bc    c          330   80    0 Ac 9c 3c 7d
log       958631627  6  1 Brc b     brc   bc         250  170  323 2d 4d 9h As
log       958631698  5  5 c   rr    c     c          403   90    0 Tc Qd Ac 3s
log       958631756  5  4 c   c     c     c          313   60    0 Ah 9d 2c 4c
log       958631798  5  3 c   c     c     c          253   60   80 Kh 5c Td 6c
log       958631840  5  2 Bk  b     b     bc         273   80    0 2c 7c 6c Jh
log       958631902  6  1 Bc  kc    kc    kf         193   50    0 
log       958631957  6  6 cc  cc    rcA   -          143  143  144 Td 5h 6d Jd
log       958632052  5  5 cc  f     -     -          144   40    0 
log       958632114  5  4 cc  c     b     b          104   70  100 3h 2s Jc Tc
log       958632179  4  2 Bc  rc    rrA   -          134  134  402 7d 8s 5s Td
log       958632232  3  1 Bcc b     b     b          402   80  200 Jc 3h 8c Ah
log       958632275  3  3 ccc f     -     -          522   40    0 
log       958632327  3  2 Bk  bc    kc    kc         482   70   75 7c 5d 9c 9d
log       958632379  2  1 B   -     -     -          487    5   15 
