log       956171818 16 13 f   -     -     -        10000    0    0 
log       956171914 16 12 f   -     -     -        10000    0    0 
log       956172063 16 11 f   -     -     -        10000    0    0 
log       956172199 16 10 f   -     -     -        10000    0    0 
log       956172290 14  7 f   -     -     -        10000    0    0 
log       956172430 14  6 c   k     b     b        10000 2100 6400 As 6d
log       956172508 14  5 cf  -     -     -        14300  200    0 
log       956172595 14  4 c   k     k     b        14100 1200 3000 Kc Jd
log       956172773 14  3 f   -     -     -        15900    0    0 
log       956172841 14  2 Bf  -     -     -        15900  400    0 
log       956172919 13  1 Bc  k     k     kf       15500  400    0 
log       956173013 13 13 c   k     f     -        15100  400    0 
log       956173064 13 12 f   -     -     -        14700    0    0 
log       956173134 13 11 f   -     -     -        14700    0    0 
log       956173200 13 10 f   -     -     -        14700    0    0 
log       956173249 13  9 f   -     -     -        14700    0    0 
log       956173321 13  8 f   -     -     -        14700    0    0 
log       956173409 13  7 f   -     -     -        14700    0    0 
log       956173467 12  6 c   k     k     k        14700  800    0 9s Qs
log       956173524 12  5 c   b     kcA   -        13900 13900 32600 As Qc
log       956173609 12  4 f   -     -     -        32600    0    0 
log       956173675 10  3 f   -     -     -        32600    0    0 
log       956173776 10  2 Bf  -     -     -        32600 1600    0 
log       956173832 10  1 Bf  -     -     -        31000 1600    0 
log       956173897  9  9 f   -     -     -        29400    0    0 
log       956173930  9  9 c   b     k     c        29400 21775    0 Qc Ah
log       956173999  9  8 f   -     -     -         7625    0    0 
log       956174030  9  7 f   -     -     -         7625    0    0 
log       956174066  9  6 c   bA    -     -         7625 7625    0 Th Ac
