STA       949528320  9  9 c   f     -     -         2056   40    0 
STA       949528356 10  8 f   -     -     -         2016    0    0 
STA       949528400 10  7 f   -     -     -         2016    0    0 
STA       949528444 10  6 cc  bc    kc    b         2016  160  370 
STA       949528494 10  5 ccc c     kf    -         2226  100    0 
STA       949528551 10  4 f   -     -     -         2126    0    0 
STA       949528620 10  3 f   -     -     -         2126    0    0 
STA       949528671 10  2 Bk  f     -     -         2126   20    0 
STA       949528739 10  1 Bc  kc    b     kc        2106  160  640 6c 6s
STA       949528787 10 10 c   k     f     -         2586   20    0 
STA       949528836 10  9 c   f     -     -         2566   20    0 
STA       949528893 10  8 f   -     -     -         2546    0    0 
STA       949528937 10  7 f   -     -     -         2546    0    0 
STA       949528961 10  6 f   -     -     -         2546    0    0 
STA       949528999 10  5 f   -     -     -         2546    0    0 
STA       949529031 10  4 f   -     -     -         2546    0    0 
STA       949529071 10  3 f   -     -     -         2546    0    0 
STA       949529120 10  2 Bc  kf    -     -         2546   40    0 
STA       949529169 10  1 Bf  -     -     -         2506   10    0 
STA       949529207 10 10 f   -     -     -         2496    0    0 
STA       949529245 10  9 c   k     kf    -         2496   20    0 
STA       949529286 10  8 f   -     -     -         2476    0    0 
STA       949529323 10  7 f   -     -     -         2476    0    0 
STA       949529370 10  6 c   cc    k     c         2476  100    0 Qc Kd
STA       949529409 10  5 f   -     -     -         2376    0    0 
STA       949529471 10  4 f   -     -     -         2376    0    0 
STA       949529501 10  3 c   kc    k     kf        2376   40    0 
STA       949529547 10  2 Bk  kf    -     -         2336   20    0 
STA       949529589 10  1 Bf  -     -     -         2316   10    0 
STA       949529636 10 10 c   k     f     -         2306   20    0 
STA       949529654 10  9 c   c     b     k         2286   80  130 8c 9d
STA       949529689 10  8 rc  f     -     -         2336   60    0 
STA       949529726 10  7 f   -     -     -         2276    0    0 
STA       949529780 10  6 ccc kc    k     c         2276  120    0 Qh 9s
STA       949529828 10  5 c   kf    -     -         2156   20    0 
STA       949529935 10  4 c   k     f     -         2136   20    0 
STA       949529991 10  3 ccc kf    -     -         2116   80    0 
STA       949530039 10  2 Bk  kc    kc    kf        2036   80    0 
STA       949530084 10  1 Bc  b     kc    k         1956  100    0 Ts Ad
STA       949530122 10 10 f   -     -     -         1856    0    0 
STA       949530177 10  9 f   -     -     -         1856    0    0 
STA       949530211 10  8 f   -     -     -         1856    0    0 
STA       949530259 10  7 f   -     -     -         1856    0    0 
STA       949530310 10  6 cc  f     -     -         1856   60    0 
STA       949530398 10  5 c   k     k     k         1796   20    0 9h 7h
STA       949530448 10  4 f   -     -     -         1776    0    0 
STA       949530514 10  3 cc  kc    kc    k         1776  100    0 2d Ac
STA       949530568 10  2 Bc  kc    kc    k         1676  100    0 5h Ks
STA       949530636 10  1 Bc  brc   bc    k         1576  180  200 8d 5h
STA       949530684 10 10 cc  c     k     f         1596   80    0 
STA       949530739 10 10 c   f     -     -         1516   20    0 
STA       949530788 10  8 f   -     -     -         1496    0    0 
STA       949530873 10  7 f   -     -     -         1496    0    0 
STA       949530978 10  6 c   k     k     b         1496   80  160 As 8d
STA       949531048 10  5 f   -     -     -         1576    0    0 
STA       949531060 10  4 r   kf    -     -         1576   40    0 
STA       949531085 10  3 c   k     kf    -         1536   20    0 
STA       949531121 10  2 Br  b     bc    k         1516  140    0 9s 9d
STA       949531187 10  1 Bc  kQ    -     -         1376   20    0 
