STA       918853485  3  3 c   c     c     c          925   60    0 Jc Qh
STA       918853518  3  2 Bc  kc    k     k          865   30    0 Kd 8d
STA       918853559  3  1 Bf  -     -     -          835    5    0 
STA       918853573  5  5 f   -     -     -          830    0    0 
STA       918853606  5  4 f   -     -     -          830    0    0 
STA       918853643  5  3 f   -     -     -          830    0    0 
STA       918853653  5  2 Bc  c     f     -          830   30    0 
STA       918853709  6  1 Bc  k     kf    -          800   10    0 
STA       918853784  7  7 c   c     r     k          790   70  225 Ts 9h
STA       918853846  9  8 c   k     b     -          945   30   65 
STA       918853972  9  7 f   -     -     -          980    0    0 
STA       918854102  8  6 f   -     -     -          980    0    0 
STA       918854153  9  5 c   c     f     -          980   20    0 
STA       918854194  9  4 f   -     -     -          960    0    0 
STA       918854246  8  3 r   b     b     -          960   50  115 
STA       918854295  8  2 Bk  kf    Q     -         1025   10    0 
STA       918854750  7  3 f   -     -     -         1015    0    0 
STA       918854773  7  2 Bc  kf    -     -         1015   20    0 
STA       918854811  7  1 Bc  kf    -     -          995   20    0 
STA       918854857  8  8 c   k     f     -          975   10    0 
STA       918854886  8  7 f   -     -     -          965    0    0 
STA       918854918  8  6 c   c     c     c          965   60  130 Tc Qd
STA       918854964  8  5 c   b     brc   k         1035  100    0 2s 2h
STA       918855053  8  4 f   -     -     -          935    0    0 
STA       918855093  9  4 f   -     -     -          935    0    0 
STA       918855170 10  4 c   r     c     c          935   70  180 Js Qh
STA       918855228 10  3 f   -     -     -         1045    0    0 
STA       918855276 10  2 Bk  kf    -     -         1045   10    0 
STA       918855344 10  1 Bf  -     -     -         1035    5    0 
STA       918855410 10 10 c   k     c     f         1030   50    0 
STA       918855472 10  9 f   -     -     -          980    0    0 
STA       918855510 10  8 f   -     -     -          980    0    0 
STA       918855541 10  7 f   -     -     -          980    0    0 
STA       918855605 10  6 cc  r     b     c          980   80    0 8s Js
STA       918855668 10  5 f   -     -     -          900    0    0 
STA       918855727 10  4 f   -     -     -          900    0    0 
STA       918855823  9  3 f   -     -     -          900    0    0 
STA       918855890 10  2 Bcc kf    -     -          900   30    0 
STA       918855967  9  1 Bf  -     -     -          870    5    0 
STA       918856032  9  9 f   -     -     -          865    0    0 
STA       918856071  9  8 f   -     -     -          865    0    0 
STA       918856197 10  7 f   -     -     -          865    0    0 
STA       918856260 10  6 f   -     -     -          865    0    0 
STA       918856307 10  5 f   -     -     -          865    0    0 
STA       918856361 10  4 c   cc    c     c          865  110    0 Tc Ks
STA       918856453 10  3 f   -     -     -          755    0    0 
STA       918856493 10  2 Bf  -     -     -          755   10    0 
STA       918856538 10  1 Bcc b     b     kc         745   80    0 Ah 8s
STA       918856597 10 10 f   -     -     -          665    0    0 
STA       918856640 10  9 f   -     -     -          665    0    0 
STA       918856691  9  7 f   -     -     -          665    0    0 
STA       918856776  9  6 f   -     -     -          665    0    0 
STA       918856849  9  5 f   -     -     -          665    0    0 
STA       918856893  8  4 f   -     -     -          665    0    0 
STA       918856919  9  3 f   -     -     -          665    0    0 
STA       918856969  9  2 Bk  bc    kc    kc         665   70    0 Kd Qh
STA       918857035  9  1 Bc  kf    -     -          595   10    0 
STA       918857094 10 10 f   -     -     -          585    0    0 
STA       918857155 10  9 f   -     -     -          585    0    0 
STA       918857204 10  8 f   -     -     -          585    0    0 
STA       918857252 10  7 f   -     -     -          585    0    0 
STA       918857310 10  6 f   -     -     -          585    0    0 
STA       918857332 10  5 f   -     -     -          585    0    0 
STA       918857357 10  4 c   f     -     -          585   10    0 
STA       918857408 10  3 c   b     bc    c          575   80    0 5c 6c
STA       918857469 10  2 Bk  b     bc    kc         495   80  190 Ad 4h
STA       918857540 10  1 Bf  -     -     -          605    5    0 
STA       918857619 10 10 c   b     c     f          600   40    0 
STA       918857706  9  8 f   -     -     -          560    0    0 
STA       918857750  8  6 f   -     -     -          560    0    0 
STA       918857780  7  5 f   -     -     -          560    0    0 
STA       918857802  8  4 f   -     -     -          560    0    0 
STA       918857817  8  3 c   b     c     c          560   60  125 7h As
STA       918857872  8  2 Bk  bc    kc    bc         625   90  185 Ad Kd
STA       918857920  9  1 Bc  kc    kf    -          720   20    0 
STA       918857974  9  9 f   -     -     -          700    0    0 
STA       918858004 10  9 c   c     f     -          700   40    0 
STA       918858072  9  7 c   b     k     kc         660   40  115 As 6s
STA       918858122  8  5 f   -     -     -          735    0    0 
STA       918858151  9  5 f   -     -     -          735    0    0 
STA       918858215  9  4 f   -     -     -          735    0    0 
STA       918858282  9  3 f   -     -     -          735    0    0 
STA       918858353  7  2 Bc  kf    -     -          735   20    0 
STA       918858406  7  1 Bc  kf    -     -          715   10    0 
STA       918858473  7  7 f   -     -     -          705    0    0 
STA       918858499  7  6 c   c     k     f          705   40    0 
STA       918858555  8  5 f   -     -     -          665    0    0 
STA       918858570  7  4 f   -     -     -          665    0    0 
STA       918858595  7  3 f   -     -     -          665    0    0 
STA       918858644  8  2 Bk  k     kf    -          665   10    0 
STA       918858680  8  1 Bc  kc    kc    kf         655   50    0 
STA       918858749  9  9 f   -     -     -          605    0    0 
STA       918858800  9  8 f   -     -     -          605    0    0 
STA       918858847  9  7 f   -     -     -          605    0    0 
STA       918858912  9  6 f   -     -     -          605    0    0 
STA       918858985  8  5 f   -     -     -          605    0    0 
STA       918859031  9  4 r   b     k     kf         605   30    0 
STA       918859087  9  3 f   -     -     -          575    0    0 
STA       918859146  9  2 BfQ -     -     -          575   10    0 
STA       919811670  7  3 f   -     -     -         1297    0    0 
STA       919811757  6  2 Bcc kc    kcc   kc        1297  100    0 6s 8s
STA       919811874  7  1 Bc  b     b     kc        1197   60    0 9s Jd
STA       919811946  7  7 f   -     -     -         1137    0    0 
STA       919811967  7  7 f   -     -     -         1137    0    0 
STA       919812019  7  6 f   -     -     -         1137    0    0 
STA       919812078  7  5 f   -     -     -         1137    0    0 
STA       919812162  8  4 f   -     -     -         1137    0    0 
STA       919812202  8  3 cf  -     -     -         1137   10    0 
STA       919812271  8  2 Bk  kf    -     -         1127   10    0 
STA       919812309  8  1 Bc  kf    -     -         1117   10    0 
STA       919812378  9  9 f   -     -     -         1107    0    0 
STA       919812435  9  8 f   -     -     -         1107    0    0 
STA       919812507  9  7 cf  -     -     -         1107   10    0 
STA       919812571  9  6 f   -     -     -         1097    0    0 
STA       919812614  9  5 cc  k     c     f         1097   40    0 
STA       919812662 10  4 f   -     -     -         1057    0    0 
STA       919812699  9  3 c   c     f     -         1057   20    0 
STA       919812755  9  2 Bk  kf    -     -         1037   10    0 
STA       919812791  9  1 Bc  kf    -     -         1027   10    0 
STA       919812851  9  9 c   f     -     -         1017   20    0 
STA       919812948 10  8 f   -     -     -          997    0    0 
STA       919812997  9  6 f   -     -     -          997    0    0 
STA       919813069 10  6 f   Q     -     -          997    0    0 
STA       919903630  5  5 c   f     -     -          997   10    0 
STA       919903695  6  4 r   b     b     -          987   50  105 
STA       919903739  5  3 f   -     -     Q         1042    0    0 
